2017-07-08 00:43:47,973 - COSMOS_TRIGGER_PY-Console - INFO - apk:C:\Users\majes\Documents\FlowIntent\apks\ncsumalware\DroidKungFu3\7820f21605a7b5904cf2fbdc06dd5b54a764ae80.apk
2017-07-08 00:43:47,973 - COSMOS_TRIGGER_PY-Console - INFO - pkg:com.livegame.wallpaperbxjg
2017-07-08 00:43:47,973 - COSMOS_TRIGGER_PY-Console - DEBUG - Run cmd: adb -s 014E233C1300800B uninstall com.livegame.wallpaperbxjg
2017-07-08 00:43:51,775 - COSMOS_TRIGGER_PY-Console - DEBUG - Failure
2017-07-08 00:43:51,776 - COSMOS_TRIGGER_PY-Console - DEBUG - Run cmd: adb install C:\Users\majes\Documents\FlowIntent\apks\ncsumalware\DroidKungFu3\7820f21605a7b5904cf2fbdc06dd5b54a764ae80.apk
2017-07-08 00:43:57,473 - COSMOS_TRIGGER_PY-Console - DEBUG - 	pkg: /data/local/tmp/7820f21605a7b5904cf2fbdc06dd5b54a764ae80.apk
2017-07-08 00:43:57,473 - COSMOS_TRIGGER_PY-Console - DEBUG - Success
2017-07-08 00:43:57,473 - COSMOS_TRIGGER_PY-Console - DEBUG - 2078 KB/s (883480 bytes in 0.415s)
2017-07-08 00:43:57,474 - COSMOS_TRIGGER_PY-Console - DEBUG - Run cmd: adb shell "su 0 date -s `date +%Y%m%d.%H%M%S`"
2017-07-08 00:44:04,936 - COSMOS_TRIGGER_PY-Console - DEBUG - sh: date: No such file or directory
2017-07-08 00:44:04,936 - COSMOS_TRIGGER_PY-Console - DEBUG - Run cmd: adb shell monkey -p com.lexa.fakegps --ignore-crashes 1
2017-07-08 00:44:10,131 - COSMOS_TRIGGER_PY-Console - DEBUG - Events injected: 1
2017-07-08 00:44:10,132 - COSMOS_TRIGGER_PY-Console - DEBUG - ## Network stats: elapsed time=3560ms (0ms mobile, 3560ms wifi, 0ms not connected)
2017-07-08 00:44:11,520 - COSMOS_TRIGGER_PY-Console - DEBUG - Run cmd: adb logcat -c
2017-07-08 00:44:11,644 - COSMOS_TRIGGER_PY-Console - INFO - clear logcat
2017-07-08 00:44:11,644 - COSMOS_TRIGGER_PY-Console - INFO - tcpdump begins
2017-07-08 00:44:11,660 - COSMOS_TRIGGER_PY-Console - DEBUG - Run cmd: adb shell monkey -p com.livegame.wallpaperbxjg --ignore-crashes 1
2017-07-08 00:44:12,989 - COSMOS_TRIGGER_PY-Console - DEBUG - Events injected: 1
2017-07-08 00:44:12,989 - COSMOS_TRIGGER_PY-Console - DEBUG - ## Network stats: elapsed time=229ms (0ms mobile, 229ms wifi, 0ms not connected)
2017-07-08 00:44:13,065 - COSMOS_TRIGGER_PY-Console - INFO - Try to dump layout XML of 
2017-07-08 00:44:13,174 - COSMOS_TRIGGER_PY-Console - INFO - Dumping...first_page
2017-07-08 00:44:34,357 - COSMOS_TRIGGER_PY-Console - INFO - <?xml version="1.0" ?><hierarchy>
  <node bounds="[0,0][720,1184]" checkable="false" checked="false" class="android.widget.FrameLayout" clickable="false" content-desc="" enabled="true" focusable="false" focused="false" index="0" long-clickable="false" package="com.livegame.wallpaperbxjg" password="false" resource-id="NO_ID" scrollable="false" selected="false" text="">
    <node bounds="[0,0][720,1184]" checkable="false" checked="false" class="android.widget.LinearLayout" clickable="false" content-desc="" enabled="true" focusable="false" focused="false" index="0" long-clickable="false" package="com.livegame.wallpaperbxjg" password="false" resource-id="NO_ID" scrollable="false" selected="false" text="">
      <node bounds="[0,50][720,100]" checkable="false" checked="false" class="android.widget.FrameLayout" clickable="false" content-desc="" enabled="true" focusable="false" focused="false" index="0" long-clickable="false" package="com.livegame.wallpaperbxjg" password="false" resource-id="NO_ID" scrollable="false" selected="false" text="">
        <node bounds="[8,51][712,97]" checkable="false" checked="false" class="android.widget.TextView" clickable="false" content-desc="" enabled="true" focusable="false" focused="false" index="0" long-clickable="false" package="com.livegame.wallpaperbxjg" password="false" resource-id="id/title" scrollable="false" selected="false" text="变形金刚动态壁纸"/>
      </node>
      <node bounds="[0,100][720,1184]" checkable="false" checked="false" class="android.widget.FrameLayout" clickable="false" content-desc="" enabled="true" focusable="false" focused="false" index="1" long-clickable="false" package="com.livegame.wallpaperbxjg" password="false" resource-id="NO_ID" scrollable="false" selected="false" text="">
        <node bounds="[0,100][720,1184]" checkable="false" checked="false" class="android.widget.LinearLayout" clickable="false" content-desc="" enabled="true" focusable="false" focused="false" index="0" long-clickable="false" package="com.livegame.wallpaperbxjg" password="false" resource-id="NO_ID" scrollable="false" selected="false" text=""/>
        <node bounds="[0,100][720,1184]" checkable="false" checked="false" class="android.widget.LinearLayout" clickable="false" content-desc="" enabled="true" focusable="false" focused="false" index="1" long-clickable="false" package="com.livegame.wallpaperbxjg" password="false" resource-id="NO_ID" scrollable="false" selected="false" text="">
          <node bounds="[0,1028][720,1124]" checkable="false" checked="false" class="android.widget.LinearLayout" clickable="false" content-desc="" enabled="true" focusable="false" focused="false" index="1" long-clickable="false" package="com.livegame.wallpaperbxjg" password="false" resource-id="NO_ID" scrollable="false" selected="false" text="">
            <node bounds="[0,1028][354,1124]" checkable="false" checked="false" class="android.widget.Button" clickable="true" content-desc="" enabled="true" focusable="true" focused="false" index="0" long-clickable="false" package="com.livegame.wallpaperbxjg" password="false" resource-id="id/set_wallpaper" scrollable="false" selected="false" text="设置为壁纸"/>
            <node bounds="[366,1028][720,1124]" checkable="false" checked="false" class="android.widget.Button" clickable="true" content-desc="" enabled="true" focusable="true" focused="false" index="1" long-clickable="false" package="com.livegame.wallpaperbxjg" password="false" resource-id="id/configure" scrollable="false" selected="false" text="设置"/>
          </node>
        </node>
      </node>
    </node>
  </node>
</hierarchy>
2017-07-08 00:44:35,530 - COSMOS_TRIGGER_PY-Console - ERROR - JsonRPC Error code: -32003, Message: com.github.uiautomatorstub.NotImplementedException: takeScreenshot is not yet implemented in API level 16.
2017-07-08 00:44:35,530 - COSMOS_TRIGGER_PY-Console - DEBUG - Run cmd: adb shell /system/bin/screencap -p /sdcard/screenshot.png
2017-07-08 00:44:38,444 - COSMOS_TRIGGER_PY-Console - DEBUG - Run cmd: adb pull /sdcard/screenshot.png ../output/DroidKungFu3/7820f21605a7b5904cf2fbdc06dd5b54a764ae80/first_page.png
2017-07-08 00:44:38,871 - COSMOS_TRIGGER_PY-Console - DEBUG - 3327 KB/s (1167313 bytes in 0.342s)
2017-07-08 00:44:38,875 - COSMOS_TRIGGER_PY-Console - DEBUG - Run cmd: adb pull /sdcard/com.livegame.wallpaperbxjg0708-00-43-47.pcap ../output/DroidKungFu3/7820f21605a7b5904cf2fbdc06dd5b54a764ae80/com.livegame.wallpaperbxjg0708-00-43-47.pcap
2017-07-08 00:44:38,944 - COSMOS_TRIGGER_PY-Console - DEBUG - Run cmd: adb shell rm /sdcard/com.livegame.wallpaperbxjg0708-00-43-47.pcap
2017-07-08 00:44:54,013 - COSMOS_TRIGGER_PY-Console - WARNING - Timeout!!!
2017-07-08 00:44:54,016 - COSMOS_TRIGGER_PY-Console - DEBUG - Run cmd: adb -s 014E233C1300800B uninstall com.livegame.wallpaperbxjg
2017-07-08 00:44:55,411 - COSMOS_TRIGGER_PY-Console - DEBUG - Success
2017-07-08 00:44:55,411 - COSMOS_TRIGGER_PY-Console - INFO - End
