2017-07-07 22:24:29,135 - COSMOS_TRIGGER_PY-Console - INFO - apk:C:\Users\majes\Documents\FlowIntent\apks\ncsumalware\DroidKungFu3\26dc23d5c2098b1343bc7795f670d1c61909c95b.apk
2017-07-07 22:24:29,135 - COSMOS_TRIGGER_PY-Console - INFO - pkg:com.gp.zoo
2017-07-07 22:24:29,135 - COSMOS_TRIGGER_PY-Console - DEBUG - Run cmd: adb -s 014E233C1300800B uninstall com.gp.zoo
2017-07-07 22:24:30,411 - COSMOS_TRIGGER_PY-Console - DEBUG - Failure
2017-07-07 22:24:30,413 - COSMOS_TRIGGER_PY-Console - DEBUG - Run cmd: adb install C:\Users\majes\Documents\FlowIntent\apks\ncsumalware\DroidKungFu3\26dc23d5c2098b1343bc7795f670d1c61909c95b.apk
2017-07-07 22:24:36,515 - COSMOS_TRIGGER_PY-Console - DEBUG - 	pkg: /data/local/tmp/26dc23d5c2098b1343bc7795f670d1c61909c95b.apk
2017-07-07 22:24:36,516 - COSMOS_TRIGGER_PY-Console - DEBUG - Success
2017-07-07 22:24:36,516 - COSMOS_TRIGGER_PY-Console - DEBUG - 2387 KB/s (4391057 bytes in 1.796s)
2017-07-07 22:24:36,516 - COSMOS_TRIGGER_PY-Console - DEBUG - Run cmd: adb shell "su 0 date -s `date +%Y%m%d.%H%M%S`"
2017-07-07 22:24:37,448 - COSMOS_TRIGGER_PY-Console - DEBUG - sh: date: No such file or directory
2017-07-07 22:24:37,448 - COSMOS_TRIGGER_PY-Console - DEBUG - Run cmd: adb shell monkey -p com.lexa.fakegps --ignore-crashes 1
2017-07-07 22:24:38,230 - COSMOS_TRIGGER_PY-Console - DEBUG - Events injected: 1
2017-07-07 22:24:38,230 - COSMOS_TRIGGER_PY-Console - DEBUG - ## Network stats: elapsed time=36ms (0ms mobile, 36ms wifi, 0ms not connected)
2017-07-07 22:24:38,230 - COSMOS_TRIGGER_PY-Console - DEBUG - Run cmd: adb logcat -c
2017-07-07 22:24:38,309 - COSMOS_TRIGGER_PY-Console - INFO - clear logcat
2017-07-07 22:24:38,309 - COSMOS_TRIGGER_PY-Console - INFO - tcpdump begins
2017-07-07 22:24:38,323 - COSMOS_TRIGGER_PY-Console - DEBUG - Run cmd: adb shell monkey -p com.gp.zoo --ignore-crashes 1
2017-07-07 22:24:39,950 - COSMOS_TRIGGER_PY-Console - DEBUG - Events injected: 1
2017-07-07 22:24:39,950 - COSMOS_TRIGGER_PY-Console - DEBUG - ## Network stats: elapsed time=272ms (0ms mobile, 272ms wifi, 0ms not connected)
2017-07-07 22:24:40,030 - COSMOS_TRIGGER_PY-Console - INFO - Try to dump layout XML of 
2017-07-07 22:24:41,184 - COSMOS_TRIGGER_PY-Console - INFO - Dumping...first_page
2017-07-07 22:25:03,249 - COSMOS_TRIGGER_PY-Console - INFO - <?xml version="1.0" ?><hierarchy>
  <node bounds="[0,0][599,360]" checkable="false" checked="false" class="android.widget.FrameLayout" clickable="false" content-desc="" enabled="true" focusable="false" focused="false" index="0" long-clickable="false" package="com.gp.zoo" password="false" scrollable="false" selected="false" text="">
    <node bounds="[0,0][599,360]" checkable="false" checked="false" class="android.widget.LinearLayout" clickable="false" content-desc="" enabled="true" focusable="false" focused="false" index="0" long-clickable="false" package="com.gp.zoo" password="false" scrollable="false" selected="false" text="">
      <node bounds="[0,0][599,360]" checkable="false" checked="false" class="android.widget.FrameLayout" clickable="false" content-desc="" enabled="true" focusable="false" focused="false" index="0" long-clickable="false" package="com.gp.zoo" password="false" scrollable="false" selected="false" text="">
        <node bounds="[0,0][599,360]" checkable="false" checked="false" class="android.widget.RelativeLayout" clickable="false" content-desc="" enabled="true" focusable="false" focused="false" index="1" long-clickable="false" package="com.gp.zoo" password="false" scrollable="false" selected="false" text="">
          <!--NAF: The following control may not be accessibility friendly-->
          <node NAF="true" bounds="[11,127][167,276]" checkable="false" checked="false" class="android.widget.Button" clickable="true" content-desc="" enabled="true" focusable="true" focused="false" index="0" long-clickable="false" package="com.gp.zoo" password="false" scrollable="false" selected="false" text=""/>
          <node bounds="[55,275][543,349]" checkable="false" checked="false" class="android.widget.LinearLayout" clickable="false" content-desc="" enabled="true" focusable="false" focused="false" index="1" long-clickable="false" package="com.gp.zoo" password="false" scrollable="false" selected="false" text="">
            <!--NAF: The following control may not be accessibility friendly-->
            <node NAF="true" bounds="[55,275][219,348]" checkable="false" checked="false" class="android.widget.Button" clickable="true" content-desc="" enabled="true" focusable="true" focused="false" index="0" long-clickable="false" package="com.gp.zoo" password="false" scrollable="false" selected="false" text=""/>
            <!--NAF: The following control may not be accessibility friendly-->
            <node NAF="true" bounds="[219,275][392,349]" checkable="false" checked="false" class="android.widget.Button" clickable="true" content-desc="" enabled="true" focusable="true" focused="false" index="1" long-clickable="false" package="com.gp.zoo" password="false" scrollable="false" selected="false" text=""/>
            <!--NAF: The following control may not be accessibility friendly-->
            <node NAF="true" bounds="[392,279][543,344]" checkable="false" checked="false" class="android.widget.Button" clickable="true" content-desc="" enabled="true" focusable="true" focused="false" index="2" long-clickable="false" package="com.gp.zoo" password="false" scrollable="false" selected="false" text=""/>
          </node>
          <!--NAF: The following control may not be accessibility friendly-->
          <node NAF="true" bounds="[493,187][587,276]" checkable="false" checked="false" class="android.widget.Button" clickable="true" content-desc="" enabled="true" focusable="true" focused="false" index="2" long-clickable="false" package="com.gp.zoo" password="false" scrollable="false" selected="false" text=""/>
        </node>
      </node>
    </node>
  </node>
</hierarchy>
2017-07-07 22:25:04,424 - COSMOS_TRIGGER_PY-Console - ERROR - JsonRPC Error code: -32003, Message: com.github.uiautomatorstub.NotImplementedException: takeScreenshot is not yet implemented in API level 16.
2017-07-07 22:25:04,424 - COSMOS_TRIGGER_PY-Console - DEBUG - Run cmd: adb shell /system/bin/screencap -p /sdcard/screenshot.png
2017-07-07 22:25:05,957 - COSMOS_TRIGGER_PY-Console - DEBUG - Run cmd: adb pull /sdcard/screenshot.png ../output/DroidKungFu3/26dc23d5c2098b1343bc7795f670d1c61909c95b/first_page.png
2017-07-07 22:25:06,398 - COSMOS_TRIGGER_PY-Console - DEBUG - 2308 KB/s (738504 bytes in 0.312s)
2017-07-07 22:25:06,441 - COSMOS_TRIGGER_PY-Console - DEBUG - Run cmd: adb pull /sdcard/com.gp.zoo0707-22-24-28.pcap ../output/DroidKungFu3/26dc23d5c2098b1343bc7795f670d1c61909c95b/com.gp.zoo0707-22-24-28.pcap
2017-07-07 22:25:06,519 - COSMOS_TRIGGER_PY-Console - DEBUG - Run cmd: adb shell rm /sdcard/com.gp.zoo0707-22-24-28.pcap
2017-07-07 22:25:14,052 - COSMOS_TRIGGER_PY-Console - DEBUG - Run cmd: adb -s 014E233C1300800B uninstall com.gp.zoo
2017-07-07 22:25:15,342 - COSMOS_TRIGGER_PY-Console - DEBUG - Success
2017-07-07 22:25:15,342 - COSMOS_TRIGGER_PY-Console - INFO - End
