2017-07-08 04:40:28,687 - COSMOS_TRIGGER_PY-Console - INFO - apk:C:\Users\majes\Documents\FlowIntent\apks\ncsumalware\DroidKungFu3\da1c0e0bf21bddad8a1dfe97c42889ee16a781d7.apk
2017-07-08 04:40:28,687 - COSMOS_TRIGGER_PY-Console - INFO - pkg:com.safesys.superexplorer
2017-07-08 04:40:28,688 - COSMOS_TRIGGER_PY-Console - DEBUG - Run cmd: adb -s 014E233C1300800B uninstall com.safesys.superexplorer
2017-07-08 04:40:29,461 - COSMOS_TRIGGER_PY-Console - DEBUG - Failure
2017-07-08 04:40:29,461 - COSMOS_TRIGGER_PY-Console - DEBUG - Run cmd: adb install C:\Users\majes\Documents\FlowIntent\apks\ncsumalware\DroidKungFu3\da1c0e0bf21bddad8a1dfe97c42889ee16a781d7.apk
2017-07-08 04:40:31,507 - COSMOS_TRIGGER_PY-Console - DEBUG - 	pkg: /data/local/tmp/da1c0e0bf21bddad8a1dfe97c42889ee16a781d7.apk
2017-07-08 04:40:31,507 - COSMOS_TRIGGER_PY-Console - DEBUG - Success
2017-07-08 04:40:31,509 - COSMOS_TRIGGER_PY-Console - DEBUG - 1070 KB/s (323662 bytes in 0.295s)
2017-07-08 04:40:31,509 - COSMOS_TRIGGER_PY-Console - DEBUG - Run cmd: adb shell "su 0 date -s `date +%Y%m%d.%H%M%S`"
2017-07-08 04:40:32,236 - COSMOS_TRIGGER_PY-Console - DEBUG - sh: date: No such file or directory
2017-07-08 04:40:32,236 - COSMOS_TRIGGER_PY-Console - DEBUG - Run cmd: adb shell monkey -p com.lexa.fakegps --ignore-crashes 1
2017-07-08 04:40:33,226 - COSMOS_TRIGGER_PY-Console - DEBUG - Events injected: 1
2017-07-08 04:40:33,226 - COSMOS_TRIGGER_PY-Console - DEBUG - ## Network stats: elapsed time=171ms (0ms mobile, 171ms wifi, 0ms not connected)
2017-07-08 04:40:34,686 - COSMOS_TRIGGER_PY-Console - DEBUG - Run cmd: adb logcat -c
2017-07-08 04:40:39,744 - COSMOS_TRIGGER_PY-Console - INFO - clear logcat
2017-07-08 04:40:39,746 - COSMOS_TRIGGER_PY-Console - INFO - tcpdump begins
2017-07-08 04:40:39,779 - COSMOS_TRIGGER_PY-Console - DEBUG - Run cmd: adb shell monkey -p com.safesys.superexplorer --ignore-crashes 1
2017-07-08 04:40:40,822 - COSMOS_TRIGGER_PY-Console - DEBUG - Events injected: 1
2017-07-08 04:40:40,822 - COSMOS_TRIGGER_PY-Console - DEBUG - ## Network stats: elapsed time=213ms (0ms mobile, 213ms wifi, 0ms not connected)
2017-07-08 04:40:40,901 - COSMOS_TRIGGER_PY-Console - INFO - Try to dump layout XML of 
2017-07-08 04:40:42,052 - COSMOS_TRIGGER_PY-Console - INFO - Dumping...first_page
2017-07-08 04:41:06,456 - COSMOS_TRIGGER_PY-Console - DEBUG - Run cmd: adb pull /sdcard/com.safesys.superexplorer0708-04-40-28.pcap C:\Users\majes\PycharmProjects\TrafficAnalysis\data_collection\output/DroidKungFu3/da1c0e0bf21bddad8a1dfe97c42889ee16a781d7/com.safesys.superexplorer0708-04-40-28.pcap
2017-07-08 04:41:06,562 - COSMOS_TRIGGER_PY-Console - DEBUG - 216 KB/s (1659 bytes in 0.007s)
2017-07-08 04:41:21,562 - COSMOS_TRIGGER_PY-Console - WARNING - Timeout!!!
2017-07-08 04:41:21,565 - COSMOS_TRIGGER_PY-Console - DEBUG - Run cmd: adb -s 014E233C1300800B uninstall com.safesys.superexplorer
2017-07-08 04:41:23,056 - COSMOS_TRIGGER_PY-Console - DEBUG - Success
2017-07-08 04:41:23,058 - COSMOS_TRIGGER_PY-Console - INFO - End
