2017-07-10 08:59:44,410 - COSMOS_TRIGGER_PY-Console - INFO - apk:C:\Users\majes\Documents\FlowIntent\apks\drebin\DroidKungFu\2f3e57f214b1b492f06b0d40e196bcc71338399d741435964263928a89dcd545.apk
2017-07-10 08:59:44,411 - COSMOS_TRIGGER_PY-Console - INFO - pkg:com.atools.netTrafficStats
2017-07-10 08:59:44,411 - COSMOS_TRIGGER_PY-Console - DEBUG - Run cmd: adb -s 014E233C1300800B uninstall com.atools.netTrafficStats
2017-07-10 08:59:45,387 - COSMOS_TRIGGER_PY-Console - DEBUG - Failure
2017-07-10 08:59:45,387 - COSMOS_TRIGGER_PY-Console - DEBUG - Run cmd: adb install C:\Users\majes\Documents\FlowIntent\apks\drebin\DroidKungFu\2f3e57f214b1b492f06b0d40e196bcc71338399d741435964263928a89dcd545.apk
2017-07-10 08:59:54,082 - COSMOS_TRIGGER_PY-Console - DEBUG - 	pkg: /data/local/tmp/2f3e57f214b1b492f06b0d40e196bcc71338399d741435964263928a89dcd545.apk
2017-07-10 08:59:54,082 - COSMOS_TRIGGER_PY-Console - DEBUG - Success
2017-07-10 08:59:54,084 - COSMOS_TRIGGER_PY-Console - DEBUG - 1665 KB/s (377593 bytes in 0.221s)
2017-07-10 08:59:54,085 - COSMOS_TRIGGER_PY-Console - DEBUG - Run cmd: adb shell "su 0 date -s `date +%Y%m%d.%H%M%S`"
2017-07-10 09:00:01,536 - COSMOS_TRIGGER_PY-Console - DEBUG - sh: date: No such file or directory
2017-07-10 09:00:01,538 - COSMOS_TRIGGER_PY-Console - DEBUG - Run cmd: adb shell monkey -p com.lexa.fakegps --ignore-crashes 1
2017-07-10 09:00:02,522 - COSMOS_TRIGGER_PY-Console - DEBUG - Events injected: 1
2017-07-10 09:00:02,522 - COSMOS_TRIGGER_PY-Console - DEBUG - ## Network stats: elapsed time=200ms (0ms mobile, 200ms wifi, 0ms not connected)
2017-07-10 09:00:03,904 - COSMOS_TRIGGER_PY-Console - DEBUG - Run cmd: adb logcat -c
2017-07-10 09:00:03,973 - COSMOS_TRIGGER_PY-Console - INFO - clear logcat
2017-07-10 09:00:03,973 - COSMOS_TRIGGER_PY-Console - INFO - tcpdump begins
2017-07-10 09:00:03,989 - COSMOS_TRIGGER_PY-Console - DEBUG - Run cmd: adb shell monkey -p com.atools.netTrafficStats --ignore-crashes 1
2017-07-10 09:00:05,417 - COSMOS_TRIGGER_PY-Console - DEBUG - Events injected: 1
2017-07-10 09:00:05,417 - COSMOS_TRIGGER_PY-Console - DEBUG - ## Network stats: elapsed time=217ms (0ms mobile, 217ms wifi, 0ms not connected)
2017-07-10 09:00:05,489 - COSMOS_TRIGGER_PY-Console - INFO - Try to dump layout XML of 
2017-07-10 09:00:05,654 - COSMOS_TRIGGER_PY-Console - INFO - Dumping...first_page
2017-07-10 09:00:50,221 - COSMOS_TRIGGER_PY-Console - INFO - <?xml version="1.0" ?><hierarchy>
  <node bounds="[0,0][720,1184]" checkable="false" checked="false" class="android.widget.FrameLayout" clickable="false" content-desc="" enabled="true" focusable="false" focused="false" index="0" long-clickable="false" package="com.atools.netTrafficStats" password="false" resource-id="NO_ID" scrollable="false" selected="false" text="">
    <node bounds="[0,0][720,1184]" checkable="false" checked="false" class="android.widget.LinearLayout" clickable="false" content-desc="" enabled="true" focusable="false" focused="false" index="0" long-clickable="false" package="com.atools.netTrafficStats" password="false" resource-id="NO_ID" scrollable="false" selected="false" text="">
      <node bounds="[0,50][720,100]" checkable="false" checked="false" class="android.widget.FrameLayout" clickable="false" content-desc="" enabled="true" focusable="false" focused="false" index="0" long-clickable="false" package="com.atools.netTrafficStats" password="false" resource-id="NO_ID" scrollable="false" selected="false" text="">
        <node bounds="[8,51][712,97]" checkable="false" checked="false" class="android.widget.TextView" clickable="false" content-desc="" enabled="true" focusable="false" focused="false" index="0" long-clickable="false" package="com.atools.netTrafficStats" password="false" resource-id="id/title" scrollable="false" selected="false" text="程序流量监测"/>
      </node>
      <node bounds="[0,100][720,1184]" checkable="false" checked="false" class="android.widget.FrameLayout" clickable="false" content-desc="" enabled="true" focusable="false" focused="false" index="1" long-clickable="false" package="com.atools.netTrafficStats" password="false" resource-id="NO_ID" scrollable="false" selected="false" text="">
        <node bounds="[0,100][720,1184]" checkable="false" checked="false" class="android.widget.RelativeLayout" clickable="false" content-desc="" enabled="true" focusable="false" focused="false" index="0" long-clickable="false" package="com.atools.netTrafficStats" password="false" resource-id="NO_ID" scrollable="false" selected="false" text="">
          <node bounds="[0,100][720,1184]" checkable="false" checked="false" class="android.widget.SlidingDrawer" clickable="false" content-desc="" enabled="true" focusable="false" focused="false" index="0" long-clickable="false" package="com.atools.netTrafficStats" password="false" resource-id="NO_ID" scrollable="false" selected="false" text="">
            <node bounds="[0,1086][720,1198]" checkable="false" checked="false" class="android.widget.LinearLayout" clickable="true" content-desc="" enabled="true" focusable="false" focused="false" index="0" long-clickable="false" package="com.atools.netTrafficStats" password="false" scrollable="false" selected="false" text="">
              <node bounds="[286,1127][433,1156]" checkable="false" checked="false" class="android.widget.ImageView" clickable="false" content-desc="" enabled="true" focusable="false" focused="false" index="0" long-clickable="false" package="com.atools.netTrafficStats" password="false" scrollable="false" selected="false" text=""/>
            </node>
          </node>
          <node bounds="[0,196][720,1184]" checkable="false" checked="false" class="android.widget.LinearLayout" clickable="false" content-desc="" enabled="true" focusable="false" focused="false" index="1" long-clickable="false" package="com.atools.netTrafficStats" password="false" resource-id="id/list" scrollable="false" selected="false" text="">
            <node bounds="[0,196][720,1184]" checkable="false" checked="false" class="android.widget.FrameLayout" clickable="false" content-desc="" enabled="true" focusable="false" focused="false" index="0" long-clickable="false" package="com.atools.netTrafficStats" password="false" resource-id="id/list" scrollable="false" selected="false" text="">
              <node bounds="[0,196][720,1184]" checkable="false" checked="false" class="android.widget.FrameLayout" clickable="false" content-desc="" enabled="true" focusable="false" focused="false" index="0" long-clickable="false" package="com.atools.netTrafficStats" password="false" resource-id="id/list" scrollable="false" selected="false" text="">
                <node bounds="[0,196][720,1184]" checkable="false" checked="false" class="android.widget.ListView" clickable="true" content-desc="" enabled="true" focusable="true" focused="true" index="0" long-clickable="false" package="com.atools.netTrafficStats" password="false" resource-id="id/list" scrollable="true" selected="false" text="">
                  <node bounds="[0,196][720,276]" checkable="false" checked="false" class="android.widget.LinearLayout" clickable="true" content-desc="" enabled="true" focusable="false" focused="false" index="0" long-clickable="false" package="com.atools.netTrafficStats" password="false" resource-id="NO_ID" scrollable="false" selected="false" text="">
                    <node bounds="[0,196][104,276]" checkable="false" checked="false" class="android.widget.LinearLayout" clickable="false" content-desc="" enabled="true" focusable="false" focused="false" index="0" long-clickable="false" package="com.atools.netTrafficStats" password="false" resource-id="NO_ID" scrollable="false" selected="false" text="">
                      <node bounds="[8,196][88,276]" checkable="false" checked="false" class="android.widget.ImageView" clickable="false" content-desc="" enabled="true" focusable="false" focused="false" index="0" long-clickable="false" package="com.atools.netTrafficStats" password="false" resource-id="id/app_icon" scrollable="false" selected="false" text=""/>
                    </node>
                    <node bounds="[104,196][720,276]" checkable="false" checked="false" class="android.widget.LinearLayout" clickable="false" content-desc="" enabled="true" focusable="false" focused="false" index="1" long-clickable="false" package="com.atools.netTrafficStats" password="false" resource-id="NO_ID" scrollable="false" selected="false" text="">
                      <node bounds="[104,196][369,234]" checkable="false" checked="false" class="android.widget.TextView" clickable="false" content-desc="" enabled="true" focusable="false" focused="false" index="0" long-clickable="false" package="com.atools.netTrafficStats" password="false" resource-id="id/apps_name" scrollable="false" selected="false" text="(root)权限运行的程序"/>
                      <node bounds="[104,234][720,276]" checkable="false" checked="false" class="android.widget.LinearLayout" clickable="false" content-desc="" enabled="true" focusable="false" focused="false" index="1" long-clickable="false" package="com.atools.netTrafficStats" password="false" resource-id="NO_ID" scrollable="false" selected="false" text="">
                        <node bounds="[104,234][275,272]" checkable="false" checked="false" class="android.widget.TextView" clickable="false" content-desc="" enabled="true" focusable="false" focused="false" index="0" long-clickable="false" package="com.atools.netTrafficStats" password="false" resource-id="id/txt_rxbytes" scrollable="false" selected="false" text="已接收:2.04M"/>
                        <node bounds="[275,234][472,272]" checkable="false" checked="false" class="android.widget.TextView" clickable="false" content-desc="" enabled="true" focusable="false" focused="false" index="1" long-clickable="false" package="com.atools.netTrafficStats" password="false" resource-id="id/txt_txbytes" scrollable="false" selected="false" text="已发送:847.63K"/>
                      </node>
                    </node>
                  </node>
                  <node bounds="[0,277][720,357]" checkable="false" checked="false" class="android.widget.LinearLayout" clickable="true" content-desc="" enabled="true" focusable="false" focused="false" index="1" long-clickable="false" package="com.atools.netTrafficStats" password="false" resource-id="NO_ID" scrollable="false" selected="false" text="">
                    <node bounds="[0,277][104,357]" checkable="false" checked="false" class="android.widget.LinearLayout" clickable="false" content-desc="" enabled="true" focusable="false" focused="false" index="0" long-clickable="false" package="com.atools.netTrafficStats" password="false" resource-id="NO_ID" scrollable="false" selected="false" text="">
                      <node bounds="[8,277][88,357]" checkable="false" checked="false" class="android.widget.ImageView" clickable="false" content-desc="" enabled="true" focusable="false" focused="false" index="0" long-clickable="false" package="com.atools.netTrafficStats" password="false" resource-id="id/app_icon" scrollable="false" selected="false" text=""/>
                    </node>
                    <node bounds="[104,277][720,357]" checkable="false" checked="false" class="android.widget.LinearLayout" clickable="false" content-desc="" enabled="true" focusable="false" focused="false" index="1" long-clickable="false" package="com.atools.netTrafficStats" password="false" resource-id="NO_ID" scrollable="false" selected="false" text="">
                      <node bounds="[104,277][367,315]" checkable="false" checked="false" class="android.widget.TextView" clickable="false" content-desc="" enabled="true" focusable="false" focused="false" index="0" long-clickable="false" package="com.atools.netTrafficStats" password="false" resource-id="id/apps_name" scrollable="false" selected="false" text="Google Play services"/>
                      <node bounds="[104,315][720,357]" checkable="false" checked="false" class="android.widget.LinearLayout" clickable="false" content-desc="" enabled="true" focusable="false" focused="false" index="1" long-clickable="false" package="com.atools.netTrafficStats" password="false" resource-id="NO_ID" scrollable="false" selected="false" text="">
                        <node bounds="[104,315][301,353]" checkable="false" checked="false" class="android.widget.TextView" clickable="false" content-desc="" enabled="true" focusable="false" focused="false" index="0" long-clickable="false" package="com.atools.netTrafficStats" password="false" resource-id="id/txt_rxbytes" scrollable="false" selected="false" text="已接收:241.78K"/>
                        <node bounds="[301,315][482,353]" checkable="false" checked="false" class="android.widget.TextView" clickable="false" content-desc="" enabled="true" focusable="false" focused="false" index="1" long-clickable="false" package="com.atools.netTrafficStats" password="false" resource-id="id/txt_txbytes" scrollable="false" selected="false" text="已发送:79.00K"/>
                      </node>
                    </node>
                  </node>
                  <node bounds="[0,358][720,438]" checkable="false" checked="false" class="android.widget.LinearLayout" clickable="true" content-desc="" enabled="true" focusable="false" focused="false" index="2" long-clickable="false" package="com.atools.netTrafficStats" password="false" resource-id="NO_ID" scrollable="false" selected="false" text="">
                    <node bounds="[0,358][104,438]" checkable="false" checked="false" class="android.widget.LinearLayout" clickable="false" content-desc="" enabled="true" focusable="false" focused="false" index="0" long-clickable="false" package="com.atools.netTrafficStats" password="false" resource-id="NO_ID" scrollable="false" selected="false" text="">
                      <node bounds="[8,358][88,438]" checkable="false" checked="false" class="android.widget.ImageView" clickable="false" content-desc="" enabled="true" focusable="false" focused="false" index="0" long-clickable="false" package="com.atools.netTrafficStats" password="false" resource-id="id/app_icon" scrollable="false" selected="false" text=""/>
                    </node>
                    <node bounds="[104,358][720,438]" checkable="false" checked="false" class="android.widget.LinearLayout" clickable="false" content-desc="" enabled="true" focusable="false" focused="false" index="1" long-clickable="false" package="com.atools.netTrafficStats" password="false" resource-id="NO_ID" scrollable="false" selected="false" text="">
                      <node bounds="[104,358][373,396]" checkable="false" checked="false" class="android.widget.TextView" clickable="false" content-desc="" enabled="true" focusable="false" focused="false" index="0" long-clickable="false" package="com.atools.netTrafficStats" password="false" resource-id="id/apps_name" scrollable="false" selected="false" text="The Weather Channel"/>
                      <node bounds="[104,396][720,438]" checkable="false" checked="false" class="android.widget.LinearLayout" clickable="false" content-desc="" enabled="true" focusable="false" focused="false" index="1" long-clickable="false" package="com.atools.netTrafficStats" password="false" resource-id="NO_ID" scrollable="false" selected="false" text="">
                        <node bounds="[104,396][301,434]" checkable="false" checked="false" class="android.widget.TextView" clickable="false" content-desc="" enabled="true" focusable="false" focused="false" index="0" long-clickable="false" package="com.atools.netTrafficStats" password="false" resource-id="id/txt_rxbytes" scrollable="false" selected="false" text="已接收:207.18K"/>
                        <node bounds="[301,396][482,434]" checkable="false" checked="false" class="android.widget.TextView" clickable="false" content-desc="" enabled="true" focusable="false" focused="false" index="1" long-clickable="false" package="com.atools.netTrafficStats" password="false" resource-id="id/txt_txbytes" scrollable="false" selected="false" text="已发送:28.63K"/>
                      </node>
                    </node>
                  </node>
                  <node bounds="[0,439][720,519]" checkable="false" checked="false" class="android.widget.LinearLayout" clickable="true" content-desc="" enabled="true" focusable="false" focused="false" index="3" long-clickable="false" package="com.atools.netTrafficStats" password="false" scrollable="false" selected="false" text="">
                    <node bounds="[0,439][104,519]" checkable="false" checked="false" class="android.widget.LinearLayout" clickable="false" content-desc="" enabled="true" focusable="false" focused="false" index="0" long-clickable="false" package="com.atools.netTrafficStats" password="false" scrollable="false" selected="false" text="">
                      <node bounds="[8,439][88,519]" checkable="false" checked="false" class="android.widget.ImageView" clickable="false" content-desc="" enabled="true" focusable="false" focused="false" index="0" long-clickable="false" package="com.atools.netTrafficStats" password="false" scrollable="false" selected="false" text=""/>
                    </node>
                    <node bounds="[104,439][720,519]" checkable="false" checked="false" class="android.widget.LinearLayout" clickable="false" content-desc="" enabled="true" focusable="false" focused="false" index="1" long-clickable="false" package="com.atools.netTrafficStats" password="false" scrollable="false" selected="false" text="">
                      <node bounds="[104,439][224,477]" checkable="false" checked="false" class="android.widget.TextView" clickable="false" content-desc="" enabled="true" focusable="false" focused="false" index="0" long-clickable="false" package="com.atools.netTrafficStats" password="false" scrollable="false" selected="false" text="Fake GPS"/>
                      <node bounds="[104,477][720,519]" checkable="false" checked="false" class="android.widget.LinearLayout" clickable="false" content-desc="" enabled="true" focusable="false" focused="false" index="1" long-clickable="false" package="com.atools.netTrafficStats" password="false" scrollable="false" selected="false" text="">
                        <node bounds="[104,477][285,515]" checkable="false" checked="false" class="android.widget.TextView" clickable="false" content-desc="" enabled="true" focusable="false" focused="false" index="0" long-clickable="false" package="com.atools.netTrafficStats" password="false" scrollable="false" selected="false" text="已接收:66.39K"/>
                        <node bounds="[285,477][466,515]" checkable="false" checked="false" class="android.widget.TextView" clickable="false" content-desc="" enabled="true" focusable="false" focused="false" index="1" long-clickable="false" package="com.atools.netTrafficStats" password="false" scrollable="false" selected="false" text="已发送:33.38K"/>
                      </node>
                    </node>
                  </node>
                  <node bounds="[0,520][720,600]" checkable="false" checked="false" class="android.widget.LinearLayout" clickable="true" content-desc="" enabled="true" focusable="false" focused="false" index="4" long-clickable="false" package="com.atools.netTrafficStats" password="false" scrollable="false" selected="false" text="">
                    <node bounds="[0,520][104,600]" checkable="false" checked="false" class="android.widget.LinearLayout" clickable="false" content-desc="" enabled="true" focusable="false" focused="false" index="0" long-clickable="false" package="com.atools.netTrafficStats" password="false" scrollable="false" selected="false" text="">
                      <node bounds="[8,520][88,600]" checkable="false" checked="false" class="android.widget.ImageView" clickable="false" content-desc="" enabled="true" focusable="false" focused="false" index="0" long-clickable="false" package="com.atools.netTrafficStats" password="false" scrollable="false" selected="false" text=""/>
                    </node>
                    <node bounds="[104,520][720,600]" checkable="false" checked="false" class="android.widget.LinearLayout" clickable="false" content-desc="" enabled="true" focusable="false" focused="false" index="1" long-clickable="false" package="com.atools.netTrafficStats" password="false" scrollable="false" selected="false" text="">
                      <node bounds="[104,520][272,558]" checkable="false" checked="false" class="android.widget.TextView" clickable="false" content-desc="" enabled="true" focusable="false" focused="false" index="0" long-clickable="false" package="com.atools.netTrafficStats" password="false" scrollable="false" selected="false" text="程序流量监测"/>
                      <node bounds="[104,558][720,600]" checkable="false" checked="false" class="android.widget.LinearLayout" clickable="false" content-desc="" enabled="true" focusable="false" focused="false" index="1" long-clickable="false" package="com.atools.netTrafficStats" password="false" scrollable="false" selected="false" text="">
                        <node bounds="[104,558][285,596]" checkable="false" checked="false" class="android.widget.TextView" clickable="false" content-desc="" enabled="true" focusable="false" focused="false" index="0" long-clickable="false" package="com.atools.netTrafficStats" password="false" scrollable="false" selected="false" text="已接收:34.30K"/>
                        <node bounds="[285,558][456,596]" checkable="false" checked="false" class="android.widget.TextView" clickable="false" content-desc="" enabled="true" focusable="false" focused="false" index="1" long-clickable="false" package="com.atools.netTrafficStats" password="false" scrollable="false" selected="false" text="已发送:1.24M"/>
                      </node>
                    </node>
                  </node>
                  <node bounds="[0,601][720,681]" checkable="false" checked="false" class="android.widget.LinearLayout" clickable="true" content-desc="" enabled="true" focusable="false" focused="false" index="5" long-clickable="false" package="com.atools.netTrafficStats" password="false" scrollable="false" selected="false" text="">
                    <node bounds="[0,601][104,681]" checkable="false" checked="false" class="android.widget.LinearLayout" clickable="false" content-desc="" enabled="true" focusable="false" focused="false" index="0" long-clickable="false" package="com.atools.netTrafficStats" password="false" scrollable="false" selected="false" text="">
                      <node bounds="[8,601][88,681]" checkable="false" checked="false" class="android.widget.ImageView" clickable="false" content-desc="" enabled="true" focusable="false" focused="false" index="0" long-clickable="false" package="com.atools.netTrafficStats" password="false" scrollable="false" selected="false" text=""/>
                    </node>
                    <node bounds="[104,601][720,681]" checkable="false" checked="false" class="android.widget.LinearLayout" clickable="false" content-desc="" enabled="true" focusable="false" focused="false" index="1" long-clickable="false" package="com.atools.netTrafficStats" password="false" scrollable="false" selected="false" text="">
                      <node bounds="[104,601][328,639]" checkable="false" checked="false" class="android.widget.TextView" clickable="false" content-desc="" enabled="true" focusable="false" focused="false" index="0" long-clickable="false" package="com.atools.netTrafficStats" password="false" scrollable="false" selected="false" text="Google Play Store"/>
                      <node bounds="[104,639][720,681]" checkable="false" checked="false" class="android.widget.LinearLayout" clickable="false" content-desc="" enabled="true" focusable="false" focused="false" index="1" long-clickable="false" package="com.atools.netTrafficStats" password="false" scrollable="false" selected="false" text="">
                        <node bounds="[104,639][285,677]" checkable="false" checked="false" class="android.widget.TextView" clickable="false" content-desc="" enabled="true" focusable="false" focused="false" index="0" long-clickable="false" package="com.atools.netTrafficStats" password="false" scrollable="false" selected="false" text="已接收:26.14K"/>
                        <node bounds="[285,639][466,677]" checkable="false" checked="false" class="android.widget.TextView" clickable="false" content-desc="" enabled="true" focusable="false" focused="false" index="1" long-clickable="false" package="com.atools.netTrafficStats" password="false" scrollable="false" selected="false" text="已发送:17.61K"/>
                      </node>
                    </node>
                  </node>
                  <node bounds="[0,682][720,762]" checkable="false" checked="false" class="android.widget.LinearLayout" clickable="true" content-desc="" enabled="true" focusable="false" focused="false" index="6" long-clickable="false" package="com.atools.netTrafficStats" password="false" scrollable="false" selected="false" text="">
                    <node bounds="[0,682][104,762]" checkable="false" checked="false" class="android.widget.LinearLayout" clickable="false" content-desc="" enabled="true" focusable="false" focused="false" index="0" long-clickable="false" package="com.atools.netTrafficStats" password="false" scrollable="false" selected="false" text="">
                      <node bounds="[8,682][88,762]" checkable="false" checked="false" class="android.widget.ImageView" clickable="false" content-desc="" enabled="true" focusable="false" focused="false" index="0" long-clickable="false" package="com.atools.netTrafficStats" password="false" scrollable="false" selected="false" text=""/>
                    </node>
                    <node bounds="[104,682][720,762]" checkable="false" checked="false" class="android.widget.LinearLayout" clickable="false" content-desc="" enabled="true" focusable="false" focused="false" index="1" long-clickable="false" package="com.atools.netTrafficStats" password="false" scrollable="false" selected="false" text="">
                      <node bounds="[104,682][310,720]" checkable="false" checked="false" class="android.widget.TextView" clickable="false" content-desc="" enabled="true" focusable="false" focused="false" index="0" long-clickable="false" package="com.atools.netTrafficStats" password="false" scrollable="false" selected="false" text="News &amp; Weather"/>
                      <node bounds="[104,720][720,762]" checkable="false" checked="false" class="android.widget.LinearLayout" clickable="false" content-desc="" enabled="true" focusable="false" focused="false" index="1" long-clickable="false" package="com.atools.netTrafficStats" password="false" scrollable="false" selected="false" text="">
                        <node bounds="[104,720][285,758]" checkable="false" checked="false" class="android.widget.TextView" clickable="false" content-desc="" enabled="true" focusable="false" focused="false" index="0" long-clickable="false" package="com.atools.netTrafficStats" password="false" scrollable="false" selected="false" text="已接收:13.30K"/>
                        <node bounds="[285,720][450,758]" checkable="false" checked="false" class="android.widget.TextView" clickable="false" content-desc="" enabled="true" focusable="false" focused="false" index="1" long-clickable="false" package="com.atools.netTrafficStats" password="false" scrollable="false" selected="false" text="已发送:2.41K"/>
                      </node>
                    </node>
                  </node>
                  <node bounds="[0,763][720,843]" checkable="false" checked="false" class="android.widget.LinearLayout" clickable="true" content-desc="" enabled="true" focusable="false" focused="false" index="7" long-clickable="false" package="com.atools.netTrafficStats" password="false" scrollable="false" selected="false" text="">
                    <node bounds="[0,763][104,843]" checkable="false" checked="false" class="android.widget.LinearLayout" clickable="false" content-desc="" enabled="true" focusable="false" focused="false" index="0" long-clickable="false" package="com.atools.netTrafficStats" password="false" scrollable="false" selected="false" text="">
                      <node bounds="[8,763][88,843]" checkable="false" checked="false" class="android.widget.ImageView" clickable="false" content-desc="" enabled="true" focusable="false" focused="false" index="0" long-clickable="false" package="com.atools.netTrafficStats" password="false" scrollable="false" selected="false" text=""/>
                    </node>
                    <node bounds="[104,763][720,843]" checkable="false" checked="false" class="android.widget.LinearLayout" clickable="false" content-desc="" enabled="true" focusable="false" focused="false" index="1" long-clickable="false" package="com.atools.netTrafficStats" password="false" scrollable="false" selected="false" text="">
                      <node bounds="[104,763][304,801]" checkable="false" checked="false" class="android.widget.TextView" clickable="false" content-desc="" enabled="true" focusable="false" focused="false" index="0" long-clickable="false" package="com.atools.netTrafficStats" password="false" scrollable="false" selected="false" text="Android System"/>
                      <node bounds="[104,801][720,843]" checkable="false" checked="false" class="android.widget.LinearLayout" clickable="false" content-desc="" enabled="true" focusable="false" focused="false" index="1" long-clickable="false" package="com.atools.netTrafficStats" password="false" scrollable="false" selected="false" text="">
                        <node bounds="[104,801][269,839]" checkable="false" checked="false" class="android.widget.TextView" clickable="false" content-desc="" enabled="true" focusable="false" focused="false" index="0" long-clickable="false" package="com.atools.netTrafficStats" password="false" scrollable="false" selected="false" text="已接收:0.70K"/>
                        <node bounds="[269,801][450,839]" checkable="false" checked="false" class="android.widget.TextView" clickable="false" content-desc="" enabled="true" focusable="false" focused="false" index="1" long-clickable="false" package="com.atools.netTrafficStats" password="false" scrollable="false" selected="false" text="已发送:13.34K"/>
                      </node>
                    </node>
                  </node>
                  <node bounds="[0,844][720,924]" checkable="false" checked="false" class="android.widget.LinearLayout" clickable="true" content-desc="" enabled="true" focusable="false" focused="false" index="8" long-clickable="false" package="com.atools.netTrafficStats" password="false" scrollable="false" selected="false" text="">
                    <node bounds="[0,844][104,924]" checkable="false" checked="false" class="android.widget.LinearLayout" clickable="false" content-desc="" enabled="true" focusable="false" focused="false" index="0" long-clickable="false" package="com.atools.netTrafficStats" password="false" scrollable="false" selected="false" text="">
                      <node bounds="[8,844][88,924]" checkable="false" checked="false" class="android.widget.ImageView" clickable="false" content-desc="" enabled="true" focusable="false" focused="false" index="0" long-clickable="false" package="com.atools.netTrafficStats" password="false" scrollable="false" selected="false" text=""/>
                    </node>
                    <node bounds="[104,844][720,924]" checkable="false" checked="false" class="android.widget.LinearLayout" clickable="false" content-desc="" enabled="true" focusable="false" focused="false" index="1" long-clickable="false" package="com.atools.netTrafficStats" password="false" scrollable="false" selected="false" text="">
                      <node bounds="[104,844][490,882]" checkable="false" checked="false" class="android.widget.TextView" clickable="false" content-desc="" enabled="true" focusable="false" focused="false" index="0" long-clickable="false" package="com.atools.netTrafficStats" password="false" scrollable="false" selected="false" text="Google Text-to-speech Engine"/>
                      <node bounds="[104,882][720,924]" checkable="false" checked="false" class="android.widget.LinearLayout" clickable="false" content-desc="" enabled="true" focusable="false" focused="false" index="1" long-clickable="false" package="com.atools.netTrafficStats" password="false" scrollable="false" selected="false" text="">
                        <node bounds="[104,882][269,920]" checkable="false" checked="false" class="android.widget.TextView" clickable="false" content-desc="" enabled="true" focusable="false" focused="false" index="0" long-clickable="false" package="com.atools.netTrafficStats" password="false" scrollable="false" selected="false" text="已接收:0.62K"/>
                        <node bounds="[269,882][434,920]" checkable="false" checked="false" class="android.widget.TextView" clickable="false" content-desc="" enabled="true" focusable="false" focused="false" index="1" long-clickable="false" package="com.atools.netTrafficStats" password="false" scrollable="false" selected="false" text="已发送:0.19K"/>
                      </node>
                    </node>
                  </node>
                  <node bounds="[0,925][720,1005]" checkable="false" checked="false" class="android.widget.LinearLayout" clickable="true" content-desc="" enabled="true" focusable="false" focused="false" index="9" long-clickable="false" package="com.atools.netTrafficStats" password="false" scrollable="false" selected="false" text="">
                    <node bounds="[0,925][104,1005]" checkable="false" checked="false" class="android.widget.LinearLayout" clickable="false" content-desc="" enabled="true" focusable="false" focused="false" index="0" long-clickable="false" package="com.atools.netTrafficStats" password="false" scrollable="false" selected="false" text="">
                      <node bounds="[8,925][88,1005]" checkable="false" checked="false" class="android.widget.ImageView" clickable="false" content-desc="" enabled="true" focusable="false" focused="false" index="0" long-clickable="false" package="com.atools.netTrafficStats" password="false" scrollable="false" selected="false" text=""/>
                    </node>
                    <node bounds="[104,925][720,1005]" checkable="false" checked="false" class="android.widget.LinearLayout" clickable="false" content-desc="" enabled="true" focusable="false" focused="false" index="1" long-clickable="false" package="com.atools.netTrafficStats" password="false" scrollable="false" selected="false" text="">
                      <node bounds="[104,925][253,963]" checkable="false" checked="false" class="android.widget.TextView" clickable="false" content-desc="" enabled="true" focusable="false" focused="false" index="0" long-clickable="false" package="com.atools.netTrafficStats" password="false" scrollable="false" selected="false" text="CM Updater"/>
                      <node bounds="[104,963][720,1005]" checkable="false" checked="false" class="android.widget.LinearLayout" clickable="false" content-desc="" enabled="true" focusable="false" focused="false" index="1" long-clickable="false" package="com.atools.netTrafficStats" password="false" scrollable="false" selected="false" text="">
                        <node bounds="[104,963][269,1001]" checkable="false" checked="false" class="android.widget.TextView" clickable="false" content-desc="" enabled="true" focusable="false" focused="false" index="0" long-clickable="false" package="com.atools.netTrafficStats" password="false" scrollable="false" selected="false" text="已接收:0.59K"/>
                        <node bounds="[269,963][434,1001]" checkable="false" checked="false" class="android.widget.TextView" clickable="false" content-desc="" enabled="true" focusable="false" focused="false" index="1" long-clickable="false" package="com.atools.netTrafficStats" password="false" scrollable="false" selected="false" text="已发送:0.85K"/>
                      </node>
                    </node>
                  </node>
                  <node bounds="[0,1006][720,1086]" checkable="false" checked="false" class="android.widget.LinearLayout" clickable="true" content-desc="" enabled="true" focusable="false" focused="false" index="10" long-clickable="false" package="com.atools.netTrafficStats" password="false" scrollable="false" selected="false" text="">
                    <node bounds="[0,1006][104,1086]" checkable="false" checked="false" class="android.widget.LinearLayout" clickable="false" content-desc="" enabled="true" focusable="false" focused="false" index="0" long-clickable="false" package="com.atools.netTrafficStats" password="false" scrollable="false" selected="false" text="">
                      <node bounds="[8,1006][88,1086]" checkable="false" checked="false" class="android.widget.ImageView" clickable="false" content-desc="" enabled="true" focusable="false" focused="false" index="0" long-clickable="false" package="com.atools.netTrafficStats" password="false" scrollable="false" selected="false" text=""/>
                    </node>
                    <node bounds="[104,1006][720,1086]" checkable="false" checked="false" class="android.widget.LinearLayout" clickable="false" content-desc="" enabled="true" focusable="false" focused="false" index="1" long-clickable="false" package="com.atools.netTrafficStats" password="false" scrollable="false" selected="false" text="">
                      <node bounds="[104,1006][374,1044]" checkable="false" checked="false" class="android.widget.TextView" clickable="false" content-desc="" enabled="true" focusable="false" focused="false" index="0" long-clickable="false" package="com.atools.netTrafficStats" password="false" scrollable="false" selected="false" text="FMR Memory Cleaner"/>
                      <node bounds="[104,1044][720,1086]" checkable="false" checked="false" class="android.widget.LinearLayout" clickable="false" content-desc="" enabled="true" focusable="false" focused="false" index="1" long-clickable="false" package="com.atools.netTrafficStats" password="false" scrollable="false" selected="false" text="">
                        <node bounds="[104,1044][229,1082]" checkable="false" checked="false" class="android.widget.TextView" clickable="false" content-desc="" enabled="true" focusable="false" focused="false" index="0" long-clickable="false" package="com.atools.netTrafficStats" password="false" scrollable="false" selected="false" text="已接收:0K"/>
                        <node bounds="[229,1044][354,1082]" checkable="false" checked="false" class="android.widget.TextView" clickable="false" content-desc="" enabled="true" focusable="false" focused="false" index="1" long-clickable="false" package="com.atools.netTrafficStats" password="false" scrollable="false" selected="false" text="已发送:0K"/>
                      </node>
                    </node>
                  </node>
                  <node bounds="[0,1087][720,1167]" checkable="false" checked="false" class="android.widget.LinearLayout" clickable="true" content-desc="" enabled="true" focusable="false" focused="false" index="11" long-clickable="false" package="com.atools.netTrafficStats" password="false" scrollable="false" selected="false" text="">
                    <node bounds="[0,1087][104,1167]" checkable="false" checked="false" class="android.widget.LinearLayout" clickable="false" content-desc="" enabled="true" focusable="false" focused="false" index="0" long-clickable="false" package="com.atools.netTrafficStats" password="false" scrollable="false" selected="false" text="">
                      <node bounds="[8,1087][88,1167]" checkable="false" checked="false" class="android.widget.ImageView" clickable="false" content-desc="" enabled="true" focusable="false" focused="false" index="0" long-clickable="false" package="com.atools.netTrafficStats" password="false" scrollable="false" selected="false" text=""/>
                    </node>
                    <node bounds="[104,1087][720,1167]" checkable="false" checked="false" class="android.widget.LinearLayout" clickable="false" content-desc="" enabled="true" focusable="false" focused="false" index="1" long-clickable="false" package="com.atools.netTrafficStats" password="false" scrollable="false" selected="false" text="">
                      <node bounds="[104,1087][370,1125]" checkable="false" checked="false" class="android.widget.TextView" clickable="false" content-desc="" enabled="true" focusable="false" focused="false" index="0" long-clickable="false" package="com.atools.netTrafficStats" password="false" scrollable="false" selected="false" text="SD-Card Multi Mount"/>
                      <node bounds="[104,1125][720,1167]" checkable="false" checked="false" class="android.widget.LinearLayout" clickable="false" content-desc="" enabled="true" focusable="false" focused="false" index="1" long-clickable="false" package="com.atools.netTrafficStats" password="false" scrollable="false" selected="false" text="">
                        <node bounds="[104,1125][229,1163]" checkable="false" checked="false" class="android.widget.TextView" clickable="false" content-desc="" enabled="true" focusable="false" focused="false" index="0" long-clickable="false" package="com.atools.netTrafficStats" password="false" scrollable="false" selected="false" text="已接收:0K"/>
                        <node bounds="[229,1125][354,1163]" checkable="false" checked="false" class="android.widget.TextView" clickable="false" content-desc="" enabled="true" focusable="false" focused="false" index="1" long-clickable="false" package="com.atools.netTrafficStats" password="false" scrollable="false" selected="false" text="已发送:0K"/>
                      </node>
                    </node>
                  </node>
                  <node bounds="[0,1168][720,1248]" checkable="false" checked="false" class="android.widget.LinearLayout" clickable="true" content-desc="" enabled="true" focusable="false" focused="false" index="12" long-clickable="false" package="com.atools.netTrafficStats" password="false" scrollable="false" selected="false" text="">
                    <node bounds="[0,1168][104,1248]" checkable="false" checked="false" class="android.widget.LinearLayout" clickable="false" content-desc="" enabled="true" focusable="false" focused="false" index="0" long-clickable="false" package="com.atools.netTrafficStats" password="false" scrollable="false" selected="false" text="">
                      <node bounds="[8,1168][88,1248]" checkable="false" checked="false" class="android.widget.ImageView" clickable="false" content-desc="" enabled="true" focusable="false" focused="false" index="0" long-clickable="false" package="com.atools.netTrafficStats" password="false" scrollable="false" selected="false" text=""/>
                    </node>
                    <node bounds="[104,1168][720,1248]" checkable="false" checked="false" class="android.widget.LinearLayout" clickable="false" content-desc="" enabled="true" focusable="false" focused="false" index="1" long-clickable="false" package="com.atools.netTrafficStats" password="false" scrollable="false" selected="false" text="">
                      <node bounds="[104,1168][307,1206]" checkable="false" checked="false" class="android.widget.TextView" clickable="false" content-desc="" enabled="true" focusable="false" focused="false" index="0" long-clickable="false" package="com.atools.netTrafficStats" password="false" scrollable="false" selected="false" text="Sound Recorder"/>
                    </node>
                  </node>
                </node>
                <node bounds="[0,196][720,1184]" checkable="false" checked="false" class="android.widget.TextView" clickable="false" content-desc="" enabled="true" focusable="false" focused="false" index="1" long-clickable="false" package="com.atools.netTrafficStats" password="false" resource-id="id/list" scrollable="false" selected="false" text=""/>
              </node>
            </node>
          </node>
        </node>
      </node>
    </node>
  </node>
</hierarchy>
2017-07-10 09:00:51,394 - COSMOS_TRIGGER_PY-Console - ERROR - JsonRPC Error code: -32003, Message: com.github.uiautomatorstub.NotImplementedException: takeScreenshot is not yet implemented in API level 16.
2017-07-10 09:00:51,394 - COSMOS_TRIGGER_PY-Console - DEBUG - Run cmd: adb shell /system/bin/screencap -p /sdcard/screenshot.png
2017-07-10 09:00:52,130 - COSMOS_TRIGGER_PY-Console - DEBUG - Run cmd: adb pull /sdcard/screenshot.png C:\Users\majes\PycharmProjects\TrafficAnalysis\data_collection\output/DroidKungFu/2f3e57f214b1b492f06b0d40e196bcc71338399d741435964263928a89dcd545/first_page.png
2017-07-10 09:00:52,305 - COSMOS_TRIGGER_PY-Console - DEBUG - 3400 KB/s (279608 bytes in 0.080s)
2017-07-10 09:00:57,355 - COSMOS_TRIGGER_PY-Console - DEBUG - Run cmd: adb pull /sdcard/com.atools.netTrafficStats0710-08-59-44.pcap C:\Users\majes\PycharmProjects\TrafficAnalysis\data_collection\output/DroidKungFu/2f3e57f214b1b492f06b0d40e196bcc71338399d741435964263928a89dcd545/com.atools.netTrafficStats0710-08-59-44.pcap
2017-07-10 09:00:57,437 - COSMOS_TRIGGER_PY-Console - DEBUG - 1142 KB/s (8192 bytes in 0.007s)
2017-07-10 09:01:12,437 - COSMOS_TRIGGER_PY-Console - WARNING - Timeout!!!
2017-07-10 09:01:12,438 - COSMOS_TRIGGER_PY-Console - DEBUG - Run cmd: adb -s 014E233C1300800B uninstall com.atools.netTrafficStats
2017-07-10 09:01:13,874 - COSMOS_TRIGGER_PY-Console - DEBUG - Success
2017-07-10 09:01:13,875 - COSMOS_TRIGGER_PY-Console - INFO - End
