2017-07-10 02:32:36,638 - COSMOS_TRIGGER_PY-Console - INFO - apk:C:\Users\majes\Documents\FlowIntent\apks\drebin\DroidKungFu\06c705212145623b0f1b6aca99ca24af5ee73c48ef4d693a2ff956b3d52659be.apk
2017-07-10 02:32:36,638 - COSMOS_TRIGGER_PY-Console - INFO - pkg:com.cxjf.multimountsdcard.widget
2017-07-10 02:32:36,638 - COSMOS_TRIGGER_PY-Console - DEBUG - Run cmd: adb -s 014E233C1300800B uninstall com.cxjf.multimountsdcard.widget
2017-07-10 02:32:37,581 - COSMOS_TRIGGER_PY-Console - DEBUG - Failure
2017-07-10 02:32:37,581 - COSMOS_TRIGGER_PY-Console - DEBUG - Run cmd: adb install C:\Users\majes\Documents\FlowIntent\apks\drebin\DroidKungFu\06c705212145623b0f1b6aca99ca24af5ee73c48ef4d693a2ff956b3d52659be.apk
2017-07-10 02:32:40,289 - COSMOS_TRIGGER_PY-Console - DEBUG - 	pkg: /data/local/tmp/06c705212145623b0f1b6aca99ca24af5ee73c48ef4d693a2ff956b3d52659be.apk
2017-07-10 02:32:40,289 - COSMOS_TRIGGER_PY-Console - DEBUG - Success
2017-07-10 02:32:40,289 - COSMOS_TRIGGER_PY-Console - DEBUG - 1154 KB/s (302409 bytes in 0.255s)
2017-07-10 02:32:40,289 - COSMOS_TRIGGER_PY-Console - DEBUG - Run cmd: adb shell "su 0 date -s `date +%Y%m%d.%H%M%S`"
2017-07-10 02:32:41,322 - COSMOS_TRIGGER_PY-Console - DEBUG - sh: date: No such file or directory
2017-07-10 02:32:41,322 - COSMOS_TRIGGER_PY-Console - DEBUG - Run cmd: adb shell monkey -p com.lexa.fakegps --ignore-crashes 1
2017-07-10 02:32:42,326 - COSMOS_TRIGGER_PY-Console - DEBUG - Events injected: 1
2017-07-10 02:32:42,326 - COSMOS_TRIGGER_PY-Console - DEBUG - ## Network stats: elapsed time=104ms (0ms mobile, 104ms wifi, 0ms not connected)
2017-07-10 02:32:43,719 - COSMOS_TRIGGER_PY-Console - DEBUG - Run cmd: adb logcat -c
2017-07-10 02:32:43,846 - COSMOS_TRIGGER_PY-Console - INFO - clear logcat
2017-07-10 02:32:43,846 - COSMOS_TRIGGER_PY-Console - INFO - tcpdump begins
2017-07-10 02:32:43,861 - COSMOS_TRIGGER_PY-Console - DEBUG - Run cmd: adb shell monkey -p com.cxjf.multimountsdcard.widget --ignore-crashes 1
2017-07-10 02:32:45,390 - COSMOS_TRIGGER_PY-Console - DEBUG - Events injected: 1
2017-07-10 02:32:45,390 - COSMOS_TRIGGER_PY-Console - DEBUG - ## Network stats: elapsed time=164ms (0ms mobile, 164ms wifi, 0ms not connected)
2017-07-10 02:32:45,460 - COSMOS_TRIGGER_PY-Console - INFO - Try to dump layout XML of 
2017-07-10 02:32:45,648 - COSMOS_TRIGGER_PY-Console - INFO - Dumping...first_page
2017-07-10 02:35:45,460 - COSMOS_TRIGGER_PY-Console - WARNING - Timeout!!!
2017-07-10 02:35:45,460 - COSMOS_TRIGGER_PY-Console - WARNING - Time out while dumping XML for the default activity
2017-07-10 02:35:45,542 - COSMOS_TRIGGER_PY-Console - INFO - Try to dump layout XML of 
2017-07-10 02:38:45,542 - COSMOS_TRIGGER_PY-Console - WARNING - Timeout!!!
2017-07-10 02:38:45,543 - COSMOS_TRIGGER_PY-Console - WARNING - Time out while dumping XML for the default activity
2017-07-10 02:38:50,545 - COSMOS_TRIGGER_PY-Console - DEBUG - Run cmd: adb pull /sdcard/com.cxjf.multimountsdcard.widget0710-02-32-36.pcap C:\Users\majes\PycharmProjects\TrafficAnalysis\data_collection\output/DroidKungFu/06c705212145623b0f1b6aca99ca24af5ee73c48ef4d693a2ff956b3d52659be/com.cxjf.multimountsdcard.widget0710-02-32-36.pcap
2017-07-10 02:39:50,588 - COSMOS_TRIGGER_PY-Console - WARNING - __init__() takes at least 3 arguments (2 given)
2017-07-10 02:40:50,707 - COSMOS_TRIGGER_PY-Console - WARNING - __init__() takes at least 3 arguments (2 given)
2017-07-10 02:40:50,825 - COSMOS_TRIGGER_PY-Console - DEBUG - Run cmd: adb reboot
2017-07-10 02:41:14,351 - COSMOS_TRIGGER_PY-Console - WARNING - Command 'adb reboot' returned non-zero exit status 1
