2017-07-07 23:29:59,914 - COSMOS_TRIGGER_PY-Console - INFO - apk:C:\Users\majes\Documents\FlowIntent\apks\ncsumalware\DroidKungFu3\4c9f885680124dbcb8d590704d0f8dff4602f909.apk
2017-07-07 23:29:59,914 - COSMOS_TRIGGER_PY-Console - INFO - pkg:com.gp.monolith
2017-07-07 23:29:59,914 - COSMOS_TRIGGER_PY-Console - DEBUG - Run cmd: adb -s 014E233C1300800B uninstall com.gp.monolith
2017-07-07 23:30:00,687 - COSMOS_TRIGGER_PY-Console - DEBUG - Failure
2017-07-07 23:30:00,688 - COSMOS_TRIGGER_PY-Console - DEBUG - Run cmd: adb install C:\Users\majes\Documents\FlowIntent\apks\ncsumalware\DroidKungFu3\4c9f885680124dbcb8d590704d0f8dff4602f909.apk
2017-07-07 23:30:05,451 - COSMOS_TRIGGER_PY-Console - DEBUG - 	pkg: /data/local/tmp/4c9f885680124dbcb8d590704d0f8dff4602f909.apk
2017-07-07 23:30:05,451 - COSMOS_TRIGGER_PY-Console - DEBUG - Success
2017-07-07 23:30:05,451 - COSMOS_TRIGGER_PY-Console - DEBUG - 1508 KB/s (608113 bytes in 0.393s)
2017-07-07 23:30:05,453 - COSMOS_TRIGGER_PY-Console - DEBUG - Run cmd: adb shell "su 0 date -s `date +%Y%m%d.%H%M%S`"
2017-07-07 23:30:14,584 - COSMOS_TRIGGER_PY-Console - DEBUG - sh: date: No such file or directory
2017-07-07 23:30:14,585 - COSMOS_TRIGGER_PY-Console - DEBUG - Run cmd: adb shell monkey -p com.lexa.fakegps --ignore-crashes 1
2017-07-07 23:30:15,400 - COSMOS_TRIGGER_PY-Console - DEBUG - Events injected: 1
2017-07-07 23:30:15,401 - COSMOS_TRIGGER_PY-Console - DEBUG - ## Network stats: elapsed time=44ms (0ms mobile, 44ms wifi, 0ms not connected)
2017-07-07 23:30:15,401 - COSMOS_TRIGGER_PY-Console - DEBUG - Run cmd: adb logcat -c
2017-07-07 23:30:15,528 - COSMOS_TRIGGER_PY-Console - INFO - clear logcat
2017-07-07 23:30:15,528 - COSMOS_TRIGGER_PY-Console - INFO - tcpdump begins
2017-07-07 23:30:15,568 - COSMOS_TRIGGER_PY-Console - DEBUG - Run cmd: adb shell monkey -p com.gp.monolith --ignore-crashes 1
2017-07-07 23:30:16,802 - COSMOS_TRIGGER_PY-Console - DEBUG - Events injected: 1
2017-07-07 23:30:16,802 - COSMOS_TRIGGER_PY-Console - DEBUG - ## Network stats: elapsed time=107ms (0ms mobile, 107ms wifi, 0ms not connected)
2017-07-07 23:30:16,880 - COSMOS_TRIGGER_PY-Console - INFO - Try to dump layout XML of 
2017-07-07 23:30:18,121 - COSMOS_TRIGGER_PY-Console - INFO - Dumping...first_page
2017-07-07 23:30:46,818 - COSMOS_TRIGGER_PY-Console - INFO - <?xml version="1.0" ?><hierarchy>
  <node bounds="[0,0][720,1184]" checkable="false" checked="false" class="android.widget.FrameLayout" clickable="false" content-desc="" enabled="true" focusable="false" focused="false" index="0" long-clickable="false" package="com.gp.monolith" password="false" resource-id="NO_ID" scrollable="false" selected="false" text="">
    <node bounds="[0,0][720,1184]" checkable="false" checked="false" class="android.widget.LinearLayout" clickable="false" content-desc="" enabled="true" focusable="false" focused="false" index="0" long-clickable="false" package="com.gp.monolith" password="false" resource-id="NO_ID" scrollable="false" selected="false" text="">
      <node bounds="[0,50][720,100]" checkable="false" checked="false" class="android.widget.FrameLayout" clickable="false" content-desc="" enabled="true" focusable="false" focused="false" index="0" long-clickable="false" package="com.gp.monolith" password="false" resource-id="NO_ID" scrollable="false" selected="false" text="">
        <node bounds="[8,51][712,97]" checkable="false" checked="false" class="android.widget.TextView" clickable="false" content-desc="" enabled="true" focusable="false" focused="false" index="0" long-clickable="false" package="com.gp.monolith" password="false" resource-id="id/title" scrollable="false" selected="false" text="Robotic Space Rock"/>
      </node>
      <node bounds="[0,100][720,1184]" checkable="false" checked="false" class="android.widget.FrameLayout" clickable="false" content-desc="" enabled="true" focusable="false" focused="false" index="1" long-clickable="false" package="com.gp.monolith" password="false" resource-id="id/LinearLayout01" scrollable="false" selected="false" text="">
        <node bounds="[0,100][720,1184]" checkable="false" checked="false" class="android.view.View" clickable="false" content-desc="" enabled="true" focusable="true" focused="true" index="1" long-clickable="false" package="com.gp.monolith" password="false" resource-id="id/LinearLayout01" scrollable="false" selected="false" text=""/>
        <node bounds="[0,100][720,1184]" checkable="false" checked="false" class="android.view.View" clickable="false" content-desc="" enabled="true" focusable="false" focused="false" index="2" long-clickable="false" package="com.gp.monolith" password="false" resource-id="id/LinearLayout01" scrollable="false" selected="false" text=""/>
        <node bounds="[0,100][720,1184]" checkable="false" checked="false" class="android.widget.LinearLayout" clickable="false" content-desc="" enabled="true" focusable="false" focused="false" index="3" long-clickable="false" package="com.gp.monolith" password="false" resource-id="id/LinearLayout01" scrollable="false" selected="false" text="">
          <node bounds="[0,980][720,1184]" checkable="false" checked="false" class="android.widget.LinearLayout" clickable="false" content-desc="" enabled="true" focusable="false" focused="false" index="0" long-clickable="false" package="com.gp.monolith" password="false" resource-id="id/RelativeLayout01" scrollable="false" selected="false" text="">
            <node bounds="[0,980][720,1184]" checkable="false" checked="false" class="android.widget.RelativeLayout" clickable="false" content-desc="" enabled="true" focusable="false" focused="false" index="0" long-clickable="false" package="com.gp.monolith" password="false" resource-id="id/RelativeLayout01" scrollable="false" selected="false" text="">
              <!--NAF: The following control may not be accessibility friendly-->
              <node NAF="true" bounds="[0,980][130,1082]" checkable="false" checked="false" class="android.widget.ImageButton" clickable="true" content-desc="" enabled="true" focusable="true" focused="false" index="0" long-clickable="false" package="com.gp.monolith" password="false" resource-id="id/ImageButton01" scrollable="false" selected="false" text=""/>
              <!--NAF: The following control may not be accessibility friendly-->
              <node NAF="true" bounds="[295,980][425,1082]" checkable="false" checked="false" class="android.widget.ImageButton" clickable="true" content-desc="" enabled="true" focusable="true" focused="false" index="1" long-clickable="false" package="com.gp.monolith" password="false" resource-id="id/ImageButton03" scrollable="false" selected="false" text=""/>
              <!--NAF: The following control may not be accessibility friendly-->
              <node NAF="true" bounds="[590,980][720,1082]" checkable="false" checked="false" class="android.widget.ImageButton" clickable="true" content-desc="" enabled="true" focusable="true" focused="false" index="2" long-clickable="false" package="com.gp.monolith" password="false" resource-id="id/ImageButton02" scrollable="false" selected="false" text=""/>
              <!--NAF: The following control may not be accessibility friendly-->
              <node NAF="true" bounds="[295,1082][425,1184]" checkable="false" checked="false" class="android.widget.ImageButton" clickable="true" content-desc="" enabled="true" focusable="true" focused="false" index="3" long-clickable="false" package="com.gp.monolith" password="false" resource-id="id/ImageButton04" scrollable="false" selected="false" text=""/>
            </node>
          </node>
        </node>
      </node>
    </node>
  </node>
</hierarchy>
2017-07-07 23:30:47,993 - COSMOS_TRIGGER_PY-Console - ERROR - JsonRPC Error code: -32003, Message: com.github.uiautomatorstub.NotImplementedException: takeScreenshot is not yet implemented in API level 16.
2017-07-07 23:30:47,993 - COSMOS_TRIGGER_PY-Console - DEBUG - Run cmd: adb shell /system/bin/screencap -p /sdcard/screenshot.png
2017-07-07 23:30:50,036 - COSMOS_TRIGGER_PY-Console - DEBUG - Run cmd: adb pull /sdcard/screenshot.png ../output/DroidKungFu3/4c9f885680124dbcb8d590704d0f8dff4602f909/first_page.png
2017-07-07 23:30:50,217 - COSMOS_TRIGGER_PY-Console - DEBUG - 1579 KB/s (156370 bytes in 0.096s)
2017-07-07 23:30:50,230 - COSMOS_TRIGGER_PY-Console - DEBUG - Run cmd: adb pull /sdcard/com.gp.monolith0707-23-29-59.pcap ../output/DroidKungFu3/4c9f885680124dbcb8d590704d0f8dff4602f909/com.gp.monolith0707-23-29-59.pcap
2017-07-07 23:30:50,315 - COSMOS_TRIGGER_PY-Console - DEBUG - Run cmd: adb shell rm /sdcard/com.gp.monolith0707-23-29-59.pcap
2017-07-07 23:31:04,970 - COSMOS_TRIGGER_PY-Console - DEBUG - Run cmd: adb -s 014E233C1300800B uninstall com.gp.monolith
2017-07-07 23:31:06,405 - COSMOS_TRIGGER_PY-Console - DEBUG - Success
2017-07-07 23:31:06,405 - COSMOS_TRIGGER_PY-Console - INFO - End
