2017-07-08 00:24:54,849 - COSMOS_TRIGGER_PY-Console - INFO - apk:C:\Users\majes\Documents\FlowIntent\apks\ncsumalware\DroidKungFu3\6b457f50240d4f0b4f75c37a3138b172fe2527ff.apk
2017-07-08 00:24:54,849 - COSMOS_TRIGGER_PY-Console - INFO - pkg:com.gp.geekadoo
2017-07-08 00:24:54,851 - COSMOS_TRIGGER_PY-Console - DEBUG - Run cmd: adb -s 014E233C1300800B uninstall com.gp.geekadoo
2017-07-08 00:24:55,582 - COSMOS_TRIGGER_PY-Console - DEBUG - Failure
2017-07-08 00:24:55,582 - COSMOS_TRIGGER_PY-Console - DEBUG - Run cmd: adb install C:\Users\majes\Documents\FlowIntent\apks\ncsumalware\DroidKungFu3\6b457f50240d4f0b4f75c37a3138b172fe2527ff.apk
2017-07-08 00:24:58,809 - COSMOS_TRIGGER_PY-Console - DEBUG - 	pkg: /data/local/tmp/6b457f50240d4f0b4f75c37a3138b172fe2527ff.apk
2017-07-08 00:24:58,811 - COSMOS_TRIGGER_PY-Console - DEBUG - Success
2017-07-08 00:24:58,811 - COSMOS_TRIGGER_PY-Console - DEBUG - 2967 KB/s (2928161 bytes in 0.963s)
2017-07-08 00:24:58,811 - COSMOS_TRIGGER_PY-Console - DEBUG - Run cmd: adb shell "su 0 date -s `date +%Y%m%d.%H%M%S`"
2017-07-08 00:24:59,532 - COSMOS_TRIGGER_PY-Console - DEBUG - sh: date: No such file or directory
2017-07-08 00:24:59,533 - COSMOS_TRIGGER_PY-Console - DEBUG - Run cmd: adb shell monkey -p com.lexa.fakegps --ignore-crashes 1
2017-07-08 00:25:00,509 - COSMOS_TRIGGER_PY-Console - DEBUG - Events injected: 1
2017-07-08 00:25:00,509 - COSMOS_TRIGGER_PY-Console - DEBUG - ## Network stats: elapsed time=201ms (0ms mobile, 201ms wifi, 0ms not connected)
2017-07-08 00:25:01,881 - COSMOS_TRIGGER_PY-Console - DEBUG - Run cmd: adb logcat -c
2017-07-08 00:25:01,950 - COSMOS_TRIGGER_PY-Console - INFO - clear logcat
2017-07-08 00:25:01,951 - COSMOS_TRIGGER_PY-Console - INFO - tcpdump begins
2017-07-08 00:25:01,969 - COSMOS_TRIGGER_PY-Console - DEBUG - Run cmd: adb shell monkey -p com.gp.geekadoo --ignore-crashes 1
2017-07-08 00:25:02,946 - COSMOS_TRIGGER_PY-Console - DEBUG - Events injected: 1
2017-07-08 00:25:02,947 - COSMOS_TRIGGER_PY-Console - DEBUG - ## Network stats: elapsed time=111ms (0ms mobile, 111ms wifi, 0ms not connected)
2017-07-08 00:25:02,984 - COSMOS_TRIGGER_PY-Console - INFO - Try to dump layout XML of 
2017-07-08 00:25:03,091 - COSMOS_TRIGGER_PY-Console - INFO - Dumping...first_page
2017-07-08 00:25:24,154 - COSMOS_TRIGGER_PY-Console - INFO - <?xml version="1.0" ?><hierarchy>
  <node bounds="[0,0][360,592]" checkable="false" checked="false" class="android.widget.FrameLayout" clickable="false" content-desc="" enabled="true" focusable="false" focused="false" index="0" long-clickable="false" package="com.gp.geekadoo" password="false" scrollable="false" selected="false" text="">
    <node bounds="[0,0][360,592]" checkable="false" checked="false" class="android.widget.LinearLayout" clickable="false" content-desc="" enabled="true" focusable="false" focused="false" index="0" long-clickable="false" package="com.gp.geekadoo" password="false" scrollable="false" selected="false" text="">
      <node bounds="[0,25][360,592]" checkable="false" checked="false" class="android.widget.FrameLayout" clickable="false" content-desc="" enabled="true" focusable="false" focused="false" index="0" long-clickable="false" package="com.gp.geekadoo" password="false" scrollable="false" selected="false" text="">
        <node bounds="[0,25][360,592]" checkable="false" checked="false" class="android.widget.LinearLayout" clickable="false" content-desc="" enabled="true" focusable="false" focused="false" index="0" long-clickable="false" package="com.gp.geekadoo" password="false" scrollable="false" selected="false" text="">
          <node bounds="[73,25][287,57]" checkable="false" checked="false" class="android.widget.LinearLayout" clickable="false" content-desc="" enabled="true" focusable="false" focused="false" index="0" long-clickable="false" package="com.gp.geekadoo" password="false" scrollable="false" selected="false" text="">
            <node bounds="[73,36][287,57]" checkable="false" checked="false" class="android.widget.TextView" clickable="false" content-desc="" enabled="true" focusable="false" focused="false" index="0" long-clickable="false" package="com.gp.geekadoo" password="false" scrollable="false" selected="false" text="Welcome to Yaniv for Android!"/>
          </node>
          <node bounds="[95,57][266,592]" checkable="false" checked="false" class="android.widget.LinearLayout" clickable="false" content-desc="" enabled="true" focusable="false" focused="false" index="1" long-clickable="false" package="com.gp.geekadoo" password="false" scrollable="false" selected="false" text="">
            <node bounds="[95,172][266,223]" checkable="false" checked="false" class="android.widget.Button" clickable="true" content-desc="" enabled="true" focusable="true" focused="false" index="0" long-clickable="false" package="com.gp.geekadoo" password="false" scrollable="false" selected="false" text="Start"/>
            <node bounds="[95,223][266,273]" checkable="false" checked="false" class="android.widget.Button" clickable="true" content-desc="" enabled="false" focusable="true" focused="false" index="1" long-clickable="false" package="com.gp.geekadoo" password="false" scrollable="false" selected="false" text="Resume"/>
            <node bounds="[95,273][266,324]" checkable="false" checked="false" class="android.widget.Button" clickable="true" content-desc="" enabled="true" focusable="true" focused="false" index="2" long-clickable="false" package="com.gp.geekadoo" password="false" scrollable="false" selected="false" text="Tutorial"/>
            <node bounds="[95,324][266,375]" checkable="false" checked="false" class="android.widget.Button" clickable="true" content-desc="" enabled="true" focusable="true" focused="false" index="3" long-clickable="false" package="com.gp.geekadoo" password="false" scrollable="false" selected="false" text="Settings"/>
            <node bounds="[95,375][266,425]" checkable="false" checked="false" class="android.widget.Button" clickable="true" content-desc="" enabled="true" focusable="true" focused="false" index="4" long-clickable="false" package="com.gp.geekadoo" password="false" scrollable="false" selected="false" text="Report an issue"/>
            <node bounds="[95,425][266,476]" checkable="false" checked="false" class="android.widget.Button" clickable="true" content-desc="" enabled="true" focusable="true" focused="false" index="5" long-clickable="false" package="com.gp.geekadoo" password="false" scrollable="false" selected="false" text="Exit"/>
          </node>
        </node>
      </node>
    </node>
  </node>
</hierarchy>
2017-07-08 00:25:25,322 - COSMOS_TRIGGER_PY-Console - ERROR - JsonRPC Error code: -32003, Message: com.github.uiautomatorstub.NotImplementedException: takeScreenshot is not yet implemented in API level 16.
2017-07-08 00:25:25,322 - COSMOS_TRIGGER_PY-Console - DEBUG - Run cmd: adb shell /system/bin/screencap -p /sdcard/screenshot.png
2017-07-08 00:25:27,371 - COSMOS_TRIGGER_PY-Console - DEBUG - Run cmd: adb pull /sdcard/screenshot.png ../output/DroidKungFu3/6b457f50240d4f0b4f75c37a3138b172fe2527ff/first_page.png
2017-07-08 00:25:27,648 - COSMOS_TRIGGER_PY-Console - DEBUG - 4223 KB/s (802056 bytes in 0.185s)
2017-07-08 00:25:27,674 - COSMOS_TRIGGER_PY-Console - DEBUG - Run cmd: adb pull /sdcard/com.gp.geekadoo0708-00-24-54.pcap ../output/DroidKungFu3/6b457f50240d4f0b4f75c37a3138b172fe2527ff/com.gp.geekadoo0708-00-24-54.pcap
2017-07-08 00:25:27,795 - COSMOS_TRIGGER_PY-Console - DEBUG - Run cmd: adb shell rm /sdcard/com.gp.geekadoo0708-00-24-54.pcap
2017-07-08 00:25:42,865 - COSMOS_TRIGGER_PY-Console - WARNING - Timeout!!!
2017-07-08 00:25:42,867 - COSMOS_TRIGGER_PY-Console - DEBUG - Run cmd: adb -s 014E233C1300800B uninstall com.gp.geekadoo
2017-07-08 00:25:44,308 - COSMOS_TRIGGER_PY-Console - DEBUG - Success
2017-07-08 00:25:44,309 - COSMOS_TRIGGER_PY-Console - INFO - End
