2017-07-04 22:26:24,561 - COSMOS_TRIGGER_PY-Console - INFO - apk:C:\Users\majes\Documents\FlowIntent\apks\7768805.html.apk
2017-07-04 22:26:24,562 - COSMOS_TRIGGER_PY-Console - INFO - pkg:com.kuaihuoyun.driver
2017-07-04 22:26:24,562 - COSMOS_TRIGGER_PY-Console - DEBUG - Run cmd: adb shell "su 0 date -s `date +%Y%m%d.%H%M%S`"
2017-07-04 22:26:24,723 - COSMOS_TRIGGER_PY-Console - DEBUG - Wed Jul  5 02:26:06 GMT 2017
2017-07-04 22:26:24,723 - COSMOS_TRIGGER_PY-Console - DEBUG - Run cmd: adb -s 39302E8CEA9B00EC uninstall com.kuaihuoyun.driver
2017-07-04 22:26:25,895 - COSMOS_TRIGGER_PY-Console - DEBUG - Failure
2017-07-04 22:26:25,895 - COSMOS_TRIGGER_PY-Console - DEBUG - Run cmd: adb install C:\Users\majes\Documents\FlowIntent\apks\7768805.html.apk
2017-07-04 22:26:38,388 - COSMOS_TRIGGER_PY-Console - DEBUG - 	pkg: /data/local/tmp/7768805.html.apk
2017-07-04 22:26:38,388 - COSMOS_TRIGGER_PY-Console - DEBUG - Success
2017-07-04 22:26:38,390 - COSMOS_TRIGGER_PY-Console - DEBUG - rm failed for -f, No such file or directory
2017-07-04 22:26:38,390 - COSMOS_TRIGGER_PY-Console - DEBUG - 3290 KB/s (6555563 bytes in 1.945s)
2017-07-04 22:26:38,438 - COSMOS_TRIGGER_PY-Console - INFO - Launchable activity: com.kuaihuoyun.driver.KDLaunch
2017-07-04 22:26:38,438 - COSMOS_TRIGGER_PY-Console - INFO - Start Activity com.kuaihuoyun.driver.KDLaunch
2017-07-04 22:26:38,438 - COSMOS_TRIGGER_PY-Console - DEBUG - Run cmd: adb  shell am start -n com.kuaihuoyun.driver/com.kuaihuoyun.driver.KDLaunch
2017-07-04 22:26:39,276 - COSMOS_TRIGGER_PY-Console - DEBUG - Starting: Intent { cmp=com.kuaihuoyun.driver/.KDLaunch }
2017-07-04 22:26:41,348 - COSMOS_TRIGGER_PY-Console - INFO - Try to dump layout XML of com.kuaihuoyun.driver.KDLaunch
2017-07-04 22:26:42,533 - COSMOS_TRIGGER_PY-Console - INFO - Dumping...com.kuaihuoyun.driver.KDLaunch
2017-07-04 22:26:56,453 - COSMOS_TRIGGER_PY-Console - INFO - <?xml version="1.0" ?>
<hierarchy>
  <node bounds="[25,291][455,547]" checkable="false" checked="false" class="android.widget.FrameLayout" clickable="false" content-desc="" enabled="true" focusable="false" focused="false" index="0" long-clickable="false" package="com.kuaihuoyun.driver" password="false" scrollable="false" selected="false" text="">
    <node bounds="[25,291][455,547]" checkable="false" checked="false" class="android.widget.FrameLayout" clickable="false" content-desc="" enabled="true" focusable="false" focused="false" index="0" long-clickable="false" package="com.kuaihuoyun.driver" password="false" scrollable="false" selected="false" text="">
      <node bounds="[25,291][455,547]" checkable="false" checked="false" class="android.widget.FrameLayout" clickable="false" content-desc="" enabled="true" focusable="false" focused="false" index="0" long-clickable="false" package="com.kuaihuoyun.driver" password="false" scrollable="false" selected="false" text="">
        <node bounds="[25,291][455,547]" checkable="false" checked="false" class="android.widget.LinearLayout" clickable="false" content-desc="" enabled="true" focusable="false" focused="false" index="0" long-clickable="false" package="com.kuaihuoyun.driver" password="false" scrollable="false" selected="false" text="">
          <node bounds="[33,291][447,473]" checkable="false" checked="false" class="android.widget.LinearLayout" clickable="false" content-desc="" enabled="true" focusable="false" focused="false" index="0" long-clickable="false" package="com.kuaihuoyun.driver" password="false" scrollable="false" selected="false" text="">
            <node bounds="[65,323][415,360]" checkable="false" checked="false" class="android.widget.TextView" clickable="false" content-desc="" enabled="true" focusable="false" focused="false" index="0" long-clickable="false" package="com.kuaihuoyun.driver" password="false" scrollable="false" selected="false" text="新版本4.47可更新啦"/>
            <node bounds="[65,380][415,441]" checkable="false" checked="false" class="android.widget.TextView" clickable="false" content-desc="" enabled="true" focusable="false" focused="false" index="1" long-clickable="false" package="com.kuaihuoyun.driver" password="false" scrollable="false" selected="false" text="1、司机端推送机制全面更新；
2、司机认证功能优化；"/>
          </node>
          <node bounds="[25,473][455,474]" checkable="false" checked="false" class="android.view.View" clickable="false" content-desc="" enabled="true" focusable="false" focused="false" index="1" long-clickable="false" package="com.kuaihuoyun.driver" password="false" scrollable="false" selected="false" text=""/>
          <node bounds="[25,474][455,547]" checkable="false" checked="false" class="android.widget.LinearLayout" clickable="false" content-desc="" enabled="true" focusable="false" focused="false" index="2" long-clickable="false" package="com.kuaihuoyun.driver" password="false" scrollable="false" selected="false" text="">
            <node bounds="[25,474][239,547]" checkable="false" checked="false" class="android.widget.Button" clickable="true" content-desc="" enabled="true" focusable="true" focused="false" index="0" long-clickable="false" package="com.kuaihuoyun.driver" password="false" scrollable="false" selected="false" text="取 消"/>
            <node bounds="[239,474][240,547]" checkable="false" checked="false" class="android.view.View" clickable="false" content-desc="" enabled="true" focusable="false" focused="false" index="1" long-clickable="false" package="com.kuaihuoyun.driver" password="false" scrollable="false" selected="false" text=""/>
            <node bounds="[240,474][455,547]" checkable="false" checked="false" class="android.widget.Button" clickable="true" content-desc="" enabled="true" focusable="true" focused="false" index="2" long-clickable="false" package="com.kuaihuoyun.driver" password="false" scrollable="false" selected="false" text="升级"/>
          </node>
        </node>
      </node>
    </node>
  </node>
</hierarchy>

2017-07-04 22:26:56,730 - COSMOS_TRIGGER_PY-Console - ERROR - Error when screenshot: com.kuaihuoyun.driver.KDLaunch, due to com.github.uiautomatorstub.NotImplementedException: takeScreenshot is not yet implemented in API level 16.
2017-07-04 22:26:56,752 - COSMOS_TRIGGER_PY-Console - DEBUG - Run cmd: adb -s 39302E8CEA9B00EC uninstall com.kuaihuoyun.driver
2017-07-04 22:27:00,312 - COSMOS_TRIGGER_PY-Console - DEBUG - Success
