--------- beginning of /dev/log/main
--------- beginning of /dev/log/system
07-07 03:11:35.537  3844  3866 W TaintLog: libcore.os.send(47.91.160.116) received data with tag 0x421 data=[POST /xinyongjiu2015/tangtoys/devices HTTP/1.1..Content-Length: 217..Content-Type: text/plain; chars] 
07-07 03:11:37.654  3844  3872 W TaintLog: libcore.os.write(45) writing with tag 0x400 data[<?xml version='1.0' encoding='utf-8' standalone='yes' ?>.<map>.<string name="cn.jpush.android.APPKEY]
07-07 03:11:37.693  3844  3872 W TaintLog: libcore.os.write(45) writing with tag 0x400 data[<?xml version='1.0' encoding='utf-8' standalone='yes' ?>.<map>.<string name="cn.jpush.android.APPKEY]
07-07 03:11:37.794  3844  3872 W TaintLog: libcore.os.write(45) writing with tag 0x400 data[<?xml version='1.0' encoding='utf-8' standalone='yes' ?>.<map>.<string name="cn.jpush.android.APPKEY]
07-07 03:11:38.451  3844  3872 W TaintLog: libcore.os.write(45) writing with tag 0x400 data[<?xml version='1.0' encoding='utf-8' standalone='yes' ?>.<map>.<string name="registration_id">0802d0]
07-07 03:11:38.498  3844  3872 W TaintLog: libcore.os.write(45) writing with tag 0x400 data[<?xml version='1.0' encoding='utf-8' standalone='yes' ?>.<map>.<string name="registration_id">0802d0]
07-07 03:11:38.990  3844  3872 W TaintLog: libcore.os.write(45) writing with tag 0x400 data[<?xml version='1.0' encoding='utf-8' standalone='yes' ?>.<map>.<string name="registration_id">0802d0]
07-07 03:11:39.060  3844  3872 W TaintLog: libcore.os.write(45) writing with tag 0x400 data[<?xml version='1.0' encoding='utf-8' standalone='yes' ?>.<map>.<string name="registration_id">0802d0]
07-07 03:11:39.802  3844  3872 W TaintLog: libcore.os.write(45) writing with tag 0x400 data[<?xml version='1.0' encoding='utf-8' standalone='yes' ?>.<map>.<string name="registration_id">0802d0]
07-07 03:11:39.841  3844  3872 W TaintLog: libcore.os.write(45) writing with tag 0x400 data[<?xml version='1.0' encoding='utf-8' standalone='yes' ?>.<map>.<string name="registration_id">0802d0]
07-07 03:12:03.068   416  1996 W TaintLog: libcore.os.write(257) writing with tag 0x11 data[.WINDOW MANAGER LAST ANR (dumpsys window lastanr).  <no ANR has occurred since boot>..WINDOW MANAGER]
07-07 03:12:03.091   416  1996 W TaintLog: libcore.os.write(257) writing with tag 0x11 data[alse}:.    mSession=Session{41545680 uid 10033} mClient=android.os.BinderProxy@411a1a88.    mAttrs=W]
07-07 03:12:03.255   416   749 W TaintLog: libcore.os.write(257) writing with tag 0x11 data[.WINDOW MANAGER LAST ANR (dumpsys window lastanr).  <no ANR has occurred since boot>..WINDOW MANAGER]
07-07 03:12:03.271   416   749 W TaintLog: libcore.os.write(257) writing with tag 0x11 data[alse}:.    mSession=Session{41545680 uid 10033} mClient=android.os.BinderProxy@411a1a88.    mAttrs=W]
07-07 03:12:03.466   416  1565 W TaintLog: libcore.os.write(257) writing with tag 0x11 data[.WINDOW MANAGER LAST ANR (dumpsys window lastanr).  <no ANR has occurred since boot>..WINDOW MANAGER]
07-07 03:12:03.498   416  1565 W TaintLog: libcore.os.write(257) writing with tag 0x11 data[alse}:.    mSession=Session{41545680 uid 10033} mClient=android.os.BinderProxy@411a1a88.    mAttrs=W]
07-07 03:12:14.068   416   749 W TaintLog: libcore.os.write(260) writing with tag 0x11 data[WINDOW MANAGER WINDOWS (dumpsys window windows).  Window #8 Window{414ae128 SearchPanel paused=false]
07-07 03:12:14.232   416   749 W TaintLog: libcore.os.write(260) writing with tag 0x11 data[0][0,0] visible=[0,50][0,0].    mSurface=Surface(name=com.lianyun.wenwan/com.lianyun.wenwan.ui.MainA]
07-07 03:12:14.513   416  1566 W TaintLog: libcore.os.write(260) writing with tag 0x11 data[WINDOW MANAGER WINDOWS (dumpsys window windows).  Window #8 Window{414ae128 SearchPanel paused=false]
07-07 03:12:14.693   416  1566 W TaintLog: libcore.os.write(260) writing with tag 0x11 data[0][0,0] visible=[0,50][0,0].    mSurface=Surface(name=com.lianyun.wenwan/com.lianyun.wenwan.ui.MainA]
07-07 03:12:14.857   416  1995 W TaintLog: libcore.os.write(260) writing with tag 0x11 data[WINDOW MANAGER WINDOWS (dumpsys window windows).  Window #8 Window{414ae128 SearchPanel paused=false]
07-07 03:12:14.904   416  1995 W TaintLog: libcore.os.write(260) writing with tag 0x11 data[0][0,0] visible=[0,50][0,0].    mSurface=Surface(name=com.lianyun.wenwan/com.lianyun.wenwan.ui.MainA]
07-07 03:12:15.021   416   738 W TaintLog: libcore.os.write(260) writing with tag 0x11 data[WINDOW MANAGER WINDOWS (dumpsys window windows).  Window #8 Window{414ae128 SearchPanel paused=false]
07-07 03:12:15.091   416   738 W TaintLog: libcore.os.write(260) writing with tag 0x11 data[0][0,0] visible=[0,50][0,0].    mSurface=Surface(name=com.lianyun.wenwan/com.lianyun.wenwan.ui.MainA]
07-07 03:12:15.232   416  1994 W TaintLog: libcore.os.write(260) writing with tag 0x11 data[WINDOW MANAGER WINDOWS (dumpsys window windows).  Window #8 Window{414ae128 SearchPanel paused=false]
07-07 03:12:15.287   416  1994 W TaintLog: libcore.os.write(260) writing with tag 0x11 data[0][0,0] visible=[0,50][0,0].    mSurface=Surface(name=com.lianyun.wenwan/com.lianyun.wenwan.ui.MainA]
07-07 03:12:15.404   416   745 W TaintLog: libcore.os.write(260) writing with tag 0x11 data[WINDOW MANAGER WINDOWS (dumpsys window windows).  Window #8 Window{414ae128 SearchPanel paused=false]
07-07 03:12:15.466   416   745 W TaintLog: libcore.os.write(260) writing with tag 0x11 data[0][0,0] visible=[0,50][0,0].    mSurface=Surface(name=com.lianyun.wenwan/com.lianyun.wenwan.ui.MainA]
07-07 03:12:15.576   416   637 W TaintLog: libcore.os.write(260) writing with tag 0x11 data[WINDOW MANAGER WINDOWS (dumpsys window windows).  Window #8 Window{414ae128 SearchPanel paused=false]
07-07 03:12:15.677   416   637 W TaintLog: libcore.os.write(260) writing with tag 0x11 data[0][0,0] visible=[0,50][0,0].    mSurface=Surface(name=com.lianyun.wenwan/com.lianyun.wenwan.ui.MainA]
07-07 03:12:15.787   416   748 W TaintLog: libcore.os.write(260) writing with tag 0x11 data[WINDOW MANAGER WINDOWS (dumpsys window windows).  Window #8 Window{414ae128 SearchPanel paused=false]
07-07 03:12:15.826   416   748 W TaintLog: libcore.os.write(260) writing with tag 0x11 data[0][0,0] visible=[0,50][0,0].    mSurface=Surface(name=com.lianyun.wenwan/com.lianyun.wenwan.ui.MainA]
07-07 03:12:15.919   416   738 W TaintLog: libcore.os.write(260) writing with tag 0x11 data[WINDOW MANAGER WINDOWS (dumpsys window windows).  Window #8 Window{414ae128 SearchPanel paused=false]
07-07 03:12:15.958   416   738 W TaintLog: libcore.os.write(260) writing with tag 0x11 data[0][0,0] visible=[0,50][0,0].    mSurface=Surface(name=com.lianyun.wenwan/com.lianyun.wenwan.ui.MainA]
07-07 03:12:16.083   416  1994 W TaintLog: libcore.os.write(260) writing with tag 0x11 data[WINDOW MANAGER WINDOWS (dumpsys window windows).  Window #8 Window{414ae128 SearchPanel paused=false]
07-07 03:12:16.146   416  1994 W TaintLog: libcore.os.write(260) writing with tag 0x11 data[0][0,0] visible=[0,50][0,0].    mSurface=Surface(name=com.lianyun.wenwan/com.lianyun.wenwan.ui.MainA]
07-07 03:12:16.240   416   745 W TaintLog: libcore.os.write(260) writing with tag 0x11 data[WINDOW MANAGER WINDOWS (dumpsys window windows).  Window #8 Window{414ae128 SearchPanel paused=false]
07-07 03:12:16.279   416   745 W TaintLog: libcore.os.write(260) writing with tag 0x11 data[0][0,0] visible=[0,50][0,0].    mSurface=Surface(name=com.lianyun.wenwan/com.lianyun.wenwan.ui.MainA]
07-07 03:12:16.427   416   651 W TaintLog: libcore.os.write(260) writing with tag 0x11 data[WINDOW MANAGER WINDOWS (dumpsys window windows).  Window #8 Window{414ae128 SearchPanel paused=false]
07-07 03:12:16.466   416   651 W TaintLog: libcore.os.write(260) writing with tag 0x11 data[0][0,0] visible=[0,50][0,0].    mSurface=Surface(name=com.lianyun.wenwan/com.lianyun.wenwan.ui.MainA]
07-07 03:12:16.599   416   652 W TaintLog: libcore.os.write(260) writing with tag 0x11 data[WINDOW MANAGER WINDOWS (dumpsys window windows).  Window #8 Window{414ae128 SearchPanel paused=false]
07-07 03:12:16.654   416   652 W TaintLog: libcore.os.write(260) writing with tag 0x11 data[0][0,0] visible=[0,50][0,0].    mSurface=Surface(name=com.lianyun.wenwan/com.lianyun.wenwan.ui.MainA]
07-07 03:12:16.763   416  1567 W TaintLog: libcore.os.write(260) writing with tag 0x11 data[WINDOW MANAGER WINDOWS (dumpsys window windows).  Window #8 Window{414ae128 SearchPanel paused=false]
07-07 03:12:16.802   416  1567 W TaintLog: libcore.os.write(260) writing with tag 0x11 data[0][0,0] visible=[0,50][0,0].    mSurface=Surface(name=com.lianyun.wenwan/com.lianyun.wenwan.ui.MainA]
07-07 03:12:16.912   416   416 W TaintLog: libcore.os.write(260) writing with tag 0x11 data[WINDOW MANAGER WINDOWS (dumpsys window windows).  Window #8 Window{414ae128 SearchPanel paused=false]
07-07 03:12:16.958   416   416 W TaintLog: libcore.os.write(260) writing with tag 0x11 data[0][0,0] visible=[0,50][0,0].    mSurface=Surface(name=com.lianyun.wenwan/com.lianyun.wenwan.ui.MainA]
07-07 03:12:17.052   416   427 W TaintLog: libcore.os.write(260) writing with tag 0x11 data[WINDOW MANAGER WINDOWS (dumpsys window windows).  Window #8 Window{414ae128 SearchPanel paused=false]
07-07 03:12:17.146   416   427 W TaintLog: libcore.os.write(260) writing with tag 0x11 data[0][0,0] visible=[0,50][0,0].    mSurface=Surface(name=com.lianyun.wenwan/com.lianyun.wenwan.ui.MainA]
07-07 03:12:17.248   416  1565 W TaintLog: libcore.os.write(260) writing with tag 0x11 data[WINDOW MANAGER WINDOWS (dumpsys window windows).  Window #8 Window{414ae128 SearchPanel paused=false]
07-07 03:12:17.302   416  1565 W TaintLog: libcore.os.write(260) writing with tag 0x11 data[0][0,0] visible=[0,50][0,0].    mSurface=Surface(name=com.lianyun.wenwan/com.lianyun.wenwan.ui.MainA]
07-07 03:12:17.404   416   737 W TaintLog: libcore.os.write(260) writing with tag 0x11 data[WINDOW MANAGER WINDOWS (dumpsys window windows).  Window #8 Window{414ae128 SearchPanel paused=false]
07-07 03:12:17.443   416   737 W TaintLog: libcore.os.write(260) writing with tag 0x11 data[0][0,0] visible=[0,50][0,0].    mSurface=Surface(name=com.lianyun.wenwan/com.lianyun.wenwan.ui.MainA]
07-07 03:12:17.537   416   749 W TaintLog: libcore.os.write(260) writing with tag 0x11 data[WINDOW MANAGER WINDOWS (dumpsys window windows).  Window #8 Window{414ae128 SearchPanel paused=false]
07-07 03:12:17.583   416   749 W TaintLog: libcore.os.write(260) writing with tag 0x11 data[0][0,0] visible=[0,50][0,0].    mSurface=Surface(name=com.lianyun.wenwan/com.lianyun.wenwan.ui.MainA]
07-07 03:12:17.685   416  1566 W TaintLog: libcore.os.write(260) writing with tag 0x11 data[WINDOW MANAGER WINDOWS (dumpsys window windows).  Window #8 Window{414ae128 SearchPanel paused=false]
07-07 03:12:17.732   416  1566 W TaintLog: libcore.os.write(260) writing with tag 0x11 data[0][0,0] visible=[0,50][0,0].    mSurface=Surface(name=com.lianyun.wenwan/com.lianyun.wenwan.ui.MainA]
07-07 03:12:17.888   416  1995 W TaintLog: libcore.os.write(260) writing with tag 0x11 data[WINDOW MANAGER WINDOWS (dumpsys window windows).  Window #8 Window{414ae128 SearchPanel paused=false]
07-07 03:12:17.935   416  1995 W TaintLog: libcore.os.write(260) writing with tag 0x11 data[0][0,0] visible=[0,50][0,0].    mSurface=Surface(name=com.lianyun.wenwan/com.lianyun.wenwan.ui.MainA]
07-07 03:12:18.060   416   637 W TaintLog: libcore.os.write(260) writing with tag 0x11 data[WINDOW MANAGER WINDOWS (dumpsys window windows).  Window #8 Window{414ae128 SearchPanel paused=false]
07-07 03:12:18.123   416   637 W TaintLog: libcore.os.write(260) writing with tag 0x11 data[0][0,0] visible=[0,50][0,0].    mSurface=Surface(name=com.lianyun.wenwan/com.lianyun.wenwan.ui.MainA]
07-07 03:12:18.224   416   748 W TaintLog: libcore.os.write(260) writing with tag 0x11 data[WINDOW MANAGER WINDOWS (dumpsys window windows).  Window #8 Window{414ae128 SearchPanel paused=false]
07-07 03:12:18.271   416   748 W TaintLog: libcore.os.write(260) writing with tag 0x11 data[0][0,0] visible=[0,50][0,0].    mSurface=Surface(name=com.lianyun.wenwan/com.lianyun.wenwan.ui.MainA]
07-07 03:12:18.396   416   738 W TaintLog: libcore.os.write(260) writing with tag 0x11 data[WINDOW MANAGER WINDOWS (dumpsys window windows).  Window #8 Window{414ae128 SearchPanel paused=false]
07-07 03:12:18.435   416   738 W TaintLog: libcore.os.write(260) writing with tag 0x11 data[0][0,0] visible=[0,50][0,0].    mSurface=Surface(name=com.lianyun.wenwan/com.lianyun.wenwan.ui.MainA]
07-07 03:12:18.552   416  1994 W TaintLog: libcore.os.write(260) writing with tag 0x11 data[WINDOW MANAGER WINDOWS (dumpsys window windows).  Window #8 Window{414ae128 SearchPanel paused=false]
07-07 03:12:18.630   416  1994 W TaintLog: libcore.os.write(260) writing with tag 0x11 data[0][0,0] visible=[0,50][0,0].    mSurface=Surface(name=com.lianyun.wenwan/com.lianyun.wenwan.ui.MainA]
07-07 03:12:18.748   416   745 W TaintLog: libcore.os.write(260) writing with tag 0x11 data[WINDOW MANAGER WINDOWS (dumpsys window windows).  Window #8 Window{414ae128 SearchPanel paused=false]
07-07 03:12:18.787   416   745 W TaintLog: libcore.os.write(260) writing with tag 0x11 data[0][0,0] visible=[0,50][0,0].    mSurface=Surface(name=com.lianyun.wenwan/com.lianyun.wenwan.ui.MainA]
07-07 03:12:18.912   416   651 W TaintLog: libcore.os.write(260) writing with tag 0x11 data[WINDOW MANAGER WINDOWS (dumpsys window windows).  Window #8 Window{414ae128 SearchPanel paused=false]
07-07 03:12:18.974   416   651 W TaintLog: libcore.os.write(260) writing with tag 0x11 data[0][0,0] visible=[0,50][0,0].    mSurface=Surface(name=com.lianyun.wenwan/com.lianyun.wenwan.ui.MainA]
07-07 03:12:19.068   416   652 W TaintLog: libcore.os.write(260) writing with tag 0x11 data[WINDOW MANAGER WINDOWS (dumpsys window windows).  Window #8 Window{414ae128 SearchPanel paused=false]
07-07 03:12:19.123   416   652 W TaintLog: libcore.os.write(260) writing with tag 0x11 data[0][0,0] visible=[0,50][0,0].    mSurface=Surface(name=com.lianyun.wenwan/com.lianyun.wenwan.ui.MainA]
07-07 03:12:19.240   416   428 W TaintLog: libcore.os.write(260) writing with tag 0x11 data[WINDOW MANAGER WINDOWS (dumpsys window windows).  Window #8 Window{414ae128 SearchPanel paused=false]
07-07 03:12:19.302   416   428 W TaintLog: libcore.os.write(260) writing with tag 0x11 data[0][0,0] visible=[0,50][0,0].    mSurface=Surface(name=com.lianyun.wenwan/com.lianyun.wenwan.ui.MainA]
07-07 03:12:19.466   416  1996 W TaintLog: libcore.os.write(260) writing with tag 0x11 data[WINDOW MANAGER WINDOWS (dumpsys window windows).  Window #8 Window{414ae128 SearchPanel paused=false]
07-07 03:12:19.513   416  1996 W TaintLog: libcore.os.write(260) writing with tag 0x11 data[0][0,0] visible=[0,50][0,0].    mSurface=Surface(name=com.lianyun.wenwan/com.lianyun.wenwan.ui.MainA]
07-07 03:12:19.638   416   416 W TaintLog: libcore.os.write(260) writing with tag 0x11 data[WINDOW MANAGER WINDOWS (dumpsys window windows).  Window #8 Window{414ae128 SearchPanel paused=false]
07-07 03:12:19.701   416   416 W TaintLog: libcore.os.write(260) writing with tag 0x11 data[0][0,0] visible=[0,50][0,0].    mSurface=Surface(name=com.lianyun.wenwan/com.lianyun.wenwan.ui.MainA]
07-07 03:12:19.794   416   427 W TaintLog: libcore.os.write(260) writing with tag 0x11 data[WINDOW MANAGER WINDOWS (dumpsys window windows).  Window #8 Window{414ae128 SearchPanel paused=false]
07-07 03:12:19.833   416   427 W TaintLog: libcore.os.write(260) writing with tag 0x11 data[0][0,0] visible=[0,50][0,0].    mSurface=Surface(name=com.lianyun.wenwan/com.lianyun.wenwan.ui.MainA]
07-07 03:12:19.935   416  1565 W TaintLog: libcore.os.write(260) writing with tag 0x11 data[WINDOW MANAGER WINDOWS (dumpsys window windows).  Window #8 Window{414ae128 SearchPanel paused=false]
07-07 03:12:19.974   416  1565 W TaintLog: libcore.os.write(260) writing with tag 0x11 data[0][0,0] visible=[0,50][0,0].    mSurface=Surface(name=com.lianyun.wenwan/com.lianyun.wenwan.ui.MainA]
07-07 03:12:20.060   416   737 W TaintLog: libcore.os.write(260) writing with tag 0x11 data[WINDOW MANAGER WINDOWS (dumpsys window windows).  Window #8 Window{414ae128 SearchPanel paused=false]
07-07 03:12:20.115   416   737 W TaintLog: libcore.os.write(260) writing with tag 0x11 data[0][0,0] visible=[0,50][0,0].    mSurface=Surface(name=com.lianyun.wenwan/com.lianyun.wenwan.ui.MainA]
07-07 03:12:20.232   416  1567 W TaintLog: libcore.os.write(260) writing with tag 0x11 data[WINDOW MANAGER WINDOWS (dumpsys window windows).  Window #8 Window{414ae128 SearchPanel paused=false]
07-07 03:12:20.271   416  1567 W TaintLog: libcore.os.write(260) writing with tag 0x11 data[0][0,0] visible=[0,50][0,0].    mSurface=Surface(name=com.lianyun.wenwan/com.lianyun.wenwan.ui.MainA]
07-07 03:12:20.357   416  1566 W TaintLog: libcore.os.write(260) writing with tag 0x11 data[WINDOW MANAGER WINDOWS (dumpsys window windows).  Window #8 Window{414ae128 SearchPanel paused=false]
07-07 03:12:20.404   416  1566 W TaintLog: libcore.os.write(260) writing with tag 0x11 data[0][0,0] visible=[0,50][0,0].    mSurface=Surface(name=com.lianyun.wenwan/com.lianyun.wenwan.ui.MainA]
07-07 03:12:20.498   416  1995 W TaintLog: libcore.os.write(260) writing with tag 0x11 data[WINDOW MANAGER WINDOWS (dumpsys window windows).  Window #8 Window{414ae128 SearchPanel paused=false]
07-07 03:12:20.544   416  1995 W TaintLog: libcore.os.write(260) writing with tag 0x11 data[0][0,0] visible=[0,50][0,0].    mSurface=Surface(name=com.lianyun.wenwan/com.lianyun.wenwan.ui.MainA]
07-07 03:12:20.630   416   637 W TaintLog: libcore.os.write(260) writing with tag 0x11 data[WINDOW MANAGER WINDOWS (dumpsys window windows).  Window #8 Window{414ae128 SearchPanel paused=false]
07-07 03:12:20.677   416   637 W TaintLog: libcore.os.write(260) writing with tag 0x11 data[0][0,0] visible=[0,50][0,0].    mSurface=Surface(name=com.lianyun.wenwan/com.lianyun.wenwan.ui.MainA]
07-07 03:12:20.802   416   748 W TaintLog: libcore.os.write(260) writing with tag 0x11 data[WINDOW MANAGER WINDOWS (dumpsys window windows).  Window #8 Window{414ae128 SearchPanel paused=false]
07-07 03:12:20.880   416   748 W TaintLog: libcore.os.write(260) writing with tag 0x11 data[0][0,0] visible=[0,50][0,0].    mSurface=Surface(name=com.lianyun.wenwan/com.lianyun.wenwan.ui.MainA]
07-07 03:12:21.013   416   738 W TaintLog: libcore.os.write(260) writing with tag 0x11 data[WINDOW MANAGER WINDOWS (dumpsys window windows).  Window #8 Window{414ae128 SearchPanel paused=false]
07-07 03:12:21.068   416   738 W TaintLog: libcore.os.write(260) writing with tag 0x11 data[0][0,0] visible=[0,50][0,0].    mSurface=Surface(name=com.lianyun.wenwan/com.lianyun.wenwan.ui.MainA]
07-07 03:12:21.208   416   745 W TaintLog: libcore.os.write(260) writing with tag 0x11 data[WINDOW MANAGER WINDOWS (dumpsys window windows).  Window #8 Window{414ae128 SearchPanel paused=false]
07-07 03:12:21.271   416   745 W TaintLog: libcore.os.write(260) writing with tag 0x11 data[0][0,0] visible=[0,50][0,0].    mSurface=Surface(name=com.lianyun.wenwan/com.lianyun.wenwan.ui.MainA]
07-07 03:12:21.380   416   651 W TaintLog: libcore.os.write(260) writing with tag 0x11 data[WINDOW MANAGER WINDOWS (dumpsys window windows).  Window #8 Window{414ae128 SearchPanel paused=false]
07-07 03:12:21.427   416   651 W TaintLog: libcore.os.write(260) writing with tag 0x11 data[0][0,0] visible=[0,50][0,0].    mSurface=Surface(name=com.lianyun.wenwan/com.lianyun.wenwan.ui.MainA]
07-07 03:12:21.544   416   652 W TaintLog: libcore.os.write(260) writing with tag 0x11 data[WINDOW MANAGER WINDOWS (dumpsys window windows).  Window #8 Window{414ae128 SearchPanel paused=false]
07-07 03:12:21.638   416   652 W TaintLog: libcore.os.write(260) writing with tag 0x11 data[0][0,0] visible=[0,50][0,0].    mSurface=Surface(name=com.lianyun.wenwan/com.lianyun.wenwan.ui.MainA]
07-07 03:12:21.779   416   428 W TaintLog: libcore.os.write(260) writing with tag 0x11 data[WINDOW MANAGER WINDOWS (dumpsys window windows).  Window #8 Window{414ae128 SearchPanel paused=false]
07-07 03:12:21.833   416   428 W TaintLog: libcore.os.write(260) writing with tag 0x11 data[0][0,0] visible=[0,50][0,0].    mSurface=Surface(name=com.lianyun.wenwan/com.lianyun.wenwan.ui.MainA]
07-07 03:12:21.966   416  1565 W TaintLog: libcore.os.write(260) writing with tag 0x11 data[WINDOW MANAGER WINDOWS (dumpsys window windows).  Window #8 Window{414ae128 SearchPanel paused=false]
07-07 03:12:22.037   416  1565 W TaintLog: libcore.os.write(260) writing with tag 0x11 data[0][0,0] visible=[0,50][0,0].    mSurface=Surface(name=com.lianyun.wenwan/com.lianyun.wenwan.ui.MainA]
07-07 03:12:22.169   416   416 W TaintLog: libcore.os.write(260) writing with tag 0x11 data[WINDOW MANAGER WINDOWS (dumpsys window windows).  Window #8 Window{414ae128 SearchPanel paused=false]
07-07 03:12:22.240   416   416 W TaintLog: libcore.os.write(260) writing with tag 0x11 data[0][0,0] visible=[0,50][0,0].    mSurface=Surface(name=com.lianyun.wenwan/com.lianyun.wenwan.ui.MainA]
07-07 03:12:22.373   416   427 W TaintLog: libcore.os.write(260) writing with tag 0x11 data[WINDOW MANAGER WINDOWS (dumpsys window windows).  Window #8 Window{414ae128 SearchPanel paused=false]
07-07 03:12:22.435   416   427 W TaintLog: libcore.os.write(260) writing with tag 0x11 data[0][0,0] visible=[0,50][0,0].    mSurface=Surface(name=com.lianyun.wenwan/com.lianyun.wenwan.ui.MainA]
07-07 03:12:22.583   416  1995 W TaintLog: libcore.os.write(260) writing with tag 0x11 data[WINDOW MANAGER WINDOWS (dumpsys window windows).  Window #8 Window{414ae128 SearchPanel paused=false]
07-07 03:12:22.716   416  1995 W TaintLog: libcore.os.write(260) writing with tag 0x11 data[0][0,0] visible=[0,50][0,0].    mSurface=Surface(name=com.lianyun.wenwan/com.lianyun.wenwan.ui.MainA]
07-07 03:12:22.849   416   637 W TaintLog: libcore.os.write(260) writing with tag 0x11 data[WINDOW MANAGER WINDOWS (dumpsys window windows).  Window #8 Window{414ae128 SearchPanel paused=false]
07-07 03:12:22.966   416   637 W TaintLog: libcore.os.write(260) writing with tag 0x11 data[0][0,0] visible=[0,50][0,0].    mSurface=Surface(name=com.lianyun.wenwan/com.lianyun.wenwan.ui.MainA]
07-07 03:12:23.248   416   748 W TaintLog: libcore.os.write(260) writing with tag 0x11 data[WINDOW MANAGER WINDOWS (dumpsys window windows).  Window #8 Window{414ae128 SearchPanel paused=false]
07-07 03:12:23.388   416   748 W TaintLog: libcore.os.write(260) writing with tag 0x11 data[0][0,0] visible=[0,50][0,0].    mSurface=Surface(name=com.lianyun.wenwan/com.lianyun.wenwan.ui.MainA]
07-07 03:12:23.638   416   737 W TaintLog: libcore.os.write(260) writing with tag 0x11 data[WINDOW MANAGER WINDOWS (dumpsys window windows).  Window #8 Window{414ae128 SearchPanel paused=false]
07-07 03:12:23.787   416   737 W TaintLog: libcore.os.write(260) writing with tag 0x11 data[0][0,0] visible=[0,50][0,0].    mSurface=Surface(name=com.lianyun.wenwan/com.lianyun.wenwan.ui.MainA]
07-07 03:12:24.037   416  1994 W TaintLog: libcore.os.write(260) writing with tag 0x11 data[WINDOW MANAGER WINDOWS (dumpsys window windows).  Window #8 Window{414ae128 SearchPanel paused=false]
07-07 03:12:24.380   416  1994 W TaintLog: libcore.os.write(260) writing with tag 0x11 data[0][0,0] visible=[0,50][0,0].    mSurface=Surface(name=com.lianyun.wenwan/com.lianyun.wenwan.ui.MainA]
07-07 03:12:24.669   416   745 W TaintLog: libcore.os.write(260) writing with tag 0x11 data[WINDOW MANAGER WINDOWS (dumpsys window windows).  Window #8 Window{414ae128 SearchPanel paused=false]
07-07 03:12:24.833   416   745 W TaintLog: libcore.os.write(260) writing with tag 0x11 data[0][0,0] visible=[0,50][0,0].    mSurface=Surface(name=com.lianyun.wenwan/com.lianyun.wenwan.ui.MainA]
07-07 03:12:24.998   416   738 W TaintLog: libcore.os.write(260) writing with tag 0x11 data[WINDOW MANAGER WINDOWS (dumpsys window windows).  Window #8 Window{414ae128 SearchPanel paused=false]
07-07 03:12:25.044   416   738 W TaintLog: libcore.os.write(260) writing with tag 0x11 data[0][0,0] visible=[0,50][0,0].    mSurface=Surface(name=com.lianyun.wenwan/com.lianyun.wenwan.ui.MainA]
07-07 03:12:25.146   416  1994 W TaintLog: libcore.os.write(260) writing with tag 0x11 data[WINDOW MANAGER WINDOWS (dumpsys window windows).  Window #8 Window{414ae128 SearchPanel paused=false]
07-07 03:12:25.177   416  1994 W TaintLog: libcore.os.write(260) writing with tag 0x11 data[0][0,0] visible=[0,50][0,0].    mSurface=Surface(name=com.lianyun.wenwan/com.lianyun.wenwan.ui.MainA]
07-07 03:12:25.287   416   651 W TaintLog: libcore.os.write(260) writing with tag 0x11 data[WINDOW MANAGER WINDOWS (dumpsys window windows).  Window #8 Window{414ae128 SearchPanel paused=false]
07-07 03:12:25.349   416   651 W TaintLog: libcore.os.write(260) writing with tag 0x11 data[0][0,0] visible=[0,50][0,0].    mSurface=Surface(name=com.lianyun.wenwan/com.lianyun.wenwan.ui.MainA]
07-07 03:12:25.505   416  1566 W TaintLog: libcore.os.write(260) writing with tag 0x11 data[WINDOW MANAGER WINDOWS (dumpsys window windows).  Window #8 Window{414ae128 SearchPanel paused=false]
07-07 03:12:25.560   416  1566 W TaintLog: libcore.os.write(260) writing with tag 0x11 data[0][0,0] visible=[0,50][0,0].    mSurface=Surface(name=com.lianyun.wenwan/com.lianyun.wenwan.ui.MainA]
07-07 03:12:25.685   416   652 W TaintLog: libcore.os.write(260) writing with tag 0x11 data[WINDOW MANAGER WINDOWS (dumpsys window windows).  Window #8 Window{414ae128 SearchPanel paused=false]
07-07 03:12:25.748   416   652 W TaintLog: libcore.os.write(260) writing with tag 0x11 data[0][0,0] visible=[0,50][0,0].    mSurface=Surface(name=com.lianyun.wenwan/com.lianyun.wenwan.ui.MainA]
07-07 03:12:25.857   416   428 W TaintLog: libcore.os.write(260) writing with tag 0x11 data[WINDOW MANAGER WINDOWS (dumpsys window windows).  Window #8 Window{414ae128 SearchPanel paused=false]
07-07 03:12:25.896   416   428 W TaintLog: libcore.os.write(260) writing with tag 0x11 data[0][0,0] visible=[0,50][0,0].    mSurface=Surface(name=com.lianyun.wenwan/com.lianyun.wenwan.ui.MainA]
07-07 03:12:25.990   416  1565 W TaintLog: libcore.os.write(260) writing with tag 0x11 data[WINDOW MANAGER WINDOWS (dumpsys window windows).  Window #8 Window{414ae128 SearchPanel paused=false]
07-07 03:12:26.037   416  1565 W TaintLog: libcore.os.write(260) writing with tag 0x11 data[0][0,0] visible=[0,50][0,0].    mSurface=Surface(name=com.lianyun.wenwan/com.lianyun.wenwan.ui.MainA]
07-07 03:12:26.177   416  1996 W TaintLog: libcore.os.write(260) writing with tag 0x11 data[WINDOW MANAGER WINDOWS (dumpsys window windows).  Window #8 Window{414ae128 SearchPanel paused=false]
07-07 03:12:26.271   416  1996 W TaintLog: libcore.os.write(260) writing with tag 0x11 data[0][0,0] visible=[0,50][0,0].    mSurface=Surface(name=com.lianyun.wenwan/com.lianyun.wenwan.ui.MainA]
07-07 03:12:26.357   416   416 W TaintLog: libcore.os.write(260) writing with tag 0x11 data[WINDOW MANAGER WINDOWS (dumpsys window windows).  Window #8 Window{414ae128 SearchPanel paused=false]
07-07 03:12:26.396   416   416 W TaintLog: libcore.os.write(260) writing with tag 0x11 data[0][0,0] visible=[0,50][0,0].    mSurface=Surface(name=com.lianyun.wenwan/com.lianyun.wenwan.ui.MainA]
07-07 03:12:26.505   416   427 W TaintLog: libcore.os.write(260) writing with tag 0x11 data[WINDOW MANAGER WINDOWS (dumpsys window windows).  Window #8 Window{414ae128 SearchPanel paused=false]
07-07 03:12:26.560   416   427 W TaintLog: libcore.os.write(260) writing with tag 0x11 data[0][0,0] visible=[0,50][0,0].    mSurface=Surface(name=com.lianyun.wenwan/com.lianyun.wenwan.ui.MainA]
07-07 03:12:26.638   416   749 W TaintLog: libcore.os.write(260) writing with tag 0x11 data[WINDOW MANAGER WINDOWS (dumpsys window windows).  Window #8 Window{414ae128 SearchPanel paused=false]
07-07 03:12:26.669   416   749 W TaintLog: libcore.os.write(260) writing with tag 0x11 data[0][0,0] visible=[0,50][0,0].    mSurface=Surface(name=com.lianyun.wenwan/com.lianyun.wenwan.ui.MainA]
07-07 03:12:26.779   416  1995 W TaintLog: libcore.os.write(260) writing with tag 0x11 data[WINDOW MANAGER WINDOWS (dumpsys window windows).  Window #8 Window{414ae128 SearchPanel paused=false]
07-07 03:12:26.818   416  1995 W TaintLog: libcore.os.write(260) writing with tag 0x11 data[0][0,0] visible=[0,50][0,0].    mSurface=Surface(name=com.lianyun.wenwan/com.lianyun.wenwan.ui.MainA]
07-07 03:12:26.966   416   637 W TaintLog: libcore.os.write(260) writing with tag 0x11 data[WINDOW MANAGER WINDOWS (dumpsys window windows).  Window #8 Window{414ae128 SearchPanel paused=false]
07-07 03:12:27.013   416   637 W TaintLog: libcore.os.write(260) writing with tag 0x11 data[0][0,0] visible=[0,50][0,0].    mSurface=Surface(name=com.lianyun.wenwan/com.lianyun.wenwan.ui.MainA]
07-07 03:12:27.123   416   748 W TaintLog: libcore.os.write(260) writing with tag 0x11 data[WINDOW MANAGER WINDOWS (dumpsys window windows).  Window #8 Window{414ae128 SearchPanel paused=false]
07-07 03:12:27.177   416   748 W TaintLog: libcore.os.write(260) writing with tag 0x11 data[0][0,0] visible=[0,50][0,0].    mSurface=Surface(name=com.lianyun.wenwan/com.lianyun.wenwan.ui.MainA]
07-07 03:12:27.263   416   745 W TaintLog: libcore.os.write(260) writing with tag 0x11 data[WINDOW MANAGER WINDOWS (dumpsys window windows).  Window #8 Window{414ae128 SearchPanel paused=false]
07-07 03:12:27.333   416   745 W TaintLog: libcore.os.write(260) writing with tag 0x11 data[0][0,0] visible=[0,50][0,0].    mSurface=Surface(name=com.lianyun.wenwan/com.lianyun.wenwan.ui.MainA]
07-07 03:12:27.427   416   738 W TaintLog: libcore.os.write(260) writing with tag 0x11 data[WINDOW MANAGER WINDOWS (dumpsys window windows).  Window #8 Window{414ae128 SearchPanel paused=false]
07-07 03:12:27.482   416   738 W TaintLog: libcore.os.write(260) writing with tag 0x11 data[0][0,0] visible=[0,50][0,0].    mSurface=Surface(name=com.lianyun.wenwan/com.lianyun.wenwan.ui.MainA]
07-07 03:12:27.599   416  1567 W TaintLog: libcore.os.write(260) writing with tag 0x11 data[WINDOW MANAGER WINDOWS (dumpsys window windows).  Window #8 Window{414ae128 SearchPanel paused=false]
07-07 03:12:27.724   416  1567 W TaintLog: libcore.os.write(260) writing with tag 0x11 data[0][0,0] visible=[0,50][0,0].    mSurface=Surface(name=com.lianyun.wenwan/com.lianyun.wenwan.ui.MainA]
07-07 03:12:27.818   416  1565 W TaintLog: libcore.os.write(260) writing with tag 0x11 data[WINDOW MANAGER WINDOWS (dumpsys window windows).  Window #8 Window{414ae128 SearchPanel paused=false]
07-07 03:12:27.865   416  1565 W TaintLog: libcore.os.write(260) writing with tag 0x11 data[0][0,0] visible=[0,50][0,0].    mSurface=Surface(name=com.lianyun.wenwan/com.lianyun.wenwan.ui.MainA]
07-07 03:12:27.998   416   749 W TaintLog: libcore.os.write(260) writing with tag 0x11 data[WINDOW MANAGER WINDOWS (dumpsys window windows).  Window #8 Window{414ae128 SearchPanel paused=false]
07-07 03:12:28.044   416   749 W TaintLog: libcore.os.write(260) writing with tag 0x11 data[0][0,0] visible=[0,50][0,0].    mSurface=Surface(name=com.lianyun.wenwan/com.lianyun.wenwan.ui.MainA]
07-07 03:12:28.162   416   637 W TaintLog: libcore.os.write(260) writing with tag 0x11 data[WINDOW MANAGER WINDOWS (dumpsys window windows).  Window #8 Window{414ae128 SearchPanel paused=false]
07-07 03:12:28.232   416   637 W TaintLog: libcore.os.write(260) writing with tag 0x11 data[0][0,0] visible=[0,50][0,0].    mSurface=Surface(name=com.lianyun.wenwan/com.lianyun.wenwan.ui.MainA]
07-07 03:12:28.349   416   652 W TaintLog: libcore.os.write(260) writing with tag 0x11 data[WINDOW MANAGER WINDOWS (dumpsys window windows).  Window #8 Window{414ae128 SearchPanel paused=false]
07-07 03:12:28.396   416   652 W TaintLog: libcore.os.write(260) writing with tag 0x11 data[0][0,0] visible=[0,50][0,0].    mSurface=Surface(name=com.lianyun.wenwan/com.lianyun.wenwan.ui.MainA]
07-07 03:12:28.552   416   651 W TaintLog: libcore.os.write(260) writing with tag 0x11 data[WINDOW MANAGER WINDOWS (dumpsys window windows).  Window #8 Window{414ae128 SearchPanel paused=false]
07-07 03:12:28.630   416   651 W TaintLog: libcore.os.write(260) writing with tag 0x11 data[0][0,0] visible=[0,50][0,0].    mSurface=Surface(name=com.lianyun.wenwan/com.lianyun.wenwan.ui.MainA]
07-07 03:12:28.755   416   428 W TaintLog: libcore.os.write(260) writing with tag 0x11 data[WINDOW MANAGER WINDOWS (dumpsys window windows).  Window #8 Window{414ae128 SearchPanel paused=false]
07-07 03:12:28.802   416   428 W TaintLog: libcore.os.write(260) writing with tag 0x11 data[0][0,0] visible=[0,50][0,0].    mSurface=Surface(name=com.lianyun.wenwan/com.lianyun.wenwan.ui.MainA]
07-07 03:12:28.896   416  1994 W TaintLog: libcore.os.write(260) writing with tag 0x11 data[WINDOW MANAGER WINDOWS (dumpsys window windows).  Window #8 Window{414ae128 SearchPanel paused=false]
07-07 03:12:28.927   416  1994 W TaintLog: libcore.os.write(260) writing with tag 0x11 data[0][0,0] visible=[0,50][0,0].    mSurface=Surface(name=com.lianyun.wenwan/com.lianyun.wenwan.ui.MainA]
07-07 03:12:29.044   416  1996 W TaintLog: libcore.os.write(260) writing with tag 0x11 data[WINDOW MANAGER WINDOWS (dumpsys window windows).  Window #8 Window{414ae128 SearchPanel paused=false]
07-07 03:12:29.107   416  1996 W TaintLog: libcore.os.write(260) writing with tag 0x11 data[0][0,0] visible=[0,50][0,0].    mSurface=Surface(name=com.lianyun.wenwan/com.lianyun.wenwan.ui.MainA]
07-07 03:12:29.208   416   738 W TaintLog: libcore.os.write(260) writing with tag 0x11 data[WINDOW MANAGER WINDOWS (dumpsys window windows).  Window #8 Window{414ae128 SearchPanel paused=false]
07-07 03:12:29.294   416   738 W TaintLog: libcore.os.write(260) writing with tag 0x11 data[0][0,0] visible=[0,50][0,0].    mSurface=Surface(name=com.lianyun.wenwan/com.lianyun.wenwan.ui.MainA]
07-07 03:12:29.427   416  1995 W TaintLog: libcore.os.write(260) writing with tag 0x11 data[WINDOW MANAGER WINDOWS (dumpsys window windows).  Window #8 Window{414ae128 SearchPanel paused=false]
07-07 03:12:29.466   416  1995 W TaintLog: libcore.os.write(260) writing with tag 0x11 data[0][0,0] visible=[0,50][0,0].    mSurface=Surface(name=com.lianyun.wenwan/com.lianyun.wenwan.ui.MainA]
07-07 03:12:29.560   416   416 W TaintLog: libcore.os.write(260) writing with tag 0x11 data[WINDOW MANAGER WINDOWS (dumpsys window windows).  Window #8 Window{414ae128 SearchPanel paused=false]
07-07 03:12:29.599   416   416 W TaintLog: libcore.os.write(260) writing with tag 0x11 data[0][0,0] visible=[0,50][0,0].    mSurface=Surface(name=com.lianyun.wenwan/com.lianyun.wenwan.ui.MainA]
07-07 03:12:29.685   416   737 W TaintLog: libcore.os.write(260) writing with tag 0x11 data[WINDOW MANAGER WINDOWS (dumpsys window windows).  Window #8 Window{414ae128 SearchPanel paused=false]
07-07 03:12:29.724   416   737 W TaintLog: libcore.os.write(260) writing with tag 0x11 data[0][0,0] visible=[0,50][0,0].    mSurface=Surface(name=com.lianyun.wenwan/com.lianyun.wenwan.ui.MainA]
07-07 03:12:29.802   416   748 W TaintLog: libcore.os.write(260) writing with tag 0x11 data[WINDOW MANAGER WINDOWS (dumpsys window windows).  Window #8 Window{414ae128 SearchPanel paused=false]
07-07 03:12:29.833   416   748 W TaintLog: libcore.os.write(260) writing with tag 0x11 data[0][0,0] visible=[0,50][0,0].    mSurface=Surface(name=com.lianyun.wenwan/com.lianyun.wenwan.ui.MainA]
07-07 03:12:29.974   416   745 W TaintLog: libcore.os.write(260) writing with tag 0x11 data[WINDOW MANAGER WINDOWS (dumpsys window windows).  Window #8 Window{414ae128 SearchPanel paused=false]
07-07 03:12:30.029   416   745 W TaintLog: libcore.os.write(260) writing with tag 0x11 data[0][0,0] visible=[0,50][0,0].    mSurface=Surface(name=com.lianyun.wenwan/com.lianyun.wenwan.ui.MainA]
07-07 03:12:30.123   416  1567 W TaintLog: libcore.os.write(260) writing with tag 0x11 data[WINDOW MANAGER WINDOWS (dumpsys window windows).  Window #8 Window{414ae128 SearchPanel paused=false]
07-07 03:12:30.162   416  1567 W TaintLog: libcore.os.write(260) writing with tag 0x11 data[0][0,0] visible=[0,50][0,0].    mSurface=Surface(name=com.lianyun.wenwan/com.lianyun.wenwan.ui.MainA]
07-07 03:12:30.263   416   749 W TaintLog: libcore.os.write(260) writing with tag 0x11 data[WINDOW MANAGER WINDOWS (dumpsys window windows).  Window #8 Window{414ae128 SearchPanel paused=false]
07-07 03:12:30.326   416   749 W TaintLog: libcore.os.write(260) writing with tag 0x11 data[0][0,0] visible=[0,50][0,0].    mSurface=Surface(name=com.lianyun.wenwan/com.lianyun.wenwan.ui.MainA]
07-07 03:12:30.419   416  1566 W TaintLog: libcore.os.write(260) writing with tag 0x11 data[WINDOW MANAGER WINDOWS (dumpsys window windows).  Window #8 Window{414ae128 SearchPanel paused=false]
07-07 03:12:30.490   416  1566 W TaintLog: libcore.os.write(260) writing with tag 0x11 data[0][0,0] visible=[0,50][0,0].    mSurface=Surface(name=com.lianyun.wenwan/com.lianyun.wenwan.ui.MainA]
07-07 03:12:30.607   416   637 W TaintLog: libcore.os.write(260) writing with tag 0x11 data[WINDOW MANAGER WINDOWS (dumpsys window windows).  Window #8 Window{414ae128 SearchPanel paused=false]
07-07 03:12:30.701   416   637 W TaintLog: libcore.os.write(260) writing with tag 0x11 data[0][0,0] visible=[0,50][0,0].    mSurface=Surface(name=com.lianyun.wenwan/com.lianyun.wenwan.ui.MainA]
07-07 03:12:30.794   416   749 W TaintLog: libcore.os.write(260) writing with tag 0x11 data[WINDOW MANAGER WINDOWS (dumpsys window windows).  Window #8 Window{414ae128 SearchPanel paused=false]
07-07 03:12:30.833   416   749 W TaintLog: libcore.os.write(260) writing with tag 0x11 data[0][0,0] visible=[0,50][0,0].    mSurface=Surface(name=com.lianyun.wenwan/com.lianyun.wenwan.ui.MainA]
07-07 03:12:30.919   416  1566 W TaintLog: libcore.os.write(260) writing with tag 0x11 data[WINDOW MANAGER WINDOWS (dumpsys window windows).  Window #8 Window{414ae128 SearchPanel paused=false]
07-07 03:12:30.958   416  1566 W TaintLog: libcore.os.write(260) writing with tag 0x11 data[0][0,0] visible=[0,50][0,0].    mSurface=Surface(name=com.lianyun.wenwan/com.lianyun.wenwan.ui.MainA]
07-07 03:12:31.052   416   652 W TaintLog: libcore.os.write(260) writing with tag 0x11 data[WINDOW MANAGER WINDOWS (dumpsys window windows).  Window #8 Window{414ae128 SearchPanel paused=false]
07-07 03:12:31.099   416   652 W TaintLog: libcore.os.write(260) writing with tag 0x11 data[0][0,0] visible=[0,50][0,0].    mSurface=Surface(name=com.lianyun.wenwan/com.lianyun.wenwan.ui.MainA]
07-07 03:12:31.208   416   651 W TaintLog: libcore.os.write(260) writing with tag 0x11 data[WINDOW MANAGER WINDOWS (dumpsys window windows).  Window #8 Window{414ae128 SearchPanel paused=false]
07-07 03:12:31.255   416   651 W TaintLog: libcore.os.write(260) writing with tag 0x11 data[0][0,0] visible=[0,50][0,0].    mSurface=Surface(name=com.lianyun.wenwan/com.lianyun.wenwan.ui.MainA]
07-07 03:12:31.380   416   428 W TaintLog: libcore.os.write(260) writing with tag 0x11 data[WINDOW MANAGER WINDOWS (dumpsys window windows).  Window #8 Window{414ae128 SearchPanel paused=false]
07-07 03:12:31.435   416   428 W TaintLog: libcore.os.write(260) writing with tag 0x11 data[0][0,0] visible=[0,50][0,0].    mSurface=Surface(name=com.lianyun.wenwan/com.lianyun.wenwan.ui.MainA]
07-07 03:12:31.544   416  1994 W TaintLog: libcore.os.write(260) writing with tag 0x11 data[WINDOW MANAGER WINDOWS (dumpsys window windows).  Window #8 Window{414ae128 SearchPanel paused=false]
07-07 03:12:31.607   416  1994 W TaintLog: libcore.os.write(260) writing with tag 0x11 data[0][0,0] visible=[0,50][0,0].    mSurface=Surface(name=com.lianyun.wenwan/com.lianyun.wenwan.ui.MainA]
07-07 03:12:31.701   416   427 W TaintLog: libcore.os.write(260) writing with tag 0x11 data[WINDOW MANAGER WINDOWS (dumpsys window windows).  Window #8 Window{414ae128 SearchPanel paused=false]
07-07 03:12:31.740   416   427 W TaintLog: libcore.os.write(260) writing with tag 0x11 data[0][0,0] visible=[0,50][0,0].    mSurface=Surface(name=com.lianyun.wenwan/com.lianyun.wenwan.ui.MainA]
07-07 03:12:31.833   416  1996 W TaintLog: libcore.os.write(260) writing with tag 0x11 data[WINDOW MANAGER WINDOWS (dumpsys window windows).  Window #8 Window{414ae128 SearchPanel paused=false]
07-07 03:12:31.865   416  1996 W TaintLog: libcore.os.write(260) writing with tag 0x11 data[0][0,0] visible=[0,50][0,0].    mSurface=Surface(name=com.lianyun.wenwan/com.lianyun.wenwan.ui.MainA]
07-07 03:12:31.958   416   738 W TaintLog: libcore.os.write(260) writing with tag 0x11 data[WINDOW MANAGER WINDOWS (dumpsys window windows).  Window #8 Window{414ae128 SearchPanel paused=false]
07-07 03:12:32.013   416   738 W TaintLog: libcore.os.write(260) writing with tag 0x11 data[0][0,0] visible=[0,50][0,0].    mSurface=Surface(name=com.lianyun.wenwan/com.lianyun.wenwan.ui.MainA]
07-07 03:12:32.107   416  1995 W TaintLog: libcore.os.write(260) writing with tag 0x11 data[WINDOW MANAGER WINDOWS (dumpsys window windows).  Window #8 Window{414ae128 SearchPanel paused=false]
07-07 03:12:32.146   416  1995 W TaintLog: libcore.os.write(260) writing with tag 0x11 data[0][0,0] visible=[0,50][0,0].    mSurface=Surface(name=com.lianyun.wenwan/com.lianyun.wenwan.ui.MainA]
07-07 03:12:32.232   416   416 W TaintLog: libcore.os.write(260) writing with tag 0x11 data[WINDOW MANAGER WINDOWS (dumpsys window windows).  Window #8 Window{414ae128 SearchPanel paused=false]
07-07 03:12:32.271   416   416 W TaintLog: libcore.os.write(260) writing with tag 0x11 data[0][0,0] visible=[0,50][0,0].    mSurface=Surface(name=com.lianyun.wenwan/com.lianyun.wenwan.ui.MainA]
07-07 03:12:32.357   416   737 W TaintLog: libcore.os.write(260) writing with tag 0x11 data[WINDOW MANAGER WINDOWS (dumpsys window windows).  Window #8 Window{414ae128 SearchPanel paused=false]
07-07 03:12:32.388   416   737 W TaintLog: libcore.os.write(260) writing with tag 0x11 data[0][0,0] visible=[0,50][0,0].    mSurface=Surface(name=com.lianyun.wenwan/com.lianyun.wenwan.ui.MainA]
07-07 03:12:32.482   416   748 W TaintLog: libcore.os.write(260) writing with tag 0x11 data[WINDOW MANAGER WINDOWS (dumpsys window windows).  Window #8 Window{414ae128 SearchPanel paused=false]
07-07 03:12:32.521   416   748 W TaintLog: libcore.os.write(260) writing with tag 0x11 data[0][0,0] visible=[0,50][0,0].    mSurface=Surface(name=com.lianyun.wenwan/com.lianyun.wenwan.ui.MainA]
07-07 03:12:32.662   416   745 W TaintLog: libcore.os.write(261) writing with tag 0x11 data[WINDOW MANAGER WINDOWS (dumpsys window windows).  Window #8 Window{414ae128 SearchPanel paused=false]
07-07 03:12:32.732   416   745 W TaintLog: libcore.os.write(261) writing with tag 0x11 data[0][0,0] visible=[0,50][0,0].    mSurface=Surface(name=com.lianyun.wenwan/com.lianyun.wenwan.ui.MainA]
07-07 03:12:32.833   416  1565 W TaintLog: libcore.os.write(260) writing with tag 0x11 data[WINDOW MANAGER WINDOWS (dumpsys window windows).  Window #8 Window{414ae128 SearchPanel paused=false]
07-07 03:12:32.865   416  1565 W TaintLog: libcore.os.write(260) writing with tag 0x11 data[0][0,0] visible=[0,50][0,0].    mSurface=Surface(name=com.lianyun.wenwan/com.lianyun.wenwan.ui.MainA]
07-07 03:12:32.958   416  1567 W TaintLog: libcore.os.write(260) writing with tag 0x11 data[WINDOW MANAGER WINDOWS (dumpsys window windows).  Window #8 Window{414ae128 SearchPanel paused=false]
07-07 03:12:32.998   416  1567 W TaintLog: libcore.os.write(260) writing with tag 0x11 data[0][0,0] visible=[0,50][0,0].    mSurface=Surface(name=com.lianyun.wenwan/com.lianyun.wenwan.ui.MainA]
07-07 03:12:33.091   416   637 W TaintLog: libcore.os.write(260) writing with tag 0x11 data[WINDOW MANAGER WINDOWS (dumpsys window windows).  Window #8 Window{414ae128 SearchPanel paused=false]
07-07 03:12:33.162   416   637 W TaintLog: libcore.os.write(260) writing with tag 0x11 data[0][0,0] visible=[0,50][0,0].    mSurface=Surface(name=com.lianyun.wenwan/com.lianyun.wenwan.ui.MainA]
07-07 03:12:33.263   416   749 W TaintLog: libcore.os.write(260) writing with tag 0x11 data[WINDOW MANAGER WINDOWS (dumpsys window windows).  Window #8 Window{414ae128 SearchPanel paused=false]
07-07 03:12:33.318   416   749 W TaintLog: libcore.os.write(260) writing with tag 0x11 data[0][0,0] visible=[0,50][0,0].    mSurface=Surface(name=com.lianyun.wenwan/com.lianyun.wenwan.ui.MainA]
07-07 03:12:33.419   416  1566 W TaintLog: libcore.os.write(260) writing with tag 0x11 data[WINDOW MANAGER WINDOWS (dumpsys window windows).  Window #8 Window{414ae128 SearchPanel paused=false]
07-07 03:12:33.458   416  1566 W TaintLog: libcore.os.write(260) writing with tag 0x11 data[0][0,0] visible=[0,50][0,0].    mSurface=Surface(name=com.lianyun.wenwan/com.lianyun.wenwan.ui.MainA]
07-07 03:12:33.583   416   652 W TaintLog: libcore.os.write(260) writing with tag 0x11 data[WINDOW MANAGER WINDOWS (dumpsys window windows).  Window #8 Window{414ae128 SearchPanel paused=false]
07-07 03:12:33.654   416   652 W TaintLog: libcore.os.write(260) writing with tag 0x11 data[0][0,0] visible=[0,50][0,0].    mSurface=Surface(name=com.lianyun.wenwan/com.lianyun.wenwan.ui.MainA]
07-07 03:12:33.748   416   749 W TaintLog: libcore.os.write(260) writing with tag 0x11 data[WINDOW MANAGER WINDOWS (dumpsys window windows).  Window #8 Window{414ae128 SearchPanel paused=false]
07-07 03:12:33.787   416   749 W TaintLog: libcore.os.write(260) writing with tag 0x11 data[0][0,0] visible=[0,50][0,0].    mSurface=Surface(name=com.lianyun.wenwan/com.lianyun.wenwan.ui.MainA]
07-07 03:12:33.880   416  1566 W TaintLog: libcore.os.write(260) writing with tag 0x11 data[WINDOW MANAGER WINDOWS (dumpsys window windows).  Window #8 Window{414ae128 SearchPanel paused=false]
07-07 03:12:33.919   416  1566 W TaintLog: libcore.os.write(260) writing with tag 0x11 data[0][0,0] visible=[0,50][0,0].    mSurface=Surface(name=com.lianyun.wenwan/com.lianyun.wenwan.ui.MainA]
07-07 03:12:34.052   416   637 W TaintLog: libcore.os.write(260) writing with tag 0x11 data[WINDOW MANAGER WINDOWS (dumpsys window windows).  Window #8 Window{414ae128 SearchPanel paused=false]
07-07 03:12:34.138   416   637 W TaintLog: libcore.os.write(260) writing with tag 0x11 data[0][0,0] visible=[0,50][0,0].    mSurface=Surface(name=com.lianyun.wenwan/com.lianyun.wenwan.ui.MainA]
07-07 03:12:34.216   416  1565 W TaintLog: libcore.os.write(260) writing with tag 0x11 data[WINDOW MANAGER WINDOWS (dumpsys window windows).  Window #8 Window{414ae128 SearchPanel paused=false]
07-07 03:12:34.279   416  1565 W TaintLog: libcore.os.write(260) writing with tag 0x11 data[0][0,0] visible=[0,50][0,0].    mSurface=Surface(name=com.lianyun.wenwan/com.lianyun.wenwan.ui.MainA]
07-07 03:12:34.380   416   651 W TaintLog: libcore.os.write(260) writing with tag 0x11 data[WINDOW MANAGER WINDOWS (dumpsys window windows).  Window #8 Window{414ae128 SearchPanel paused=false]
07-07 03:12:34.419   416   651 W TaintLog: libcore.os.write(260) writing with tag 0x11 data[0][0,0] visible=[0,50][0,0].    mSurface=Surface(name=com.lianyun.wenwan/com.lianyun.wenwan.ui.MainA]
07-07 03:12:34.537   416   428 W TaintLog: libcore.os.write(260) writing with tag 0x11 data[WINDOW MANAGER WINDOWS (dumpsys window windows).  Window #8 Window{414ae128 SearchPanel paused=false]
07-07 03:12:34.591   416   428 W TaintLog: libcore.os.write(260) writing with tag 0x11 data[0][0,0] visible=[0,50][0,0].    mSurface=Surface(name=com.lianyun.wenwan/com.lianyun.wenwan.ui.MainA]
07-07 03:12:34.685   416   427 W TaintLog: libcore.os.write(260) writing with tag 0x11 data[WINDOW MANAGER WINDOWS (dumpsys window windows).  Window #8 Window{414ae128 SearchPanel paused=false]
07-07 03:12:34.740   416   427 W TaintLog: libcore.os.write(260) writing with tag 0x11 data[0][0,0] visible=[0,50][0,0].    mSurface=Surface(name=com.lianyun.wenwan/com.lianyun.wenwan.ui.MainA]
07-07 03:12:34.865   416  1994 W TaintLog: libcore.os.write(260) writing with tag 0x11 data[WINDOW MANAGER WINDOWS (dumpsys window windows).  Window #8 Window{414ae128 SearchPanel paused=false]
07-07 03:12:34.904   416  1994 W TaintLog: libcore.os.write(260) writing with tag 0x11 data[0][0,0] visible=[0,50][0,0].    mSurface=Surface(name=com.lianyun.wenwan/com.lianyun.wenwan.ui.MainA]
07-07 03:12:35.005   416   416 W TaintLog: libcore.os.write(260) writing with tag 0x11 data[WINDOW MANAGER WINDOWS (dumpsys window windows).  Window #8 Window{414ae128 SearchPanel paused=false]
07-07 03:12:35.060   416   416 W TaintLog: libcore.os.write(260) writing with tag 0x11 data[0][0,0] visible=[0,50][0,0].    mSurface=Surface(name=com.lianyun.wenwan/com.lianyun.wenwan.ui.MainA]
07-07 03:12:35.185   416  1995 W TaintLog: libcore.os.write(260) writing with tag 0x11 data[WINDOW MANAGER WINDOWS (dumpsys window windows).  Window #8 Window{414ae128 SearchPanel paused=false]
07-07 03:12:35.232   416  1995 W TaintLog: libcore.os.write(260) writing with tag 0x11 data[0][0,0] visible=[0,50][0,0].    mSurface=Surface(name=com.lianyun.wenwan/com.lianyun.wenwan.ui.MainA]
07-07 03:12:35.333   416   737 W TaintLog: libcore.os.write(260) writing with tag 0x11 data[WINDOW MANAGER WINDOWS (dumpsys window windows).  Window #8 Window{414ae128 SearchPanel paused=false]
07-07 03:12:35.404   416   737 W TaintLog: libcore.os.write(260) writing with tag 0x11 data[0][0,0] visible=[0,50][0,0].    mSurface=Surface(name=com.lianyun.wenwan/com.lianyun.wenwan.ui.MainA]
07-07 03:12:35.544   416   748 W TaintLog: libcore.os.write(260) writing with tag 0x11 data[WINDOW MANAGER WINDOWS (dumpsys window windows).  Window #8 Window{414ae128 SearchPanel paused=false]
07-07 03:12:35.615   416   748 W TaintLog: libcore.os.write(260) writing with tag 0x11 data[0][0,0] visible=[0,50][0,0].    mSurface=Surface(name=com.lianyun.wenwan/com.lianyun.wenwan.ui.MainA]
07-07 03:12:35.708   416   738 W TaintLog: libcore.os.write(260) writing with tag 0x11 data[WINDOW MANAGER WINDOWS (dumpsys window windows).  Window #8 Window{414ae128 SearchPanel paused=false]
07-07 03:12:35.748   416   738 W TaintLog: libcore.os.write(260) writing with tag 0x11 data[0][0,0] visible=[0,50][0,0].    mSurface=Surface(name=com.lianyun.wenwan/com.lianyun.wenwan.ui.MainA]
07-07 03:12:35.833   416   745 W TaintLog: libcore.os.write(260) writing with tag 0x11 data[WINDOW MANAGER WINDOWS (dumpsys window windows).  Window #8 Window{414ae128 SearchPanel paused=false]
07-07 03:12:35.873   416   745 W TaintLog: libcore.os.write(260) writing with tag 0x11 data[0][0,0] visible=[0,50][0,0].    mSurface=Surface(name=com.lianyun.wenwan/com.lianyun.wenwan.ui.MainA]
07-07 03:12:35.966   416  1567 W TaintLog: libcore.os.write(260) writing with tag 0x11 data[WINDOW MANAGER WINDOWS (dumpsys window windows).  Window #8 Window{414ae128 SearchPanel paused=false]
07-07 03:12:36.037   416  1567 W TaintLog: libcore.os.write(260) writing with tag 0x11 data[0][0,0] visible=[0,50][0,0].    mSurface=Surface(name=com.lianyun.wenwan/com.lianyun.wenwan.ui.MainA]
07-07 03:12:36.123   416   652 W TaintLog: libcore.os.write(260) writing with tag 0x11 data[WINDOW MANAGER WINDOWS (dumpsys window windows).  Window #8 Window{414ae128 SearchPanel paused=false]
07-07 03:12:36.169   416   652 W TaintLog: libcore.os.write(260) writing with tag 0x11 data[0][0,0] visible=[0,50][0,0].    mSurface=Surface(name=com.lianyun.wenwan/com.lianyun.wenwan.ui.MainA]
07-07 03:12:36.279   416   749 W TaintLog: libcore.os.write(260) writing with tag 0x11 data[WINDOW MANAGER WINDOWS (dumpsys window windows).  Window #8 Window{414ae128 SearchPanel paused=false]
07-07 03:12:36.318   416   749 W TaintLog: libcore.os.write(260) writing with tag 0x11 data[0][0,0] visible=[0,50][0,0].    mSurface=Surface(name=com.lianyun.wenwan/com.lianyun.wenwan.ui.MainA]
07-07 03:12:36.396   416  1566 W TaintLog: libcore.os.write(260) writing with tag 0x11 data[WINDOW MANAGER WINDOWS (dumpsys window windows).  Window #8 Window{414ae128 SearchPanel paused=false]
07-07 03:12:36.427   416  1566 W TaintLog: libcore.os.write(260) writing with tag 0x11 data[0][0,0] visible=[0,50][0,0].    mSurface=Surface(name=com.lianyun.wenwan/com.lianyun.wenwan.ui.MainA]
07-07 03:12:36.529   416   637 W TaintLog: libcore.os.write(260) writing with tag 0x11 data[WINDOW MANAGER WINDOWS (dumpsys window windows).  Window #8 Window{414ae128 SearchPanel paused=false]
07-07 03:12:36.568   416   637 W TaintLog: libcore.os.write(260) writing with tag 0x11 data[0][0,0] visible=[0,50][0,0].    mSurface=Surface(name=com.lianyun.wenwan/com.lianyun.wenwan.ui.MainA]
07-07 03:12:36.669   416   652 W TaintLog: libcore.os.write(260) writing with tag 0x11 data[WINDOW MANAGER WINDOWS (dumpsys window windows).  Window #8 Window{414ae128 SearchPanel paused=false]
07-07 03:12:36.708   416   652 W TaintLog: libcore.os.write(260) writing with tag 0x11 data[0][0,0] visible=[0,50][0,0].    mSurface=Surface(name=com.lianyun.wenwan/com.lianyun.wenwan.ui.MainA]
07-07 03:12:36.810   416   749 W TaintLog: libcore.os.write(260) writing with tag 0x11 data[WINDOW MANAGER WINDOWS (dumpsys window windows).  Window #8 Window{414ae128 SearchPanel paused=false]
07-07 03:12:36.888   416   749 W TaintLog: libcore.os.write(260) writing with tag 0x11 data[0][0,0] visible=[0,50][0,0].    mSurface=Surface(name=com.lianyun.wenwan/com.lianyun.wenwan.ui.MainA]
07-07 03:12:36.974   416  1566 W TaintLog: libcore.os.write(260) writing with tag 0x11 data[WINDOW MANAGER WINDOWS (dumpsys window windows).  Window #8 Window{414ae128 SearchPanel paused=false]
07-07 03:12:37.013   416  1566 W TaintLog: libcore.os.write(260) writing with tag 0x11 data[0][0,0] visible=[0,50][0,0].    mSurface=Surface(name=com.lianyun.wenwan/com.lianyun.wenwan.ui.MainA]
07-07 03:12:37.115   416  1565 W TaintLog: libcore.os.write(260) writing with tag 0x11 data[WINDOW MANAGER WINDOWS (dumpsys window windows).  Window #8 Window{414ae128 SearchPanel paused=false]
07-07 03:12:37.177   416  1565 W TaintLog: libcore.os.write(260) writing with tag 0x11 data[0][0,0] visible=[0,50][0,0].    mSurface=Surface(name=com.lianyun.wenwan/com.lianyun.wenwan.ui.MainA]
07-07 03:12:37.287   416   428 W TaintLog: libcore.os.write(260) writing with tag 0x11 data[WINDOW MANAGER WINDOWS (dumpsys window windows).  Window #8 Window{414ae128 SearchPanel paused=false]
07-07 03:12:37.341   416   428 W TaintLog: libcore.os.write(260) writing with tag 0x11 data[0][0,0] visible=[0,50][0,0].    mSurface=Surface(name=com.lianyun.wenwan/com.lianyun.wenwan.ui.MainA]
07-07 03:12:37.419   416   427 W TaintLog: libcore.os.write(260) writing with tag 0x11 data[WINDOW MANAGER WINDOWS (dumpsys window windows).  Window #8 Window{414ae128 SearchPanel paused=false]
07-07 03:12:37.466   416   427 W TaintLog: libcore.os.write(260) writing with tag 0x11 data[0][0,0] visible=[0,50][0,0].    mSurface=Surface(name=com.lianyun.wenwan/com.lianyun.wenwan.ui.MainA]
07-07 03:12:37.591   416  1996 W TaintLog: libcore.os.write(260) writing with tag 0x11 data[WINDOW MANAGER WINDOWS (dumpsys window windows).  Window #8 Window{414ae128 SearchPanel paused=false]
07-07 03:12:37.630   416  1996 W TaintLog: libcore.os.write(260) writing with tag 0x11 data[0][0,0] visible=[0,50][0,0].    mSurface=Surface(name=com.lianyun.wenwan/com.lianyun.wenwan.ui.MainA]
07-07 03:12:37.724   416  1994 W TaintLog: libcore.os.write(260) writing with tag 0x11 data[WINDOW MANAGER WINDOWS (dumpsys window windows).  Window #8 Window{414ae128 SearchPanel paused=false]
07-07 03:12:37.779   416  1994 W TaintLog: libcore.os.write(260) writing with tag 0x11 data[0][0,0] visible=[0,50][0,0].    mSurface=Surface(name=com.lianyun.wenwan/com.lianyun.wenwan.ui.MainA]
07-07 03:12:37.873   416   416 W TaintLog: libcore.os.write(260) writing with tag 0x11 data[WINDOW MANAGER WINDOWS (dumpsys window windows).  Window #8 Window{414ae128 SearchPanel paused=false]
07-07 03:12:37.935   416   416 W TaintLog: libcore.os.write(260) writing with tag 0x11 data[0][0,0] visible=[0,50][0,0].    mSurface=Surface(name=com.lianyun.wenwan/com.lianyun.wenwan.ui.MainA]
07-07 03:12:38.037   416   637 W TaintLog: libcore.os.write(260) writing with tag 0x11 data[WINDOW MANAGER WINDOWS (dumpsys window windows).  Window #8 Window{414ae128 SearchPanel paused=false]
07-07 03:12:38.076   416   637 W TaintLog: libcore.os.write(260) writing with tag 0x11 data[0][0,0] visible=[0,50][0,0].    mSurface=Surface(name=com.lianyun.wenwan/com.lianyun.wenwan.ui.MainA]
07-07 03:12:38.177   416   737 W TaintLog: libcore.os.write(260) writing with tag 0x11 data[WINDOW MANAGER WINDOWS (dumpsys window windows).  Window #8 Window{414ae128 SearchPanel paused=false]
07-07 03:12:38.263   416   737 W TaintLog: libcore.os.write(260) writing with tag 0x11 data[0][0,0] visible=[0,50][0,0].    mSurface=Surface(name=com.lianyun.wenwan/com.lianyun.wenwan.ui.MainA]
07-07 03:12:38.349   416  1995 W TaintLog: libcore.os.write(260) writing with tag 0x11 data[WINDOW MANAGER WINDOWS (dumpsys window windows).  Window #8 Window{414ae128 SearchPanel paused=false]
07-07 03:12:38.388   416  1995 W TaintLog: libcore.os.write(260) writing with tag 0x11 data[0][0,0] visible=[0,50][0,0].    mSurface=Surface(name=com.lianyun.wenwan/com.lianyun.wenwan.ui.MainA]
07-07 03:12:38.466   416   651 W TaintLog: libcore.os.write(260) writing with tag 0x11 data[WINDOW MANAGER WINDOWS (dumpsys window windows).  Window #8 Window{414ae128 SearchPanel paused=false]
07-07 03:12:38.513   416   651 W TaintLog: libcore.os.write(260) writing with tag 0x11 data[0][0,0] visible=[0,50][0,0].    mSurface=Surface(name=com.lianyun.wenwan/com.lianyun.wenwan.ui.MainA]
07-07 03:12:38.599   416   748 W TaintLog: libcore.os.write(260) writing with tag 0x11 data[WINDOW MANAGER WINDOWS (dumpsys window windows).  Window #8 Window{414ae128 SearchPanel paused=false]
07-07 03:12:38.630   416   748 W TaintLog: libcore.os.write(260) writing with tag 0x11 data[0][0,0] visible=[0,50][0,0].    mSurface=Surface(name=com.lianyun.wenwan/com.lianyun.wenwan.ui.MainA]
07-07 03:12:38.701   416   738 W TaintLog: libcore.os.write(260) writing with tag 0x11 data[WINDOW MANAGER WINDOWS (dumpsys window windows).  Window #8 Window{414ae128 SearchPanel paused=false]
07-07 03:12:38.732   416   738 W TaintLog: libcore.os.write(260) writing with tag 0x11 data[0][0,0] visible=[0,50][0,0].    mSurface=Surface(name=com.lianyun.wenwan/com.lianyun.wenwan.ui.MainA]
07-07 03:12:38.873   416   745 W TaintLog: libcore.os.write(260) writing with tag 0x11 data[WINDOW MANAGER WINDOWS (dumpsys window windows).  Window #8 Window{414ae128 SearchPanel paused=false]
07-07 03:12:38.912   416   745 W TaintLog: libcore.os.write(260) writing with tag 0x11 data[0][0,0] visible=[0,50][0,0].    mSurface=Surface(name=com.lianyun.wenwan/com.lianyun.wenwan.ui.MainA]
07-07 03:12:38.998   416  1567 W TaintLog: libcore.os.write(260) writing with tag 0x11 data[WINDOW MANAGER WINDOWS (dumpsys window windows).  Window #8 Window{414ae128 SearchPanel paused=false]
07-07 03:12:39.037   416  1567 W TaintLog: libcore.os.write(260) writing with tag 0x11 data[0][0,0] visible=[0,50][0,0].    mSurface=Surface(name=com.lianyun.wenwan/com.lianyun.wenwan.ui.MainA]
07-07 03:12:39.169   416   652 W TaintLog: libcore.os.write(260) writing with tag 0x11 data[WINDOW MANAGER WINDOWS (dumpsys window windows).  Window #8 Window{414ae128 SearchPanel paused=false]
07-07 03:12:39.232   416   652 W TaintLog: libcore.os.write(260) writing with tag 0x11 data[0][0,0] visible=[0,50][0,0].    mSurface=Surface(name=com.lianyun.wenwan/com.lianyun.wenwan.ui.MainA]
07-07 03:12:39.349   416   749 W TaintLog: libcore.os.write(260) writing with tag 0x11 data[WINDOW MANAGER WINDOWS (dumpsys window windows).  Window #8 Window{414ae128 SearchPanel paused=false]
07-07 03:12:39.396   416   749 W TaintLog: libcore.os.write(260) writing with tag 0x11 data[0][0,0] visible=[0,50][0,0].    mSurface=Surface(name=com.lianyun.wenwan/com.lianyun.wenwan.ui.MainA]
07-07 03:12:39.505   416  1566 W TaintLog: libcore.os.write(260) writing with tag 0x11 data[WINDOW MANAGER WINDOWS (dumpsys window windows).  Window #8 Window{414ae128 SearchPanel paused=false]
07-07 03:12:39.623   416  1566 W TaintLog: libcore.os.write(260) writing with tag 0x11 data[0][0,0] visible=[0,50][0,0].    mSurface=Surface(name=com.lianyun.wenwan/com.lianyun.wenwan.ui.MainA]
07-07 03:12:39.724   416  1996 W TaintLog: libcore.os.write(260) writing with tag 0x11 data[WINDOW MANAGER WINDOWS (dumpsys window windows).  Window #8 Window{414ae128 SearchPanel paused=false]
07-07 03:12:39.771   416  1996 W TaintLog: libcore.os.write(260) writing with tag 0x11 data[0][0,0] visible=[0,50][0,0].    mSurface=Surface(name=com.lianyun.wenwan/com.lianyun.wenwan.ui.MainA]
07-07 03:12:39.873   416   745 W TaintLog: libcore.os.write(260) writing with tag 0x11 data[WINDOW MANAGER WINDOWS (dumpsys window windows).  Window #8 Window{414ae128 SearchPanel paused=false]
07-07 03:12:39.943   416   745 W TaintLog: libcore.os.write(260) writing with tag 0x11 data[0][0,0] visible=[0,50][0,0].    mSurface=Surface(name=com.lianyun.wenwan/com.lianyun.wenwan.ui.MainA]
07-07 03:12:40.044   416  1567 W TaintLog: libcore.os.write(260) writing with tag 0x11 data[WINDOW MANAGER WINDOWS (dumpsys window windows).  Window #8 Window{414ae128 SearchPanel paused=false]
07-07 03:12:40.091   416  1567 W TaintLog: libcore.os.write(260) writing with tag 0x11 data[0][0,0] visible=[0,50][0,0].    mSurface=Surface(name=com.lianyun.wenwan/com.lianyun.wenwan.ui.MainA]
07-07 03:12:40.208   416   652 W TaintLog: libcore.os.write(260) writing with tag 0x11 data[WINDOW MANAGER WINDOWS (dumpsys window windows).  Window #8 Window{414ae128 SearchPanel paused=false]
07-07 03:12:40.263   416   652 W TaintLog: libcore.os.write(260) writing with tag 0x11 data[0][0,0] visible=[0,50][0,0].    mSurface=Surface(name=com.lianyun.wenwan/com.lianyun.wenwan.ui.MainA]
07-07 03:12:40.427   416  1565 W TaintLog: libcore.os.write(260) writing with tag 0x11 data[WINDOW MANAGER WINDOWS (dumpsys window windows).  Window #8 Window{414ae128 SearchPanel paused=false]
07-07 03:12:40.490   416  1565 W TaintLog: libcore.os.write(260) writing with tag 0x11 data[0][0,0] visible=[0,50][0,0].    mSurface=Surface(name=com.lianyun.wenwan/com.lianyun.wenwan.ui.MainA]
07-07 03:12:40.615   416  1994 W TaintLog: libcore.os.write(260) writing with tag 0x11 data[WINDOW MANAGER WINDOWS (dumpsys window windows).  Window #8 Window{414ae128 SearchPanel paused=false]
07-07 03:12:40.677   416  1994 W TaintLog: libcore.os.write(260) writing with tag 0x11 data[0][0,0] visible=[0,50][0,0].    mSurface=Surface(name=com.lianyun.wenwan/com.lianyun.wenwan.ui.MainA]
07-07 03:12:40.802   416   416 W TaintLog: libcore.os.write(260) writing with tag 0x11 data[WINDOW MANAGER WINDOWS (dumpsys window windows).  Window #8 Window{414ae128 SearchPanel paused=false]
07-07 03:12:40.865   416   416 W TaintLog: libcore.os.write(260) writing with tag 0x11 data[0][0,0] visible=[0,50][0,0].    mSurface=Surface(name=com.lianyun.wenwan/com.lianyun.wenwan.ui.MainA]
07-07 03:12:40.990   416   637 W TaintLog: libcore.os.write(260) writing with tag 0x11 data[WINDOW MANAGER WINDOWS (dumpsys window windows).  Window #8 Window{414ae128 SearchPanel paused=false]
07-07 03:12:41.052   416   637 W TaintLog: libcore.os.write(260) writing with tag 0x11 data[0][0,0] visible=[0,50][0,0].    mSurface=Surface(name=com.lianyun.wenwan/com.lianyun.wenwan.ui.MainA]
07-07 03:12:41.193   416   737 W TaintLog: libcore.os.write(260) writing with tag 0x11 data[WINDOW MANAGER WINDOWS (dumpsys window windows).  Window #8 Window{414ae128 SearchPanel paused=false]
07-07 03:12:41.310   416   737 W TaintLog: libcore.os.write(260) writing with tag 0x11 data[0][0,0] visible=[0,50][0,0].    mSurface=Surface(name=com.lianyun.wenwan/com.lianyun.wenwan.ui.MainA]
07-07 03:12:41.435   416  1995 W TaintLog: libcore.os.write(260) writing with tag 0x11 data[WINDOW MANAGER WINDOWS (dumpsys window windows).  Window #8 Window{414ae128 SearchPanel paused=false]
07-07 03:12:41.505   416  1995 W TaintLog: libcore.os.write(260) writing with tag 0x11 data[0][0,0] visible=[0,50][0,0].    mSurface=Surface(name=com.lianyun.wenwan/com.lianyun.wenwan.ui.MainA]
07-07 03:12:41.771   416  1566 W TaintLog: libcore.os.write(260) writing with tag 0x11 data[WINDOW MANAGER WINDOWS (dumpsys window windows).  Window #8 Window{414ae128 SearchPanel paused=false]
07-07 03:12:41.919   416  1566 W TaintLog: libcore.os.write(260) writing with tag 0x11 data[0][0,0] visible=[0,50][0,0].    mSurface=Surface(name=com.lianyun.wenwan/com.lianyun.wenwan.ui.MainA]
07-07 03:12:42.169   416   738 W TaintLog: libcore.os.write(260) writing with tag 0x11 data[WINDOW MANAGER WINDOWS (dumpsys window windows).  Window #8 Window{414ae128 SearchPanel paused=false]
07-07 03:12:42.318   416   738 W TaintLog: libcore.os.write(260) writing with tag 0x11 data[0][0,0] visible=[0,50][0,0].    mSurface=Surface(name=com.lianyun.wenwan/com.lianyun.wenwan.ui.MainA]
07-07 03:12:42.568   416   749 W TaintLog: libcore.os.write(260) writing with tag 0x11 data[WINDOW MANAGER WINDOWS (dumpsys window windows).  Window #8 Window{414ae128 SearchPanel paused=false]
07-07 03:12:42.755   416   749 W TaintLog: libcore.os.write(260) writing with tag 0x11 data[0][0,0] visible=[0,50][0,0].    mSurface=Surface(name=com.lianyun.wenwan/com.lianyun.wenwan.ui.MainA]
07-07 03:12:43.107   416  1566 W TaintLog: libcore.os.write(260) writing with tag 0x11 data[WINDOW MANAGER WINDOWS (dumpsys window windows).  Window #8 Window{414ae128 SearchPanel paused=false]
07-07 03:12:43.255   416  1566 W TaintLog: libcore.os.write(260) writing with tag 0x11 data[0][0,0] visible=[0,50][0,0].    mSurface=Surface(name=com.lianyun.wenwan/com.lianyun.wenwan.ui.MainA]
07-07 03:12:43.521   416   748 W TaintLog: libcore.os.write(260) writing with tag 0x11 data[WINDOW MANAGER WINDOWS (dumpsys window windows).  Window #8 Window{414ae128 SearchPanel paused=false]
07-07 03:12:43.576   416   748 W TaintLog: libcore.os.write(260) writing with tag 0x11 data[0][0,0] visible=[0,50][0,0].    mSurface=Surface(name=com.lianyun.wenwan/com.lianyun.wenwan.ui.MainA]
07-07 03:12:43.669   416   738 W TaintLog: libcore.os.write(260) writing with tag 0x11 data[WINDOW MANAGER WINDOWS (dumpsys window windows).  Window #8 Window{414ae128 SearchPanel paused=false]
07-07 03:12:43.708   416   738 W TaintLog: libcore.os.write(260) writing with tag 0x11 data[0][0,0] visible=[0,50][0,0].    mSurface=Surface(name=com.lianyun.wenwan/com.lianyun.wenwan.ui.MainA]
07-07 03:12:43.802   416   428 W TaintLog: libcore.os.write(260) writing with tag 0x11 data[WINDOW MANAGER WINDOWS (dumpsys window windows).  Window #8 Window{414ae128 SearchPanel paused=false]
07-07 03:12:43.849   416   428 W TaintLog: libcore.os.write(260) writing with tag 0x11 data[0][0,0] visible=[0,50][0,0].    mSurface=Surface(name=com.lianyun.wenwan/com.lianyun.wenwan.ui.MainA]
07-07 03:12:44.021   416   427 W TaintLog: libcore.os.write(260) writing with tag 0x11 data[WINDOW MANAGER WINDOWS (dumpsys window windows).  Window #8 Window{414ae128 SearchPanel paused=false]
07-07 03:12:44.060   416   427 W TaintLog: libcore.os.write(260) writing with tag 0x11 data[0][0,0] visible=[0,50][0,0].    mSurface=Surface(name=com.lianyun.wenwan/com.lianyun.wenwan.ui.MainA]
07-07 03:12:44.154   416  1996 W TaintLog: libcore.os.write(260) writing with tag 0x11 data[WINDOW MANAGER WINDOWS (dumpsys window windows).  Window #8 Window{414ae128 SearchPanel paused=false]
07-07 03:12:44.193   416  1996 W TaintLog: libcore.os.write(260) writing with tag 0x11 data[0][0,0] visible=[0,50][0,0].    mSurface=Surface(name=com.lianyun.wenwan/com.lianyun.wenwan.ui.MainA]
07-07 03:12:44.310   416  1567 W TaintLog: libcore.os.write(260) writing with tag 0x11 data[WINDOW MANAGER WINDOWS (dumpsys window windows).  Window #8 Window{414ae128 SearchPanel paused=false]
07-07 03:12:44.373   416  1567 W TaintLog: libcore.os.write(260) writing with tag 0x11 data[0][0,0] visible=[0,50][0,0].    mSurface=Surface(name=com.lianyun.wenwan/com.lianyun.wenwan.ui.MainA]
07-07 03:12:44.466   416   749 W TaintLog: libcore.os.write(258) writing with tag 0x11 data[WINDOW MANAGER WINDOWS (dumpsys window windows).  Window #8 Window{414ae128 SearchPanel paused=false]
07-07 03:12:44.505   416   749 W TaintLog: libcore.os.write(258) writing with tag 0x11 data[ce=null}.    mHasSurface=true mShownFrame=[0.0,0.0][720.0,1184.0].    mFrame=[0,0][720,1184] last=[0]
07-07 03:12:44.591   416  1566 W TaintLog: libcore.os.write(258) writing with tag 0x11 data[WINDOW MANAGER WINDOWS (dumpsys window windows).  Window #8 Window{414ae128 SearchPanel paused=false]
07-07 03:12:44.701   416  1566 W TaintLog: libcore.os.write(258) writing with tag 0x11 data[ mShownFrame=[0.0,0.0][720.0,1184.0].    mFrame=[0,0][720,1184] last=[0,0][720,1184].    mSystemDeco]
07-07 03:12:44.802   416   651 W TaintLog: libcore.os.write(258) writing with tag 0x11 data[WINDOW MANAGER WINDOWS (dumpsys window windows).  Window #7 Window{414ae128 SearchPanel paused=false]
07-07 03:12:44.833   416   651 W TaintLog: libcore.os.write(258) writing with tag 0x11 data[ogenmod.trebuchet.Launcher paused=false}:.    mSession=Session{41232c30 uid 10045} mClient=android.o]
07-07 03:12:44.935   416   738 W TaintLog: libcore.os.write(258) writing with tag 0x11 data[WINDOW MANAGER WINDOWS (dumpsys window windows).  Window #7 Window{414ae128 SearchPanel paused=false]
07-07 03:12:44.966   416   738 W TaintLog: libcore.os.write(258) writing with tag 0x11 data[ogenmod.trebuchet.Launcher paused=false}:.    mSession=Session{41232c30 uid 10045} mClient=android.o]
07-07 03:12:45.068   416   427 W TaintLog: libcore.os.write(258) writing with tag 0x11 data[WINDOW MANAGER WINDOWS (dumpsys window windows).  Window #7 Window{414ae128 SearchPanel paused=false]
07-07 03:12:45.115   416   427 W TaintLog: libcore.os.write(258) writing with tag 0x11 data[ogenmod.trebuchet.Launcher paused=false}:.    mSession=Session{41232c30 uid 10045} mClient=android.o]
07-07 03:12:45.224   416  1996 W TaintLog: libcore.os.write(258) writing with tag 0x11 data[WINDOW MANAGER WINDOWS (dumpsys window windows).  Window #7 Window{414ae128 SearchPanel paused=false]
07-07 03:12:45.255   416  1996 W TaintLog: libcore.os.write(258) writing with tag 0x11 data[ogenmod.trebuchet.Launcher paused=false}:.    mSession=Session{41232c30 uid 10045} mClient=android.o]
07-07 03:12:45.333   416   652 W TaintLog: libcore.os.write(258) writing with tag 0x11 data[WINDOW MANAGER WINDOWS (dumpsys window windows).  Window #7 Window{414ae128 SearchPanel paused=false]
07-07 03:12:45.357   416   652 W TaintLog: libcore.os.write(258) writing with tag 0x11 data[ogenmod.trebuchet.Launcher paused=false}:.    mSession=Session{41232c30 uid 10045} mClient=android.o]
07-07 03:12:45.498   416  1565 W TaintLog: libcore.os.write(258) writing with tag 0x11 data[WINDOW MANAGER WINDOWS (dumpsys window windows).  Window #7 Window{414ae128 SearchPanel paused=false]
07-07 03:12:45.529   416  1565 W TaintLog: libcore.os.write(258) writing with tag 0x11 data[ogenmod.trebuchet.Launcher paused=false}:.    mSession=Session{41232c30 uid 10045} mClient=android.o]
07-07 03:12:45.630   416   748 W TaintLog: libcore.os.write(258) writing with tag 0x11 data[WINDOW MANAGER WINDOWS (dumpsys window windows).  Window #7 Window{414ae128 SearchPanel paused=false]
07-07 03:12:45.654   416   748 W TaintLog: libcore.os.write(258) writing with tag 0x11 data[ogenmod.trebuchet.Launcher paused=false}:.    mSession=Session{41232c30 uid 10045} mClient=android.o]
07-07 03:12:45.740   416  1995 W TaintLog: libcore.os.write(258) writing with tag 0x11 data[WINDOW MANAGER WINDOWS (dumpsys window windows).  Window #7 Window{414ae128 SearchPanel paused=false]
07-07 03:12:45.787   416  1995 W TaintLog: libcore.os.write(258) writing with tag 0x11 data[ogenmod.trebuchet.Launcher paused=false}:.    mSession=Session{41232c30 uid 10045} mClient=android.o]
07-07 03:12:45.880   416   749 W TaintLog: libcore.os.write(258) writing with tag 0x11 data[WINDOW MANAGER WINDOWS (dumpsys window windows).  Window #7 Window{414ae128 SearchPanel paused=false]
07-07 03:12:45.904   416   749 W TaintLog: libcore.os.write(258) writing with tag 0x11 data[ogenmod.trebuchet.Launcher paused=false}:.    mSession=Session{41232c30 uid 10045} mClient=android.o]
07-07 03:12:45.974   416  1566 W TaintLog: libcore.os.write(258) writing with tag 0x11 data[WINDOW MANAGER WINDOWS (dumpsys window windows).  Window #7 Window{414ae128 SearchPanel paused=false]
07-07 03:12:46.005   416  1566 W TaintLog: libcore.os.write(258) writing with tag 0x11 data[ogenmod.trebuchet.Launcher paused=false}:.    mSession=Session{41232c30 uid 10045} mClient=android.o]
07-07 03:12:46.146   416   651 W TaintLog: libcore.os.write(258) writing with tag 0x11 data[WINDOW MANAGER WINDOWS (dumpsys window windows).  Window #7 Window{414ae128 SearchPanel paused=false]
07-07 03:12:46.177   416   651 W TaintLog: libcore.os.write(258) writing with tag 0x11 data[ogenmod.trebuchet.Launcher paused=false}:.    mSession=Session{41232c30 uid 10045} mClient=android.o]
07-07 03:12:46.248   416   428 W TaintLog: libcore.os.write(258) writing with tag 0x11 data[WINDOW MANAGER WINDOWS (dumpsys window windows).  Window #7 Window{414ae128 SearchPanel paused=false]
07-07 03:12:46.279   416   428 W TaintLog: libcore.os.write(258) writing with tag 0x11 data[ogenmod.trebuchet.Launcher paused=false}:.    mSession=Session{41232c30 uid 10045} mClient=android.o]
07-07 03:12:46.357   416   738 W TaintLog: libcore.os.write(258) writing with tag 0x11 data[WINDOW MANAGER WINDOWS (dumpsys window windows).  Window #7 Window{414ae128 SearchPanel paused=false]
07-07 03:12:46.388   416   738 W TaintLog: libcore.os.write(258) writing with tag 0x11 data[ogenmod.trebuchet.Launcher paused=false}:.    mSession=Session{41232c30 uid 10045} mClient=android.o]
07-07 03:12:46.466   416   745 W TaintLog: libcore.os.write(258) writing with tag 0x11 data[WINDOW MANAGER WINDOWS (dumpsys window windows).  Window #7 Window{414ae128 SearchPanel paused=false]
07-07 03:12:46.505   416   745 W TaintLog: libcore.os.write(258) writing with tag 0x11 data[ogenmod.trebuchet.Launcher paused=false}:.    mSession=Session{41232c30 uid 10045} mClient=android.o]
07-07 03:12:46.615   416   637 W TaintLog: libcore.os.write(258) writing with tag 0x11 data[WINDOW MANAGER WINDOWS (dumpsys window windows).  Window #7 Window{414ae128 SearchPanel paused=false]
07-07 03:12:46.654   416   637 W TaintLog: libcore.os.write(258) writing with tag 0x11 data[ogenmod.trebuchet.Launcher paused=false}:.    mSession=Session{41232c30 uid 10045} mClient=android.o]
07-07 03:12:46.732   416  1996 W TaintLog: libcore.os.write(258) writing with tag 0x11 data[WINDOW MANAGER WINDOWS (dumpsys window windows).  Window #7 Window{414ae128 SearchPanel paused=false]
07-07 03:12:46.794   416  1996 W TaintLog: libcore.os.write(258) writing with tag 0x11 data[ogenmod.trebuchet.Launcher paused=false}:.    mSession=Session{41232c30 uid 10045} mClient=android.o]
07-07 03:12:46.896   416   737 W TaintLog: libcore.os.write(258) writing with tag 0x11 data[WINDOW MANAGER WINDOWS (dumpsys window windows).  Window #7 Window{414ae128 SearchPanel paused=false]
07-07 03:12:46.927   416   737 W TaintLog: libcore.os.write(258) writing with tag 0x11 data[ogenmod.trebuchet.Launcher paused=false}:.    mSession=Session{41232c30 uid 10045} mClient=android.o]
07-07 03:12:47.005   416   427 W TaintLog: libcore.os.write(258) writing with tag 0x11 data[WINDOW MANAGER WINDOWS (dumpsys window windows).  Window #7 Window{414ae128 SearchPanel paused=false]
07-07 03:12:47.029   416   427 W TaintLog: libcore.os.write(258) writing with tag 0x11 data[ogenmod.trebuchet.Launcher paused=false}:.    mSession=Session{41232c30 uid 10045} mClient=android.o]
07-07 03:12:47.138   416   416 W TaintLog: libcore.os.write(258) writing with tag 0x11 data[WINDOW MANAGER WINDOWS (dumpsys window windows).  Window #7 Window{414ae128 SearchPanel paused=false]
07-07 03:12:47.177   416   416 W TaintLog: libcore.os.write(258) writing with tag 0x11 data[ogenmod.trebuchet.Launcher paused=false}:.    mSession=Session{41232c30 uid 10045} mClient=android.o]
07-07 03:12:47.263   416   652 W TaintLog: libcore.os.write(258) writing with tag 0x11 data[WINDOW MANAGER WINDOWS (dumpsys window windows).  Window #7 Window{414ae128 SearchPanel paused=false]
07-07 03:12:47.287   416   652 W TaintLog: libcore.os.write(258) writing with tag 0x11 data[ogenmod.trebuchet.Launcher paused=false}:.    mSession=Session{41232c30 uid 10045} mClient=android.o]
07-07 03:12:47.373   416  1994 W TaintLog: libcore.os.write(258) writing with tag 0x11 data[WINDOW MANAGER WINDOWS (dumpsys window windows).  Window #7 Window{414ae128 SearchPanel paused=false]
07-07 03:12:47.396   416  1994 W TaintLog: libcore.os.write(258) writing with tag 0x11 data[ogenmod.trebuchet.Launcher paused=false}:.    mSession=Session{41232c30 uid 10045} mClient=android.o]
07-07 03:12:47.498   416  1565 W TaintLog: libcore.os.write(258) writing with tag 0x11 data[WINDOW MANAGER WINDOWS (dumpsys window windows).  Window #7 Window{414ae128 SearchPanel paused=false]
07-07 03:12:47.521   416  1565 W TaintLog: libcore.os.write(258) writing with tag 0x11 data[ogenmod.trebuchet.Launcher paused=false}:.    mSession=Session{41232c30 uid 10045} mClient=android.o]
07-07 03:12:47.615   416  1567 W TaintLog: libcore.os.write(258) writing with tag 0x11 data[WINDOW MANAGER WINDOWS (dumpsys window windows).  Window #7 Window{414ae128 SearchPanel paused=false]
07-07 03:12:47.638   416  1567 W TaintLog: libcore.os.write(258) writing with tag 0x11 data[ogenmod.trebuchet.Launcher paused=false}:.    mSession=Session{41232c30 uid 10045} mClient=android.o]
07-07 03:12:47.724   416   748 W TaintLog: libcore.os.write(258) writing with tag 0x11 data[WINDOW MANAGER WINDOWS (dumpsys window windows).  Window #7 Window{414ae128 SearchPanel paused=false]
07-07 03:12:47.748   416   748 W TaintLog: libcore.os.write(258) writing with tag 0x11 data[ogenmod.trebuchet.Launcher paused=false}:.    mSession=Session{41232c30 uid 10045} mClient=android.o]
07-07 03:12:47.826   416  1995 W TaintLog: libcore.os.write(258) writing with tag 0x11 data[WINDOW MANAGER WINDOWS (dumpsys window windows).  Window #7 Window{414ae128 SearchPanel paused=false]
07-07 03:12:47.857   416  1995 W TaintLog: libcore.os.write(258) writing with tag 0x11 data[ogenmod.trebuchet.Launcher paused=false}:.    mSession=Session{41232c30 uid 10045} mClient=android.o]
07-07 03:12:47.943   416   749 W TaintLog: libcore.os.write(258) writing with tag 0x11 data[WINDOW MANAGER WINDOWS (dumpsys window windows).  Window #7 Window{414ae128 SearchPanel paused=false]
07-07 03:12:47.966   416   749 W TaintLog: libcore.os.write(258) writing with tag 0x11 data[ogenmod.trebuchet.Launcher paused=false}:.    mSession=Session{41232c30 uid 10045} mClient=android.o]
07-07 03:12:48.099   416  1566 W TaintLog: libcore.os.write(258) writing with tag 0x11 data[WINDOW MANAGER WINDOWS (dumpsys window windows).  Window #7 Window{414ae128 SearchPanel paused=false]
07-07 03:12:48.138   416  1566 W TaintLog: libcore.os.write(258) writing with tag 0x11 data[ogenmod.trebuchet.Launcher paused=false}:.    mSession=Session{41232c30 uid 10045} mClient=android.o]
07-07 03:12:48.248   416   651 W TaintLog: libcore.os.write(258) writing with tag 0x11 data[WINDOW MANAGER WINDOWS (dumpsys window windows).  Window #7 Window{414ae128 SearchPanel paused=false]
07-07 03:12:48.294   416   651 W TaintLog: libcore.os.write(258) writing with tag 0x11 data[ogenmod.trebuchet.Launcher paused=false}:.    mSession=Session{41232c30 uid 10045} mClient=android.o]
07-07 03:12:48.380   416   428 W TaintLog: libcore.os.write(258) writing with tag 0x11 data[WINDOW MANAGER WINDOWS (dumpsys window windows).  Window #7 Window{414ae128 SearchPanel paused=false]
07-07 03:12:48.404   416   428 W TaintLog: libcore.os.write(258) writing with tag 0x11 data[ogenmod.trebuchet.Launcher paused=false}:.    mSession=Session{41232c30 uid 10045} mClient=android.o]
