--------- beginning of /dev/log/main
--------- beginning of /dev/log/system
07-07 02:59:58.129  8726  8748 W TaintLog: libcore.os.send(47.91.160.116) received data with tag 0x421 data=[POST /xinyongjiu2015/tangtoys/devices HTTP/1.1..Content-Length: 217..Content-Type: text/plain; chars] 
07-07 03:00:02.238  8726  8755 W TaintLog: libcore.os.write(45) writing with tag 0x400 data[<?xml version='1.0' encoding='utf-8' standalone='yes' ?>.<map>.<string name="cn.jpush.android.APPKEY]
07-07 03:00:02.277  8726  8755 W TaintLog: libcore.os.write(45) writing with tag 0x400 data[<?xml version='1.0' encoding='utf-8' standalone='yes' ?>.<map>.<string name="cn.jpush.android.APPKEY]
07-07 03:00:02.348  8726  8755 W TaintLog: libcore.os.write(45) writing with tag 0x400 data[<?xml version='1.0' encoding='utf-8' standalone='yes' ?>.<map>.<string name="cn.jpush.android.APPKEY]
07-07 03:00:03.348  8726  8755 W TaintLog: libcore.os.write(45) writing with tag 0x400 data[<?xml version='1.0' encoding='utf-8' standalone='yes' ?>.<map>.<string name="registration_id">0802d0]
07-07 03:00:03.410  8726  8755 W TaintLog: libcore.os.write(45) writing with tag 0x400 data[<?xml version='1.0' encoding='utf-8' standalone='yes' ?>.<map>.<string name="registration_id">0802d0]
07-07 03:00:03.770  8726  8755 W TaintLog: libcore.os.write(45) writing with tag 0x400 data[<?xml version='1.0' encoding='utf-8' standalone='yes' ?>.<map>.<string name="registration_id">0802d0]
07-07 03:00:03.824  8726  8755 W TaintLog: libcore.os.write(45) writing with tag 0x400 data[<?xml version='1.0' encoding='utf-8' standalone='yes' ?>.<map>.<string name="registration_id">0802d0]
07-07 03:00:04.012  8726  8755 W TaintLog: libcore.os.write(45) writing with tag 0x400 data[<?xml version='1.0' encoding='utf-8' standalone='yes' ?>.<map>.<string name="registration_id">0802d0]
07-07 03:00:04.051  8726  8755 W TaintLog: libcore.os.write(45) writing with tag 0x400 data[<?xml version='1.0' encoding='utf-8' standalone='yes' ?>.<map>.<string name="registration_id">0802d0]
07-07 03:00:04.559  3862  8759 W TaintLog: libcore.os.write(40) writing with tag 0x31 data[<?xml version='1.0' encoding='UTF-8' standalone='yes' ?><hierarchy><node index="0" text="" class="an]
07-07 03:00:06.035  3862  8759 W TaintLog: libcore.os.write(40) writing with tag 0x31 data[<?xml version='1.0' encoding='UTF-8' standalone='yes' ?><hierarchy><node index="0" text="" class="an]
07-07 03:00:08.090  3862  8759 W TaintLog: libcore.os.write(40) writing with tag 0x31 data[<?xml version='1.0' encoding='UTF-8' standalone='yes' ?><hierarchy><node index="0" text="" class="an]
07-07 03:00:10.410  3862  8759 W TaintLog: libcore.os.write(40) writing with tag 0x31 data[<?xml version='1.0' encoding='UTF-8' standalone='yes' ?><hierarchy><node index="0" text="" class="an]
07-07 03:00:10.566  3862  8759 W TaintLog: libcore.os.write(40) writing with tag 0x31 data[<?xml version='1.0' encoding='UTF-8' standalone='yes' ?><hierarchy><node index="0" text="" class="an]
07-07 03:00:16.660  3862  8774 W TaintLog: libcore.os.write(40) writing with tag 0x31 data[<?xml version='1.0' encoding='UTF-8' standalone='yes' ?><hierarchy><node index="0" text="" class="an]
07-07 03:00:16.871   406   680 W TaintLog: libcore.os.write(266) writing with tag 0x31 data[.WINDOW MANAGER LAST ANR (dumpsys window lastanr).  <no ANR has occurred since boot>..WINDOW MANAGER]
07-07 03:00:16.910   406   680 W TaintLog: libcore.os.write(266) writing with tag 0x31 data[nt=android.os.BinderProxy@41793be8.    mAttrs=WM.LayoutParams{(0,0)(fillxfill) gr=#53 sim=#31 ty=201]
07-07 03:00:17.051   406   418 W TaintLog: libcore.os.write(266) writing with tag 0x31 data[.WINDOW MANAGER LAST ANR (dumpsys window lastanr).  <no ANR has occurred since boot>..WINDOW MANAGER]
07-07 03:00:17.098   406   418 W TaintLog: libcore.os.write(266) writing with tag 0x31 data[nt=android.os.BinderProxy@41793be8.    mAttrs=WM.LayoutParams{(0,0)(fillxfill) gr=#53 sim=#31 ty=201]
07-07 03:00:17.262   406   669 W TaintLog: libcore.os.write(266) writing with tag 0x31 data[.WINDOW MANAGER LAST ANR (dumpsys window lastanr).  <no ANR has occurred since boot>..WINDOW MANAGER]
07-07 03:00:17.316   406   669 W TaintLog: libcore.os.write(266) writing with tag 0x31 data[nt=android.os.BinderProxy@41793be8.    mAttrs=WM.LayoutParams{(0,0)(fillxfill) gr=#53 sim=#31 ty=201]
07-07 03:00:32.121   406   669 W TaintLog: libcore.os.write(256) writing with tag 0x31 data[WINDOW MANAGER WINDOWS (dumpsys window windows).  Window #10 Window{417d86b8 SearchPanel paused=fals]
07-07 03:00:32.387   406   669 W TaintLog: libcore.os.write(256) writing with tag 0x31 data[n=false.    Surface: shown=true layer=21025 alpha=1.0 rect=(200.0,565.0) 320.0 x 104.0.  Window #4 W]
07-07 03:00:32.441   406   669 W TaintLog: libcore.os.write(256) writing with tag 0x31 data[x1134.  mCurConfiguration={1.0 310mcc410mnc en_US sw360dp w360dp h567dp nrml port finger -keyb/v/h -]
07-07 03:00:32.949   406   406 W TaintLog: libcore.os.write(256) writing with tag 0x31 data[WINDOW MANAGER WINDOWS (dumpsys window windows).  Window #10 Window{417d86b8 SearchPanel paused=fals]
07-07 03:00:33.379   406   406 W TaintLog: libcore.os.write(256) writing with tag 0x31 data[n=false.    Surface: shown=true layer=21025 alpha=1.0 rect=(200.0,565.0) 320.0 x 104.0.  Window #4 W]
07-07 03:00:33.434   406   406 W TaintLog: libcore.os.write(256) writing with tag 0x31 data[x1134.  mCurConfiguration={1.0 310mcc410mnc en_US sw360dp w360dp h567dp nrml port finger -keyb/v/h -]
07-07 03:00:33.770   406   682 W TaintLog: libcore.os.write(256) writing with tag 0x31 data[WINDOW MANAGER WINDOWS (dumpsys window windows).  Window #10 Window{417d86b8 SearchPanel paused=fals]
07-07 03:00:34.082   406   682 W TaintLog: libcore.os.write(256) writing with tag 0x31 data[n=false.    Surface: shown=true layer=21025 alpha=1.0 rect=(200.0,565.0) 320.0 x 104.0.  Window #4 W]
07-07 03:00:34.121   406   682 W TaintLog: libcore.os.write(256) writing with tag 0x31 data[x1134.  mCurConfiguration={1.0 310mcc410mnc en_US sw360dp w360dp h567dp nrml port finger -keyb/v/h -]
07-07 03:00:34.363   406   680 W TaintLog: libcore.os.write(256) writing with tag 0x31 data[WINDOW MANAGER WINDOWS (dumpsys window windows).  Window #11 Window{417d86b8 SearchPanel paused=fals]
07-07 03:00:34.535   406   680 W TaintLog: libcore.os.write(256) writing with tag 0x31 data[inActivity}}}.    mAppToken=AppWindowToken{41d93d78 token=Token{41a478a0 ActivityRecord{417d2340 com]
07-07 03:00:34.606   406   680 W TaintLog: libcore.os.write(256) writing with tag 0x31 data[rams{(0,0)(fillxfill) gr=#33 ty=2013 fl=#308 pfl=0x4 wanim=0x10301e8}.    Requested w=-1 h=-1 mLayou]
07-07 03:00:34.879   406   681 W TaintLog: libcore.os.write(256) writing with tag 0x31 data[WINDOW MANAGER WINDOWS (dumpsys window windows).  Window #10 Window{417d86b8 SearchPanel paused=fals]
07-07 03:00:35.035   406   681 W TaintLog: libcore.os.write(256) writing with tag 0x31 data[ayer=21020+0=21020 mLastLayer=21020.    mToken=AppWindowToken{41d93d78 token=Token{41a478a0 Activity]
07-07 03:00:35.082   406   681 W TaintLog: libcore.os.write(256) writing with tag 0x31 data[  mInTouchMode=true mLayoutSeq=962.  mSystemDecorRect=[0,50][720,1184] mSystemDecorLayer=151000.  mW]
07-07 03:00:35.426   406  1608 W TaintLog: libcore.os.write(256) writing with tag 0x31 data[WINDOW MANAGER WINDOWS (dumpsys window windows).  Window #10 Window{417d86b8 SearchPanel paused=fals]
07-07 03:00:35.793   406  1608 W TaintLog: libcore.os.write(256) writing with tag 0x31 data[17ec710 com.lianyun.wenwan/com.lianyun.wenwan.ui.MainActivity paused=false}:.    mSession=Session{41]
07-07 03:00:35.887   406  1608 W TaintLog: libcore.os.write(256) writing with tag 0x31 data[.4 themeResource=null}.  mCurrentFocus=Window{417ec710 com.lianyun.wenwan/com.lianyun.wenwan.ui.Main]
07-07 03:00:36.004   406   682 W TaintLog: libcore.os.write(256) writing with tag 0x31 data[WINDOW MANAGER WINDOWS (dumpsys window windows).  Window #10 Window{417d86b8 SearchPanel paused=fals]
07-07 03:00:36.059   406   682 W TaintLog: libcore.os.write(256) writing with tag 0x31 data[}.    Requested w=320 h=104 mLayoutSeq=963.    mBaseLayer=21000 mSubLayer=0 mAnimLayer=21020+0=21020]
07-07 03:00:36.082   406   682 W TaintLog: libcore.os.write(256) writing with tag 0x31 data[dTarget=Window{4188e430 com.lexa.fakegps/com.lexa.fakegps.TickToint paused=false}.  mInTouchMode=tru]
07-07 03:00:36.184   406  1803 W TaintLog: libcore.os.write(256) writing with tag 0x31 data[WINDOW MANAGER WINDOWS (dumpsys window windows).  Window #10 Window{417d86b8 SearchPanel paused=fals]
07-07 03:00:36.238   406  1803 W TaintLog: libcore.os.write(256) writing with tag 0x31 data[g=true mRemoveOnExit=true mDestroying=false mRemoved=false.  Window #4 Window{417ec710 com.lianyun.w]
07-07 03:00:36.254   406  1803 W TaintLog: libcore.os.write(256) writing with tag 0x31 data[.0 310mcc410mnc en_US sw360dp w360dp h567dp nrml port finger -keyb/v/h -nav/h s.4 themeResource=null]
07-07 03:00:36.363   406   417 W TaintLog: libcore.os.write(256) writing with tag 0x31 data[WINDOW MANAGER WINDOWS (dumpsys window windows).  Window #10 Window{417d86b8 SearchPanel paused=fals]
07-07 03:00:36.418   406   417 W TaintLog: libcore.os.write(256) writing with tag 0x31 data[g=true mRemoveOnExit=true mDestroying=false mRemoved=false.  Window #4 Window{417ec710 com.lianyun.w]
07-07 03:00:36.426   406   417 W TaintLog: libcore.os.write(256) writing with tag 0x31 data[.0 310mcc410mnc en_US sw360dp w360dp h567dp nrml port finger -keyb/v/h -nav/h s.4 themeResource=null]
07-07 03:00:36.551   406   418 W TaintLog: libcore.os.write(256) writing with tag 0x31 data[WINDOW MANAGER WINDOWS (dumpsys window windows).  Window #10 Window{417d86b8 SearchPanel paused=fals]
07-07 03:00:36.676   406   418 W TaintLog: libcore.os.write(256) writing with tag 0x31 data[g=true mRemoveOnExit=true mDestroying=false mRemoved=false.  Window #4 Window{417ec710 com.lianyun.w]
07-07 03:00:36.691   406   418 W TaintLog: libcore.os.write(256) writing with tag 0x31 data[.0 310mcc410mnc en_US sw360dp w360dp h567dp nrml port finger -keyb/v/h -nav/h s.4 themeResource=null]
07-07 03:00:36.793   406   669 W TaintLog: libcore.os.write(256) writing with tag 0x31 data[WINDOW MANAGER WINDOWS (dumpsys window windows).  Window #9 Window{417d86b8 SearchPanel paused=false]
07-07 03:00:36.856   406   669 W TaintLog: libcore.os.write(256) writing with tag 0x31 data[=false.    Surface: shown=true layer=21020 alpha=1.0 rect=(200.0,565.0) 320.0 x 104.0.  Window #3 Wi]
07-07 03:00:36.949   406  1758 W TaintLog: libcore.os.write(256) writing with tag 0x31 data[WINDOW MANAGER WINDOWS (dumpsys window windows).  Window #9 Window{417d86b8 SearchPanel paused=false]
07-07 03:00:37.012   406  1758 W TaintLog: libcore.os.write(256) writing with tag 0x31 data[=false.    Surface: shown=true layer=21020 alpha=1.0 rect=(200.0,565.0) 320.0 x 104.0.  Window #3 Wi]
07-07 03:00:37.113   406   406 W TaintLog: libcore.os.write(256) writing with tag 0x31 data[WINDOW MANAGER WINDOWS (dumpsys window windows).  Window #9 Window{417d86b8 SearchPanel paused=false]
07-07 03:00:37.168   406   406 W TaintLog: libcore.os.write(256) writing with tag 0x31 data[=false.    Surface: shown=true layer=21020 alpha=1.0 rect=(200.0,565.0) 320.0 x 104.0.  Window #3 Wi]
07-07 03:00:37.254   406  1189 W TaintLog: libcore.os.write(256) writing with tag 0x31 data[WINDOW MANAGER WINDOWS (dumpsys window windows).  Window #9 Window{417d86b8 SearchPanel paused=false]
07-07 03:00:37.301   406  1189 W TaintLog: libcore.os.write(256) writing with tag 0x31 data[=false.    Surface: shown=true layer=21020 alpha=1.0 rect=(200.0,565.0) 320.0 x 104.0.  Window #3 Wi]
07-07 03:00:37.496   406   681 W TaintLog: libcore.os.write(256) writing with tag 0x31 data[WINDOW MANAGER WINDOWS (dumpsys window windows).  Window #9 Window{417d86b8 SearchPanel paused=false]
07-07 03:00:37.551   406   681 W TaintLog: libcore.os.write(256) writing with tag 0x31 data[=false.    Surface: shown=true layer=21020 alpha=1.0 rect=(200.0,565.0) 320.0 x 104.0.  Window #3 Wi]
07-07 03:00:37.637   406   660 W TaintLog: libcore.os.write(256) writing with tag 0x31 data[WINDOW MANAGER WINDOWS (dumpsys window windows).  Window #9 Window{417d86b8 SearchPanel paused=false]
07-07 03:00:37.691   406   660 W TaintLog: libcore.os.write(256) writing with tag 0x31 data[=false.    Surface: shown=true layer=21020 alpha=1.0 rect=(200.0,565.0) 320.0 x 104.0.  Window #3 Wi]
07-07 03:00:37.785   406  1754 W TaintLog: libcore.os.write(256) writing with tag 0x31 data[WINDOW MANAGER WINDOWS (dumpsys window windows).  Window #9 Window{417d86b8 SearchPanel paused=false]
07-07 03:00:37.840   406  1754 W TaintLog: libcore.os.write(256) writing with tag 0x31 data[=false.    Surface: shown=true layer=21020 alpha=1.0 rect=(200.0,565.0) 320.0 x 104.0.  Window #3 Wi]
07-07 03:00:37.934   406  1608 W TaintLog: libcore.os.write(256) writing with tag 0x31 data[WINDOW MANAGER WINDOWS (dumpsys window windows).  Window #9 Window{417d86b8 SearchPanel paused=false]
07-07 03:00:38.004   406  1608 W TaintLog: libcore.os.write(256) writing with tag 0x31 data[=false.    Surface: shown=true layer=21020 alpha=1.0 rect=(200.0,565.0) 320.0 x 104.0.  Window #3 Wi]
07-07 03:00:38.121   406   691 W TaintLog: libcore.os.write(256) writing with tag 0x31 data[WINDOW MANAGER WINDOWS (dumpsys window windows).  Window #9 Window{417d86b8 SearchPanel paused=false]
07-07 03:00:38.207   406   691 W TaintLog: libcore.os.write(256) writing with tag 0x31 data[=false.    Surface: shown=true layer=21020 alpha=1.0 rect=(200.0,565.0) 320.0 x 104.0.  Window #3 Wi]
07-07 03:00:38.371   406  1802 W TaintLog: libcore.os.write(256) writing with tag 0x31 data[WINDOW MANAGER WINDOWS (dumpsys window windows).  Window #9 Window{417d86b8 SearchPanel paused=false]
07-07 03:00:38.441   406  1802 W TaintLog: libcore.os.write(256) writing with tag 0x31 data[=false.    Surface: shown=true layer=21020 alpha=1.0 rect=(200.0,565.0) 320.0 x 104.0.  Window #3 Wi]
07-07 03:00:38.559   406  1753 W TaintLog: libcore.os.write(256) writing with tag 0x31 data[WINDOW MANAGER WINDOWS (dumpsys window windows).  Window #9 Window{417d86b8 SearchPanel paused=false]
07-07 03:00:38.645   406  1753 W TaintLog: libcore.os.write(256) writing with tag 0x31 data[=false.    Surface: shown=true layer=21020 alpha=1.0 rect=(200.0,565.0) 320.0 x 104.0.  Window #3 Wi]
07-07 03:00:38.762   406   682 W TaintLog: libcore.os.write(256) writing with tag 0x31 data[WINDOW MANAGER WINDOWS (dumpsys window windows).  Window #9 Window{417d86b8 SearchPanel paused=false]
07-07 03:00:38.840   406   682 W TaintLog: libcore.os.write(256) writing with tag 0x31 data[=false.    Surface: shown=true layer=21020 alpha=1.0 rect=(200.0,565.0) 320.0 x 104.0.  Window #3 Wi]
07-07 03:00:38.957   406  1803 W TaintLog: libcore.os.write(256) writing with tag 0x31 data[WINDOW MANAGER WINDOWS (dumpsys window windows).  Window #9 Window{417d86b8 SearchPanel paused=false]
07-07 03:00:39.035   406  1803 W TaintLog: libcore.os.write(256) writing with tag 0x31 data[=false.    Surface: shown=true layer=21020 alpha=1.0 rect=(200.0,565.0) 320.0 x 104.0.  Window #3 Wi]
07-07 03:00:39.223   406   418 W TaintLog: libcore.os.write(256) writing with tag 0x31 data[WINDOW MANAGER WINDOWS (dumpsys window windows).  Window #9 Window{417d86b8 SearchPanel paused=false]
07-07 03:00:39.395   406   418 W TaintLog: libcore.os.write(256) writing with tag 0x31 data[=false.    Surface: shown=true layer=21020 alpha=1.0 rect=(200.0,565.0) 320.0 x 104.0.  Window #3 Wi]
07-07 03:00:39.543   406   680 W TaintLog: libcore.os.write(256) writing with tag 0x31 data[WINDOW MANAGER WINDOWS (dumpsys window windows).  Window #9 Window{417d86b8 SearchPanel paused=false]
07-07 03:00:39.621   406   680 W TaintLog: libcore.os.write(256) writing with tag 0x31 data[=false.    Surface: shown=true layer=21020 alpha=1.0 rect=(200.0,565.0) 320.0 x 104.0.  Window #3 Wi]
07-07 03:00:39.746   406   669 W TaintLog: libcore.os.write(263) writing with tag 0x31 data[WINDOW MANAGER WINDOWS (dumpsys window windows).  Window #9 Window{417d86b8 SearchPanel paused=false]
07-07 03:00:39.824   406   669 W TaintLog: libcore.os.write(263) writing with tag 0x31 data[=false.    Surface: shown=true layer=21020 alpha=1.0 rect=(200.0,565.0) 320.0 x 104.0.  Window #3 Wi]
07-07 03:00:39.949   406  1758 W TaintLog: libcore.os.write(256) writing with tag 0x31 data[WINDOW MANAGER WINDOWS (dumpsys window windows).  Window #9 Window{417d86b8 SearchPanel paused=false]
07-07 03:00:40.145   406  1758 W TaintLog: libcore.os.write(256) writing with tag 0x31 data[=false.    Surface: shown=true layer=21020 alpha=1.0 rect=(200.0,565.0) 320.0 x 104.0.  Window #3 Wi]
07-07 03:00:40.449   406  1189 W TaintLog: libcore.os.write(256) writing with tag 0x31 data[WINDOW MANAGER WINDOWS (dumpsys window windows).  Window #9 Window{417d86b8 SearchPanel paused=false]
07-07 03:00:40.731   406  1189 W TaintLog: libcore.os.write(256) writing with tag 0x31 data[=false.    Surface: shown=true layer=21020 alpha=1.0 rect=(200.0,565.0) 320.0 x 104.0.  Window #3 Wi]
07-07 03:00:41.371   406   681 W TaintLog: libcore.os.write(256) writing with tag 0x31 data[WINDOW MANAGER WINDOWS (dumpsys window windows).  Window #9 Window{417d86b8 SearchPanel paused=false]
07-07 03:00:41.598   406   681 W TaintLog: libcore.os.write(256) writing with tag 0x31 data[=false.    Surface: shown=true layer=21020 alpha=1.0 rect=(200.0,565.0) 320.0 x 104.0.  Window #3 Wi]
07-07 03:00:42.004   406   660 W TaintLog: libcore.os.write(256) writing with tag 0x31 data[WINDOW MANAGER WINDOWS (dumpsys window windows).  Window #9 Window{417d86b8 SearchPanel paused=false]
07-07 03:00:42.246   406   660 W TaintLog: libcore.os.write(256) writing with tag 0x31 data[=false.    Surface: shown=true layer=21020 alpha=1.0 rect=(200.0,565.0) 320.0 x 104.0.  Window #3 Wi]
07-07 03:00:42.645   406  1754 W TaintLog: libcore.os.write(256) writing with tag 0x31 data[WINDOW MANAGER WINDOWS (dumpsys window windows).  Window #9 Window{417d86b8 SearchPanel paused=false]
07-07 03:00:42.848   406  1754 W TaintLog: libcore.os.write(256) writing with tag 0x31 data[=false.    Surface: shown=true layer=21020 alpha=1.0 rect=(200.0,565.0) 320.0 x 104.0.  Window #3 Wi]
07-07 03:00:43.129   406  1608 W TaintLog: libcore.os.write(256) writing with tag 0x31 data[WINDOW MANAGER WINDOWS (dumpsys window windows).  Window #9 Window{417d86b8 SearchPanel paused=false]
07-07 03:00:43.309   406  1608 W TaintLog: libcore.os.write(256) writing with tag 0x31 data[=false.    Surface: shown=true layer=21020 alpha=1.0 rect=(200.0,565.0) 320.0 x 104.0.  Window #3 Wi]
07-07 03:00:43.840   406   691 W TaintLog: libcore.os.write(256) writing with tag 0x31 data[WINDOW MANAGER WINDOWS (dumpsys window windows).  Window #9 Window{417d86b8 SearchPanel paused=false]
07-07 03:00:43.973   406   691 W TaintLog: libcore.os.write(256) writing with tag 0x31 data[=false.    Surface: shown=true layer=21020 alpha=1.0 rect=(200.0,565.0) 320.0 x 104.0.  Window #3 Wi]
07-07 03:00:44.082   406  1753 W TaintLog: libcore.os.write(256) writing with tag 0x31 data[WINDOW MANAGER WINDOWS (dumpsys window windows).  Window #9 Window{417d86b8 SearchPanel paused=false]
07-07 03:00:44.137   406  1753 W TaintLog: libcore.os.write(256) writing with tag 0x31 data[=false.    Surface: shown=true layer=21020 alpha=1.0 rect=(200.0,565.0) 320.0 x 104.0.  Window #3 Wi]
07-07 03:00:44.223   406   682 W TaintLog: libcore.os.write(256) writing with tag 0x31 data[WINDOW MANAGER WINDOWS (dumpsys window windows).  Window #9 Window{417d86b8 SearchPanel paused=false]
07-07 03:00:44.277   406   682 W TaintLog: libcore.os.write(256) writing with tag 0x31 data[=false.    Surface: shown=true layer=21020 alpha=1.0 rect=(200.0,565.0) 320.0 x 104.0.  Window #3 Wi]
07-07 03:00:44.363   406   417 W TaintLog: libcore.os.write(256) writing with tag 0x31 data[WINDOW MANAGER WINDOWS (dumpsys window windows).  Window #9 Window{417d86b8 SearchPanel paused=false]
07-07 03:00:44.402   406   417 W TaintLog: libcore.os.write(256) writing with tag 0x31 data[=false.    Surface: shown=true layer=21020 alpha=1.0 rect=(200.0,565.0) 320.0 x 104.0.  Window #3 Wi]
07-07 03:00:44.504   406  1803 W TaintLog: libcore.os.write(256) writing with tag 0x31 data[WINDOW MANAGER WINDOWS (dumpsys window windows).  Window #9 Window{417d86b8 SearchPanel paused=false]
07-07 03:00:44.613   406  1803 W TaintLog: libcore.os.write(256) writing with tag 0x31 data[=false.    Surface: shown=true layer=21020 alpha=1.0 rect=(200.0,565.0) 320.0 x 104.0.  Window #3 Wi]
07-07 03:00:44.691   406   418 W TaintLog: libcore.os.write(256) writing with tag 0x31 data[WINDOW MANAGER WINDOWS (dumpsys window windows).  Window #9 Window{417d86b8 SearchPanel paused=false]
07-07 03:00:44.738   406   418 W TaintLog: libcore.os.write(256) writing with tag 0x31 data[=false.    Surface: shown=true layer=21020 alpha=1.0 rect=(200.0,565.0) 320.0 x 104.0.  Window #3 Wi]
07-07 03:00:44.816   406   680 W TaintLog: libcore.os.write(256) writing with tag 0x31 data[WINDOW MANAGER WINDOWS (dumpsys window windows).  Window #9 Window{417d86b8 SearchPanel paused=false]
07-07 03:00:44.871   406   680 W TaintLog: libcore.os.write(256) writing with tag 0x31 data[=false.    Surface: shown=true layer=21020 alpha=1.0 rect=(200.0,565.0) 320.0 x 104.0.  Window #3 Wi]
07-07 03:00:44.949   406   669 W TaintLog: libcore.os.write(256) writing with tag 0x31 data[WINDOW MANAGER WINDOWS (dumpsys window windows).  Window #9 Window{417d86b8 SearchPanel paused=false]
07-07 03:00:44.996   406   669 W TaintLog: libcore.os.write(256) writing with tag 0x31 data[=false.    Surface: shown=true layer=21020 alpha=1.0 rect=(200.0,565.0) 320.0 x 104.0.  Window #3 Wi]
07-07 03:00:45.090   406  1758 W TaintLog: libcore.os.write(256) writing with tag 0x31 data[WINDOW MANAGER WINDOWS (dumpsys window windows).  Window #9 Window{417d86b8 SearchPanel paused=false]
07-07 03:00:45.137   406  1758 W TaintLog: libcore.os.write(256) writing with tag 0x31 data[=false.    Surface: shown=true layer=21020 alpha=1.0 rect=(200.0,565.0) 320.0 x 104.0.  Window #3 Wi]
07-07 03:00:45.238   406  1189 W TaintLog: libcore.os.write(256) writing with tag 0x31 data[WINDOW MANAGER WINDOWS (dumpsys window windows).  Window #9 Window{417d86b8 SearchPanel paused=false]
07-07 03:00:45.340   406  1189 W TaintLog: libcore.os.write(256) writing with tag 0x31 data[=false.    Surface: shown=true layer=21020 alpha=1.0 rect=(200.0,565.0) 320.0 x 104.0.  Window #3 Wi]
07-07 03:00:45.449   406   681 W TaintLog: libcore.os.write(256) writing with tag 0x31 data[WINDOW MANAGER WINDOWS (dumpsys window windows).  Window #9 Window{417d86b8 SearchPanel paused=false]
07-07 03:00:45.504   406   681 W TaintLog: libcore.os.write(256) writing with tag 0x31 data[=false.    Surface: shown=true layer=21020 alpha=1.0 rect=(200.0,565.0) 320.0 x 104.0.  Window #3 Wi]
07-07 03:00:45.598   406  1753 W TaintLog: libcore.os.write(256) writing with tag 0x31 data[WINDOW MANAGER WINDOWS (dumpsys window windows).  Window #9 Window{417d86b8 SearchPanel paused=false]
07-07 03:00:45.652   406  1753 W TaintLog: libcore.os.write(256) writing with tag 0x31 data[=false.    Surface: shown=true layer=21020 alpha=1.0 rect=(200.0,565.0) 320.0 x 104.0.  Window #3 Wi]
07-07 03:00:45.731   406   682 W TaintLog: libcore.os.write(256) writing with tag 0x31 data[WINDOW MANAGER WINDOWS (dumpsys window windows).  Window #9 Window{417d86b8 SearchPanel paused=false]
07-07 03:00:45.777   406   682 W TaintLog: libcore.os.write(256) writing with tag 0x31 data[=false.    Surface: shown=true layer=21020 alpha=1.0 rect=(200.0,565.0) 320.0 x 104.0.  Window #3 Wi]
07-07 03:00:45.879   406   417 W TaintLog: libcore.os.write(256) writing with tag 0x31 data[WINDOW MANAGER WINDOWS (dumpsys window windows).  Window #9 Window{417d86b8 SearchPanel paused=false]
07-07 03:00:45.926   406   417 W TaintLog: libcore.os.write(256) writing with tag 0x31 data[=false.    Surface: shown=true layer=21020 alpha=1.0 rect=(200.0,565.0) 320.0 x 104.0.  Window #3 Wi]
07-07 03:00:46.106   406  1803 W TaintLog: libcore.os.write(256) writing with tag 0x31 data[WINDOW MANAGER WINDOWS (dumpsys window windows).  Window #9 Window{417d86b8 SearchPanel paused=false]
07-07 03:00:46.168   406  1803 W TaintLog: libcore.os.write(256) writing with tag 0x31 data[=false.    Surface: shown=true layer=21020 alpha=1.0 rect=(200.0,565.0) 320.0 x 104.0.  Window #3 Wi]
07-07 03:00:46.293   406   418 W TaintLog: libcore.os.write(256) writing with tag 0x31 data[WINDOW MANAGER WINDOWS (dumpsys window windows).  Window #9 Window{417d86b8 SearchPanel paused=false]
07-07 03:00:46.371   406   418 W TaintLog: libcore.os.write(256) writing with tag 0x31 data[=false.    Surface: shown=true layer=21020 alpha=1.0 rect=(200.0,565.0) 320.0 x 104.0.  Window #3 Wi]
07-07 03:00:46.488   406   680 W TaintLog: libcore.os.write(256) writing with tag 0x31 data[WINDOW MANAGER WINDOWS (dumpsys window windows).  Window #9 Window{417d86b8 SearchPanel paused=false]
07-07 03:00:46.559   406   680 W TaintLog: libcore.os.write(256) writing with tag 0x31 data[=false.    Surface: shown=true layer=21020 alpha=1.0 rect=(200.0,565.0) 320.0 x 104.0.  Window #3 Wi]
07-07 03:00:46.660   406   406 W TaintLog: libcore.os.write(256) writing with tag 0x31 data[WINDOW MANAGER WINDOWS (dumpsys window windows).  Window #9 Window{417d86b8 SearchPanel paused=false]
07-07 03:00:46.723   406   406 W TaintLog: libcore.os.write(256) writing with tag 0x31 data[=false.    Surface: shown=true layer=21020 alpha=1.0 rect=(200.0,565.0) 320.0 x 104.0.  Window #3 Wi]
07-07 03:00:46.856   406   669 W TaintLog: libcore.os.write(256) writing with tag 0x31 data[WINDOW MANAGER WINDOWS (dumpsys window windows).  Window #9 Window{417d86b8 SearchPanel paused=false]
07-07 03:00:46.988   406   669 W TaintLog: libcore.os.write(256) writing with tag 0x31 data[=false.    Surface: shown=true layer=21020 alpha=1.0 rect=(200.0,565.0) 320.0 x 104.0.  Window #3 Wi]
07-07 03:00:47.129   406  1758 W TaintLog: libcore.os.write(256) writing with tag 0x31 data[WINDOW MANAGER WINDOWS (dumpsys window windows).  Window #9 Window{417d86b8 SearchPanel paused=false]
07-07 03:00:47.207   406  1758 W TaintLog: libcore.os.write(256) writing with tag 0x31 data[=false.    Surface: shown=true layer=21020 alpha=1.0 rect=(200.0,565.0) 320.0 x 104.0.  Window #3 Wi]
07-07 03:00:47.332   406  1189 W TaintLog: libcore.os.write(256) writing with tag 0x31 data[WINDOW MANAGER WINDOWS (dumpsys window windows).  Window #9 Window{417d86b8 SearchPanel paused=false]
07-07 03:00:47.418   406  1189 W TaintLog: libcore.os.write(256) writing with tag 0x31 data[=false.    Surface: shown=true layer=21020 alpha=1.0 rect=(200.0,565.0) 320.0 x 104.0.  Window #3 Wi]
07-07 03:00:47.551   406   660 W TaintLog: libcore.os.write(256) writing with tag 0x31 data[WINDOW MANAGER WINDOWS (dumpsys window windows).  Window #9 Window{417d86b8 SearchPanel paused=false]
07-07 03:00:47.645   406   660 W TaintLog: libcore.os.write(256) writing with tag 0x31 data[=false.    Surface: shown=true layer=21020 alpha=1.0 rect=(200.0,565.0) 320.0 x 104.0.  Window #3 Wi]
07-07 03:00:47.785   406  1754 W TaintLog: libcore.os.write(256) writing with tag 0x31 data[WINDOW MANAGER WINDOWS (dumpsys window windows).  Window #9 Window{417d86b8 SearchPanel paused=false]
07-07 03:00:47.863   406  1754 W TaintLog: libcore.os.write(256) writing with tag 0x31 data[=false.    Surface: shown=true layer=21020 alpha=1.0 rect=(200.0,565.0) 320.0 x 104.0.  Window #3 Wi]
07-07 03:00:48.395   406  1608 W TaintLog: libcore.os.write(256) writing with tag 0x31 data[WINDOW MANAGER WINDOWS (dumpsys window windows).  Window #9 Window{417d86b8 SearchPanel paused=false]
07-07 03:00:48.637   406  1608 W TaintLog: libcore.os.write(256) writing with tag 0x31 data[=false.    Surface: shown=true layer=21020 alpha=1.0 rect=(200.0,565.0) 320.0 x 104.0.  Window #3 Wi]
07-07 03:00:48.934   406  1802 W TaintLog: libcore.os.write(256) writing with tag 0x31 data[WINDOW MANAGER WINDOWS (dumpsys window windows).  Window #9 Window{417d86b8 SearchPanel paused=false]
07-07 03:00:49.113   406  1802 W TaintLog: libcore.os.write(256) writing with tag 0x31 data[=false.    Surface: shown=true layer=21020 alpha=1.0 rect=(200.0,565.0) 320.0 x 104.0.  Window #3 Wi]
07-07 03:00:49.426   406   691 W TaintLog: libcore.os.write(256) writing with tag 0x31 data[WINDOW MANAGER WINDOWS (dumpsys window windows).  Window #9 Window{417d86b8 SearchPanel paused=false]
07-07 03:00:49.715   406   691 W TaintLog: libcore.os.write(256) writing with tag 0x31 data[=false.    Surface: shown=true layer=21020 alpha=1.0 rect=(200.0,565.0) 320.0 x 104.0.  Window #3 Wi]
07-07 03:00:49.965   406   681 W TaintLog: libcore.os.write(256) writing with tag 0x31 data[WINDOW MANAGER WINDOWS (dumpsys window windows).  Window #9 Window{417d86b8 SearchPanel paused=false]
07-07 03:00:50.012   406   681 W TaintLog: libcore.os.write(256) writing with tag 0x31 data[=false.    Surface: shown=true layer=21020 alpha=1.0 rect=(200.0,565.0) 320.0 x 104.0.  Window #3 Wi]
07-07 03:00:50.098   406  1753 W TaintLog: libcore.os.write(256) writing with tag 0x31 data[WINDOW MANAGER WINDOWS (dumpsys window windows).  Window #9 Window{417d86b8 SearchPanel paused=false]
07-07 03:00:50.246   406  1753 W TaintLog: libcore.os.write(256) writing with tag 0x31 data[=false.    Surface: shown=true layer=21020 alpha=1.0 rect=(200.0,565.0) 320.0 x 104.0.  Window #3 Wi]
07-07 03:00:50.348   406   682 W TaintLog: libcore.os.write(256) writing with tag 0x31 data[WINDOW MANAGER WINDOWS (dumpsys window windows).  Window #9 Window{417d86b8 SearchPanel paused=false]
07-07 03:00:50.418   406   682 W TaintLog: libcore.os.write(256) writing with tag 0x31 data[=false.    Surface: shown=true layer=21020 alpha=1.0 rect=(200.0,565.0) 320.0 x 104.0.  Window #3 Wi]
07-07 03:00:50.504   406   417 W TaintLog: libcore.os.write(256) writing with tag 0x31 data[WINDOW MANAGER WINDOWS (dumpsys window windows).  Window #9 Window{417d86b8 SearchPanel paused=false]
07-07 03:00:50.559   406   417 W TaintLog: libcore.os.write(256) writing with tag 0x31 data[=false.    Surface: shown=true layer=21020 alpha=1.0 rect=(200.0,565.0) 320.0 x 104.0.  Window #3 Wi]
07-07 03:00:50.645   406  1803 W TaintLog: libcore.os.write(256) writing with tag 0x31 data[WINDOW MANAGER WINDOWS (dumpsys window windows).  Window #9 Window{417d86b8 SearchPanel paused=false]
07-07 03:00:50.691   406  1803 W TaintLog: libcore.os.write(256) writing with tag 0x31 data[=false.    Surface: shown=true layer=21020 alpha=1.0 rect=(200.0,565.0) 320.0 x 104.0.  Window #3 Wi]
07-07 03:00:50.785   406   418 W TaintLog: libcore.os.write(256) writing with tag 0x31 data[WINDOW MANAGER WINDOWS (dumpsys window windows).  Window #9 Window{417d86b8 SearchPanel paused=false]
07-07 03:00:50.832   406   418 W TaintLog: libcore.os.write(256) writing with tag 0x31 data[=false.    Surface: shown=true layer=21020 alpha=1.0 rect=(200.0,565.0) 320.0 x 104.0.  Window #3 Wi]
07-07 03:00:50.957   406   680 W TaintLog: libcore.os.write(256) writing with tag 0x31 data[WINDOW MANAGER WINDOWS (dumpsys window windows).  Window #9 Window{417d86b8 SearchPanel paused=false]
07-07 03:00:51.059   406   680 W TaintLog: libcore.os.write(256) writing with tag 0x31 data[=false.    Surface: shown=true layer=21020 alpha=1.0 rect=(200.0,565.0) 320.0 x 104.0.  Window #3 Wi]
07-07 03:00:51.160   406   669 W TaintLog: libcore.os.write(256) writing with tag 0x31 data[WINDOW MANAGER WINDOWS (dumpsys window windows).  Window #9 Window{417d86b8 SearchPanel paused=false]
07-07 03:00:51.215   406   669 W TaintLog: libcore.os.write(256) writing with tag 0x31 data[=false.    Surface: shown=true layer=21020 alpha=1.0 rect=(200.0,565.0) 320.0 x 104.0.  Window #3 Wi]
07-07 03:00:51.301   406  1758 W TaintLog: libcore.os.write(256) writing with tag 0x31 data[WINDOW MANAGER WINDOWS (dumpsys window windows).  Window #9 Window{417d86b8 SearchPanel paused=false]
07-07 03:00:51.348   406  1758 W TaintLog: libcore.os.write(256) writing with tag 0x31 data[=false.    Surface: shown=true layer=21020 alpha=1.0 rect=(200.0,565.0) 320.0 x 104.0.  Window #3 Wi]
07-07 03:00:51.434   406  1189 W TaintLog: libcore.os.write(256) writing with tag 0x31 data[WINDOW MANAGER WINDOWS (dumpsys window windows).  Window #9 Window{417d86b8 SearchPanel paused=false]
07-07 03:00:51.481   406  1189 W TaintLog: libcore.os.write(256) writing with tag 0x31 data[=false.    Surface: shown=true layer=21020 alpha=1.0 rect=(200.0,565.0) 320.0 x 104.0.  Window #3 Wi]
07-07 03:00:51.566   406   660 W TaintLog: libcore.os.write(256) writing with tag 0x31 data[WINDOW MANAGER WINDOWS (dumpsys window windows).  Window #9 Window{417d86b8 SearchPanel paused=false]
07-07 03:00:51.613   406   660 W TaintLog: libcore.os.write(256) writing with tag 0x31 data[=false.    Surface: shown=true layer=21020 alpha=1.0 rect=(200.0,565.0) 320.0 x 104.0.  Window #3 Wi]
07-07 03:00:51.770   406  1754 W TaintLog: libcore.os.write(256) writing with tag 0x31 data[WINDOW MANAGER WINDOWS (dumpsys window windows).  Window #9 Window{417d86b8 SearchPanel paused=false]
07-07 03:00:51.832   406  1754 W TaintLog: libcore.os.write(256) writing with tag 0x31 data[=false.    Surface: shown=true layer=21020 alpha=1.0 rect=(200.0,565.0) 320.0 x 104.0.  Window #3 Wi]
07-07 03:00:51.918   406  1608 W TaintLog: libcore.os.write(256) writing with tag 0x31 data[WINDOW MANAGER WINDOWS (dumpsys window windows).  Window #9 Window{417d86b8 SearchPanel paused=false]
07-07 03:00:51.973   406  1608 W TaintLog: libcore.os.write(256) writing with tag 0x31 data[=false.    Surface: shown=true layer=21020 alpha=1.0 rect=(200.0,565.0) 320.0 x 104.0.  Window #3 Wi]
07-07 03:00:52.074   406   691 W TaintLog: libcore.os.write(256) writing with tag 0x31 data[WINDOW MANAGER WINDOWS (dumpsys window windows).  Window #9 Window{417d86b8 SearchPanel paused=false]
07-07 03:00:52.137   406   691 W TaintLog: libcore.os.write(256) writing with tag 0x31 data[=false.    Surface: shown=true layer=21020 alpha=1.0 rect=(200.0,565.0) 320.0 x 104.0.  Window #3 Wi]
07-07 03:00:52.223   406   681 W TaintLog: libcore.os.write(256) writing with tag 0x31 data[WINDOW MANAGER WINDOWS (dumpsys window windows).  Window #9 Window{417d86b8 SearchPanel paused=false]
07-07 03:00:52.277   406   681 W TaintLog: libcore.os.write(256) writing with tag 0x31 data[=false.    Surface: shown=true layer=21020 alpha=1.0 rect=(200.0,565.0) 320.0 x 104.0.  Window #3 Wi]
07-07 03:00:52.402   406  1753 W TaintLog: libcore.os.write(256) writing with tag 0x31 data[WINDOW MANAGER WINDOWS (dumpsys window windows).  Window #9 Window{417d86b8 SearchPanel paused=false]
07-07 03:00:52.582   406  1753 W TaintLog: libcore.os.write(256) writing with tag 0x31 data[=false.    Surface: shown=true layer=21020 alpha=1.0 rect=(200.0,565.0) 320.0 x 104.0.  Window #3 Wi]
07-07 03:00:52.676   406   682 W TaintLog: libcore.os.write(256) writing with tag 0x31 data[WINDOW MANAGER WINDOWS (dumpsys window windows).  Window #9 Window{417d86b8 SearchPanel paused=false]
07-07 03:00:52.738   406   682 W TaintLog: libcore.os.write(256) writing with tag 0x31 data[=false.    Surface: shown=true layer=21020 alpha=1.0 rect=(200.0,565.0) 320.0 x 104.0.  Window #3 Wi]
07-07 03:00:52.856   406   417 W TaintLog: libcore.os.write(256) writing with tag 0x31 data[WINDOW MANAGER WINDOWS (dumpsys window windows).  Window #9 Window{417d86b8 SearchPanel paused=false]
07-07 03:00:52.910   406   417 W TaintLog: libcore.os.write(256) writing with tag 0x31 data[=false.    Surface: shown=true layer=21020 alpha=1.0 rect=(200.0,565.0) 320.0 x 104.0.  Window #3 Wi]
07-07 03:00:53.051   406  1803 W TaintLog: libcore.os.write(256) writing with tag 0x31 data[WINDOW MANAGER WINDOWS (dumpsys window windows).  Window #9 Window{417d86b8 SearchPanel paused=false]
07-07 03:00:53.137   406  1803 W TaintLog: libcore.os.write(256) writing with tag 0x31 data[=false.    Surface: shown=true layer=21020 alpha=1.0 rect=(200.0,565.0) 320.0 x 104.0.  Window #3 Wi]
07-07 03:00:53.277   406   418 W TaintLog: libcore.os.write(256) writing with tag 0x31 data[WINDOW MANAGER WINDOWS (dumpsys window windows).  Window #9 Window{417d86b8 SearchPanel paused=false]
07-07 03:00:53.356   406   418 W TaintLog: libcore.os.write(256) writing with tag 0x31 data[=false.    Surface: shown=true layer=21020 alpha=1.0 rect=(200.0,565.0) 320.0 x 104.0.  Window #3 Wi]
07-07 03:00:53.574   406   406 W TaintLog: libcore.os.write(256) writing with tag 0x31 data[WINDOW MANAGER WINDOWS (dumpsys window windows).  Window #9 Window{417d86b8 SearchPanel paused=false]
07-07 03:00:53.668   406   406 W TaintLog: libcore.os.write(256) writing with tag 0x31 data[=false.    Surface: shown=true layer=21020 alpha=1.0 rect=(200.0,565.0) 320.0 x 104.0.  Window #3 Wi]
07-07 03:00:53.785   406   680 W TaintLog: libcore.os.write(256) writing with tag 0x31 data[WINDOW MANAGER WINDOWS (dumpsys window windows).  Window #9 Window{417d86b8 SearchPanel paused=false]
07-07 03:00:53.856   406   680 W TaintLog: libcore.os.write(256) writing with tag 0x31 data[=false.    Surface: shown=true layer=21020 alpha=1.0 rect=(200.0,565.0) 320.0 x 104.0.  Window #3 Wi]
07-07 03:00:54.106   406   669 W TaintLog: libcore.os.write(256) writing with tag 0x31 data[WINDOW MANAGER WINDOWS (dumpsys window windows).  Window #9 Window{417d86b8 SearchPanel paused=false]
07-07 03:00:54.301   406   669 W TaintLog: libcore.os.write(256) writing with tag 0x31 data[=false.    Surface: shown=true layer=21020 alpha=1.0 rect=(200.0,565.0) 320.0 x 104.0.  Window #3 Wi]
07-07 03:00:54.566   406  1189 W TaintLog: libcore.os.write(256) writing with tag 0x31 data[WINDOW MANAGER WINDOWS (dumpsys window windows).  Window #9 Window{417d86b8 SearchPanel paused=false]
07-07 03:00:54.746   406  1189 W TaintLog: libcore.os.write(256) writing with tag 0x31 data[=false.    Surface: shown=true layer=21020 alpha=1.0 rect=(200.0,565.0) 320.0 x 104.0.  Window #3 Wi]
07-07 03:00:55.020   406   660 W TaintLog: libcore.os.write(256) writing with tag 0x31 data[WINDOW MANAGER WINDOWS (dumpsys window windows).  Window #9 Window{417d86b8 SearchPanel paused=false]
07-07 03:00:55.473   406   660 W TaintLog: libcore.os.write(256) writing with tag 0x31 data[=false.    Surface: shown=true layer=21020 alpha=1.0 rect=(200.0,565.0) 320.0 x 104.0.  Window #3 Wi]
07-07 03:00:55.801   406  1754 W TaintLog: libcore.os.write(256) writing with tag 0x31 data[WINDOW MANAGER WINDOWS (dumpsys window windows).  Window #9 Window{417d86b8 SearchPanel paused=false]
07-07 03:00:55.988   406  1754 W TaintLog: libcore.os.write(256) writing with tag 0x31 data[=false.    Surface: shown=true layer=21020 alpha=1.0 rect=(200.0,565.0) 320.0 x 104.0.  Window #3 Wi]
07-07 03:00:56.254   406  1802 W TaintLog: libcore.os.write(256) writing with tag 0x31 data[WINDOW MANAGER WINDOWS (dumpsys window windows).  Window #9 Window{417d86b8 SearchPanel paused=false]
07-07 03:00:56.434   406  1802 W TaintLog: libcore.os.write(256) writing with tag 0x31 data[=false.    Surface: shown=true layer=21020 alpha=1.0 rect=(200.0,565.0) 320.0 x 104.0.  Window #3 Wi]
07-07 03:00:56.754   406  1608 W TaintLog: libcore.os.write(256) writing with tag 0x31 data[WINDOW MANAGER WINDOWS (dumpsys window windows).  Window #9 Window{417d86b8 SearchPanel paused=false]
07-07 03:00:57.106   406  1608 W TaintLog: libcore.os.write(256) writing with tag 0x31 data[=false.    Surface: shown=true layer=21020 alpha=1.0 rect=(200.0,565.0) 320.0 x 104.0.  Window #3 Wi]
07-07 03:00:57.410   406   691 W TaintLog: libcore.os.write(256) writing with tag 0x31 data[WINDOW MANAGER WINDOWS (dumpsys window windows).  Window #9 Window{417d86b8 SearchPanel paused=false]
07-07 03:00:57.582   406   691 W TaintLog: libcore.os.write(256) writing with tag 0x31 data[=false.    Surface: shown=true layer=21020 alpha=1.0 rect=(200.0,565.0) 320.0 x 104.0.  Window #3 Wi]
07-07 03:00:57.965   406   681 W TaintLog: libcore.os.write(256) writing with tag 0x31 data[WINDOW MANAGER WINDOWS (dumpsys window windows).  Window #9 Window{417d86b8 SearchPanel paused=false]
07-07 03:00:58.020   406   681 W TaintLog: libcore.os.write(256) writing with tag 0x31 data[=false.    Surface: shown=true layer=21020 alpha=1.0 rect=(200.0,565.0) 320.0 x 104.0.  Window #3 Wi]
07-07 03:00:58.098   406  1753 W TaintLog: libcore.os.write(256) writing with tag 0x31 data[WINDOW MANAGER WINDOWS (dumpsys window windows).  Window #9 Window{417d86b8 SearchPanel paused=false]
07-07 03:00:58.137   406  1753 W TaintLog: libcore.os.write(256) writing with tag 0x31 data[=false.    Surface: shown=true layer=21020 alpha=1.0 rect=(200.0,565.0) 320.0 x 104.0.  Window #3 Wi]
07-07 03:00:58.215   406   682 W TaintLog: libcore.os.write(256) writing with tag 0x31 data[WINDOW MANAGER WINDOWS (dumpsys window windows).  Window #9 Window{417d86b8 SearchPanel paused=false]
07-07 03:00:58.270   406   682 W TaintLog: libcore.os.write(256) writing with tag 0x31 data[=false.    Surface: shown=true layer=21020 alpha=1.0 rect=(200.0,565.0) 320.0 x 104.0.  Window #3 Wi]
07-07 03:00:58.356   406   417 W TaintLog: libcore.os.write(256) writing with tag 0x31 data[WINDOW MANAGER WINDOWS (dumpsys window windows).  Window #9 Window{417d86b8 SearchPanel paused=false]
07-07 03:00:58.410   406   417 W TaintLog: libcore.os.write(256) writing with tag 0x31 data[=false.    Surface: shown=true layer=21020 alpha=1.0 rect=(200.0,565.0) 320.0 x 104.0.  Window #3 Wi]
07-07 03:00:58.488   406  1803 W TaintLog: libcore.os.write(256) writing with tag 0x31 data[WINDOW MANAGER WINDOWS (dumpsys window windows).  Window #9 Window{417d86b8 SearchPanel paused=false]
07-07 03:00:58.621   406  1803 W TaintLog: libcore.os.write(256) writing with tag 0x31 data[=false.    Surface: shown=true layer=21020 alpha=1.0 rect=(200.0,565.0) 320.0 x 104.0.  Window #3 Wi]
07-07 03:00:58.715   406   418 W TaintLog: libcore.os.write(256) writing with tag 0x31 data[WINDOW MANAGER WINDOWS (dumpsys window windows).  Window #9 Window{417d86b8 SearchPanel paused=false]
07-07 03:00:58.770   406   418 W TaintLog: libcore.os.write(256) writing with tag 0x31 data[=false.    Surface: shown=true layer=21020 alpha=1.0 rect=(200.0,565.0) 320.0 x 104.0.  Window #3 Wi]
07-07 03:00:58.856   406   406 W TaintLog: libcore.os.write(256) writing with tag 0x31 data[WINDOW MANAGER WINDOWS (dumpsys window windows).  Window #9 Window{417d86b8 SearchPanel paused=false]
07-07 03:00:58.910   406   406 W TaintLog: libcore.os.write(256) writing with tag 0x31 data[=false.    Surface: shown=true layer=21020 alpha=1.0 rect=(200.0,565.0) 320.0 x 104.0.  Window #3 Wi]
07-07 03:00:59.004   406   680 W TaintLog: libcore.os.write(256) writing with tag 0x31 data[WINDOW MANAGER WINDOWS (dumpsys window windows).  Window #9 Window{417d86b8 SearchPanel paused=false]
07-07 03:00:59.059   406   680 W TaintLog: libcore.os.write(256) writing with tag 0x31 data[=false.    Surface: shown=true layer=21020 alpha=1.0 rect=(200.0,565.0) 320.0 x 104.0.  Window #3 Wi]
07-07 03:00:59.137   406   669 W TaintLog: libcore.os.write(256) writing with tag 0x31 data[WINDOW MANAGER WINDOWS (dumpsys window windows).  Window #9 Window{417d86b8 SearchPanel paused=false]
07-07 03:00:59.176   406   669 W TaintLog: libcore.os.write(256) writing with tag 0x31 data[=false.    Surface: shown=true layer=21020 alpha=1.0 rect=(200.0,565.0) 320.0 x 104.0.  Window #3 Wi]
07-07 03:00:59.262   406  1189 W TaintLog: libcore.os.write(256) writing with tag 0x31 data[WINDOW MANAGER WINDOWS (dumpsys window windows).  Window #9 Window{417d86b8 SearchPanel paused=false]
07-07 03:00:59.371   406  1189 W TaintLog: libcore.os.write(256) writing with tag 0x31 data[=false.    Surface: shown=true layer=21020 alpha=1.0 rect=(200.0,565.0) 320.0 x 104.0.  Window #3 Wi]
07-07 03:00:59.449   406   660 W TaintLog: libcore.os.write(256) writing with tag 0x31 data[WINDOW MANAGER WINDOWS (dumpsys window windows).  Window #9 Window{417d86b8 SearchPanel paused=false]
07-07 03:00:59.488   406   660 W TaintLog: libcore.os.write(256) writing with tag 0x31 data[=false.    Surface: shown=true layer=21020 alpha=1.0 rect=(200.0,565.0) 320.0 x 104.0.  Window #3 Wi]
07-07 03:00:59.574   406  1754 W TaintLog: libcore.os.write(256) writing with tag 0x31 data[WINDOW MANAGER WINDOWS (dumpsys window windows).  Window #9 Window{417d86b8 SearchPanel paused=false]
07-07 03:00:59.621   406  1754 W TaintLog: libcore.os.write(256) writing with tag 0x31 data[=false.    Surface: shown=true layer=21020 alpha=1.0 rect=(200.0,565.0) 320.0 x 104.0.  Window #3 Wi]
07-07 03:00:59.707   406  1802 W TaintLog: libcore.os.write(256) writing with tag 0x31 data[WINDOW MANAGER WINDOWS (dumpsys window windows).  Window #9 Window{417d86b8 SearchPanel paused=false]
07-07 03:00:59.746   406  1802 W TaintLog: libcore.os.write(256) writing with tag 0x31 data[=false.    Surface: shown=true layer=21020 alpha=1.0 rect=(200.0,565.0) 320.0 x 104.0.  Window #3 Wi]
07-07 03:00:59.840   406  1608 W TaintLog: libcore.os.write(256) writing with tag 0x31 data[WINDOW MANAGER WINDOWS (dumpsys window windows).  Window #9 Window{417d86b8 SearchPanel paused=false]
07-07 03:00:59.879   406  1608 W TaintLog: libcore.os.write(256) writing with tag 0x31 data[=false.    Surface: shown=true layer=21020 alpha=1.0 rect=(200.0,565.0) 320.0 x 104.0.  Window #3 Wi]
07-07 03:01:00.098   406   691 W TaintLog: libcore.os.write(256) writing with tag 0x31 data[WINDOW MANAGER WINDOWS (dumpsys window windows).  Window #9 Window{417d86b8 SearchPanel paused=false]
07-07 03:01:00.168   406   691 W TaintLog: libcore.os.write(256) writing with tag 0x31 data[=false.    Surface: shown=true layer=21020 alpha=1.0 rect=(200.0,565.0) 320.0 x 104.0.  Window #3 Wi]
07-07 03:01:00.262   406   669 W TaintLog: libcore.os.write(256) writing with tag 0x31 data[WINDOW MANAGER WINDOWS (dumpsys window windows).  Window #9 Window{417d86b8 SearchPanel paused=false]
07-07 03:01:00.316   406   669 W TaintLog: libcore.os.write(256) writing with tag 0x31 data[=false.    Surface: shown=true layer=21020 alpha=1.0 rect=(200.0,565.0) 320.0 x 104.0.  Window #3 Wi]
07-07 03:01:00.426   406  1189 W TaintLog: libcore.os.write(256) writing with tag 0x31 data[WINDOW MANAGER WINDOWS (dumpsys window windows).  Window #9 Window{417d86b8 SearchPanel paused=false]
07-07 03:01:00.488   406  1189 W TaintLog: libcore.os.write(256) writing with tag 0x31 data[=false.    Surface: shown=true layer=21020 alpha=1.0 rect=(200.0,565.0) 320.0 x 104.0.  Window #3 Wi]
07-07 03:01:00.582   406   660 W TaintLog: libcore.os.write(256) writing with tag 0x31 data[WINDOW MANAGER WINDOWS (dumpsys window windows).  Window #9 Window{417d86b8 SearchPanel paused=false]
07-07 03:01:00.637   406   660 W TaintLog: libcore.os.write(256) writing with tag 0x31 data[=false.    Surface: shown=true layer=21020 alpha=1.0 rect=(200.0,565.0) 320.0 x 104.0.  Window #3 Wi]
07-07 03:01:00.738   406  1754 W TaintLog: libcore.os.write(256) writing with tag 0x31 data[WINDOW MANAGER WINDOWS (dumpsys window windows).  Window #9 Window{417d86b8 SearchPanel paused=false]
07-07 03:01:00.918   406  1754 W TaintLog: libcore.os.write(256) writing with tag 0x31 data[=false.    Surface: shown=true layer=21020 alpha=1.0 rect=(200.0,565.0) 320.0 x 104.0.  Window #3 Wi]
07-07 03:01:01.066   406  1802 W TaintLog: libcore.os.write(256) writing with tag 0x31 data[WINDOW MANAGER WINDOWS (dumpsys window windows).  Window #9 Window{417d86b8 SearchPanel paused=false]
07-07 03:01:01.160   406  1802 W TaintLog: libcore.os.write(256) writing with tag 0x31 data[=false.    Surface: shown=true layer=21020 alpha=1.0 rect=(200.0,565.0) 320.0 x 104.0.  Window #3 Wi]
07-07 03:01:01.293   406  1608 W TaintLog: libcore.os.write(256) writing with tag 0x31 data[WINDOW MANAGER WINDOWS (dumpsys window windows).  Window #9 Window{417d86b8 SearchPanel paused=false]
07-07 03:01:01.379   406  1608 W TaintLog: libcore.os.write(256) writing with tag 0x31 data[=false.    Surface: shown=true layer=21020 alpha=1.0 rect=(200.0,565.0) 320.0 x 104.0.  Window #3 Wi]
07-07 03:01:01.512   406   681 W TaintLog: libcore.os.write(256) writing with tag 0x31 data[WINDOW MANAGER WINDOWS (dumpsys window windows).  Window #9 Window{417d86b8 SearchPanel paused=false]
07-07 03:01:01.590   406   681 W TaintLog: libcore.os.write(256) writing with tag 0x31 data[=false.    Surface: shown=true layer=21020 alpha=1.0 rect=(200.0,565.0) 320.0 x 104.0.  Window #3 Wi]
07-07 03:01:01.723   406  1753 W TaintLog: libcore.os.write(256) writing with tag 0x31 data[WINDOW MANAGER WINDOWS (dumpsys window windows).  Window #9 Window{417d86b8 SearchPanel paused=false]
07-07 03:01:01.809   406  1753 W TaintLog: libcore.os.write(256) writing with tag 0x31 data[=false.    Surface: shown=true layer=21020 alpha=1.0 rect=(200.0,565.0) 320.0 x 104.0.  Window #3 Wi]
07-07 03:01:02.285   406   682 W TaintLog: libcore.os.write(256) writing with tag 0x31 data[WINDOW MANAGER WINDOWS (dumpsys window windows).  Window #9 Window{417d86b8 SearchPanel paused=false]
07-07 03:01:02.535   406   682 W TaintLog: libcore.os.write(256) writing with tag 0x31 data[=false.    Surface: shown=true layer=21020 alpha=1.0 rect=(200.0,565.0) 320.0 x 104.0.  Window #3 Wi]
07-07 03:01:02.824   406   417 W TaintLog: libcore.os.write(256) writing with tag 0x31 data[WINDOW MANAGER WINDOWS (dumpsys window windows).  Window #9 Window{417d86b8 SearchPanel paused=false]
07-07 03:01:03.004   406   417 W TaintLog: libcore.os.write(256) writing with tag 0x31 data[=false.    Surface: shown=true layer=21020 alpha=1.0 rect=(200.0,565.0) 320.0 x 104.0.  Window #3 Wi]
07-07 03:01:03.309   406  1803 W TaintLog: libcore.os.write(256) writing with tag 0x31 data[WINDOW MANAGER WINDOWS (dumpsys window windows).  Window #9 Window{417d86b8 SearchPanel paused=false]
07-07 03:01:03.465   406  1803 W TaintLog: libcore.os.write(256) writing with tag 0x31 data[=false.    Surface: shown=true layer=21020 alpha=1.0 rect=(200.0,565.0) 320.0 x 104.0.  Window #3 Wi]
07-07 03:01:03.848   406   418 W TaintLog: libcore.os.write(256) writing with tag 0x31 data[WINDOW MANAGER WINDOWS (dumpsys window windows).  Window #9 Window{417d86b8 SearchPanel paused=false]
07-07 03:01:03.981   406   418 W TaintLog: libcore.os.write(256) writing with tag 0x31 data[=false.    Surface: shown=true layer=21020 alpha=1.0 rect=(200.0,565.0) 320.0 x 104.0.  Window #3 Wi]
07-07 03:01:04.074   406   406 W TaintLog: libcore.os.write(256) writing with tag 0x31 data[WINDOW MANAGER WINDOWS (dumpsys window windows).  Window #9 Window{417d86b8 SearchPanel paused=false]
07-07 03:01:04.184   406   406 W TaintLog: libcore.os.write(256) writing with tag 0x31 data[=false.    Surface: shown=true layer=21020 alpha=1.0 rect=(200.0,565.0) 320.0 x 104.0.  Window #3 Wi]
07-07 03:01:04.262   406   691 W TaintLog: libcore.os.write(256) writing with tag 0x31 data[WINDOW MANAGER WINDOWS (dumpsys window windows).  Window #9 Window{417d86b8 SearchPanel paused=false]
07-07 03:01:04.301   406   691 W TaintLog: libcore.os.write(256) writing with tag 0x31 data[=false.    Surface: shown=true layer=21020 alpha=1.0 rect=(200.0,565.0) 320.0 x 104.0.  Window #3 Wi]
07-07 03:01:04.395   406  1758 W TaintLog: libcore.os.write(256) writing with tag 0x31 data[WINDOW MANAGER WINDOWS (dumpsys window windows).  Window #9 Window{417d86b8 SearchPanel paused=false]
07-07 03:01:04.449   406  1758 W TaintLog: libcore.os.write(256) writing with tag 0x31 data[=false.    Surface: shown=true layer=21020 alpha=1.0 rect=(200.0,565.0) 320.0 x 104.0.  Window #3 Wi]
07-07 03:01:04.535   406   680 W TaintLog: libcore.os.write(256) writing with tag 0x31 data[WINDOW MANAGER WINDOWS (dumpsys window windows).  Window #9 Window{417d86b8 SearchPanel paused=false]
07-07 03:01:04.582   406   680 W TaintLog: libcore.os.write(256) writing with tag 0x31 data[=false.    Surface: shown=true layer=21020 alpha=1.0 rect=(200.0,565.0) 320.0 x 104.0.  Window #3 Wi]
07-07 03:01:04.660   406   669 W TaintLog: libcore.os.write(256) writing with tag 0x31 data[WINDOW MANAGER WINDOWS (dumpsys window windows).  Window #9 Window{417d86b8 SearchPanel paused=false]
07-07 03:01:04.707   406   669 W TaintLog: libcore.os.write(256) writing with tag 0x31 data[=false.    Surface: shown=true layer=21020 alpha=1.0 rect=(200.0,565.0) 320.0 x 104.0.  Window #3 Wi]
07-07 03:01:04.856   406  1189 W TaintLog: libcore.os.write(256) writing with tag 0x31 data[WINDOW MANAGER WINDOWS (dumpsys window windows).  Window #9 Window{417d86b8 SearchPanel paused=false]
07-07 03:01:04.902   406  1189 W TaintLog: libcore.os.write(256) writing with tag 0x31 data[=false.    Surface: shown=true layer=21020 alpha=1.0 rect=(200.0,565.0) 320.0 x 104.0.  Window #3 Wi]
07-07 03:01:04.988   406   660 W TaintLog: libcore.os.write(256) writing with tag 0x31 data[WINDOW MANAGER WINDOWS (dumpsys window windows).  Window #9 Window{417d86b8 SearchPanel paused=false]
07-07 03:01:05.035   406   660 W TaintLog: libcore.os.write(256) writing with tag 0x31 data[=false.    Surface: shown=true layer=21020 alpha=1.0 rect=(200.0,565.0) 320.0 x 104.0.  Window #3 Wi]
07-07 03:01:05.129   406  1754 W TaintLog: libcore.os.write(256) writing with tag 0x31 data[WINDOW MANAGER WINDOWS (dumpsys window windows).  Window #9 Window{417d86b8 SearchPanel paused=false]
07-07 03:01:05.176   406  1754 W TaintLog: libcore.os.write(256) writing with tag 0x31 data[=false.    Surface: shown=true layer=21020 alpha=1.0 rect=(200.0,565.0) 320.0 x 104.0.  Window #3 Wi]
07-07 03:01:05.254   406  1802 W TaintLog: libcore.os.write(256) writing with tag 0x31 data[WINDOW MANAGER WINDOWS (dumpsys window windows).  Window #9 Window{417d86b8 SearchPanel paused=false]
07-07 03:01:05.301   406  1802 W TaintLog: libcore.os.write(256) writing with tag 0x31 data[=false.    Surface: shown=true layer=21020 alpha=1.0 rect=(200.0,565.0) 320.0 x 104.0.  Window #3 Wi]
07-07 03:01:05.379   406  1608 W TaintLog: libcore.os.write(256) writing with tag 0x31 data[WINDOW MANAGER WINDOWS (dumpsys window windows).  Window #9 Window{417d86b8 SearchPanel paused=false]
07-07 03:01:05.449   406  1608 W TaintLog: libcore.os.write(256) writing with tag 0x31 data[=false.    Surface: shown=true layer=21020 alpha=1.0 rect=(200.0,565.0) 320.0 x 104.0.  Window #3 Wi]
07-07 03:01:05.566   406   681 W TaintLog: libcore.os.write(256) writing with tag 0x31 data[WINDOW MANAGER WINDOWS (dumpsys window windows).  Window #9 Window{417d86b8 SearchPanel paused=false]
07-07 03:01:05.621   406   681 W TaintLog: libcore.os.write(256) writing with tag 0x31 data[=false.    Surface: shown=true layer=21020 alpha=1.0 rect=(200.0,565.0) 320.0 x 104.0.  Window #3 Wi]
07-07 03:01:05.723   406  1753 W TaintLog: libcore.os.write(256) writing with tag 0x31 data[WINDOW MANAGER WINDOWS (dumpsys window windows).  Window #9 Window{417d86b8 SearchPanel paused=false]
07-07 03:01:05.777   406  1753 W TaintLog: libcore.os.write(256) writing with tag 0x31 data[=false.    Surface: shown=true layer=21020 alpha=1.0 rect=(200.0,565.0) 320.0 x 104.0.  Window #3 Wi]
07-07 03:01:05.856   406   682 W TaintLog: libcore.os.write(256) writing with tag 0x31 data[WINDOW MANAGER WINDOWS (dumpsys window windows).  Window #9 Window{417d86b8 SearchPanel paused=false]
07-07 03:01:05.910   406   682 W TaintLog: libcore.os.write(256) writing with tag 0x31 data[=false.    Surface: shown=true layer=21020 alpha=1.0 rect=(200.0,565.0) 320.0 x 104.0.  Window #3 Wi]
07-07 03:01:06.004   406   417 W TaintLog: libcore.os.write(256) writing with tag 0x31 data[WINDOW MANAGER WINDOWS (dumpsys window windows).  Window #9 Window{417d86b8 SearchPanel paused=false]
07-07 03:01:06.059   406   417 W TaintLog: libcore.os.write(256) writing with tag 0x31 data[=false.    Surface: shown=true layer=21020 alpha=1.0 rect=(200.0,565.0) 320.0 x 104.0.  Window #3 Wi]
07-07 03:01:06.160   406  1803 W TaintLog: libcore.os.write(256) writing with tag 0x31 data[WINDOW MANAGER WINDOWS (dumpsys window windows).  Window #9 Window{417d86b8 SearchPanel paused=false]
07-07 03:01:06.301   406  1803 W TaintLog: libcore.os.write(256) writing with tag 0x31 data[=false.    Surface: shown=true layer=21020 alpha=1.0 rect=(200.0,565.0) 320.0 x 104.0.  Window #3 Wi]
07-07 03:01:06.410   406   418 W TaintLog: libcore.os.write(256) writing with tag 0x31 data[WINDOW MANAGER WINDOWS (dumpsys window windows).  Window #9 Window{417d86b8 SearchPanel paused=false]
07-07 03:01:06.481   406   418 W TaintLog: libcore.os.write(256) writing with tag 0x31 data[=false.    Surface: shown=true layer=21020 alpha=1.0 rect=(200.0,565.0) 320.0 x 104.0.  Window #3 Wi]
07-07 03:01:06.574   406   406 W TaintLog: libcore.os.write(256) writing with tag 0x31 data[WINDOW MANAGER WINDOWS (dumpsys window windows).  Window #9 Window{417d86b8 SearchPanel paused=false]
07-07 03:01:06.645   406   406 W TaintLog: libcore.os.write(256) writing with tag 0x31 data[=false.    Surface: shown=true layer=21020 alpha=1.0 rect=(200.0,565.0) 320.0 x 104.0.  Window #3 Wi]
07-07 03:01:06.754   406   691 W TaintLog: libcore.os.write(256) writing with tag 0x31 data[WINDOW MANAGER WINDOWS (dumpsys window windows).  Window #9 Window{417d86b8 SearchPanel paused=false]
07-07 03:01:06.824   406   691 W TaintLog: libcore.os.write(256) writing with tag 0x31 data[=false.    Surface: shown=true layer=21020 alpha=1.0 rect=(200.0,565.0) 320.0 x 104.0.  Window #3 Wi]
07-07 03:01:06.910   406  1758 W TaintLog: libcore.os.write(256) writing with tag 0x31 data[WINDOW MANAGER WINDOWS (dumpsys window windows).  Window #9 Window{417d86b8 SearchPanel paused=false]
07-07 03:01:06.988   406  1758 W TaintLog: libcore.os.write(256) writing with tag 0x31 data[=false.    Surface: shown=true layer=21020 alpha=1.0 rect=(200.0,565.0) 320.0 x 104.0.  Window #3 Wi]
07-07 03:01:07.207   406   680 W TaintLog: libcore.os.write(256) writing with tag 0x31 data[WINDOW MANAGER WINDOWS (dumpsys window windows).  Window #9 Window{417d86b8 SearchPanel paused=false]
07-07 03:01:07.301   406   680 W TaintLog: libcore.os.write(256) writing with tag 0x31 data[=false.    Surface: shown=true layer=21020 alpha=1.0 rect=(200.0,565.0) 320.0 x 104.0.  Window #3 Wi]
07-07 03:01:07.441   406   669 W TaintLog: libcore.os.write(256) writing with tag 0x31 data[WINDOW MANAGER WINDOWS (dumpsys window windows).  Window #9 Window{417d86b8 SearchPanel paused=false]
07-07 03:01:07.527   406   669 W TaintLog: libcore.os.write(256) writing with tag 0x31 data[=false.    Surface: shown=true layer=21020 alpha=1.0 rect=(200.0,565.0) 320.0 x 104.0.  Window #3 Wi]
07-07 03:01:07.668   406  1189 W TaintLog: libcore.os.write(256) writing with tag 0x31 data[WINDOW MANAGER WINDOWS (dumpsys window windows).  Window #9 Window{417d86b8 SearchPanel paused=false]
07-07 03:01:07.754   406  1189 W TaintLog: libcore.os.write(256) writing with tag 0x31 data[=false.    Surface: shown=true layer=21020 alpha=1.0 rect=(200.0,565.0) 320.0 x 104.0.  Window #3 Wi]
07-07 03:01:07.879   406   660 W TaintLog: libcore.os.write(256) writing with tag 0x31 data[WINDOW MANAGER WINDOWS (dumpsys window windows).  Window #9 Window{417d86b8 SearchPanel paused=false]
07-07 03:01:07.981   406   660 W TaintLog: libcore.os.write(256) writing with tag 0x31 data[=false.    Surface: shown=true layer=21020 alpha=1.0 rect=(200.0,565.0) 320.0 x 104.0.  Window #3 Wi]
07-07 03:01:08.270   406  1754 W TaintLog: libcore.os.write(256) writing with tag 0x31 data[WINDOW MANAGER WINDOWS (dumpsys window windows).  Window #9 Window{417d86b8 SearchPanel paused=false]
07-07 03:01:08.543   406  1754 W TaintLog: libcore.os.write(256) writing with tag 0x31 data[=false.    Surface: shown=true layer=21020 alpha=1.0 rect=(200.0,565.0) 320.0 x 104.0.  Window #3 Wi]
07-07 03:01:08.996   406  1802 W TaintLog: libcore.os.write(256) writing with tag 0x31 data[WINDOW MANAGER WINDOWS (dumpsys window windows).  Window #9 Window{417d86b8 SearchPanel paused=false]
07-07 03:01:09.160   406  1802 W TaintLog: libcore.os.write(256) writing with tag 0x31 data[=false.    Surface: shown=true layer=21020 alpha=1.0 rect=(200.0,565.0) 320.0 x 104.0.  Window #3 Wi]
07-07 03:01:09.402   406  1608 W TaintLog: libcore.os.write(256) writing with tag 0x31 data[WINDOW MANAGER WINDOWS (dumpsys window windows).  Window #9 Window{417d86b8 SearchPanel paused=false]
07-07 03:01:09.637   406  1608 W TaintLog: libcore.os.write(256) writing with tag 0x31 data[=false.    Surface: shown=true layer=21020 alpha=1.0 rect=(200.0,565.0) 320.0 x 104.0.  Window #3 Wi]
07-07 03:01:09.957   406   681 W TaintLog: libcore.os.write(256) writing with tag 0x31 data[WINDOW MANAGER WINDOWS (dumpsys window windows).  Window #9 Window{417d86b8 SearchPanel paused=false]
07-07 03:01:10.145   406   681 W TaintLog: libcore.os.write(256) writing with tag 0x31 data[=false.    Surface: shown=true layer=21020 alpha=1.0 rect=(200.0,565.0) 320.0 x 104.0.  Window #3 Wi]
07-07 03:01:10.496   406  1753 W TaintLog: libcore.os.write(256) writing with tag 0x31 data[WINDOW MANAGER WINDOWS (dumpsys window windows).  Window #9 Window{417d86b8 SearchPanel paused=false]
07-07 03:01:10.715   406  1753 W TaintLog: libcore.os.write(256) writing with tag 0x31 data[=false.    Surface: shown=true layer=21020 alpha=1.0 rect=(200.0,565.0) 320.0 x 104.0.  Window #3 Wi]
07-07 03:01:11.371   406   682 W TaintLog: libcore.os.write(256) writing with tag 0x31 data[WINDOW MANAGER WINDOWS (dumpsys window windows).  Window #9 Window{417d86b8 SearchPanel paused=false]
07-07 03:01:11.551   406   682 W TaintLog: libcore.os.write(256) writing with tag 0x31 data[=false.    Surface: shown=true layer=21020 alpha=1.0 rect=(200.0,565.0) 320.0 x 104.0.  Window #3 Wi]
07-07 03:01:11.816   406   417 W TaintLog: libcore.os.write(256) writing with tag 0x31 data[WINDOW MANAGER WINDOWS (dumpsys window windows).  Window #9 Window{417d86b8 SearchPanel paused=false]
07-07 03:01:11.949   406   417 W TaintLog: libcore.os.write(256) writing with tag 0x31 data[=false.    Surface: shown=true layer=21020 alpha=1.0 rect=(200.0,565.0) 320.0 x 104.0.  Window #3 Wi]
07-07 03:01:12.043   406  1803 W TaintLog: libcore.os.write(256) writing with tag 0x31 data[WINDOW MANAGER WINDOWS (dumpsys window windows).  Window #9 Window{417d86b8 SearchPanel paused=false]
07-07 03:01:12.090   406  1803 W TaintLog: libcore.os.write(256) writing with tag 0x31 data[=false.    Surface: shown=true layer=21020 alpha=1.0 rect=(200.0,565.0) 320.0 x 104.0.  Window #3 Wi]
07-07 03:01:12.168   406   418 W TaintLog: libcore.os.write(256) writing with tag 0x31 data[WINDOW MANAGER WINDOWS (dumpsys window windows).  Window #9 Window{417d86b8 SearchPanel paused=false]
07-07 03:01:12.207   406   418 W TaintLog: libcore.os.write(256) writing with tag 0x31 data[=false.    Surface: shown=true layer=21020 alpha=1.0 rect=(200.0,565.0) 320.0 x 104.0.  Window #3 Wi]
07-07 03:01:12.285   406   406 W TaintLog: libcore.os.write(256) writing with tag 0x31 data[WINDOW MANAGER WINDOWS (dumpsys window windows).  Window #9 Window{417d86b8 SearchPanel paused=false]
07-07 03:01:12.410   406   406 W TaintLog: libcore.os.write(256) writing with tag 0x31 data[=false.    Surface: shown=true layer=21020 alpha=1.0 rect=(200.0,565.0) 320.0 x 104.0.  Window #3 Wi]
07-07 03:01:12.496   406   691 W TaintLog: libcore.os.write(256) writing with tag 0x31 data[WINDOW MANAGER WINDOWS (dumpsys window windows).  Window #9 Window{417d86b8 SearchPanel paused=false]
07-07 03:01:12.543   406   691 W TaintLog: libcore.os.write(256) writing with tag 0x31 data[=false.    Surface: shown=true layer=21020 alpha=1.0 rect=(200.0,565.0) 320.0 x 104.0.  Window #3 Wi]
07-07 03:01:12.629   406  1758 W TaintLog: libcore.os.write(256) writing with tag 0x31 data[WINDOW MANAGER WINDOWS (dumpsys window windows).  Window #9 Window{417d86b8 SearchPanel paused=false]
07-07 03:01:12.676   406  1758 W TaintLog: libcore.os.write(256) writing with tag 0x31 data[=false.    Surface: shown=true layer=21020 alpha=1.0 rect=(200.0,565.0) 320.0 x 104.0.  Window #3 Wi]
07-07 03:01:12.754   406   680 W TaintLog: libcore.os.write(256) writing with tag 0x31 data[WINDOW MANAGER WINDOWS (dumpsys window windows).  Window #9 Window{417d86b8 SearchPanel paused=false]
07-07 03:01:12.801   406   680 W TaintLog: libcore.os.write(256) writing with tag 0x31 data[=false.    Surface: shown=true layer=21020 alpha=1.0 rect=(200.0,565.0) 320.0 x 104.0.  Window #3 Wi]
07-07 03:01:12.887   406   669 W TaintLog: libcore.os.write(256) writing with tag 0x31 data[WINDOW MANAGER WINDOWS (dumpsys window windows).  Window #9 Window{417d86b8 SearchPanel paused=false]
07-07 03:01:12.941   406   669 W TaintLog: libcore.os.write(256) writing with tag 0x31 data[=false.    Surface: shown=true layer=21020 alpha=1.0 rect=(200.0,565.0) 320.0 x 104.0.  Window #3 Wi]
07-07 03:01:13.106   406  1189 W TaintLog: libcore.os.write(256) writing with tag 0x31 data[WINDOW MANAGER WINDOWS (dumpsys window windows).  Window #9 Window{417d86b8 SearchPanel paused=false]
07-07 03:01:13.145   406  1189 W TaintLog: libcore.os.write(256) writing with tag 0x31 data[=false.    Surface: shown=true layer=21020 alpha=1.0 rect=(200.0,565.0) 320.0 x 104.0.  Window #3 Wi]
07-07 03:01:13.246   406   660 W TaintLog: libcore.os.write(256) writing with tag 0x31 data[WINDOW MANAGER WINDOWS (dumpsys window windows).  Window #9 Window{417d86b8 SearchPanel paused=false]
07-07 03:01:13.309   406   660 W TaintLog: libcore.os.write(256) writing with tag 0x31 data[=false.    Surface: shown=true layer=21020 alpha=1.0 rect=(200.0,565.0) 320.0 x 104.0.  Window #3 Wi]
07-07 03:01:13.395   406  1754 W TaintLog: libcore.os.write(256) writing with tag 0x31 data[WINDOW MANAGER WINDOWS (dumpsys window windows).  Window #9 Window{417d86b8 SearchPanel paused=false]
07-07 03:01:13.434   406  1754 W TaintLog: libcore.os.write(256) writing with tag 0x31 data[=false.    Surface: shown=true layer=21020 alpha=1.0 rect=(200.0,565.0) 320.0 x 104.0.  Window #3 Wi]
07-07 03:01:13.512   406  1802 W TaintLog: libcore.os.write(256) writing with tag 0x31 data[WINDOW MANAGER WINDOWS (dumpsys window windows).  Window #9 Window{417d86b8 SearchPanel paused=false]
07-07 03:01:13.551   406  1802 W TaintLog: libcore.os.write(256) writing with tag 0x31 data[=false.    Surface: shown=true layer=21020 alpha=1.0 rect=(200.0,565.0) 320.0 x 104.0.  Window #3 Wi]
07-07 03:01:13.645   406  1608 W TaintLog: libcore.os.write(256) writing with tag 0x31 data[WINDOW MANAGER WINDOWS (dumpsys window windows).  Window #9 Window{417d86b8 SearchPanel paused=false]
07-07 03:01:13.707   406  1608 W TaintLog: libcore.os.write(256) writing with tag 0x31 data[=false.    Surface: shown=true layer=21020 alpha=1.0 rect=(200.0,565.0) 320.0 x 104.0.  Window #3 Wi]
07-07 03:01:13.863   406   681 W TaintLog: libcore.os.write(256) writing with tag 0x31 data[WINDOW MANAGER WINDOWS (dumpsys window windows).  Window #9 Window{417d86b8 SearchPanel paused=false]
07-07 03:01:13.926   406   681 W TaintLog: libcore.os.write(256) writing with tag 0x31 data[=false.    Surface: shown=true layer=21020 alpha=1.0 rect=(200.0,565.0) 320.0 x 104.0.  Window #3 Wi]
07-07 03:01:14.035   406  1753 W TaintLog: libcore.os.write(256) writing with tag 0x31 data[WINDOW MANAGER WINDOWS (dumpsys window windows).  Window #9 Window{417d86b8 SearchPanel paused=false]
07-07 03:01:14.106   406  1753 W TaintLog: libcore.os.write(256) writing with tag 0x31 data[=false.    Surface: shown=true layer=21020 alpha=1.0 rect=(200.0,565.0) 320.0 x 104.0.  Window #3 Wi]
07-07 03:01:14.199   406   682 W TaintLog: libcore.os.write(256) writing with tag 0x31 data[WINDOW MANAGER WINDOWS (dumpsys window windows).  Window #9 Window{417d86b8 SearchPanel paused=false]
07-07 03:01:14.254   406   682 W TaintLog: libcore.os.write(256) writing with tag 0x31 data[=false.    Surface: shown=true layer=21020 alpha=1.0 rect=(200.0,565.0) 320.0 x 104.0.  Window #3 Wi]
07-07 03:01:14.348   406   417 W TaintLog: libcore.os.write(256) writing with tag 0x31 data[WINDOW MANAGER WINDOWS (dumpsys window windows).  Window #9 Window{417d86b8 SearchPanel paused=false]
07-07 03:01:14.402   406   417 W TaintLog: libcore.os.write(256) writing with tag 0x31 data[=false.    Surface: shown=true layer=21020 alpha=1.0 rect=(200.0,565.0) 320.0 x 104.0.  Window #3 Wi]
07-07 03:01:14.512   406  1803 W TaintLog: libcore.os.write(256) writing with tag 0x31 data[WINDOW MANAGER WINDOWS (dumpsys window windows).  Window #9 Window{417d86b8 SearchPanel paused=false]
07-07 03:01:14.668   406  1803 W TaintLog: libcore.os.write(256) writing with tag 0x31 data[=false.    Surface: shown=true layer=21020 alpha=1.0 rect=(200.0,565.0) 320.0 x 104.0.  Window #3 Wi]
07-07 03:01:14.785   406   418 W TaintLog: libcore.os.write(256) writing with tag 0x31 data[WINDOW MANAGER WINDOWS (dumpsys window windows).  Window #9 Window{417d86b8 SearchPanel paused=false]
07-07 03:01:14.840   406   418 W TaintLog: libcore.os.write(256) writing with tag 0x31 data[=false.    Surface: shown=true layer=21020 alpha=1.0 rect=(200.0,565.0) 320.0 x 104.0.  Window #3 Wi]
07-07 03:01:14.965   406   406 W TaintLog: libcore.os.write(256) writing with tag 0x31 data[WINDOW MANAGER WINDOWS (dumpsys window windows).  Window #9 Window{417d86b8 SearchPanel paused=false]
07-07 03:01:15.043   406   406 W TaintLog: libcore.os.write(256) writing with tag 0x31 data[=false.    Surface: shown=true layer=21020 alpha=1.0 rect=(200.0,565.0) 320.0 x 104.0.  Window #3 Wi]
07-07 03:01:15.152   406   691 W TaintLog: libcore.os.write(256) writing with tag 0x31 data[WINDOW MANAGER WINDOWS (dumpsys window windows).  Window #9 Window{417d86b8 SearchPanel paused=false]
07-07 03:01:15.223   406   691 W TaintLog: libcore.os.write(256) writing with tag 0x31 data[=false.    Surface: shown=true layer=21020 alpha=1.0 rect=(200.0,565.0) 320.0 x 104.0.  Window #3 Wi]
07-07 03:01:15.340   406  1758 W TaintLog: libcore.os.write(256) writing with tag 0x31 data[WINDOW MANAGER WINDOWS (dumpsys window windows).  Window #9 Window{417d86b8 SearchPanel paused=false]
07-07 03:01:15.402   406  1758 W TaintLog: libcore.os.write(256) writing with tag 0x31 data[=false.    Surface: shown=true layer=21020 alpha=1.0 rect=(200.0,565.0) 320.0 x 104.0.  Window #3 Wi]
07-07 03:01:15.621   406   680 W TaintLog: libcore.os.write(256) writing with tag 0x31 data[WINDOW MANAGER WINDOWS (dumpsys window windows).  Window #9 Window{417d86b8 SearchPanel paused=false]
07-07 03:01:15.691   406   680 W TaintLog: libcore.os.write(256) writing with tag 0x31 data[=false.    Surface: shown=true layer=21020 alpha=1.0 rect=(200.0,565.0) 320.0 x 104.0.  Window #3 Wi]
07-07 03:01:15.824   406   669 W TaintLog: libcore.os.write(256) writing with tag 0x31 data[WINDOW MANAGER WINDOWS (dumpsys window windows).  Window #9 Window{417d86b8 SearchPanel paused=false]
07-07 03:01:15.918   406   669 W TaintLog: libcore.os.write(256) writing with tag 0x31 data[=false.    Surface: shown=true layer=21020 alpha=1.0 rect=(200.0,565.0) 320.0 x 104.0.  Window #3 Wi]
07-07 03:01:16.199   406  1189 W TaintLog: libcore.os.write(256) writing with tag 0x31 data[WINDOW MANAGER WINDOWS (dumpsys window windows).  Window #9 Window{417d86b8 SearchPanel paused=false]
07-07 03:01:16.379   406  1189 W TaintLog: libcore.os.write(256) writing with tag 0x31 data[=false.    Surface: shown=true layer=21020 alpha=1.0 rect=(200.0,565.0) 320.0 x 104.0.  Window #3 Wi]
07-07 03:01:16.637   406   660 W TaintLog: libcore.os.write(256) writing with tag 0x31 data[WINDOW MANAGER WINDOWS (dumpsys window windows).  Window #9 Window{417d86b8 SearchPanel paused=false]
07-07 03:01:16.809   406   660 W TaintLog: libcore.os.write(256) writing with tag 0x31 data[=false.    Surface: shown=true layer=21020 alpha=1.0 rect=(200.0,565.0) 320.0 x 104.0.  Window #3 Wi]
07-07 03:01:17.074   406  1754 W TaintLog: libcore.os.write(256) writing with tag 0x31 data[WINDOW MANAGER WINDOWS (dumpsys window windows).  Window #9 Window{417d86b8 SearchPanel paused=false]
07-07 03:01:17.574   406  1754 W TaintLog: libcore.os.write(256) writing with tag 0x31 data[=false.    Surface: shown=true layer=21020 alpha=1.0 rect=(200.0,565.0) 320.0 x 104.0.  Window #3 Wi]
07-07 03:01:17.848   406  1802 W TaintLog: libcore.os.write(256) writing with tag 0x31 data[WINDOW MANAGER WINDOWS (dumpsys window windows).  Window #9 Window{417d86b8 SearchPanel paused=false]
07-07 03:01:18.090   406  1802 W TaintLog: libcore.os.write(256) writing with tag 0x31 data[=false.    Surface: shown=true layer=21020 alpha=1.0 rect=(200.0,565.0) 320.0 x 104.0.  Window #3 Wi]
07-07 03:01:18.434   406  1608 W TaintLog: libcore.os.write(256) writing with tag 0x31 data[WINDOW MANAGER WINDOWS (dumpsys window windows).  Window #9 Window{417d86b8 SearchPanel paused=false]
07-07 03:01:18.707   406  1608 W TaintLog: libcore.os.write(256) writing with tag 0x31 data[=false.    Surface: shown=true layer=21020 alpha=1.0 rect=(200.0,565.0) 320.0 x 104.0.  Window #3 Wi]
07-07 03:01:19.020   406   681 W TaintLog: libcore.os.write(256) writing with tag 0x31 data[WINDOW MANAGER WINDOWS (dumpsys window windows).  Window #9 Window{417d86b8 SearchPanel paused=false]
07-07 03:01:19.223   406   681 W TaintLog: libcore.os.write(256) writing with tag 0x31 data[=false.    Surface: shown=true layer=21020 alpha=1.0 rect=(200.0,565.0) 320.0 x 104.0.  Window #3 Wi]
07-07 03:01:19.520   406  1753 W TaintLog: libcore.os.write(256) writing with tag 0x31 data[WINDOW MANAGER WINDOWS (dumpsys window windows).  Window #9 Window{417d86b8 SearchPanel paused=false]
07-07 03:01:19.738   406  1753 W TaintLog: libcore.os.write(256) writing with tag 0x31 data[=false.    Surface: shown=true layer=21020 alpha=1.0 rect=(200.0,565.0) 320.0 x 104.0.  Window #3 Wi]
07-07 03:01:20.020   406   682 W TaintLog: libcore.os.write(256) writing with tag 0x31 data[WINDOW MANAGER WINDOWS (dumpsys window windows).  Window #9 Window{417d86b8 SearchPanel paused=false]
07-07 03:01:20.066   406   682 W TaintLog: libcore.os.write(256) writing with tag 0x31 data[=false.    Surface: shown=true layer=21020 alpha=1.0 rect=(200.0,565.0) 320.0 x 104.0.  Window #3 Wi]
07-07 03:01:20.160   406   417 W TaintLog: libcore.os.write(256) writing with tag 0x31 data[WINDOW MANAGER WINDOWS (dumpsys window windows).  Window #9 Window{417d86b8 SearchPanel paused=false]
07-07 03:01:20.207   406   417 W TaintLog: libcore.os.write(256) writing with tag 0x31 data[=false.    Surface: shown=true layer=21020 alpha=1.0 rect=(200.0,565.0) 320.0 x 104.0.  Window #3 Wi]
07-07 03:01:20.285   406  1803 W TaintLog: libcore.os.write(256) writing with tag 0x31 data[WINDOW MANAGER WINDOWS (dumpsys window windows).  Window #9 Window{417d86b8 SearchPanel paused=false]
07-07 03:01:20.332   406  1803 W TaintLog: libcore.os.write(256) writing with tag 0x31 data[=false.    Surface: shown=true layer=21020 alpha=1.0 rect=(200.0,565.0) 320.0 x 104.0.  Window #3 Wi]
07-07 03:01:20.418   406   418 W TaintLog: libcore.os.write(256) writing with tag 0x31 data[WINDOW MANAGER WINDOWS (dumpsys window windows).  Window #9 Window{417d86b8 SearchPanel paused=false]
07-07 03:01:20.465   406   418 W TaintLog: libcore.os.write(256) writing with tag 0x31 data[=false.    Surface: shown=true layer=21020 alpha=1.0 rect=(200.0,565.0) 320.0 x 104.0.  Window #3 Wi]
07-07 03:01:20.551   406   406 W TaintLog: libcore.os.write(256) writing with tag 0x31 data[WINDOW MANAGER WINDOWS (dumpsys window windows).  Window #9 Window{417d86b8 SearchPanel paused=false]
07-07 03:01:20.668   406   406 W TaintLog: libcore.os.write(256) writing with tag 0x31 data[=false.    Surface: shown=true layer=21020 alpha=1.0 rect=(200.0,565.0) 320.0 x 104.0.  Window #3 Wi]
07-07 03:01:20.738   406   691 W TaintLog: libcore.os.write(256) writing with tag 0x31 data[WINDOW MANAGER WINDOWS (dumpsys window windows).  Window #9 Window{417d86b8 SearchPanel paused=false]
07-07 03:01:20.793   406   691 W TaintLog: libcore.os.write(256) writing with tag 0x31 data[=false.    Surface: shown=true layer=21020 alpha=1.0 rect=(200.0,565.0) 320.0 x 104.0.  Window #3 Wi]
07-07 03:01:20.879   406  1758 W TaintLog: libcore.os.write(256) writing with tag 0x31 data[WINDOW MANAGER WINDOWS (dumpsys window windows).  Window #9 Window{417d86b8 SearchPanel paused=false]
07-07 03:01:20.926   406  1758 W TaintLog: libcore.os.write(256) writing with tag 0x31 data[=false.    Surface: shown=true layer=21020 alpha=1.0 rect=(200.0,565.0) 320.0 x 104.0.  Window #3 Wi]
07-07 03:01:21.012   406   680 W TaintLog: libcore.os.write(256) writing with tag 0x31 data[WINDOW MANAGER WINDOWS (dumpsys window windows).  Window #9 Window{417d86b8 SearchPanel paused=false]
07-07 03:01:21.059   406   680 W TaintLog: libcore.os.write(256) writing with tag 0x31 data[=false.    Surface: shown=true layer=21020 alpha=1.0 rect=(200.0,565.0) 320.0 x 104.0.  Window #3 Wi]
07-07 03:01:21.129   406  1189 W TaintLog: libcore.os.write(256) writing with tag 0x31 data[WINDOW MANAGER WINDOWS (dumpsys window windows).  Window #9 Window{417d86b8 SearchPanel paused=false]
07-07 03:01:21.176   406  1189 W TaintLog: libcore.os.write(256) writing with tag 0x31 data[=false.    Surface: shown=true layer=21020 alpha=1.0 rect=(200.0,565.0) 320.0 x 104.0.  Window #3 Wi]
07-07 03:01:21.277   406   660 W TaintLog: libcore.os.write(256) writing with tag 0x31 data[WINDOW MANAGER WINDOWS (dumpsys window windows).  Window #9 Window{417d86b8 SearchPanel paused=false]
07-07 03:01:21.379   406   660 W TaintLog: libcore.os.write(256) writing with tag 0x31 data[=false.    Surface: shown=true layer=21020 alpha=1.0 rect=(200.0,565.0) 320.0 x 104.0.  Window #3 Wi]
07-07 03:01:21.465   406  1754 W TaintLog: libcore.os.write(256) writing with tag 0x31 data[WINDOW MANAGER WINDOWS (dumpsys window windows).  Window #9 Window{417d86b8 SearchPanel paused=false]
07-07 03:01:21.512   406  1754 W TaintLog: libcore.os.write(256) writing with tag 0x31 data[=false.    Surface: shown=true layer=21020 alpha=1.0 rect=(200.0,565.0) 320.0 x 104.0.  Window #3 Wi]
07-07 03:01:21.590   406  1802 W TaintLog: libcore.os.write(256) writing with tag 0x31 data[WINDOW MANAGER WINDOWS (dumpsys window windows).  Window #9 Window{417d86b8 SearchPanel paused=false]
07-07 03:01:21.637   406  1802 W TaintLog: libcore.os.write(256) writing with tag 0x31 data[=false.    Surface: shown=true layer=21020 alpha=1.0 rect=(200.0,565.0) 320.0 x 104.0.  Window #3 Wi]
07-07 03:01:21.723   406  1608 W TaintLog: libcore.os.write(256) writing with tag 0x31 data[WINDOW MANAGER WINDOWS (dumpsys window windows).  Window #9 Window{417d86b8 SearchPanel paused=false]
07-07 03:01:21.770   406  1608 W TaintLog: libcore.os.write(256) writing with tag 0x31 data[=false.    Surface: shown=true layer=21020 alpha=1.0 rect=(200.0,565.0) 320.0 x 104.0.  Window #3 Wi]
07-07 03:01:21.848   406   681 W TaintLog: libcore.os.write(256) writing with tag 0x31 data[WINDOW MANAGER WINDOWS (dumpsys window windows).  Window #9 Window{417d86b8 SearchPanel paused=false]
07-07 03:01:21.895   406   681 W TaintLog: libcore.os.write(256) writing with tag 0x31 data[=false.    Surface: shown=true layer=21020 alpha=1.0 rect=(200.0,565.0) 320.0 x 104.0.  Window #3 Wi]
07-07 03:01:22.098   406  1753 W TaintLog: libcore.os.write(256) writing with tag 0x31 data[WINDOW MANAGER WINDOWS (dumpsys window windows).  Window #9 Window{417d86b8 SearchPanel paused=false]
07-07 03:01:22.168   406  1753 W TaintLog: libcore.os.write(256) writing with tag 0x31 data[=false.    Surface: shown=true layer=21020 alpha=1.0 rect=(200.0,565.0) 320.0 x 104.0.  Window #3 Wi]
07-07 03:01:22.262   406  1803 W TaintLog: libcore.os.write(256) writing with tag 0x31 data[WINDOW MANAGER WINDOWS (dumpsys window windows).  Window #9 Window{417d86b8 SearchPanel paused=false]
07-07 03:01:22.324   406  1803 W TaintLog: libcore.os.write(256) writing with tag 0x31 data[=false.    Surface: shown=true layer=21020 alpha=1.0 rect=(200.0,565.0) 320.0 x 104.0.  Window #3 Wi]
07-07 03:01:22.418   406   418 W TaintLog: libcore.os.write(256) writing with tag 0x31 data[WINDOW MANAGER WINDOWS (dumpsys window windows).  Window #9 Window{417d86b8 SearchPanel paused=false]
07-07 03:01:22.481   406   418 W TaintLog: libcore.os.write(256) writing with tag 0x31 data[=false.    Surface: shown=true layer=21020 alpha=1.0 rect=(200.0,565.0) 320.0 x 104.0.  Window #3 Wi]
07-07 03:01:22.574   406   406 W TaintLog: libcore.os.write(256) writing with tag 0x31 data[WINDOW MANAGER WINDOWS (dumpsys window windows).  Window #9 Window{417d86b8 SearchPanel paused=false]
07-07 03:01:22.637   406   406 W TaintLog: libcore.os.write(256) writing with tag 0x31 data[=false.    Surface: shown=true layer=21020 alpha=1.0 rect=(200.0,565.0) 320.0 x 104.0.  Window #3 Wi]
07-07 03:01:22.723   406   691 W TaintLog: libcore.os.write(256) writing with tag 0x31 data[WINDOW MANAGER WINDOWS (dumpsys window windows).  Window #9 Window{417d86b8 SearchPanel paused=false]
07-07 03:01:22.863   406   691 W TaintLog: libcore.os.write(256) writing with tag 0x31 data[=false.    Surface: shown=true layer=21020 alpha=1.0 rect=(200.0,565.0) 320.0 x 104.0.  Window #3 Wi]
07-07 03:01:22.988   406  1758 W TaintLog: libcore.os.write(256) writing with tag 0x31 data[WINDOW MANAGER WINDOWS (dumpsys window windows).  Window #9 Window{417d86b8 SearchPanel paused=false]
07-07 03:01:23.066   406  1758 W TaintLog: libcore.os.write(256) writing with tag 0x31 data[=false.    Surface: shown=true layer=21020 alpha=1.0 rect=(200.0,565.0) 320.0 x 104.0.  Window #3 Wi]
07-07 03:01:23.199   406   680 W TaintLog: libcore.os.write(256) writing with tag 0x31 data[WINDOW MANAGER WINDOWS (dumpsys window windows).  Window #9 Window{417d86b8 SearchPanel paused=false]
07-07 03:01:23.277   406   680 W TaintLog: libcore.os.write(256) writing with tag 0x31 data[=false.    Surface: shown=true layer=21020 alpha=1.0 rect=(200.0,565.0) 320.0 x 104.0.  Window #3 Wi]
07-07 03:01:23.410   406  1189 W TaintLog: libcore.os.write(256) writing with tag 0x31 data[WINDOW MANAGER WINDOWS (dumpsys window windows).  Window #9 Window{417d86b8 SearchPanel paused=false]
07-07 03:01:23.504   406  1189 W TaintLog: libcore.os.write(256) writing with tag 0x31 data[=false.    Surface: shown=true layer=21020 alpha=1.0 rect=(200.0,565.0) 320.0 x 104.0.  Window #3 Wi]
07-07 03:01:23.629   406   660 W TaintLog: libcore.os.write(256) writing with tag 0x31 data[WINDOW MANAGER WINDOWS (dumpsys window windows).  Window #9 Window{417d86b8 SearchPanel paused=false]
07-07 03:01:23.707   406   660 W TaintLog: libcore.os.write(256) writing with tag 0x31 data[=false.    Surface: shown=true layer=21020 alpha=1.0 rect=(200.0,565.0) 320.0 x 104.0.  Window #3 Wi]
07-07 03:01:23.965   406  1754 W TaintLog: libcore.os.write(256) writing with tag 0x31 data[WINDOW MANAGER WINDOWS (dumpsys window windows).  Window #9 Window{417d86b8 SearchPanel paused=false]
07-07 03:01:24.231   406  1754 W TaintLog: libcore.os.write(256) writing with tag 0x31 data[=false.    Surface: shown=true layer=21020 alpha=1.0 rect=(200.0,565.0) 320.0 x 104.0.  Window #3 Wi]
