2017-07-08 04:39:46,496 - COSMOS_TRIGGER_PY-Console - INFO - apk:C:\Users\majes\Documents\FlowIntent\apks\ncsumalware\DroidKungFu3\d9b2856e0b141682e501b7f7b75d391f376ab5dc.apk
2017-07-08 04:39:46,496 - COSMOS_TRIGGER_PY-Console - INFO - pkg:com.gp.paopaoyu
2017-07-08 04:39:46,496 - COSMOS_TRIGGER_PY-Console - DEBUG - Run cmd: adb -s 014E233C1300800B uninstall com.gp.paopaoyu
2017-07-08 04:39:47,276 - COSMOS_TRIGGER_PY-Console - DEBUG - Failure
2017-07-08 04:39:47,278 - COSMOS_TRIGGER_PY-Console - DEBUG - Run cmd: adb install C:\Users\majes\Documents\FlowIntent\apks\ncsumalware\DroidKungFu3\d9b2856e0b141682e501b7f7b75d391f376ab5dc.apk
2017-07-08 04:39:51,076 - COSMOS_TRIGGER_PY-Console - DEBUG - 	pkg: /data/local/tmp/d9b2856e0b141682e501b7f7b75d391f376ab5dc.apk
2017-07-08 04:39:51,078 - COSMOS_TRIGGER_PY-Console - DEBUG - Success
2017-07-08 04:39:51,078 - COSMOS_TRIGGER_PY-Console - DEBUG - 2966 KB/s (3956686 bytes in 1.302s)
2017-07-08 04:39:51,078 - COSMOS_TRIGGER_PY-Console - DEBUG - Run cmd: adb shell "su 0 date -s `date +%Y%m%d.%H%M%S`"
2017-07-08 04:39:51,823 - COSMOS_TRIGGER_PY-Console - DEBUG - sh: date: No such file or directory
2017-07-08 04:39:51,823 - COSMOS_TRIGGER_PY-Console - DEBUG - Run cmd: adb shell monkey -p com.lexa.fakegps --ignore-crashes 1
2017-07-08 04:39:52,818 - COSMOS_TRIGGER_PY-Console - DEBUG - Events injected: 1
2017-07-08 04:39:52,819 - COSMOS_TRIGGER_PY-Console - DEBUG - ## Network stats: elapsed time=213ms (0ms mobile, 213ms wifi, 0ms not connected)
2017-07-08 04:39:54,290 - COSMOS_TRIGGER_PY-Console - DEBUG - Run cmd: adb logcat -c
2017-07-08 04:39:59,329 - COSMOS_TRIGGER_PY-Console - INFO - clear logcat
2017-07-08 04:39:59,329 - COSMOS_TRIGGER_PY-Console - INFO - tcpdump begins
2017-07-08 04:39:59,351 - COSMOS_TRIGGER_PY-Console - DEBUG - Run cmd: adb shell monkey -p com.gp.paopaoyu --ignore-crashes 1
2017-07-08 04:40:00,345 - COSMOS_TRIGGER_PY-Console - DEBUG - Events injected: 1
2017-07-08 04:40:00,345 - COSMOS_TRIGGER_PY-Console - DEBUG - ## Network stats: elapsed time=174ms (0ms mobile, 174ms wifi, 0ms not connected)
2017-07-08 04:40:00,420 - COSMOS_TRIGGER_PY-Console - INFO - Try to dump layout XML of 
2017-07-08 04:40:01,586 - COSMOS_TRIGGER_PY-Console - INFO - Dumping...first_page
2017-07-08 04:40:26,051 - COSMOS_TRIGGER_PY-Console - DEBUG - Run cmd: adb pull /sdcard/com.gp.paopaoyu0708-04-39-46.pcap C:\Users\majes\PycharmProjects\TrafficAnalysis\data_collection\output/DroidKungFu3/d9b2856e0b141682e501b7f7b75d391f376ab5dc/com.gp.paopaoyu0708-04-39-46.pcap
2017-07-08 04:40:26,161 - COSMOS_TRIGGER_PY-Console - DEBUG - 455 KB/s (2102 bytes in 0.004s)
2017-07-08 04:40:26,377 - COSMOS_TRIGGER_PY-Console - DEBUG - Run cmd: adb -s 014E233C1300800B uninstall com.gp.paopaoyu
2017-07-08 04:40:28,476 - COSMOS_TRIGGER_PY-Console - DEBUG - Success
2017-07-08 04:40:28,476 - COSMOS_TRIGGER_PY-Console - INFO - End
