2017-07-08 04:38:38,302 - COSMOS_TRIGGER_PY-Console - INFO - apk:C:\Users\majes\Documents\FlowIntent\apks\ncsumalware\DroidKungFu3\d8073e6558515dac8e467a3c1f39b69dd07aacdb.apk
2017-07-08 04:38:38,302 - COSMOS_TRIGGER_PY-Console - INFO - pkg:com.ps.kickmouse
2017-07-08 04:38:38,302 - COSMOS_TRIGGER_PY-Console - DEBUG - Run cmd: adb -s 014E233C1300800B uninstall com.ps.kickmouse
2017-07-08 04:38:39,026 - COSMOS_TRIGGER_PY-Console - DEBUG - Failure
2017-07-08 04:38:39,026 - COSMOS_TRIGGER_PY-Console - DEBUG - Run cmd: adb install C:\Users\majes\Documents\FlowIntent\apks\ncsumalware\DroidKungFu3\d8073e6558515dac8e467a3c1f39b69dd07aacdb.apk
2017-07-08 04:38:41,471 - COSMOS_TRIGGER_PY-Console - DEBUG - 	pkg: /data/local/tmp/d8073e6558515dac8e467a3c1f39b69dd07aacdb.apk
2017-07-08 04:38:41,473 - COSMOS_TRIGGER_PY-Console - DEBUG - Success
2017-07-08 04:38:41,473 - COSMOS_TRIGGER_PY-Console - DEBUG - 2492 KB/s (1504751 bytes in 0.589s)
2017-07-08 04:38:41,473 - COSMOS_TRIGGER_PY-Console - DEBUG - Run cmd: adb shell "su 0 date -s `date +%Y%m%d.%H%M%S`"
2017-07-08 04:38:42,273 - COSMOS_TRIGGER_PY-Console - DEBUG - sh: date: No such file or directory
2017-07-08 04:38:42,273 - COSMOS_TRIGGER_PY-Console - DEBUG - Run cmd: adb shell monkey -p com.lexa.fakegps --ignore-crashes 1
2017-07-08 04:38:43,260 - COSMOS_TRIGGER_PY-Console - DEBUG - Events injected: 1
2017-07-08 04:38:43,260 - COSMOS_TRIGGER_PY-Console - DEBUG - ## Network stats: elapsed time=100ms (0ms mobile, 100ms wifi, 0ms not connected)
2017-07-08 04:38:44,732 - COSMOS_TRIGGER_PY-Console - DEBUG - Run cmd: adb logcat -c
2017-07-08 04:38:44,809 - COSMOS_TRIGGER_PY-Console - INFO - clear logcat
2017-07-08 04:38:44,809 - COSMOS_TRIGGER_PY-Console - INFO - tcpdump begins
2017-07-08 04:38:44,825 - COSMOS_TRIGGER_PY-Console - DEBUG - Run cmd: adb shell monkey -p com.ps.kickmouse --ignore-crashes 1
2017-07-08 04:38:45,762 - COSMOS_TRIGGER_PY-Console - DEBUG - Events injected: 1
2017-07-08 04:38:45,763 - COSMOS_TRIGGER_PY-Console - DEBUG - ## Network stats: elapsed time=103ms (0ms mobile, 103ms wifi, 0ms not connected)
2017-07-08 04:38:45,839 - COSMOS_TRIGGER_PY-Console - INFO - Try to dump layout XML of 
2017-07-08 04:38:45,944 - COSMOS_TRIGGER_PY-Console - INFO - Dumping...first_page
2017-07-08 04:39:10,283 - COSMOS_TRIGGER_PY-Console - DEBUG - Run cmd: adb pull /sdcard/com.ps.kickmouse0708-04-38-38.pcap C:\Users\majes\PycharmProjects\TrafficAnalysis\data_collection\output/DroidKungFu3/d8073e6558515dac8e467a3c1f39b69dd07aacdb/com.ps.kickmouse0708-04-38-38.pcap
2017-07-08 04:39:10,374 - COSMOS_TRIGGER_PY-Console - DEBUG - 621 KB/s (4782 bytes in 0.007s)
2017-07-08 04:39:10,742 - COSMOS_TRIGGER_PY-Console - DEBUG - Run cmd: adb -s 014E233C1300800B uninstall com.ps.kickmouse
2017-07-08 04:39:12,227 - COSMOS_TRIGGER_PY-Console - DEBUG - Success
2017-07-08 04:39:12,227 - COSMOS_TRIGGER_PY-Console - INFO - End
