2017-07-08 01:04:13,494 - COSMOS_TRIGGER_PY-Console - INFO - apk:C:\Users\majes\Documents\FlowIntent\apks\ncsumalware\DroidKungFu3\8a0dc69be439d135768b3446830a2d3430cb6280.apk
2017-07-08 01:04:13,494 - COSMOS_TRIGGER_PY-Console - INFO - pkg:com.gp.DropBubble
2017-07-08 01:04:13,496 - COSMOS_TRIGGER_PY-Console - DEBUG - Run cmd: adb -s 014E233C1300800B uninstall com.gp.DropBubble
2017-07-08 01:04:14,269 - COSMOS_TRIGGER_PY-Console - DEBUG - Failure
2017-07-08 01:04:14,269 - COSMOS_TRIGGER_PY-Console - DEBUG - Run cmd: adb install C:\Users\majes\Documents\FlowIntent\apks\ncsumalware\DroidKungFu3\8a0dc69be439d135768b3446830a2d3430cb6280.apk
2017-07-08 01:04:16,851 - COSMOS_TRIGGER_PY-Console - DEBUG - 	pkg: /data/local/tmp/8a0dc69be439d135768b3446830a2d3430cb6280.apk
2017-07-08 01:04:16,851 - COSMOS_TRIGGER_PY-Console - DEBUG - Success
2017-07-08 01:04:16,851 - COSMOS_TRIGGER_PY-Console - DEBUG - 2490 KB/s (1428037 bytes in 0.559s)
2017-07-08 01:04:16,855 - COSMOS_TRIGGER_PY-Console - DEBUG - Run cmd: adb shell "su 0 date -s `date +%Y%m%d.%H%M%S`"
2017-07-08 01:04:17,591 - COSMOS_TRIGGER_PY-Console - DEBUG - sh: date: No such file or directory
2017-07-08 01:04:17,592 - COSMOS_TRIGGER_PY-Console - DEBUG - Run cmd: adb shell monkey -p com.lexa.fakegps --ignore-crashes 1
2017-07-08 01:04:18,523 - COSMOS_TRIGGER_PY-Console - DEBUG - Events injected: 1
2017-07-08 01:04:18,523 - COSMOS_TRIGGER_PY-Console - DEBUG - ## Network stats: elapsed time=137ms (0ms mobile, 137ms wifi, 0ms not connected)
2017-07-08 01:04:19,904 - COSMOS_TRIGGER_PY-Console - DEBUG - Run cmd: adb logcat -c
2017-07-08 01:04:19,974 - COSMOS_TRIGGER_PY-Console - INFO - clear logcat
2017-07-08 01:04:19,974 - COSMOS_TRIGGER_PY-Console - INFO - tcpdump begins
2017-07-08 01:04:19,992 - COSMOS_TRIGGER_PY-Console - DEBUG - Run cmd: adb shell monkey -p com.gp.DropBubble --ignore-crashes 1
2017-07-08 01:04:20,927 - COSMOS_TRIGGER_PY-Console - DEBUG - Events injected: 1
2017-07-08 01:04:20,927 - COSMOS_TRIGGER_PY-Console - DEBUG - ## Network stats: elapsed time=149ms (0ms mobile, 149ms wifi, 0ms not connected)
2017-07-08 01:04:20,997 - COSMOS_TRIGGER_PY-Console - INFO - Try to dump layout XML of 
2017-07-08 01:04:21,104 - COSMOS_TRIGGER_PY-Console - INFO - Dumping...first_page
2017-07-08 01:04:40,375 - COSMOS_TRIGGER_PY-Console - INFO - <?xml version="1.0" ?><hierarchy>
  <node bounds="[0,0][720,1184]" checkable="false" checked="false" class="android.widget.FrameLayout" clickable="false" content-desc="" enabled="true" focusable="false" focused="false" index="0" long-clickable="false" package="com.gp.DropBubble" password="false" resource-id="id/content" scrollable="false" selected="false" text="">
    <node bounds="[0,0][720,1184]" checkable="false" checked="false" class="android.widget.LinearLayout" clickable="false" content-desc="" enabled="true" focusable="false" focused="false" index="0" long-clickable="false" package="com.gp.DropBubble" password="false" resource-id="id/content" scrollable="false" selected="false" text="">
      <node bounds="[0,0][720,1184]" checkable="false" checked="false" class="android.widget.FrameLayout" clickable="false" content-desc="" enabled="true" focusable="false" focused="false" index="0" long-clickable="false" package="com.gp.DropBubble" password="false" resource-id="id/content" scrollable="false" selected="false" text="">
        <node bounds="[0,52][720,1132]" checkable="false" checked="false" class="android.view.View" clickable="false" content-desc="" enabled="true" focusable="false" focused="false" index="0" long-clickable="false" package="com.gp.DropBubble" password="false" resource-id="NO_ID" scrollable="false" selected="false" text=""/>
      </node>
    </node>
  </node>
</hierarchy>
2017-07-08 01:04:41,545 - COSMOS_TRIGGER_PY-Console - ERROR - JsonRPC Error code: -32003, Message: com.github.uiautomatorstub.NotImplementedException: takeScreenshot is not yet implemented in API level 16.
2017-07-08 01:04:41,545 - COSMOS_TRIGGER_PY-Console - DEBUG - Run cmd: adb shell /system/bin/screencap -p /sdcard/screenshot.png
2017-07-08 01:04:42,381 - COSMOS_TRIGGER_PY-Console - DEBUG - Run cmd: adb pull /sdcard/screenshot.png ../output/DroidKungFu3/8a0dc69be439d135768b3446830a2d3430cb6280/first_page.png
2017-07-08 01:04:42,530 - COSMOS_TRIGGER_PY-Console - DEBUG - 3067 KB/s (163517 bytes in 0.052s)
2017-07-08 01:04:42,573 - COSMOS_TRIGGER_PY-Console - DEBUG - Run cmd: adb pull /sdcard/com.gp.DropBubble0708-01-04-13.pcap ../output/DroidKungFu3/8a0dc69be439d135768b3446830a2d3430cb6280/com.gp.DropBubble0708-01-04-13.pcap
2017-07-08 01:04:42,642 - COSMOS_TRIGGER_PY-Console - DEBUG - Run cmd: adb shell rm /sdcard/com.gp.DropBubble0708-01-04-13.pcap
2017-07-08 01:04:47,933 - COSMOS_TRIGGER_PY-Console - DEBUG - Run cmd: adb -s 014E233C1300800B uninstall com.gp.DropBubble
2017-07-08 01:04:49,677 - COSMOS_TRIGGER_PY-Console - DEBUG - Success
2017-07-08 01:04:49,677 - COSMOS_TRIGGER_PY-Console - INFO - End
