2017-07-08 01:23:17,217 - COSMOS_TRIGGER_PY-Console - INFO - apk:C:\Users\majes\Documents\FlowIntent\apks\ncsumalware\DroidKungFu3\95c92775a03780cad76a8c6987573e58aa228164.apk
2017-07-08 01:23:17,217 - COSMOS_TRIGGER_PY-Console - INFO - pkg:com.gp.solitaire
2017-07-08 01:23:17,220 - COSMOS_TRIGGER_PY-Console - DEBUG - Run cmd: adb -s 014E233C1300800B uninstall com.gp.solitaire
2017-07-08 01:23:18,013 - COSMOS_TRIGGER_PY-Console - DEBUG - Failure
2017-07-08 01:23:18,015 - COSMOS_TRIGGER_PY-Console - DEBUG - Run cmd: adb install C:\Users\majes\Documents\FlowIntent\apks\ncsumalware\DroidKungFu3\95c92775a03780cad76a8c6987573e58aa228164.apk
2017-07-08 01:23:20,016 - COSMOS_TRIGGER_PY-Console - DEBUG - 	pkg: /data/local/tmp/95c92775a03780cad76a8c6987573e58aa228164.apk
2017-07-08 01:23:20,016 - COSMOS_TRIGGER_PY-Console - DEBUG - Success
2017-07-08 01:23:20,016 - COSMOS_TRIGGER_PY-Console - DEBUG - 1727 KB/s (372055 bytes in 0.210s)
2017-07-08 01:23:20,017 - COSMOS_TRIGGER_PY-Console - DEBUG - Run cmd: adb shell "su 0 date -s `date +%Y%m%d.%H%M%S`"
2017-07-08 01:23:20,744 - COSMOS_TRIGGER_PY-Console - DEBUG - sh: date: No such file or directory
2017-07-08 01:23:20,746 - COSMOS_TRIGGER_PY-Console - DEBUG - Run cmd: adb shell monkey -p com.lexa.fakegps --ignore-crashes 1
2017-07-08 01:23:21,678 - COSMOS_TRIGGER_PY-Console - DEBUG - Events injected: 1
2017-07-08 01:23:21,678 - COSMOS_TRIGGER_PY-Console - DEBUG - ## Network stats: elapsed time=133ms (0ms mobile, 133ms wifi, 0ms not connected)
2017-07-08 01:23:23,023 - COSMOS_TRIGGER_PY-Console - DEBUG - Run cmd: adb logcat -c
2017-07-08 01:23:23,098 - COSMOS_TRIGGER_PY-Console - INFO - clear logcat
2017-07-08 01:23:23,098 - COSMOS_TRIGGER_PY-Console - INFO - tcpdump begins
2017-07-08 01:23:23,114 - COSMOS_TRIGGER_PY-Console - DEBUG - Run cmd: adb shell monkey -p com.gp.solitaire --ignore-crashes 1
2017-07-08 01:23:24,091 - COSMOS_TRIGGER_PY-Console - DEBUG - Events injected: 1
2017-07-08 01:23:24,092 - COSMOS_TRIGGER_PY-Console - DEBUG - ## Network stats: elapsed time=156ms (0ms mobile, 156ms wifi, 0ms not connected)
2017-07-08 01:23:24,168 - COSMOS_TRIGGER_PY-Console - INFO - Try to dump layout XML of 
2017-07-08 01:23:24,269 - COSMOS_TRIGGER_PY-Console - INFO - Dumping...first_page
2017-07-08 01:23:44,892 - COSMOS_TRIGGER_PY-Console - INFO - <?xml version="1.0" ?><hierarchy>
  <node bounds="[0,0][599,360]" checkable="false" checked="false" class="android.widget.FrameLayout" clickable="false" content-desc="" enabled="true" focusable="false" focused="false" index="0" long-clickable="false" package="com.gp.solitaire" password="false" scrollable="false" selected="false" text="">
    <node bounds="[0,0][599,360]" checkable="false" checked="false" class="android.widget.LinearLayout" clickable="false" content-desc="" enabled="true" focusable="false" focused="false" index="0" long-clickable="false" package="com.gp.solitaire" password="false" scrollable="false" selected="false" text="">
      <node bounds="[0,25][599,360]" checkable="false" checked="false" class="android.widget.FrameLayout" clickable="false" content-desc="" enabled="true" focusable="false" focused="false" index="0" long-clickable="false" package="com.gp.solitaire" password="false" scrollable="false" selected="false" text="">
        <node bounds="[0,25][599,360]" checkable="false" checked="false" class="android.widget.LinearLayout" clickable="false" content-desc="" enabled="true" focusable="false" focused="false" index="0" long-clickable="false" package="com.gp.solitaire" password="false" scrollable="false" selected="false" text="">
          <node bounds="[0,25][599,360]" checkable="false" checked="false" class="android.widget.FrameLayout" clickable="false" content-desc="" enabled="true" focusable="false" focused="false" index="1" long-clickable="false" package="com.gp.solitaire" password="false" scrollable="false" selected="false" text="">
            <node bounds="[0,25][599,360]" checkable="false" checked="false" class="android.widget.RelativeLayout" clickable="false" content-desc="" enabled="true" focusable="false" focused="false" index="0" long-clickable="false" package="com.gp.solitaire" password="false" scrollable="false" selected="false" text="">
              <node bounds="[41,28][558,356]" checkable="false" checked="false" class="android.widget.TextView" clickable="false" content-desc="" enabled="true" focusable="false" focused="false" index="0" long-clickable="false" package="com.gp.solitaire" password="false" scrollable="false" selected="false" text="Moving:  Single Card: Drag the card.  Whole Stack: Drag the stack starting above the bottom card.  Partial Stack: Tap the stack, scroll to adjust, then drag the top card.   Auto Move:  Fling a card to start a chain of moving cards to their home.   Dealing:  Tap the deck or click the trackball or search key.   Undo:  Push the back button.   Menu:  Change the gametype, save, options, and view this help."/>
            </node>
            <node bounds="[0,25][599,360]" checkable="false" checked="false" class="android.view.View" clickable="false" content-desc="" enabled="true" focusable="true" focused="true" index="1" long-clickable="false" package="com.gp.solitaire" password="false" scrollable="false" selected="false" text=""/>
          </node>
        </node>
      </node>
    </node>
  </node>
</hierarchy>
2017-07-08 01:23:46,052 - COSMOS_TRIGGER_PY-Console - ERROR - JsonRPC Error code: -32003, Message: com.github.uiautomatorstub.NotImplementedException: takeScreenshot is not yet implemented in API level 16.
2017-07-08 01:23:46,052 - COSMOS_TRIGGER_PY-Console - DEBUG - Run cmd: adb shell /system/bin/screencap -p /sdcard/screenshot.png
2017-07-08 01:23:46,829 - COSMOS_TRIGGER_PY-Console - DEBUG - Run cmd: adb pull /sdcard/screenshot.png ../output/DroidKungFu3/95c92775a03780cad76a8c6987573e58aa228164/first_page.png
2017-07-08 01:23:46,964 - COSMOS_TRIGGER_PY-Console - DEBUG - 3268 KB/s (205990 bytes in 0.061s)
2017-07-08 01:23:46,973 - COSMOS_TRIGGER_PY-Console - DEBUG - Run cmd: adb pull /sdcard/com.gp.solitaire0708-01-23-17.pcap ../output/DroidKungFu3/95c92775a03780cad76a8c6987573e58aa228164/com.gp.solitaire0708-01-23-17.pcap
2017-07-08 01:23:47,045 - COSMOS_TRIGGER_PY-Console - DEBUG - Run cmd: adb shell rm /sdcard/com.gp.solitaire0708-01-23-17.pcap
2017-07-08 01:24:02,115 - COSMOS_TRIGGER_PY-Console - WARNING - Timeout!!!
2017-07-08 01:24:02,117 - COSMOS_TRIGGER_PY-Console - DEBUG - Run cmd: adb -s 014E233C1300800B uninstall com.gp.solitaire
2017-07-08 01:24:03,569 - COSMOS_TRIGGER_PY-Console - DEBUG - Success
2017-07-08 01:24:03,569 - COSMOS_TRIGGER_PY-Console - INFO - End
