2017-07-08 00:02:15,950 - COSMOS_TRIGGER_PY-Console - INFO - apk:C:\Users\majes\Documents\FlowIntent\apks\ncsumalware\DroidKungFu3\59e64dcd3c4c6a04afd04f542b13b25ac68d23ec.apk
2017-07-08 00:02:15,950 - COSMOS_TRIGGER_PY-Console - INFO - pkg:com.gp.animalkeeper
2017-07-08 00:02:15,950 - COSMOS_TRIGGER_PY-Console - DEBUG - Run cmd: adb -s 014E233C1300800B uninstall com.gp.animalkeeper
2017-07-08 00:02:16,727 - COSMOS_TRIGGER_PY-Console - DEBUG - Failure
2017-07-08 00:02:16,727 - COSMOS_TRIGGER_PY-Console - DEBUG - Run cmd: adb install C:\Users\majes\Documents\FlowIntent\apks\ncsumalware\DroidKungFu3\59e64dcd3c4c6a04afd04f542b13b25ac68d23ec.apk
2017-07-08 00:02:19,839 - COSMOS_TRIGGER_PY-Console - DEBUG - 	pkg: /data/local/tmp/59e64dcd3c4c6a04afd04f542b13b25ac68d23ec.apk
2017-07-08 00:02:19,839 - COSMOS_TRIGGER_PY-Console - DEBUG - Success
2017-07-08 00:02:19,839 - COSMOS_TRIGGER_PY-Console - DEBUG - 1989 KB/s (1445529 bytes in 0.709s)
2017-07-08 00:02:19,841 - COSMOS_TRIGGER_PY-Console - DEBUG - Run cmd: adb shell "su 0 date -s `date +%Y%m%d.%H%M%S`"
2017-07-08 00:02:20,513 - COSMOS_TRIGGER_PY-Console - DEBUG - sh: date: No such file or directory
2017-07-08 00:02:20,515 - COSMOS_TRIGGER_PY-Console - DEBUG - Run cmd: adb shell monkey -p com.lexa.fakegps --ignore-crashes 1
2017-07-08 00:02:21,434 - COSMOS_TRIGGER_PY-Console - DEBUG - Events injected: 1
2017-07-08 00:02:21,436 - COSMOS_TRIGGER_PY-Console - DEBUG - ## Network stats: elapsed time=167ms (0ms mobile, 167ms wifi, 0ms not connected)
2017-07-08 00:02:22,811 - COSMOS_TRIGGER_PY-Console - DEBUG - Run cmd: adb logcat -c
2017-07-08 00:02:22,881 - COSMOS_TRIGGER_PY-Console - INFO - clear logcat
2017-07-08 00:02:22,881 - COSMOS_TRIGGER_PY-Console - INFO - tcpdump begins
2017-07-08 00:02:22,900 - COSMOS_TRIGGER_PY-Console - DEBUG - Run cmd: adb shell monkey -p com.gp.animalkeeper --ignore-crashes 1
2017-07-08 00:02:23,921 - COSMOS_TRIGGER_PY-Console - DEBUG - Events injected: 1
2017-07-08 00:02:23,923 - COSMOS_TRIGGER_PY-Console - DEBUG - ## Network stats: elapsed time=177ms (0ms mobile, 177ms wifi, 0ms not connected)
2017-07-08 00:02:23,993 - COSMOS_TRIGGER_PY-Console - INFO - Try to dump layout XML of 
2017-07-08 00:02:24,109 - COSMOS_TRIGGER_PY-Console - INFO - Dumping...first_page
2017-07-08 00:02:43,058 - COSMOS_TRIGGER_PY-Console - INFO - <?xml version="1.0" ?><hierarchy>
  <node bounds="[0,0][360,592]" checkable="false" checked="false" class="android.widget.FrameLayout" clickable="false" content-desc="" enabled="true" focusable="false" focused="false" index="0" long-clickable="false" package="com.gp.animalkeeper" password="false" scrollable="false" selected="false" text="">
    <node bounds="[0,0][360,592]" checkable="false" checked="false" class="android.widget.LinearLayout" clickable="false" content-desc="" enabled="true" focusable="false" focused="false" index="0" long-clickable="false" package="com.gp.animalkeeper" password="false" scrollable="false" selected="false" text="">
      <node bounds="[0,0][360,592]" checkable="false" checked="false" class="android.widget.FrameLayout" clickable="false" content-desc="" enabled="true" focusable="false" focused="false" index="0" long-clickable="false" package="com.gp.animalkeeper" password="false" scrollable="false" selected="false" text="">
        <node bounds="[2,0][357,592]" checkable="false" checked="false" class="android.view.View" clickable="false" content-desc="" enabled="true" focusable="false" focused="false" index="0" long-clickable="false" package="com.gp.animalkeeper" password="false" scrollable="false" selected="false" text=""/>
      </node>
    </node>
  </node>
</hierarchy>
2017-07-08 00:02:44,211 - COSMOS_TRIGGER_PY-Console - ERROR - JsonRPC Error code: -32003, Message: com.github.uiautomatorstub.NotImplementedException: takeScreenshot is not yet implemented in API level 16.
2017-07-08 00:02:44,213 - COSMOS_TRIGGER_PY-Console - DEBUG - Run cmd: adb shell /system/bin/screencap -p /sdcard/screenshot.png
2017-07-08 00:02:45,490 - COSMOS_TRIGGER_PY-Console - DEBUG - Run cmd: adb pull /sdcard/screenshot.png ../output/DroidKungFu3/59e64dcd3c4c6a04afd04f542b13b25ac68d23ec/first_page.png
2017-07-08 00:02:45,664 - COSMOS_TRIGGER_PY-Console - DEBUG - 3762 KB/s (403216 bytes in 0.104s)
2017-07-08 00:02:45,707 - COSMOS_TRIGGER_PY-Console - DEBUG - Run cmd: adb pull /sdcard/com.gp.animalkeeper0708-00-02-15.pcap ../output/DroidKungFu3/59e64dcd3c4c6a04afd04f542b13b25ac68d23ec/com.gp.animalkeeper0708-00-02-15.pcap
2017-07-08 00:02:45,778 - COSMOS_TRIGGER_PY-Console - DEBUG - Run cmd: adb shell rm /sdcard/com.gp.animalkeeper0708-00-02-15.pcap
2017-07-08 00:03:00,846 - COSMOS_TRIGGER_PY-Console - WARNING - Timeout!!!
2017-07-08 00:03:00,848 - COSMOS_TRIGGER_PY-Console - DEBUG - Run cmd: adb -s 014E233C1300800B uninstall com.gp.animalkeeper
2017-07-08 00:03:02,335 - COSMOS_TRIGGER_PY-Console - DEBUG - Success
2017-07-08 00:03:02,335 - COSMOS_TRIGGER_PY-Console - INFO - End
