2017-07-10 04:10:56,290 - COSMOS_TRIGGER_PY-Console - INFO - apk:C:\Users\majes\Documents\FlowIntent\apks\drebin\DroidKungFu\1a6eab7810fa72bda79f5fb38c83874ce38df7e0e7b0d19824f191f3260cd21a.apk
2017-07-10 04:10:56,290 - COSMOS_TRIGGER_PY-Console - INFO - pkg:com.fantasmosoft.new
2017-07-10 04:10:56,290 - COSMOS_TRIGGER_PY-Console - DEBUG - Run cmd: adb -s 014E233C1300800B uninstall com.fantasmosoft.new
2017-07-10 04:10:57,266 - COSMOS_TRIGGER_PY-Console - DEBUG - Failure
2017-07-10 04:10:57,266 - COSMOS_TRIGGER_PY-Console - DEBUG - Run cmd: adb install C:\Users\majes\Documents\FlowIntent\apks\drebin\DroidKungFu\1a6eab7810fa72bda79f5fb38c83874ce38df7e0e7b0d19824f191f3260cd21a.apk
2017-07-10 04:11:05,497 - COSMOS_TRIGGER_PY-Console - DEBUG - 	pkg: /data/local/tmp/1a6eab7810fa72bda79f5fb38c83874ce38df7e0e7b0d19824f191f3260cd21a.apk
2017-07-10 04:11:05,497 - COSMOS_TRIGGER_PY-Console - DEBUG - Success
2017-07-10 04:11:05,497 - COSMOS_TRIGGER_PY-Console - DEBUG - 748 KB/s (126635 bytes in 0.165s)
2017-07-10 04:11:05,499 - COSMOS_TRIGGER_PY-Console - DEBUG - Run cmd: adb shell "su 0 date -s `date +%Y%m%d.%H%M%S`"
2017-07-10 04:11:22,372 - COSMOS_TRIGGER_PY-Console - DEBUG - sh: date: No such file or directory
2017-07-10 04:11:22,372 - COSMOS_TRIGGER_PY-Console - DEBUG - Run cmd: adb shell monkey -p com.lexa.fakegps --ignore-crashes 1
2017-07-10 04:11:25,089 - COSMOS_TRIGGER_PY-Console - DEBUG - Events injected: 1
2017-07-10 04:11:25,089 - COSMOS_TRIGGER_PY-Console - DEBUG - ## Network stats: elapsed time=319ms (0ms mobile, 319ms wifi, 0ms not connected)
2017-07-10 04:11:26,529 - COSMOS_TRIGGER_PY-Console - DEBUG - Run cmd: adb logcat -c
2017-07-10 04:11:26,608 - COSMOS_TRIGGER_PY-Console - INFO - clear logcat
2017-07-10 04:11:26,608 - COSMOS_TRIGGER_PY-Console - INFO - tcpdump begins
2017-07-10 04:11:26,627 - COSMOS_TRIGGER_PY-Console - DEBUG - Run cmd: adb shell monkey -p com.fantasmosoft.new --ignore-crashes 1
2017-07-10 04:11:35,763 - COSMOS_TRIGGER_PY-Console - DEBUG - Events injected: 1
2017-07-10 04:11:35,763 - COSMOS_TRIGGER_PY-Console - DEBUG - ## Network stats: elapsed time=556ms (0ms mobile, 556ms wifi, 0ms not connected)
2017-07-10 04:11:35,832 - COSMOS_TRIGGER_PY-Console - INFO - Try to dump layout XML of 
2017-07-10 04:11:36,996 - COSMOS_TRIGGER_PY-Console - INFO - Dumping...first_page
2017-07-10 04:12:10,430 - COSMOS_TRIGGER_PY-Console - INFO - <?xml version="1.0" ?>
<hierarchy>
  <node bounds="[0,0][720,1184]" checkable="false" checked="false" class="android.widget.FrameLayout" clickable="false" content-desc="" enabled="true" focusable="false" focused="false" index="0" long-clickable="false" package="com.cyanogenmod.trebuchet" password="false" scrollable="false" selected="false" text="">
    <node bounds="[0,0][720,1184]" checkable="false" checked="false" class="android.widget.LinearLayout" clickable="false" content-desc="" enabled="true" focusable="false" focused="false" index="0" long-clickable="false" package="com.cyanogenmod.trebuchet" password="false" scrollable="false" selected="false" text="">
      <node bounds="[0,50][720,1184]" checkable="false" checked="false" class="android.widget.FrameLayout" clickable="false" content-desc="" enabled="true" focusable="false" focused="false" index="0" long-clickable="false" package="com.cyanogenmod.trebuchet" password="false" scrollable="false" selected="false" text="">
        <node bounds="[0,50][720,1184]" checkable="false" checked="false" class="android.widget.FrameLayout" clickable="false" content-desc="" enabled="true" focusable="false" focused="false" index="0" long-clickable="false" package="com.cyanogenmod.trebuchet" password="false" scrollable="false" selected="false" text="">
          <node bounds="[0,50][720,1184]" checkable="false" checked="false" class="android.view.View" clickable="false" content-desc="" enabled="true" focusable="false" focused="false" index="0" long-clickable="false" package="com.cyanogenmod.trebuchet" password="false" scrollable="true" selected="false" text="">
            <node bounds="[0,147][720,1023]" checkable="false" checked="false" class="android.view.View" clickable="true" content-desc="Home screen 5" enabled="true" focusable="false" focused="false" index="0" long-clickable="true" package="com.cyanogenmod.trebuchet" password="false" scrollable="false" selected="false" text="">
              <node bounds="[16,163][704,1007]" checkable="false" checked="false" class="android.view.View" clickable="false" content-desc="" enabled="true" focusable="false" focused="false" index="0" long-clickable="false" package="com.cyanogenmod.trebuchet" password="false" scrollable="false" selected="false" text=""/>
            </node>
          </node>
          <node bounds="[0,50][720,158]" checkable="false" checked="false" class="android.widget.FrameLayout" clickable="false" content-desc="" enabled="true" focusable="false" focused="false" index="1" long-clickable="false" package="com.cyanogenmod.trebuchet" password="false" scrollable="false" selected="false" text="">
            <node bounds="[12,62][708,158]" checkable="false" checked="false" class="android.widget.RelativeLayout" clickable="false" content-desc="" enabled="true" focusable="false" focused="false" index="1" long-clickable="false" package="com.cyanogenmod.trebuchet" password="false" scrollable="false" selected="false" text="">
              <node bounds="[20,70][604,150]" checkable="false" checked="false" class="android.widget.LinearLayout" clickable="true" content-desc="Search" enabled="true" focusable="true" focused="false" index="0" long-clickable="false" package="com.cyanogenmod.trebuchet" password="false" scrollable="false" selected="false" text="">
                <node bounds="[36,70][198,150]" checkable="false" checked="false" class="android.widget.ImageView" clickable="false" content-desc="" enabled="true" focusable="false" focused="false" index="0" long-clickable="false" package="com.cyanogenmod.trebuchet" password="false" scrollable="false" selected="false" text=""/>
              </node>
              <node bounds="[604,70][700,150]" checkable="false" checked="false" class="android.widget.LinearLayout" clickable="true" content-desc="Voice Search" enabled="true" focusable="true" focused="false" index="1" long-clickable="false" package="com.cyanogenmod.trebuchet" password="false" scrollable="false" selected="false" text="">
                <node bounds="[620,70][684,150]" checkable="false" checked="false" class="android.widget.ImageView" clickable="false" content-desc="" enabled="true" focusable="false" focused="false" index="0" long-clickable="false" package="com.cyanogenmod.trebuchet" password="false" scrollable="false" selected="false" text=""/>
              </node>
            </node>
          </node>
          <node bounds="[560,50][720,158]" checkable="false" checked="false" class="android.widget.LinearLayout" clickable="true" content-desc="" enabled="true" focusable="false" focused="false" index="2" long-clickable="false" package="com.cyanogenmod.trebuchet" password="false" scrollable="false" selected="false" text=""/>
          <node bounds="[0,1012][720,1024]" checkable="false" checked="false" class="android.widget.ImageView" clickable="false" content-desc="" enabled="true" focusable="false" focused="false" index="3" long-clickable="false" package="com.cyanogenmod.trebuchet" password="false" scrollable="false" selected="false" text=""/>
          <node bounds="[0,1024][720,1184]" checkable="false" checked="false" class="android.widget.FrameLayout" clickable="false" content-desc="" enabled="true" focusable="false" focused="false" index="4" long-clickable="false" package="com.cyanogenmod.trebuchet" password="false" scrollable="false" selected="false" text="">
            <node bounds="[1,1024][718,1184]" checkable="false" checked="false" class="android.view.View" clickable="false" content-desc="" enabled="true" focusable="false" focused="false" index="0" long-clickable="false" package="com.cyanogenmod.trebuchet" password="false" scrollable="false" selected="false" text="">
              <node bounds="[17,1040][702,1168]" checkable="false" checked="false" class="android.view.View" clickable="false" content-desc="" enabled="true" focusable="false" focused="false" index="0" long-clickable="false" package="com.cyanogenmod.trebuchet" password="false" scrollable="false" selected="false" text="">
                <!--NAF: The following control may not be accessibility friendly-->
                <node NAF="true" bounds="[17,1040][154,1168]" checkable="false" checked="false" class="android.widget.TextView" clickable="true" content-desc="" enabled="true" focusable="true" focused="false" index="0" long-clickable="true" package="com.cyanogenmod.trebuchet" password="false" scrollable="false" selected="false" text=""/>
                <!--NAF: The following control may not be accessibility friendly-->
                <node NAF="true" bounds="[154,1040][291,1168]" checkable="false" checked="false" class="android.widget.TextView" clickable="true" content-desc="" enabled="true" focusable="true" focused="false" index="1" long-clickable="true" package="com.cyanogenmod.trebuchet" password="false" scrollable="false" selected="false" text=""/>
                <node bounds="[291,1040][428,1168]" checkable="false" checked="false" class="android.widget.TextView" clickable="true" content-desc="Apps" enabled="true" focusable="true" focused="false" index="2" long-clickable="true" package="com.cyanogenmod.trebuchet" password="false" scrollable="false" selected="false" text=""/>
                <!--NAF: The following control may not be accessibility friendly-->
                <node NAF="true" bounds="[428,1040][565,1168]" checkable="false" checked="false" class="android.widget.TextView" clickable="true" content-desc="" enabled="true" focusable="true" focused="false" index="3" long-clickable="true" package="com.cyanogenmod.trebuchet" password="false" scrollable="false" selected="false" text=""/>
                <!--NAF: The following control may not be accessibility friendly-->
                <node NAF="true" bounds="[565,1040][702,1168]" checkable="false" checked="false" class="android.widget.TextView" clickable="true" content-desc="" enabled="true" focusable="true" focused="false" index="4" long-clickable="true" package="com.cyanogenmod.trebuchet" password="false" scrollable="false" selected="false" text=""/>
              </node>
            </node>
          </node>
        </node>
      </node>
    </node>
  </node>
</hierarchy>

2017-07-10 04:12:10,576 - COSMOS_TRIGGER_PY-Console - ERROR - JsonRPC Error code: -32003, Message: com.github.uiautomatorstub.NotImplementedException: takeScreenshot is not yet implemented in API level 16.
2017-07-10 04:12:10,576 - COSMOS_TRIGGER_PY-Console - DEBUG - Run cmd: adb shell /system/bin/screencap -p /sdcard/screenshot.png
2017-07-10 04:12:13,075 - COSMOS_TRIGGER_PY-Console - DEBUG - Run cmd: adb pull /sdcard/screenshot.png C:\Users\majes\PycharmProjects\TrafficAnalysis\data_collection\output/DroidKungFu/1a6eab7810fa72bda79f5fb38c83874ce38df7e0e7b0d19824f191f3260cd21a/first_page.png
2017-07-10 04:12:14,118 - COSMOS_TRIGGER_PY-Console - DEBUG - 771 KB/s (347714 bytes in 0.440s)
2017-07-10 04:12:19,160 - COSMOS_TRIGGER_PY-Console - DEBUG - Run cmd: adb pull /sdcard/com.fantasmosoft.new0710-04-10-56.pcap C:\Users\majes\PycharmProjects\TrafficAnalysis\data_collection\output/DroidKungFu/1a6eab7810fa72bda79f5fb38c83874ce38df7e0e7b0d19824f191f3260cd21a/com.fantasmosoft.new0710-04-10-56.pcap
2017-07-10 04:12:20,374 - COSMOS_TRIGGER_PY-Console - DEBUG - 490 KB/s (274432 bytes in 0.546s)
2017-07-10 04:12:35,375 - COSMOS_TRIGGER_PY-Console - WARNING - Timeout!!!
2017-07-10 04:12:35,414 - COSMOS_TRIGGER_PY-Console - DEBUG - Run cmd: adb -s 014E233C1300800B uninstall com.fantasmosoft.new
2017-07-10 04:13:35,430 - COSMOS_TRIGGER_PY-Console - WARNING - __init__() takes at least 3 arguments (2 given)
2017-07-10 04:14:35,486 - COSMOS_TRIGGER_PY-Console - WARNING - __init__() takes at least 3 arguments (2 given)
2017-07-10 04:14:35,536 - COSMOS_TRIGGER_PY-Console - DEBUG - Run cmd: adb reboot
2017-07-10 04:15:35,542 - COSMOS_TRIGGER_PY-Console - WARNING - __init__() takes at least 3 arguments (2 given)
2017-07-10 04:16:35,598 - COSMOS_TRIGGER_PY-Console - WARNING - __init__() takes at least 3 arguments (2 given)
