2017-07-08 22:33:48,371 - COSMOS_TRIGGER_PY-Console - INFO - apk:C:\Users\majes\Documents\FlowIntent\apks\ncsumalware\BaseBridge\6fedbfda043d6937a1769ad299e870224828b90b.apk
2017-07-08 22:33:48,372 - COSMOS_TRIGGER_PY-Console - INFO - pkg:com.android.battery
2017-07-08 22:33:48,375 - COSMOS_TRIGGER_PY-Console - DEBUG - Run cmd: adb -s 014E233C1300800B uninstall com.android.battery
2017-07-08 22:33:49,161 - COSMOS_TRIGGER_PY-Console - DEBUG - Failure
2017-07-08 22:33:49,161 - COSMOS_TRIGGER_PY-Console - DEBUG - Run cmd: adb install C:\Users\majes\Documents\FlowIntent\apks\ncsumalware\BaseBridge\6fedbfda043d6937a1769ad299e870224828b90b.apk
2017-07-08 22:33:50,635 - COSMOS_TRIGGER_PY-Console - DEBUG - 	pkg: /data/local/tmp/6fedbfda043d6937a1769ad299e870224828b90b.apk
2017-07-08 22:33:50,637 - COSMOS_TRIGGER_PY-Console - DEBUG - Success
2017-07-08 22:33:50,638 - COSMOS_TRIGGER_PY-Console - DEBUG - 225 KB/s (38628 bytes in 0.167s)
2017-07-08 22:33:50,638 - COSMOS_TRIGGER_PY-Console - DEBUG - Run cmd: adb shell "su 0 date -s `date +%Y%m%d.%H%M%S`"
2017-07-08 22:33:51,372 - COSMOS_TRIGGER_PY-Console - DEBUG - sh: date: No such file or directory
2017-07-08 22:33:51,374 - COSMOS_TRIGGER_PY-Console - DEBUG - Run cmd: adb shell monkey -p com.lexa.fakegps --ignore-crashes 1
2017-07-08 22:33:52,315 - COSMOS_TRIGGER_PY-Console - DEBUG - Events injected: 1
2017-07-08 22:33:52,315 - COSMOS_TRIGGER_PY-Console - DEBUG - ## Network stats: elapsed time=124ms (0ms mobile, 124ms wifi, 0ms not connected)
2017-07-08 22:33:53,811 - COSMOS_TRIGGER_PY-Console - DEBUG - Run cmd: adb logcat -c
2017-07-08 22:33:53,888 - COSMOS_TRIGGER_PY-Console - INFO - clear logcat
2017-07-08 22:33:53,890 - COSMOS_TRIGGER_PY-Console - INFO - tcpdump begins
2017-07-08 22:33:53,915 - COSMOS_TRIGGER_PY-Console - DEBUG - Run cmd: adb shell monkey -p com.android.battery --ignore-crashes 1
2017-07-08 22:33:54,509 - COSMOS_TRIGGER_PY-Console - DEBUG - ** No activities found to run, monkey aborted.
2017-07-08 22:33:54,585 - COSMOS_TRIGGER_PY-Console - INFO - Try to dump layout XML of 
2017-07-08 22:33:54,756 - COSMOS_TRIGGER_PY-Console - INFO - Dumping...first_page
2017-07-08 22:34:21,313 - COSMOS_TRIGGER_PY-Console - INFO - <?xml version="1.0" ?>
<hierarchy>
  <node bounds="[0,0][720,1184]" checkable="false" checked="false" class="android.widget.FrameLayout" clickable="false" content-desc="" enabled="true" focusable="false" focused="false" index="0" long-clickable="false" package="com.cyanogenmod.trebuchet" password="false" scrollable="false" selected="false" text="">
    <node bounds="[0,0][720,1184]" checkable="false" checked="false" class="android.widget.LinearLayout" clickable="false" content-desc="" enabled="true" focusable="false" focused="false" index="0" long-clickable="false" package="com.cyanogenmod.trebuchet" password="false" scrollable="false" selected="false" text="">
      <node bounds="[0,50][720,1184]" checkable="false" checked="false" class="android.widget.FrameLayout" clickable="false" content-desc="" enabled="true" focusable="false" focused="false" index="0" long-clickable="false" package="com.cyanogenmod.trebuchet" password="false" scrollable="false" selected="false" text="">
        <node bounds="[0,50][720,1184]" checkable="false" checked="false" class="android.widget.FrameLayout" clickable="false" content-desc="" enabled="true" focusable="false" focused="false" index="0" long-clickable="false" package="com.cyanogenmod.trebuchet" password="false" scrollable="false" selected="false" text="">
          <node bounds="[0,50][720,1184]" checkable="false" checked="false" class="android.view.View" clickable="false" content-desc="" enabled="true" focusable="false" focused="false" index="0" long-clickable="false" package="com.cyanogenmod.trebuchet" password="false" scrollable="true" selected="false" text="">
            <node bounds="[0,147][720,1023]" checkable="false" checked="false" class="android.view.View" clickable="true" content-desc="Home screen 5" enabled="true" focusable="false" focused="false" index="0" long-clickable="true" package="com.cyanogenmod.trebuchet" password="false" scrollable="false" selected="false" text="">
              <node bounds="[16,163][704,1007]" checkable="false" checked="false" class="android.view.View" clickable="false" content-desc="" enabled="true" focusable="false" focused="false" index="0" long-clickable="false" package="com.cyanogenmod.trebuchet" password="false" scrollable="false" selected="false" text=""/>
            </node>
          </node>
          <node bounds="[0,50][720,158]" checkable="false" checked="false" class="android.widget.FrameLayout" clickable="false" content-desc="" enabled="true" focusable="false" focused="false" index="1" long-clickable="false" package="com.cyanogenmod.trebuchet" password="false" scrollable="false" selected="false" text="">
            <node bounds="[12,62][708,158]" checkable="false" checked="false" class="android.widget.RelativeLayout" clickable="false" content-desc="" enabled="true" focusable="false" focused="false" index="1" long-clickable="false" package="com.cyanogenmod.trebuchet" password="false" scrollable="false" selected="false" text="">
              <node bounds="[20,70][604,150]" checkable="false" checked="false" class="android.widget.LinearLayout" clickable="true" content-desc="Search" enabled="true" focusable="true" focused="false" index="0" long-clickable="false" package="com.cyanogenmod.trebuchet" password="false" scrollable="false" selected="false" text="">
                <node bounds="[36,70][198,150]" checkable="false" checked="false" class="android.widget.ImageView" clickable="false" content-desc="" enabled="true" focusable="false" focused="false" index="0" long-clickable="false" package="com.cyanogenmod.trebuchet" password="false" scrollable="false" selected="false" text=""/>
              </node>
              <node bounds="[604,70][700,150]" checkable="false" checked="false" class="android.widget.LinearLayout" clickable="true" content-desc="Voice Search" enabled="true" focusable="true" focused="false" index="1" long-clickable="false" package="com.cyanogenmod.trebuchet" password="false" scrollable="false" selected="false" text="">
                <node bounds="[620,70][684,150]" checkable="false" checked="false" class="android.widget.ImageView" clickable="false" content-desc="" enabled="true" focusable="false" focused="false" index="0" long-clickable="false" package="com.cyanogenmod.trebuchet" password="false" scrollable="false" selected="false" text=""/>
              </node>
            </node>
          </node>
          <node bounds="[560,50][720,158]" checkable="false" checked="false" class="android.widget.LinearLayout" clickable="true" content-desc="" enabled="true" focusable="false" focused="false" index="2" long-clickable="false" package="com.cyanogenmod.trebuchet" password="false" scrollable="false" selected="false" text=""/>
          <node bounds="[0,1012][720,1024]" checkable="false" checked="false" class="android.widget.ImageView" clickable="false" content-desc="" enabled="true" focusable="false" focused="false" index="3" long-clickable="false" package="com.cyanogenmod.trebuchet" password="false" scrollable="false" selected="false" text=""/>
          <node bounds="[0,1024][720,1184]" checkable="false" checked="false" class="android.widget.FrameLayout" clickable="false" content-desc="" enabled="true" focusable="false" focused="false" index="4" long-clickable="false" package="com.cyanogenmod.trebuchet" password="false" scrollable="false" selected="false" text="">
            <node bounds="[1,1024][718,1184]" checkable="false" checked="false" class="android.view.View" clickable="false" content-desc="" enabled="true" focusable="false" focused="false" index="0" long-clickable="false" package="com.cyanogenmod.trebuchet" password="false" scrollable="false" selected="false" text="">
              <node bounds="[17,1040][702,1168]" checkable="false" checked="false" class="android.view.View" clickable="false" content-desc="" enabled="true" focusable="false" focused="false" index="0" long-clickable="false" package="com.cyanogenmod.trebuchet" password="false" scrollable="false" selected="false" text="">
                <!--NAF: The following control may not be accessibility friendly-->
                <node NAF="true" bounds="[17,1040][154,1168]" checkable="false" checked="false" class="android.widget.TextView" clickable="true" content-desc="" enabled="true" focusable="true" focused="false" index="0" long-clickable="true" package="com.cyanogenmod.trebuchet" password="false" scrollable="false" selected="false" text=""/>
                <!--NAF: The following control may not be accessibility friendly-->
                <node NAF="true" bounds="[154,1040][291,1168]" checkable="false" checked="false" class="android.widget.TextView" clickable="true" content-desc="" enabled="true" focusable="true" focused="false" index="1" long-clickable="true" package="com.cyanogenmod.trebuchet" password="false" scrollable="false" selected="false" text=""/>
                <node bounds="[291,1040][428,1168]" checkable="false" checked="false" class="android.widget.TextView" clickable="true" content-desc="Apps" enabled="true" focusable="true" focused="false" index="2" long-clickable="true" package="com.cyanogenmod.trebuchet" password="false" scrollable="false" selected="false" text=""/>
                <!--NAF: The following control may not be accessibility friendly-->
                <node NAF="true" bounds="[428,1040][565,1168]" checkable="false" checked="false" class="android.widget.TextView" clickable="true" content-desc="" enabled="true" focusable="true" focused="false" index="3" long-clickable="true" package="com.cyanogenmod.trebuchet" password="false" scrollable="false" selected="false" text=""/>
                <!--NAF: The following control may not be accessibility friendly-->
                <node NAF="true" bounds="[565,1040][702,1168]" checkable="false" checked="false" class="android.widget.TextView" clickable="true" content-desc="" enabled="true" focusable="true" focused="false" index="4" long-clickable="true" package="com.cyanogenmod.trebuchet" password="false" scrollable="false" selected="false" text=""/>
              </node>
            </node>
          </node>
        </node>
      </node>
    </node>
  </node>
</hierarchy>

2017-07-08 22:34:21,469 - COSMOS_TRIGGER_PY-Console - ERROR - JsonRPC Error code: -32003, Message: com.github.uiautomatorstub.NotImplementedException: takeScreenshot is not yet implemented in API level 16.
2017-07-08 22:34:21,470 - COSMOS_TRIGGER_PY-Console - DEBUG - Run cmd: adb shell /system/bin/screencap -p /sdcard/screenshot.png
2017-07-08 22:34:22,717 - COSMOS_TRIGGER_PY-Console - DEBUG - Run cmd: adb pull /sdcard/screenshot.png C:\Users\majes\PycharmProjects\TrafficAnalysis\data_collection\output/BaseBridge/6fedbfda043d6937a1769ad299e870224828b90b/first_page.png
2017-07-08 22:34:22,944 - COSMOS_TRIGGER_PY-Console - DEBUG - 2478 KB/s (350795 bytes in 0.138s)
2017-07-08 22:34:27,973 - COSMOS_TRIGGER_PY-Console - DEBUG - Run cmd: adb pull /sdcard/com.android.battery0708-22-33-48.pcap C:\Users\majes\PycharmProjects\TrafficAnalysis\data_collection\output/BaseBridge/6fedbfda043d6937a1769ad299e870224828b90b/com.android.battery0708-22-33-48.pcap
2017-07-08 22:34:33,088 - COSMOS_TRIGGER_PY-Console - DEBUG - Run cmd: adb pull /sdcard/com.android.battery0708-22-33-48.pcap C:\Users\majes\PycharmProjects\TrafficAnalysis\data_collection\output/BaseBridge/6fedbfda043d6937a1769ad299e870224828b90b/com.android.battery0708-22-33-48.pcap
2017-07-08 22:34:38,240 - COSMOS_TRIGGER_PY-Console - DEBUG - Run cmd: adb pull /sdcard/com.android.battery0708-22-33-48.pcap C:\Users\majes\PycharmProjects\TrafficAnalysis\data_collection\output/BaseBridge/6fedbfda043d6937a1769ad299e870224828b90b/com.android.battery0708-22-33-48.pcap
2017-07-08 22:34:43,387 - COSMOS_TRIGGER_PY-Console - DEBUG - Run cmd: adb pull /sdcard/com.android.battery0708-22-33-48.pcap C:\Users\majes\PycharmProjects\TrafficAnalysis\data_collection\output/BaseBridge/6fedbfda043d6937a1769ad299e870224828b90b/com.android.battery0708-22-33-48.pcap
2017-07-08 22:34:48,476 - COSMOS_TRIGGER_PY-Console - DEBUG - Run cmd: adb pull /sdcard/com.android.battery0708-22-33-48.pcap C:\Users\majes\PycharmProjects\TrafficAnalysis\data_collection\output/BaseBridge/6fedbfda043d6937a1769ad299e870224828b90b/com.android.battery0708-22-33-48.pcap
2017-07-08 22:34:53,618 - COSMOS_TRIGGER_PY-Console - DEBUG - Run cmd: adb pull /sdcard/com.android.battery0708-22-33-48.pcap C:\Users\majes\PycharmProjects\TrafficAnalysis\data_collection\output/BaseBridge/6fedbfda043d6937a1769ad299e870224828b90b/com.android.battery0708-22-33-48.pcap
2017-07-08 22:34:58,706 - COSMOS_TRIGGER_PY-Console - DEBUG - Run cmd: adb pull /sdcard/com.android.battery0708-22-33-48.pcap C:\Users\majes\PycharmProjects\TrafficAnalysis\data_collection\output/BaseBridge/6fedbfda043d6937a1769ad299e870224828b90b/com.android.battery0708-22-33-48.pcap
2017-07-08 22:35:03,805 - COSMOS_TRIGGER_PY-Console - DEBUG - Run cmd: adb pull /sdcard/com.android.battery0708-22-33-48.pcap C:\Users\majes\PycharmProjects\TrafficAnalysis\data_collection\output/BaseBridge/6fedbfda043d6937a1769ad299e870224828b90b/com.android.battery0708-22-33-48.pcap
2017-07-08 22:35:09,000 - COSMOS_TRIGGER_PY-Console - DEBUG - Run cmd: adb pull /sdcard/com.android.battery0708-22-33-48.pcap C:\Users\majes\PycharmProjects\TrafficAnalysis\data_collection\output/BaseBridge/6fedbfda043d6937a1769ad299e870224828b90b/com.android.battery0708-22-33-48.pcap
2017-07-08 22:35:09,151 - COSMOS_TRIGGER_PY-Console - DEBUG - 532 KB/s (4096 bytes in 0.007s)
2017-07-08 22:35:24,154 - COSMOS_TRIGGER_PY-Console - WARNING - Timeout!!!
2017-07-08 22:35:24,157 - COSMOS_TRIGGER_PY-Console - DEBUG - Run cmd: adb -s 014E233C1300800B uninstall com.android.battery
2017-07-08 22:35:25,305 - COSMOS_TRIGGER_PY-Console - DEBUG - Success
2017-07-08 22:35:25,305 - COSMOS_TRIGGER_PY-Console - INFO - End
