2017-07-07 21:04:25,937 - COSMOS_TRIGGER_PY-Console - INFO - apk:C:\Users\majes\Documents\FlowIntent\apks\ncsumalware\DroidKungFu3\0a7dacb28d640c8a0acc054824313aecadaac8bb.apk
2017-07-07 21:04:25,937 - COSMOS_TRIGGER_PY-Console - INFO - pkg:com.cosina.game.activity
2017-07-07 21:04:25,937 - COSMOS_TRIGGER_PY-Console - DEBUG - Run cmd: adb -s 014E233C1300800B uninstall com.cosina.game.activity
2017-07-07 21:04:26,760 - COSMOS_TRIGGER_PY-Console - DEBUG - Failure
2017-07-07 21:04:26,760 - COSMOS_TRIGGER_PY-Console - DEBUG - Run cmd: adb install C:\Users\majes\Documents\FlowIntent\apks\ncsumalware\DroidKungFu3\0a7dacb28d640c8a0acc054824313aecadaac8bb.apk
2017-07-07 21:04:29,257 - COSMOS_TRIGGER_PY-Console - DEBUG - 	pkg: /data/local/tmp/0a7dacb28d640c8a0acc054824313aecadaac8bb.apk
2017-07-07 21:04:29,257 - COSMOS_TRIGGER_PY-Console - DEBUG - Success
2017-07-07 21:04:29,259 - COSMOS_TRIGGER_PY-Console - DEBUG - 937 KB/s (192363 bytes in 0.200s)
2017-07-07 21:04:29,259 - COSMOS_TRIGGER_PY-Console - DEBUG - Run cmd: adb shell "su 0 date -s `date +%Y%m%d.%H%M%S`"
2017-07-07 21:04:30,098 - COSMOS_TRIGGER_PY-Console - DEBUG - sh: date: No such file or directory
2017-07-07 21:04:30,098 - COSMOS_TRIGGER_PY-Console - DEBUG - Run cmd: adb shell monkey -p com.lexa.fakegps --ignore-crashes 1
2017-07-07 21:04:30,973 - COSMOS_TRIGGER_PY-Console - DEBUG - Events injected: 1
2017-07-07 21:04:30,973 - COSMOS_TRIGGER_PY-Console - DEBUG - ## Network stats: elapsed time=51ms (0ms mobile, 51ms wifi, 0ms not connected)
2017-07-07 21:04:30,973 - COSMOS_TRIGGER_PY-Console - DEBUG - Run cmd: adb logcat -c
2017-07-07 21:04:31,102 - COSMOS_TRIGGER_PY-Console - INFO - clear logcat
2017-07-07 21:04:31,104 - COSMOS_TRIGGER_PY-Console - INFO - tcpdump begins
2017-07-07 21:04:31,138 - COSMOS_TRIGGER_PY-Console - DEBUG - Run cmd: adb shell monkey -p com.cosina.game.activity --ignore-crashes 1
2017-07-07 21:04:32,273 - COSMOS_TRIGGER_PY-Console - DEBUG - Events injected: 1
2017-07-07 21:04:32,273 - COSMOS_TRIGGER_PY-Console - DEBUG - ## Network stats: elapsed time=250ms (0ms mobile, 250ms wifi, 0ms not connected)
2017-07-07 21:04:32,345 - COSMOS_TRIGGER_PY-Console - INFO - Try to dump layout XML of 
2017-07-07 21:04:33,490 - COSMOS_TRIGGER_PY-Console - INFO - Dumping...first_page
2017-07-07 21:04:59,188 - COSMOS_TRIGGER_PY-Console - INFO - <?xml version="1.0" ?><hierarchy>
  <node bounds="[0,367][360,632]" checkable="false" checked="false" class="android.widget.FrameLayout" clickable="false" content-desc="" enabled="true" focusable="false" focused="false" index="0" long-clickable="false" package="com.cosina.game.activity" password="false" scrollable="false" selected="false" text="">
    <node bounds="[0,367][360,632]" checkable="false" checked="false" class="android.widget.FrameLayout" clickable="false" content-desc="" enabled="true" focusable="false" focused="false" index="0" long-clickable="false" package="com.cosina.game.activity" password="false" scrollable="false" selected="false" text="">
      <node bounds="[0,367][360,632]" checkable="false" checked="false" class="android.widget.FrameLayout" clickable="false" content-desc="" enabled="true" focusable="false" focused="false" index="0" long-clickable="false" package="com.cosina.game.activity" password="false" scrollable="false" selected="false" text="">
        <node bounds="[0,367][360,632]" checkable="false" checked="false" class="android.widget.LinearLayout" clickable="false" content-desc="" enabled="true" focusable="false" focused="false" index="0" long-clickable="false" package="com.cosina.game.activity" password="false" scrollable="false" selected="false" text="">
          <node bounds="[3,377][359,447]" checkable="false" checked="false" class="android.widget.LinearLayout" clickable="false" content-desc="" enabled="true" focusable="false" focused="false" index="0" long-clickable="false" package="com.cosina.game.activity" password="false" scrollable="false" selected="false" text="">
            <node bounds="[29,395][333,435]" checkable="false" checked="false" class="android.widget.LinearLayout" clickable="false" content-desc="" enabled="true" focusable="false" focused="false" index="0" long-clickable="false" package="com.cosina.game.activity" password="false" scrollable="false" selected="false" text="">
              <node bounds="[29,395][333,435]" checkable="false" checked="false" class="android.widget.TextView" clickable="false" content-desc="" enabled="true" focusable="false" focused="false" index="0" long-clickable="false" package="com.cosina.game.activity" password="false" scrollable="false" selected="false" text="BesiegeBalls"/>
            </node>
            <node bounds="[18,446][344,447]" checkable="false" checked="false" class="android.widget.ImageView" clickable="false" content-desc="" enabled="true" focusable="false" focused="false" index="1" long-clickable="false" package="com.cosina.game.activity" password="false" scrollable="false" selected="false" text=""/>
          </node>
          <node bounds="[3,447][359,549]" checkable="false" checked="false" class="android.widget.LinearLayout" clickable="false" content-desc="" enabled="true" focusable="false" focused="false" index="1" long-clickable="false" package="com.cosina.game.activity" password="false" scrollable="false" selected="false" text="">
            <node bounds="[18,447][344,549]" checkable="false" checked="false" class="android.widget.ScrollView" clickable="false" content-desc="" enabled="true" focusable="false" focused="false" index="0" long-clickable="false" package="com.cosina.game.activity" password="false" scrollable="false" selected="false" text="">
              <node bounds="[34,449][333,536]" checkable="false" checked="false" class="android.widget.TextView" clickable="false" content-desc="" enabled="true" focusable="false" focused="false" index="0" long-clickable="false" package="com.cosina.game.activity" password="false" scrollable="false" selected="false" text="滑动手指画出线条，让小球在尽量少的空间内活动，注意：不要让球碰到未闭合的分割线..."/>
            </node>
          </node>
          <node bounds="[3,549][359,629]" checkable="false" checked="false" class="android.widget.LinearLayout" clickable="false" content-desc="" enabled="true" focusable="false" focused="false" index="2" long-clickable="false" package="com.cosina.game.activity" password="false" scrollable="false" selected="false" text="">
            <node bounds="[18,549][344,611]" checkable="false" checked="false" class="android.widget.LinearLayout" clickable="false" content-desc="" enabled="true" focusable="false" focused="false" index="0" long-clickable="false" package="com.cosina.game.activity" password="false" scrollable="false" selected="false" text="">
              <node bounds="[20,554][181,608]" checkable="false" checked="false" class="android.widget.Button" clickable="true" content-desc="" enabled="true" focusable="true" focused="false" index="0" long-clickable="false" package="com.cosina.game.activity" password="false" scrollable="false" selected="false" text="重新开始"/>
              <node bounds="[181,554][342,608]" checkable="false" checked="false" class="android.widget.Button" clickable="true" content-desc="" enabled="true" focusable="true" focused="false" index="1" long-clickable="false" package="com.cosina.game.activity" password="false" scrollable="false" selected="false" text="继续游戏"/>
            </node>
          </node>
        </node>
      </node>
    </node>
  </node>
</hierarchy>
2017-07-07 21:05:00,342 - COSMOS_TRIGGER_PY-Console - ERROR - JsonRPC Error code: -32003, Message: com.github.uiautomatorstub.NotImplementedException: takeScreenshot is not yet implemented in API level 16.
2017-07-07 21:05:00,344 - COSMOS_TRIGGER_PY-Console - DEBUG - Run cmd: adb shell /system/bin/screencap -p /sdcard/screenshot.png
2017-07-07 21:05:01,043 - COSMOS_TRIGGER_PY-Console - DEBUG - Run cmd: adb pull /sdcard/screenshot.png ../output/DroidKungFu3/0a7dacb28d640c8a0acc054824313aecadaac8bb/first_page.png
2017-07-07 21:05:01,177 - COSMOS_TRIGGER_PY-Console - DEBUG - 2740 KB/s (102106 bytes in 0.036s)
2017-07-07 21:05:01,213 - COSMOS_TRIGGER_PY-Console - DEBUG - Run cmd: adb pull /sdcard/com.cosina.game.activity0707-21-04-25.pcap ../output/DroidKungFu3/0a7dacb28d640c8a0acc054824313aecadaac8bb/com.cosina.game.activity0707-21-04-25.pcap
2017-07-07 21:05:01,293 - COSMOS_TRIGGER_PY-Console - DEBUG - Run cmd: adb shell rm /sdcard/com.cosina.game.activity0707-21-04-25.pcap
2017-07-07 21:05:16,361 - COSMOS_TRIGGER_PY-Console - WARNING - Timeout!!!
2017-07-07 21:05:16,362 - COSMOS_TRIGGER_PY-Console - DEBUG - Run cmd: adb -s 014E233C1300800B uninstall com.cosina.game.activity
2017-07-07 21:05:17,805 - COSMOS_TRIGGER_PY-Console - DEBUG - Success
2017-07-07 21:05:17,805 - COSMOS_TRIGGER_PY-Console - INFO - End
