2017-07-08 03:48:47,696 - COSMOS_TRIGGER_PY-Console - INFO - apk:C:\Users\majes\Documents\FlowIntent\apks\ncsumalware\DroidKungFu3\a311fe380aa4a9802148cb60a92582df0de0d198.apk
2017-07-08 03:48:47,697 - COSMOS_TRIGGER_PY-Console - INFO - pkg:com.ps.ddp
2017-07-08 03:48:47,697 - COSMOS_TRIGGER_PY-Console - DEBUG - Run cmd: adb -s 014E233C1300800B uninstall com.ps.ddp
2017-07-08 03:48:49,173 - COSMOS_TRIGGER_PY-Console - DEBUG - Success
2017-07-08 03:48:49,174 - COSMOS_TRIGGER_PY-Console - DEBUG - Run cmd: adb install C:\Users\majes\Documents\FlowIntent\apks\ncsumalware\DroidKungFu3\a311fe380aa4a9802148cb60a92582df0de0d198.apk
2017-07-08 03:48:51,003 - COSMOS_TRIGGER_PY-Console - DEBUG - 	pkg: /data/local/tmp/a311fe380aa4a9802148cb60a92582df0de0d198.apk
2017-07-08 03:48:51,003 - COSMOS_TRIGGER_PY-Console - DEBUG - Success
2017-07-08 03:48:51,003 - COSMOS_TRIGGER_PY-Console - DEBUG - 1539 KB/s (344177 bytes in 0.218s)
2017-07-08 03:48:51,005 - COSMOS_TRIGGER_PY-Console - DEBUG - Run cmd: adb shell "su 0 date -s `date +%Y%m%d.%H%M%S`"
2017-07-08 03:48:51,723 - COSMOS_TRIGGER_PY-Console - DEBUG - sh: date: No such file or directory
2017-07-08 03:48:51,724 - COSMOS_TRIGGER_PY-Console - DEBUG - Run cmd: adb shell monkey -p com.lexa.fakegps --ignore-crashes 1
2017-07-08 03:48:52,599 - COSMOS_TRIGGER_PY-Console - DEBUG - Events injected: 1
2017-07-08 03:48:52,601 - COSMOS_TRIGGER_PY-Console - DEBUG - ## Network stats: elapsed time=126ms (0ms mobile, 126ms wifi, 0ms not connected)
2017-07-08 03:48:53,979 - COSMOS_TRIGGER_PY-Console - DEBUG - Run cmd: adb logcat -c
2017-07-08 03:48:54,048 - COSMOS_TRIGGER_PY-Console - INFO - clear logcat
2017-07-08 03:48:54,048 - COSMOS_TRIGGER_PY-Console - INFO - tcpdump begins
2017-07-08 03:48:54,063 - COSMOS_TRIGGER_PY-Console - DEBUG - Run cmd: adb shell monkey -p com.ps.ddp --ignore-crashes 1
2017-07-08 03:48:55,098 - COSMOS_TRIGGER_PY-Console - DEBUG - Events injected: 1
2017-07-08 03:48:55,099 - COSMOS_TRIGGER_PY-Console - DEBUG - ## Network stats: elapsed time=191ms (0ms mobile, 191ms wifi, 0ms not connected)
2017-07-08 03:48:55,168 - COSMOS_TRIGGER_PY-Console - INFO - Try to dump layout XML of 
2017-07-08 03:48:55,279 - COSMOS_TRIGGER_PY-Console - INFO - Dumping...first_page
2017-07-08 03:49:17,019 - COSMOS_TRIGGER_PY-Console - INFO - <?xml version="1.0" ?><hierarchy>
  <node bounds="[0,0][360,592]" checkable="false" checked="false" class="android.widget.FrameLayout" clickable="false" content-desc="" enabled="true" focusable="false" focused="false" index="0" long-clickable="false" package="com.ps.ddp" password="false" scrollable="false" selected="false" text="">
    <node bounds="[0,0][360,592]" checkable="false" checked="false" class="android.widget.LinearLayout" clickable="false" content-desc="" enabled="true" focusable="false" focused="false" index="0" long-clickable="false" package="com.ps.ddp" password="false" scrollable="false" selected="false" text="">
      <node bounds="[0,0][360,592]" checkable="false" checked="false" class="android.widget.FrameLayout" clickable="false" content-desc="" enabled="true" focusable="false" focused="false" index="0" long-clickable="false" package="com.ps.ddp" password="false" scrollable="false" selected="false" text="">
        <node bounds="[0,0][360,592]" checkable="false" checked="false" class="android.widget.LinearLayout" clickable="false" content-desc="" enabled="true" focusable="false" focused="false" index="0" long-clickable="false" package="com.ps.ddp" password="false" scrollable="false" selected="false" text="">
          <node bounds="[98,101][261,146]" checkable="false" checked="false" class="android.widget.Button" clickable="true" content-desc="" enabled="true" focusable="true" focused="false" index="0" long-clickable="false" package="com.ps.ddp" password="false" scrollable="false" selected="false" text="美女版"/>
          <node bounds="[98,158][261,203]" checkable="false" checked="false" class="android.widget.Button" clickable="true" content-desc="" enabled="true" focusable="true" focused="false" index="1" long-clickable="false" package="com.ps.ddp" password="false" scrollable="false" selected="false" text="愤怒小鸟版"/>
          <node bounds="[98,214][261,259]" checkable="false" checked="false" class="android.widget.Button" clickable="true" content-desc="" enabled="true" focusable="true" focused="false" index="2" long-clickable="false" package="com.ps.ddp" password="false" scrollable="false" selected="false" text="植物僵尸版"/>
          <node bounds="[98,270][261,315]" checkable="false" checked="false" class="android.widget.Button" clickable="true" content-desc="" enabled="true" focusable="true" focused="false" index="3" long-clickable="false" package="com.ps.ddp" password="false" scrollable="false" selected="false" text="卡通圣诞版"/>
        </node>
      </node>
    </node>
  </node>
</hierarchy>
2017-07-08 03:49:18,203 - COSMOS_TRIGGER_PY-Console - ERROR - JsonRPC Error code: -32003, Message: com.github.uiautomatorstub.NotImplementedException: takeScreenshot is not yet implemented in API level 16.
2017-07-08 03:49:18,203 - COSMOS_TRIGGER_PY-Console - DEBUG - Run cmd: adb shell /system/bin/screencap -p /sdcard/screenshot.png
2017-07-08 03:49:19,480 - COSMOS_TRIGGER_PY-Console - DEBUG - Run cmd: adb pull /sdcard/screenshot.png C:\Users\majes\PycharmProjects\TrafficAnalysis\data_collection\output/DroidKungFu3/a311fe380aa4a9802148cb60a92582df0de0d198/first_page.png
2017-07-08 03:49:19,711 - COSMOS_TRIGGER_PY-Console - DEBUG - 2999 KB/s (460001 bytes in 0.149s)
2017-07-08 03:49:19,871 - COSMOS_TRIGGER_PY-Console - DEBUG - Run cmd: adb pull /sdcard/com.ps.ddp0708-03-48-47.pcap C:\Users\majes\PycharmProjects\TrafficAnalysis\data_collection\output/DroidKungFu3/a311fe380aa4a9802148cb60a92582df0de0d198/com.ps.ddp0708-03-48-47.pcap
2017-07-08 03:49:34,941 - COSMOS_TRIGGER_PY-Console - WARNING - Timeout!!!
2017-07-08 03:49:34,943 - COSMOS_TRIGGER_PY-Console - DEBUG - Run cmd: adb -s 014E233C1300800B uninstall com.ps.ddp
2017-07-08 03:49:36,589 - COSMOS_TRIGGER_PY-Console - DEBUG - Success
2017-07-08 03:49:36,589 - COSMOS_TRIGGER_PY-Console - INFO - End
