2017-07-08 11:30:52,674 - COSMOS_TRIGGER_PY-Console - INFO - apk:C:\Users\majes\Documents\FlowIntent\apks\ncsumalware\AnserverBot\23478d0b6085ec2ef99d72cdc31b8db2c9b74fbb.apk
2017-07-08 11:30:52,674 - COSMOS_TRIGGER_PY-Console - INFO - pkg:com.keji.danti612
2017-07-08 11:30:52,674 - COSMOS_TRIGGER_PY-Console - DEBUG - Run cmd: adb -s 014E233C1300800B uninstall com.keji.danti612
2017-07-08 11:30:53,397 - COSMOS_TRIGGER_PY-Console - DEBUG - Failure
2017-07-08 11:30:53,398 - COSMOS_TRIGGER_PY-Console - DEBUG - Run cmd: adb install C:\Users\majes\Documents\FlowIntent\apks\ncsumalware\AnserverBot\23478d0b6085ec2ef99d72cdc31b8db2c9b74fbb.apk
2017-07-08 11:30:55,884 - COSMOS_TRIGGER_PY-Console - DEBUG - 	pkg: /data/local/tmp/23478d0b6085ec2ef99d72cdc31b8db2c9b74fbb.apk
2017-07-08 11:30:55,884 - COSMOS_TRIGGER_PY-Console - DEBUG - Success
2017-07-08 11:30:55,884 - COSMOS_TRIGGER_PY-Console - DEBUG - 1940 KB/s (905164 bytes in 0.455s)
2017-07-08 11:30:55,885 - COSMOS_TRIGGER_PY-Console - DEBUG - Run cmd: adb shell "su 0 date -s `date +%Y%m%d.%H%M%S`"
2017-07-08 11:30:56,569 - COSMOS_TRIGGER_PY-Console - DEBUG - sh: date: No such file or directory
2017-07-08 11:30:56,571 - COSMOS_TRIGGER_PY-Console - DEBUG - Run cmd: adb shell monkey -p com.lexa.fakegps --ignore-crashes 1
2017-07-08 11:30:57,443 - COSMOS_TRIGGER_PY-Console - DEBUG - Events injected: 1
2017-07-08 11:30:57,444 - COSMOS_TRIGGER_PY-Console - DEBUG - ## Network stats: elapsed time=116ms (0ms mobile, 116ms wifi, 0ms not connected)
2017-07-08 11:30:58,848 - COSMOS_TRIGGER_PY-Console - DEBUG - Run cmd: adb logcat -c
2017-07-08 11:30:58,918 - COSMOS_TRIGGER_PY-Console - INFO - clear logcat
2017-07-08 11:30:58,918 - COSMOS_TRIGGER_PY-Console - INFO - tcpdump begins
2017-07-08 11:30:58,936 - COSMOS_TRIGGER_PY-Console - DEBUG - Run cmd: adb shell monkey -p com.keji.danti612 --ignore-crashes 1
2017-07-08 11:31:00,016 - COSMOS_TRIGGER_PY-Console - DEBUG - Events injected: 1
2017-07-08 11:31:00,016 - COSMOS_TRIGGER_PY-Console - DEBUG - ## Network stats: elapsed time=202ms (0ms mobile, 202ms wifi, 0ms not connected)
2017-07-08 11:31:00,085 - COSMOS_TRIGGER_PY-Console - INFO - Try to dump layout XML of 
2017-07-08 11:31:00,210 - COSMOS_TRIGGER_PY-Console - INFO - Dumping...first_page
2017-07-08 11:31:25,638 - COSMOS_TRIGGER_PY-Console - INFO - <?xml version="1.0" ?><hierarchy>
  <node bounds="[0,0][360,592]" checkable="false" checked="false" class="android.widget.FrameLayout" clickable="false" content-desc="" enabled="true" focusable="false" focused="false" index="0" long-clickable="false" package="com.keji.danti612" password="false" scrollable="false" selected="false" text="">
    <node bounds="[0,0][360,592]" checkable="false" checked="false" class="android.widget.LinearLayout" clickable="false" content-desc="" enabled="true" focusable="false" focused="false" index="0" long-clickable="false" package="com.keji.danti612" password="false" scrollable="false" selected="false" text="">
      <node bounds="[0,25][360,592]" checkable="false" checked="false" class="android.widget.FrameLayout" clickable="false" content-desc="" enabled="true" focusable="false" focused="false" index="0" long-clickable="false" package="com.keji.danti612" password="false" scrollable="false" selected="false" text="">
        <node bounds="[0,25][360,592]" checkable="false" checked="false" class="android.widget.TabHost" clickable="false" content-desc="" enabled="true" focusable="true" focused="false" index="0" long-clickable="false" package="com.keji.danti612" password="false" scrollable="false" selected="false" text="">
          <node bounds="[0,25][360,592]" checkable="false" checked="false" class="android.widget.LinearLayout" clickable="false" content-desc="" enabled="true" focusable="false" focused="false" index="0" long-clickable="false" package="com.keji.danti612" password="false" scrollable="false" selected="false" text="">
            <node bounds="[0,25][360,108]" checkable="false" checked="false" class="android.widget.TabWidget" clickable="false" content-desc="" enabled="true" focusable="true" focused="false" index="0" long-clickable="false" package="com.keji.danti612" password="false" scrollable="false" selected="false" text="">
              <node bounds="[0,25][119,108]" checkable="false" checked="false" class="android.widget.RelativeLayout" clickable="true" content-desc="" enabled="true" focusable="true" focused="false" index="0" long-clickable="false" package="com.keji.danti612" password="false" scrollable="false" selected="true" text="">
                <node bounds="[33,28][87,82]" checkable="false" checked="false" class="android.widget.ImageView" clickable="false" content-desc="" enabled="true" focusable="false" focused="false" index="0" long-clickable="false" package="com.keji.danti612" password="false" scrollable="false" selected="true" text=""/>
                <node bounds="[41,82][79,105]" checkable="false" checked="false" class="android.widget.TextView" clickable="false" content-desc="" enabled="true" focusable="false" focused="false" index="1" long-clickable="false" package="com.keji.danti612" password="false" scrollable="false" selected="true" text="主页"/>
              </node>
              <node bounds="[119,25][240,108]" checkable="false" checked="false" class="android.widget.RelativeLayout" clickable="true" content-desc="" enabled="true" focusable="true" focused="false" index="1" long-clickable="false" package="com.keji.danti612" password="false" scrollable="false" selected="false" text="">
                <node bounds="[152,28][206,82]" checkable="false" checked="false" class="android.widget.ImageView" clickable="false" content-desc="" enabled="true" focusable="false" focused="false" index="0" long-clickable="false" package="com.keji.danti612" password="false" scrollable="false" selected="false" text=""/>
                <node bounds="[160,82][198,105]" checkable="false" checked="false" class="android.widget.TextView" clickable="false" content-desc="" enabled="true" focusable="false" focused="false" index="1" long-clickable="false" package="com.keji.danti612" password="false" scrollable="false" selected="false" text="历史"/>
              </node>
              <node bounds="[240,25][360,108]" checkable="false" checked="false" class="android.widget.RelativeLayout" clickable="true" content-desc="" enabled="true" focusable="true" focused="false" index="2" long-clickable="false" package="com.keji.danti612" password="false" scrollable="false" selected="false" text="">
                <node bounds="[272,28][326,82]" checkable="false" checked="false" class="android.widget.ImageView" clickable="false" content-desc="" enabled="true" focusable="false" focused="false" index="0" long-clickable="false" package="com.keji.danti612" password="false" scrollable="false" selected="false" text=""/>
                <node bounds="[280,82][318,105]" checkable="false" checked="false" class="android.widget.TextView" clickable="false" content-desc="" enabled="true" focusable="false" focused="false" index="1" long-clickable="false" package="com.keji.danti612" password="false" scrollable="false" selected="false" text="精品"/>
              </node>
            </node>
            <node bounds="[0,108][360,592]" checkable="false" checked="false" class="android.widget.FrameLayout" clickable="false" content-desc="" enabled="true" focusable="false" focused="false" index="1" long-clickable="false" package="com.keji.danti612" password="false" scrollable="false" selected="false" text="">
              <node bounds="[0,108][360,592]" checkable="false" checked="false" class="android.widget.FrameLayout" clickable="false" content-desc="" enabled="true" focusable="true" focused="true" index="0" long-clickable="false" package="com.keji.danti612" password="false" scrollable="false" selected="false" text="">
                <node bounds="[0,108][360,592]" checkable="false" checked="false" class="android.widget.LinearLayout" clickable="false" content-desc="" enabled="true" focusable="false" focused="false" index="2" long-clickable="false" package="com.keji.danti612" password="false" scrollable="false" selected="false" text="">
                  <node bounds="[0,108][360,592]" checkable="false" checked="false" class="android.widget.FrameLayout" clickable="false" content-desc="" enabled="true" focusable="false" focused="false" index="0" long-clickable="false" package="com.keji.danti612" password="false" scrollable="false" selected="false" text="">
                    <node bounds="[0,108][360,592]" checkable="false" checked="false" class="android.widget.LinearLayout" clickable="false" content-desc="" enabled="true" focusable="false" focused="false" index="0" long-clickable="false" package="com.keji.danti612" password="false" scrollable="false" selected="false" text="">
                      <node bounds="[0,190][360,410]" checkable="false" checked="false" class="android.widget.TextView" clickable="false" content-desc="" enabled="true" focusable="false" focused="false" index="0" long-clickable="false" package="com.keji.danti612" password="false" scrollable="false" selected="false" text="《从这几个故事悟出职场生存道理-管理大师,彼得·德鲁克》"/>
                      <node bounds="[101,415][259,509]" checkable="false" checked="false" class="android.widget.Button" clickable="true" content-desc="" enabled="true" focusable="true" focused="false" index="2" long-clickable="false" package="com.keji.danti612" password="false" scrollable="false" selected="false" text="开始阅读"/>
                    </node>
                  </node>
                </node>
              </node>
            </node>
          </node>
        </node>
      </node>
    </node>
  </node>
</hierarchy>
2017-07-08 11:31:26,872 - COSMOS_TRIGGER_PY-Console - ERROR - JsonRPC Error code: -32003, Message: com.github.uiautomatorstub.NotImplementedException: takeScreenshot is not yet implemented in API level 16.
2017-07-08 11:31:26,872 - COSMOS_TRIGGER_PY-Console - DEBUG - Run cmd: adb shell /system/bin/screencap -p /sdcard/screenshot.png
2017-07-08 11:31:27,798 - COSMOS_TRIGGER_PY-Console - DEBUG - Run cmd: adb pull /sdcard/screenshot.png C:\Users\majes\PycharmProjects\TrafficAnalysis\data_collection\output/AnserverBot/23478d0b6085ec2ef99d72cdc31b8db2c9b74fbb/first_page.png
2017-07-08 11:31:27,976 - COSMOS_TRIGGER_PY-Console - DEBUG - 3661 KB/s (266618 bytes in 0.071s)
2017-07-08 11:31:32,997 - COSMOS_TRIGGER_PY-Console - DEBUG - Run cmd: adb pull /sdcard/com.keji.danti6120708-11-30-52.pcap C:\Users\majes\PycharmProjects\TrafficAnalysis\data_collection\output/AnserverBot/23478d0b6085ec2ef99d72cdc31b8db2c9b74fbb/com.keji.danti6120708-11-30-52.pcap
2017-07-08 11:31:48,107 - COSMOS_TRIGGER_PY-Console - WARNING - Timeout!!!
2017-07-08 11:31:48,109 - COSMOS_TRIGGER_PY-Console - DEBUG - Run cmd: adb -s 014E233C1300800B uninstall com.keji.danti612
2017-07-08 11:31:49,802 - COSMOS_TRIGGER_PY-Console - DEBUG - Success
2017-07-08 11:31:49,802 - COSMOS_TRIGGER_PY-Console - INFO - End
