2017-07-08 00:01:24,519 - COSMOS_TRIGGER_PY-Console - INFO - apk:C:\Users\majes\Documents\FlowIntent\apks\ncsumalware\DroidKungFu3\5940b02bf39693c90ce59144b226fc6dff53228a.apk
2017-07-08 00:01:24,519 - COSMOS_TRIGGER_PY-Console - INFO - pkg:com.gp.mahjongg
2017-07-08 00:01:24,519 - COSMOS_TRIGGER_PY-Console - DEBUG - Run cmd: adb -s 014E233C1300800B uninstall com.gp.mahjongg
2017-07-08 00:01:25,342 - COSMOS_TRIGGER_PY-Console - DEBUG - Failure
2017-07-08 00:01:25,342 - COSMOS_TRIGGER_PY-Console - DEBUG - Run cmd: adb install C:\Users\majes\Documents\FlowIntent\apks\ncsumalware\DroidKungFu3\5940b02bf39693c90ce59144b226fc6dff53228a.apk
2017-07-08 00:01:28,290 - COSMOS_TRIGGER_PY-Console - DEBUG - 	pkg: /data/local/tmp/5940b02bf39693c90ce59144b226fc6dff53228a.apk
2017-07-08 00:01:28,290 - COSMOS_TRIGGER_PY-Console - DEBUG - Success
2017-07-08 00:01:28,292 - COSMOS_TRIGGER_PY-Console - DEBUG - 2408 KB/s (1125703 bytes in 0.456s)
2017-07-08 00:01:28,292 - COSMOS_TRIGGER_PY-Console - DEBUG - Run cmd: adb shell "su 0 date -s `date +%Y%m%d.%H%M%S`"
2017-07-08 00:01:29,026 - COSMOS_TRIGGER_PY-Console - DEBUG - sh: date: No such file or directory
2017-07-08 00:01:29,026 - COSMOS_TRIGGER_PY-Console - DEBUG - Run cmd: adb shell monkey -p com.lexa.fakegps --ignore-crashes 1
2017-07-08 00:01:30,003 - COSMOS_TRIGGER_PY-Console - DEBUG - Events injected: 1
2017-07-08 00:01:30,005 - COSMOS_TRIGGER_PY-Console - DEBUG - ## Network stats: elapsed time=166ms (0ms mobile, 166ms wifi, 0ms not connected)
2017-07-08 00:01:31,368 - COSMOS_TRIGGER_PY-Console - DEBUG - Run cmd: adb logcat -c
2017-07-08 00:01:31,441 - COSMOS_TRIGGER_PY-Console - INFO - clear logcat
2017-07-08 00:01:31,441 - COSMOS_TRIGGER_PY-Console - INFO - tcpdump begins
2017-07-08 00:01:31,460 - COSMOS_TRIGGER_PY-Console - DEBUG - Run cmd: adb shell monkey -p com.gp.mahjongg --ignore-crashes 1
2017-07-08 00:01:32,384 - COSMOS_TRIGGER_PY-Console - DEBUG - Events injected: 1
2017-07-08 00:01:32,384 - COSMOS_TRIGGER_PY-Console - DEBUG - ## Network stats: elapsed time=99ms (0ms mobile, 99ms wifi, 0ms not connected)
2017-07-08 00:01:32,456 - COSMOS_TRIGGER_PY-Console - INFO - Try to dump layout XML of 
2017-07-08 00:01:32,546 - COSMOS_TRIGGER_PY-Console - INFO - Dumping...first_page
2017-07-08 00:01:57,030 - COSMOS_TRIGGER_PY-Console - INFO - <?xml version="1.0" ?><hierarchy>
  <node bounds="[0,0][720,1184]" checkable="false" checked="false" class="android.widget.FrameLayout" clickable="false" content-desc="" enabled="true" focusable="false" focused="false" index="0" long-clickable="false" package="com.gp.mahjongg" password="false" resource-id="NO_ID" scrollable="false" selected="false" text="">
    <node bounds="[0,0][720,1184]" checkable="false" checked="false" class="android.widget.LinearLayout" clickable="false" content-desc="" enabled="true" focusable="false" focused="false" index="0" long-clickable="false" package="com.gp.mahjongg" password="false" resource-id="NO_ID" scrollable="false" selected="false" text="">
      <node bounds="[0,50][720,100]" checkable="false" checked="false" class="android.widget.FrameLayout" clickable="false" content-desc="" enabled="true" focusable="false" focused="false" index="0" long-clickable="false" package="com.gp.mahjongg" password="false" resource-id="NO_ID" scrollable="false" selected="false" text="">
        <node bounds="[8,51][712,97]" checkable="false" checked="false" class="android.widget.TextView" clickable="false" content-desc="" enabled="true" focusable="false" focused="false" index="0" long-clickable="false" package="com.gp.mahjongg" password="false" resource-id="id/title" scrollable="false" selected="false" text="Mahjongg Builder"/>
      </node>
      <node bounds="[0,100][720,1184]" checkable="false" checked="false" class="android.widget.FrameLayout" clickable="false" content-desc="" enabled="true" focusable="false" focused="false" index="1" long-clickable="false" package="com.gp.mahjongg" password="false" resource-id="NO_ID" scrollable="false" selected="false" text="">
        <node bounds="[0,100][720,1184]" checkable="false" checked="false" class="android.widget.TabHost" clickable="false" content-desc="" enabled="true" focusable="true" focused="false" index="0" long-clickable="false" package="com.gp.mahjongg" password="false" resource-id="NO_ID" scrollable="false" selected="false" text="">
          <node bounds="[0,100][720,1184]" checkable="false" checked="false" class="android.widget.LinearLayout" clickable="false" content-desc="" enabled="true" focusable="false" focused="false" index="0" long-clickable="false" package="com.gp.mahjongg" password="false" resource-id="NO_ID" scrollable="false" selected="false" text="">
            <node bounds="[0,100][720,228]" checkable="false" checked="false" class="android.widget.TabWidget" clickable="false" content-desc="" enabled="true" focusable="true" focused="false" index="0" long-clickable="false" package="com.gp.mahjongg" password="false" resource-id="id/tabs" scrollable="false" selected="false" text="">
              <node bounds="[-4,100][365,228]" checkable="false" checked="false" class="android.widget.RelativeLayout" clickable="true" content-desc="" enabled="true" focusable="true" focused="false" index="0" long-clickable="false" package="com.gp.mahjongg" password="false" scrollable="false" selected="true" text="">
                <node bounds="[164,112][196,144]" checkable="false" checked="false" class="android.widget.ImageView" clickable="false" content-desc="" enabled="true" focusable="false" focused="false" index="0" long-clickable="false" package="com.gp.mahjongg" password="false" resource-id="id/icon" scrollable="false" selected="true" text=""/>
                <node bounds="[122,179][238,217]" checkable="false" checked="false" class="android.widget.TextView" clickable="false" content-desc="" enabled="true" focusable="false" focused="false" index="1" long-clickable="false" package="com.gp.mahjongg" password="false" resource-id="id/title" scrollable="false" selected="true" text="Favorites"/>
              </node>
              <node bounds="[355,100][725,228]" checkable="false" checked="false" class="android.widget.RelativeLayout" clickable="true" content-desc="" enabled="true" focusable="true" focused="false" index="1" long-clickable="false" package="com.gp.mahjongg" password="false" resource-id="NO_ID" scrollable="false" selected="false" text="">
                <node bounds="[524,112][556,144]" checkable="false" checked="false" class="android.widget.ImageView" clickable="false" content-desc="" enabled="true" focusable="false" focused="false" index="0" long-clickable="false" package="com.gp.mahjongg" password="false" resource-id="id/icon" scrollable="false" selected="false" text=""/>
                <node bounds="[478,179][602,217]" checkable="false" checked="false" class="android.widget.TextView" clickable="false" content-desc="" enabled="true" focusable="false" focused="false" index="1" long-clickable="false" package="com.gp.mahjongg" password="false" resource-id="id/title" scrollable="false" selected="false" text="All games"/>
              </node>
            </node>
            <node bounds="[0,228][720,1184]" checkable="false" checked="false" class="android.widget.FrameLayout" clickable="false" content-desc="" enabled="true" focusable="false" focused="false" index="1" long-clickable="false" package="com.gp.mahjongg" password="false" resource-id="id/FavoritesList" scrollable="false" selected="false" text="">
              <node bounds="[0,228][720,1184]" checkable="false" checked="false" class="android.widget.RelativeLayout" clickable="false" content-desc="" enabled="true" focusable="false" focused="false" index="0" long-clickable="false" package="com.gp.mahjongg" password="false" resource-id="id/FavoritesList" scrollable="false" selected="false" text="">
                <node bounds="[0,228][720,1184]" checkable="false" checked="false" class="android.widget.FrameLayout" clickable="false" content-desc="" enabled="true" focusable="false" focused="false" index="1" long-clickable="false" package="com.gp.mahjongg" password="false" resource-id="id/FavoritesList" scrollable="false" selected="false" text="">
                  <node bounds="[0,228][720,1184]" checkable="false" checked="false" class="android.widget.ListView" clickable="true" content-desc="" enabled="true" focusable="true" focused="true" index="0" long-clickable="true" package="com.gp.mahjongg" password="false" resource-id="id/FavoritesList" scrollable="false" selected="false" text="">
                    <node bounds="[0,228][720,416]" checkable="false" checked="false" class="android.widget.LinearLayout" clickable="true" content-desc="" enabled="true" focusable="false" focused="false" index="0" long-clickable="true" package="com.gp.mahjongg" password="false" resource-id="NO_ID" scrollable="false" selected="false" text="">
                      <node bounds="[8,236][296,408]" checkable="false" checked="false" class="android.widget.ImageView" clickable="false" content-desc="" enabled="true" focusable="false" focused="false" index="0" long-clickable="false" package="com.gp.mahjongg" password="false" resource-id="id/PreviewImage" scrollable="false" selected="false" text=""/>
                      <node bounds="[312,297][389,346]" checkable="false" checked="false" class="android.widget.LinearLayout" clickable="false" content-desc="" enabled="true" focusable="false" focused="false" index="1" long-clickable="false" package="com.gp.mahjongg" password="false" resource-id="id/GameName" scrollable="false" selected="false" text="">
                        <node bounds="[312,297][389,346]" checkable="false" checked="false" class="android.widget.TextView" clickable="false" content-desc="" enabled="true" focusable="false" focused="false" index="0" long-clickable="false" package="com.gp.mahjongg" password="false" resource-id="id/GameName" scrollable="false" selected="false" text="Easy"/>
                      </node>
                    </node>
                  </node>
                </node>
              </node>
            </node>
          </node>
        </node>
      </node>
    </node>
  </node>
</hierarchy>
2017-07-08 00:01:58,181 - COSMOS_TRIGGER_PY-Console - ERROR - JsonRPC Error code: -32003, Message: com.github.uiautomatorstub.NotImplementedException: takeScreenshot is not yet implemented in API level 16.
2017-07-08 00:01:58,183 - COSMOS_TRIGGER_PY-Console - DEBUG - Run cmd: adb shell /system/bin/screencap -p /sdcard/screenshot.png
2017-07-08 00:01:58,819 - COSMOS_TRIGGER_PY-Console - DEBUG - Run cmd: adb pull /sdcard/screenshot.png ../output/DroidKungFu3/5940b02bf39693c90ce59144b226fc6dff53228a/first_page.png
2017-07-08 00:01:58,944 - COSMOS_TRIGGER_PY-Console - DEBUG - 857 KB/s (48747 bytes in 0.055s)
2017-07-08 00:01:58,947 - COSMOS_TRIGGER_PY-Console - DEBUG - Run cmd: adb pull /sdcard/com.gp.mahjongg0708-00-01-24.pcap ../output/DroidKungFu3/5940b02bf39693c90ce59144b226fc6dff53228a/com.gp.mahjongg0708-00-01-24.pcap
2017-07-08 00:01:59,016 - COSMOS_TRIGGER_PY-Console - DEBUG - Run cmd: adb shell rm /sdcard/com.gp.mahjongg0708-00-01-24.pcap
2017-07-08 00:02:14,085 - COSMOS_TRIGGER_PY-Console - WARNING - Timeout!!!
2017-07-08 00:02:14,088 - COSMOS_TRIGGER_PY-Console - DEBUG - Run cmd: adb -s 014E233C1300800B uninstall com.gp.mahjongg
2017-07-08 00:02:15,500 - COSMOS_TRIGGER_PY-Console - DEBUG - Success
2017-07-08 00:02:15,500 - COSMOS_TRIGGER_PY-Console - INFO - End
