2017-07-07 23:34:09,926 - COSMOS_TRIGGER_PY-Console - INFO - apk:C:\Users\majes\Documents\FlowIntent\apks\ncsumalware\DroidKungFu3\5175312569352bfa929530c64b12a54a81d9b088.apk
2017-07-07 23:34:09,926 - COSMOS_TRIGGER_PY-Console - INFO - pkg:com.gp.lights
2017-07-07 23:34:09,927 - COSMOS_TRIGGER_PY-Console - DEBUG - Run cmd: adb -s 014E233C1300800B uninstall com.gp.lights
2017-07-07 23:34:11,401 - COSMOS_TRIGGER_PY-Console - DEBUG - Failure
2017-07-07 23:34:11,401 - COSMOS_TRIGGER_PY-Console - DEBUG - Run cmd: adb install C:\Users\majes\Documents\FlowIntent\apks\ncsumalware\DroidKungFu3\5175312569352bfa929530c64b12a54a81d9b088.apk
2017-07-07 23:34:17,634 - COSMOS_TRIGGER_PY-Console - DEBUG - 	pkg: /data/local/tmp/5175312569352bfa929530c64b12a54a81d9b088.apk
2017-07-07 23:34:17,634 - COSMOS_TRIGGER_PY-Console - DEBUG - Success
2017-07-07 23:34:17,634 - COSMOS_TRIGGER_PY-Console - DEBUG - 1991 KB/s (850585 bytes in 0.417s)
2017-07-07 23:34:17,635 - COSMOS_TRIGGER_PY-Console - DEBUG - Run cmd: adb shell "su 0 date -s `date +%Y%m%d.%H%M%S`"
2017-07-07 23:34:42,253 - COSMOS_TRIGGER_PY-Console - DEBUG - sh: date: No such file or directory
2017-07-07 23:34:42,255 - COSMOS_TRIGGER_PY-Console - DEBUG - Run cmd: adb shell monkey -p com.lexa.fakegps --ignore-crashes 1
2017-07-07 23:34:44,540 - COSMOS_TRIGGER_PY-Console - DEBUG - Events injected: 1
2017-07-07 23:34:44,540 - COSMOS_TRIGGER_PY-Console - DEBUG - ## Network stats: elapsed time=518ms (0ms mobile, 518ms wifi, 0ms not connected)
2017-07-07 23:34:44,540 - COSMOS_TRIGGER_PY-Console - DEBUG - Run cmd: adb logcat -c
2017-07-07 23:34:44,618 - COSMOS_TRIGGER_PY-Console - INFO - clear logcat
2017-07-07 23:34:44,618 - COSMOS_TRIGGER_PY-Console - INFO - tcpdump begins
2017-07-07 23:34:44,634 - COSMOS_TRIGGER_PY-Console - DEBUG - Run cmd: adb shell monkey -p com.gp.lights --ignore-crashes 1
2017-07-07 23:34:47,132 - COSMOS_TRIGGER_PY-Console - DEBUG - Events injected: 1
2017-07-07 23:34:47,132 - COSMOS_TRIGGER_PY-Console - DEBUG - ## Network stats: elapsed time=313ms (0ms mobile, 313ms wifi, 0ms not connected)
2017-07-07 23:34:47,375 - COSMOS_TRIGGER_PY-Console - INFO - Try to dump layout XML of 
2017-07-07 23:34:49,161 - COSMOS_TRIGGER_PY-Console - INFO - Dumping...first_page
2017-07-07 23:35:21,075 - COSMOS_TRIGGER_PY-Console - INFO - <?xml version="1.0" ?>
<hierarchy>
  <node bounds="[0,0][720,1184]" checkable="false" checked="false" class="android.widget.FrameLayout" clickable="false" content-desc="" enabled="true" focusable="false" focused="false" index="0" long-clickable="false" package="com.cyanogenmod.trebuchet" password="false" scrollable="false" selected="false" text="">
    <node bounds="[0,0][720,1184]" checkable="false" checked="false" class="android.widget.LinearLayout" clickable="false" content-desc="" enabled="true" focusable="false" focused="false" index="0" long-clickable="false" package="com.cyanogenmod.trebuchet" password="false" scrollable="false" selected="false" text="">
      <node bounds="[0,50][720,1184]" checkable="false" checked="false" class="android.widget.FrameLayout" clickable="false" content-desc="" enabled="true" focusable="false" focused="false" index="0" long-clickable="false" package="com.cyanogenmod.trebuchet" password="false" scrollable="false" selected="false" text="">
        <node bounds="[0,50][720,1184]" checkable="false" checked="false" class="android.widget.FrameLayout" clickable="false" content-desc="" enabled="true" focusable="false" focused="false" index="0" long-clickable="false" package="com.cyanogenmod.trebuchet" password="false" scrollable="false" selected="false" text="">
          <node bounds="[0,50][720,1184]" checkable="false" checked="false" class="android.view.View" clickable="false" content-desc="" enabled="true" focusable="false" focused="false" index="0" long-clickable="false" package="com.cyanogenmod.trebuchet" password="false" scrollable="true" selected="false" text="">
            <node bounds="[0,147][720,1023]" checkable="false" checked="false" class="android.view.View" clickable="true" content-desc="Home screen 3" enabled="true" focusable="false" focused="false" index="0" long-clickable="true" package="com.cyanogenmod.trebuchet" password="false" scrollable="false" selected="false" text="">
              <node bounds="[16,163][704,1007]" checkable="false" checked="false" class="android.view.View" clickable="false" content-desc="" enabled="true" focusable="false" focused="false" index="0" long-clickable="false" package="com.cyanogenmod.trebuchet" password="false" scrollable="false" selected="false" text="">
                <node bounds="[16,163][188,374]" checkable="false" checked="false" class="android.widget.TextView" clickable="true" content-desc="" enabled="true" focusable="true" focused="false" index="0" long-clickable="true" package="com.cyanogenmod.trebuchet" password="false" scrollable="false" selected="false" text="The Weather Channel"/>
                <node bounds="[188,163][532,585]" checkable="false" checked="false" class="android.appwidget.AppWidgetHostView" clickable="false" content-desc="" enabled="true" focusable="false" focused="false" index="1" long-clickable="true" package="com.cyanogenmod.trebuchet" password="false" scrollable="false" selected="false" text="">
                  <node bounds="[204,179][516,569]" checkable="false" checked="false" class="android.view.View" clickable="true" content-desc="03:35" enabled="true" focusable="false" focused="false" index="0" long-clickable="false" package="com.android.deskclock" password="false" scrollable="false" selected="false" text=""/>
                </node>
              </node>
            </node>
          </node>
          <node bounds="[0,50][720,158]" checkable="false" checked="false" class="android.widget.FrameLayout" clickable="false" content-desc="" enabled="true" focusable="false" focused="false" index="1" long-clickable="false" package="com.cyanogenmod.trebuchet" password="false" scrollable="false" selected="false" text="">
            <node bounds="[12,62][708,158]" checkable="false" checked="false" class="android.widget.RelativeLayout" clickable="false" content-desc="" enabled="true" focusable="false" focused="false" index="1" long-clickable="false" package="com.cyanogenmod.trebuchet" password="false" scrollable="false" selected="false" text="">
              <node bounds="[20,70][604,150]" checkable="false" checked="false" class="android.widget.LinearLayout" clickable="true" content-desc="Search" enabled="true" focusable="true" focused="false" index="0" long-clickable="false" package="com.cyanogenmod.trebuchet" password="false" scrollable="false" selected="false" text="">
                <node bounds="[36,70][198,150]" checkable="false" checked="false" class="android.widget.ImageView" clickable="false" content-desc="" enabled="true" focusable="false" focused="false" index="0" long-clickable="false" package="com.cyanogenmod.trebuchet" password="false" scrollable="false" selected="false" text=""/>
              </node>
              <node bounds="[604,70][700,150]" checkable="false" checked="false" class="android.widget.LinearLayout" clickable="true" content-desc="Voice Search" enabled="true" focusable="true" focused="false" index="1" long-clickable="false" package="com.cyanogenmod.trebuchet" password="false" scrollable="false" selected="false" text="">
                <node bounds="[620,70][684,150]" checkable="false" checked="false" class="android.widget.ImageView" clickable="false" content-desc="" enabled="true" focusable="false" focused="false" index="0" long-clickable="false" package="com.cyanogenmod.trebuchet" password="false" scrollable="false" selected="false" text=""/>
              </node>
            </node>
          </node>
          <node bounds="[560,50][720,158]" checkable="false" checked="false" class="android.widget.LinearLayout" clickable="true" content-desc="" enabled="true" focusable="false" focused="false" index="2" long-clickable="false" package="com.cyanogenmod.trebuchet" password="false" scrollable="false" selected="false" text=""/>
          <node bounds="[0,1012][720,1024]" checkable="false" checked="false" class="android.widget.ImageView" clickable="false" content-desc="" enabled="true" focusable="false" focused="false" index="3" long-clickable="false" package="com.cyanogenmod.trebuchet" password="false" scrollable="false" selected="false" text=""/>
          <node bounds="[0,1024][720,1184]" checkable="false" checked="false" class="android.widget.FrameLayout" clickable="false" content-desc="" enabled="true" focusable="false" focused="false" index="5" long-clickable="false" package="com.cyanogenmod.trebuchet" password="false" scrollable="false" selected="false" text="">
            <node bounds="[1,1024][718,1184]" checkable="false" checked="false" class="android.view.View" clickable="false" content-desc="" enabled="true" focusable="false" focused="false" index="0" long-clickable="false" package="com.cyanogenmod.trebuchet" password="false" scrollable="false" selected="false" text="">
              <node bounds="[17,1040][702,1168]" checkable="false" checked="false" class="android.view.View" clickable="false" content-desc="" enabled="true" focusable="false" focused="false" index="0" long-clickable="false" package="com.cyanogenmod.trebuchet" password="false" scrollable="false" selected="false" text="">
                <!--NAF: The following control may not be accessibility friendly-->
                <node NAF="true" bounds="[17,1040][154,1168]" checkable="false" checked="false" class="android.widget.TextView" clickable="true" content-desc="" enabled="true" focusable="true" focused="false" index="0" long-clickable="true" package="com.cyanogenmod.trebuchet" password="false" scrollable="false" selected="false" text=""/>
                <!--NAF: The following control may not be accessibility friendly-->
                <node NAF="true" bounds="[154,1040][291,1168]" checkable="false" checked="false" class="android.widget.TextView" clickable="true" content-desc="" enabled="true" focusable="true" focused="false" index="1" long-clickable="true" package="com.cyanogenmod.trebuchet" password="false" scrollable="false" selected="false" text=""/>
                <node bounds="[291,1040][428,1168]" checkable="false" checked="false" class="android.widget.TextView" clickable="true" content-desc="Apps" enabled="true" focusable="true" focused="false" index="2" long-clickable="true" package="com.cyanogenmod.trebuchet" password="false" scrollable="false" selected="false" text=""/>
                <!--NAF: The following control may not be accessibility friendly-->
                <node NAF="true" bounds="[428,1040][565,1168]" checkable="false" checked="false" class="android.widget.TextView" clickable="true" content-desc="" enabled="true" focusable="true" focused="false" index="3" long-clickable="true" package="com.cyanogenmod.trebuchet" password="false" scrollable="false" selected="false" text=""/>
                <!--NAF: The following control may not be accessibility friendly-->
                <node NAF="true" bounds="[565,1040][702,1168]" checkable="false" checked="false" class="android.widget.TextView" clickable="true" content-desc="" enabled="true" focusable="true" focused="false" index="4" long-clickable="true" package="com.cyanogenmod.trebuchet" password="false" scrollable="false" selected="false" text=""/>
              </node>
            </node>
          </node>
        </node>
      </node>
    </node>
  </node>
</hierarchy>

2017-07-07 23:35:21,355 - COSMOS_TRIGGER_PY-Console - ERROR - JsonRPC Error code: -32003, Message: com.github.uiautomatorstub.NotImplementedException: takeScreenshot is not yet implemented in API level 16.
2017-07-07 23:35:21,355 - COSMOS_TRIGGER_PY-Console - DEBUG - Run cmd: adb shell /system/bin/screencap -p /sdcard/screenshot.png
2017-07-07 23:35:22,536 - COSMOS_TRIGGER_PY-Console - DEBUG - Run cmd: adb pull /sdcard/screenshot.png ../output/DroidKungFu3/5175312569352bfa929530c64b12a54a81d9b088/first_page.png
2017-07-07 23:35:22,721 - COSMOS_TRIGGER_PY-Console - DEBUG - 2698 KB/s (323143 bytes in 0.116s)
2017-07-07 23:35:22,737 - COSMOS_TRIGGER_PY-Console - DEBUG - Run cmd: adb pull /sdcard/com.gp.lights0707-23-34-09.pcap ../output/DroidKungFu3/5175312569352bfa929530c64b12a54a81d9b088/com.gp.lights0707-23-34-09.pcap
2017-07-07 23:35:22,815 - COSMOS_TRIGGER_PY-Console - DEBUG - Run cmd: adb shell rm /sdcard/com.gp.lights0707-23-34-09.pcap
2017-07-07 23:35:32,796 - COSMOS_TRIGGER_PY-Console - DEBUG - Run cmd: adb -s 014E233C1300800B uninstall com.gp.lights
2017-07-07 23:35:34,283 - COSMOS_TRIGGER_PY-Console - DEBUG - Success
2017-07-07 23:35:34,285 - COSMOS_TRIGGER_PY-Console - INFO - End
