2017-07-09 13:02:15,068 - COSMOS_TRIGGER_PY-Console - INFO - apk:C:\Users\majes\Documents\FlowIntent\apks\drebin\Opfake\78cfd8bc7b23d062a9ed0f7fd7b9ac0cc5b8ff78a5c1bdc1efa59915aeffb865.apk
2017-07-09 13:02:15,069 - COSMOS_TRIGGER_PY-Console - INFO - pkg:Jk7H.PwcD
2017-07-09 13:02:15,069 - COSMOS_TRIGGER_PY-Console - DEBUG - Run cmd: adb -s 014E233C1300800B uninstall Jk7H.PwcD
2017-07-09 13:02:17,145 - COSMOS_TRIGGER_PY-Console - DEBUG - Failure
2017-07-09 13:02:17,147 - COSMOS_TRIGGER_PY-Console - DEBUG - Run cmd: adb install C:\Users\majes\Documents\FlowIntent\apks\drebin\Opfake\78cfd8bc7b23d062a9ed0f7fd7b9ac0cc5b8ff78a5c1bdc1efa59915aeffb865.apk
2017-07-09 13:02:22,078 - COSMOS_TRIGGER_PY-Console - DEBUG - 	pkg: /data/local/tmp/78cfd8bc7b23d062a9ed0f7fd7b9ac0cc5b8ff78a5c1bdc1efa59915aeffb865.apk
2017-07-09 13:02:22,079 - COSMOS_TRIGGER_PY-Console - DEBUG - Failure [0]
2017-07-09 13:02:22,081 - COSMOS_TRIGGER_PY-Console - DEBUG - 704 KB/s (99542 bytes in 0.138s)
2017-07-09 13:02:22,082 - COSMOS_TRIGGER_PY-Console - DEBUG - Run cmd: adb shell "su 0 date -s `date +%Y%m%d.%H%M%S`"
2017-07-09 13:02:28,010 - COSMOS_TRIGGER_PY-Console - DEBUG - sh: date: No such file or directory
2017-07-09 13:02:28,012 - COSMOS_TRIGGER_PY-Console - DEBUG - Run cmd: adb shell monkey -p com.lexa.fakegps --ignore-crashes 1
2017-07-09 13:02:29,494 - COSMOS_TRIGGER_PY-Console - DEBUG - Events injected: 1
2017-07-09 13:02:29,496 - COSMOS_TRIGGER_PY-Console - DEBUG - ## Network stats: elapsed time=139ms (0ms mobile, 139ms wifi, 0ms not connected)
2017-07-09 13:02:30,871 - COSMOS_TRIGGER_PY-Console - DEBUG - Run cmd: adb logcat -c
2017-07-09 13:02:30,941 - COSMOS_TRIGGER_PY-Console - INFO - clear logcat
2017-07-09 13:02:30,943 - COSMOS_TRIGGER_PY-Console - INFO - tcpdump begins
2017-07-09 13:02:30,960 - COSMOS_TRIGGER_PY-Console - DEBUG - Run cmd: adb shell monkey -p Jk7H.PwcD --ignore-crashes 1
2017-07-09 13:02:34,096 - COSMOS_TRIGGER_PY-Console - DEBUG - ** No activities found to run, monkey aborted.
2017-07-09 13:02:34,138 - COSMOS_TRIGGER_PY-Console - INFO - Try to dump layout XML of 
2017-07-09 13:02:40,030 - COSMOS_TRIGGER_PY-Console - INFO - Dumping...first_page
2017-07-09 13:02:54,569 - COSMOS_TRIGGER_PY-Console - INFO - <?xml version="1.0" ?>
<hierarchy>
  <node bounds="[0,0][720,1184]" checkable="false" checked="false" class="android.widget.FrameLayout" clickable="false" content-desc="" enabled="true" focusable="false" focused="false" index="0" long-clickable="false" package="Jk7H.PwcD" password="false" scrollable="false" selected="false" text="">
    <node bounds="[0,0][720,1184]" checkable="false" checked="false" class="android.widget.LinearLayout" clickable="false" content-desc="" enabled="true" focusable="false" focused="false" index="0" long-clickable="false" package="Jk7H.PwcD" password="false" scrollable="false" selected="false" text="">
      <node bounds="[0,50][720,100]" checkable="false" checked="false" class="android.widget.FrameLayout" clickable="false" content-desc="" enabled="true" focusable="false" focused="false" index="0" long-clickable="false" package="Jk7H.PwcD" password="false" scrollable="false" selected="false" text="">
        <node bounds="[8,51][712,97]" checkable="false" checked="false" class="android.widget.TextView" clickable="false" content-desc="" enabled="true" focusable="false" focused="false" index="0" long-clickable="false" package="Jk7H.PwcD" password="false" scrollable="false" selected="false" text="Установка"/>
      </node>
      <node bounds="[0,100][720,1184]" checkable="false" checked="false" class="android.widget.FrameLayout" clickable="false" content-desc="" enabled="true" focusable="false" focused="false" index="1" long-clickable="false" package="Jk7H.PwcD" password="false" scrollable="false" selected="false" text="">
        <node bounds="[0,100][720,1184]" checkable="false" checked="false" class="android.widget.LinearLayout" clickable="false" content-desc="" enabled="true" focusable="false" focused="false" index="0" long-clickable="false" package="Jk7H.PwcD" password="false" scrollable="false" selected="false" text="">
          <node bounds="[0,100][720,199]" checkable="false" checked="false" class="android.widget.ImageView" clickable="false" content-desc="" enabled="true" focusable="false" focused="false" index="0" long-clickable="false" package="Jk7H.PwcD" password="false" scrollable="false" selected="false" text=""/>
          <node bounds="[0,199][720,992]" checkable="false" checked="false" class="android.widget.ScrollView" clickable="false" content-desc="" enabled="true" focusable="true" focused="false" index="1" long-clickable="false" package="Jk7H.PwcD" password="false" scrollable="false" selected="false" text="">
            <node bounds="[0,199][720,270]" checkable="false" checked="false" class="android.widget.TextView" clickable="false" content-desc="" enabled="true" focusable="false" focused="false" index="0" long-clickable="false" package="Jk7H.PwcD" password="false" scrollable="false" selected="false" text="Вы согласны с условиями  загрузки Fake iPhone 4S. Для продолжения загрузки нажмите кнопку Далее."/>
          </node>
          <node bounds="[0,992][720,1088]" checkable="false" checked="false" class="android.widget.Button" clickable="true" content-desc="" enabled="true" focusable="true" focused="false" index="2" long-clickable="false" package="Jk7H.PwcD" password="false" scrollable="false" selected="false" text="Далее"/>
          <node bounds="[0,1088][720,1184]" checkable="false" checked="false" class="android.widget.Button" clickable="true" content-desc="" enabled="true" focusable="true" focused="false" index="3" long-clickable="false" package="Jk7H.PwcD" password="false" scrollable="false" selected="false" text="Правила"/>
        </node>
      </node>
    </node>
  </node>
</hierarchy>

2017-07-09 13:02:54,635 - COSMOS_TRIGGER_PY-Console - ERROR - JsonRPC Error code: -32003, Message: com.github.uiautomatorstub.NotImplementedException: takeScreenshot is not yet implemented in API level 16.
2017-07-09 13:02:54,638 - COSMOS_TRIGGER_PY-Console - DEBUG - Run cmd: adb shell /system/bin/screencap -p /sdcard/screenshot.png
2017-07-09 13:02:57,207 - COSMOS_TRIGGER_PY-Console - DEBUG - Run cmd: adb pull /sdcard/screenshot.png C:\Users\majes\PycharmProjects\TrafficAnalysis\data_collection\output/Opfake/78cfd8bc7b23d062a9ed0f7fd7b9ac0cc5b8ff78a5c1bdc1efa59915aeffb865/first_page.png
2017-07-09 13:02:57,693 - COSMOS_TRIGGER_PY-Console - DEBUG - 800 KB/s (337715 bytes in 0.412s)
2017-07-09 13:03:02,732 - COSMOS_TRIGGER_PY-Console - DEBUG - Run cmd: adb pull /sdcard/Jk7H.PwcD0709-13-02-14.pcap C:\Users\majes\PycharmProjects\TrafficAnalysis\data_collection\output/Opfake/78cfd8bc7b23d062a9ed0f7fd7b9ac0cc5b8ff78a5c1bdc1efa59915aeffb865/Jk7H.PwcD0709-13-02-14.pcap
2017-07-09 13:03:02,861 - COSMOS_TRIGGER_PY-Console - DEBUG - 1491 KB/s (102400 bytes in 0.067s)
2017-07-09 13:03:17,862 - COSMOS_TRIGGER_PY-Console - WARNING - Timeout!!!
2017-07-09 13:03:17,865 - COSMOS_TRIGGER_PY-Console - DEBUG - Run cmd: adb -s 014E233C1300800B uninstall Jk7H.PwcD
2017-07-09 13:03:18,799 - COSMOS_TRIGGER_PY-Console - DEBUG - Failure
2017-07-09 13:03:18,799 - COSMOS_TRIGGER_PY-Console - INFO - End
