2017-07-08 23:15:48,151 - COSMOS_TRIGGER_PY-Console - INFO - apk:C:\Users\majes\Documents\FlowIntent\apks\ncsumalware\BaseBridge\adc8ac7b72a1055438773e7f075028df681d987c.apk
2017-07-08 23:15:48,151 - COSMOS_TRIGGER_PY-Console - INFO - pkg:com.android.battery
2017-07-08 23:15:48,151 - COSMOS_TRIGGER_PY-Console - DEBUG - Run cmd: adb -s 014E233C1300800B uninstall com.android.battery
2017-07-08 23:15:48,976 - COSMOS_TRIGGER_PY-Console - DEBUG - Failure
2017-07-08 23:15:48,979 - COSMOS_TRIGGER_PY-Console - DEBUG - Run cmd: adb install C:\Users\majes\Documents\FlowIntent\apks\ncsumalware\BaseBridge\adc8ac7b72a1055438773e7f075028df681d987c.apk
2017-07-08 23:15:52,559 - COSMOS_TRIGGER_PY-Console - DEBUG - 	pkg: /data/local/tmp/adc8ac7b72a1055438773e7f075028df681d987c.apk
2017-07-08 23:15:52,559 - COSMOS_TRIGGER_PY-Console - DEBUG - Success
2017-07-08 23:15:52,561 - COSMOS_TRIGGER_PY-Console - DEBUG - 72 KB/s (33894 bytes in 0.454s)
2017-07-08 23:15:52,561 - COSMOS_TRIGGER_PY-Console - DEBUG - Run cmd: adb shell "su 0 date -s `date +%Y%m%d.%H%M%S`"
2017-07-08 23:15:58,010 - COSMOS_TRIGGER_PY-Console - DEBUG - sh: date: No such file or directory
2017-07-08 23:15:58,013 - COSMOS_TRIGGER_PY-Console - DEBUG - Run cmd: adb shell monkey -p com.lexa.fakegps --ignore-crashes 1
2017-07-08 23:15:59,016 - COSMOS_TRIGGER_PY-Console - DEBUG - Events injected: 1
2017-07-08 23:15:59,016 - COSMOS_TRIGGER_PY-Console - DEBUG - ## Network stats: elapsed time=182ms (0ms mobile, 182ms wifi, 0ms not connected)
2017-07-08 23:16:00,460 - COSMOS_TRIGGER_PY-Console - DEBUG - Run cmd: adb logcat -c
2017-07-08 23:16:00,532 - COSMOS_TRIGGER_PY-Console - INFO - clear logcat
2017-07-08 23:16:00,532 - COSMOS_TRIGGER_PY-Console - INFO - tcpdump begins
2017-07-08 23:16:00,548 - COSMOS_TRIGGER_PY-Console - DEBUG - Run cmd: adb shell monkey -p com.android.battery --ignore-crashes 1
2017-07-08 23:16:01,622 - COSMOS_TRIGGER_PY-Console - DEBUG - ** No activities found to run, monkey aborted.
2017-07-08 23:16:01,694 - COSMOS_TRIGGER_PY-Console - INFO - Try to dump layout XML of 
2017-07-08 23:16:01,818 - COSMOS_TRIGGER_PY-Console - INFO - Dumping...first_page
2017-07-08 23:16:28,102 - COSMOS_TRIGGER_PY-Console - INFO - <?xml version="1.0" ?>
<hierarchy>
  <node bounds="[0,0][720,1184]" checkable="false" checked="false" class="android.widget.FrameLayout" clickable="false" content-desc="" enabled="true" focusable="false" focused="false" index="0" long-clickable="false" package="com.cyanogenmod.trebuchet" password="false" scrollable="false" selected="false" text="">
    <node bounds="[0,0][720,1184]" checkable="false" checked="false" class="android.widget.LinearLayout" clickable="false" content-desc="" enabled="true" focusable="false" focused="false" index="0" long-clickable="false" package="com.cyanogenmod.trebuchet" password="false" scrollable="false" selected="false" text="">
      <node bounds="[0,50][720,1184]" checkable="false" checked="false" class="android.widget.FrameLayout" clickable="false" content-desc="" enabled="true" focusable="false" focused="false" index="0" long-clickable="false" package="com.cyanogenmod.trebuchet" password="false" scrollable="false" selected="false" text="">
        <node bounds="[0,50][720,1184]" checkable="false" checked="false" class="android.widget.FrameLayout" clickable="false" content-desc="" enabled="true" focusable="false" focused="false" index="0" long-clickable="false" package="com.cyanogenmod.trebuchet" password="false" scrollable="false" selected="false" text="">
          <node bounds="[0,50][720,1184]" checkable="false" checked="false" class="android.view.View" clickable="false" content-desc="" enabled="true" focusable="false" focused="false" index="0" long-clickable="false" package="com.cyanogenmod.trebuchet" password="false" scrollable="true" selected="false" text="">
            <node bounds="[0,147][720,1023]" checkable="false" checked="false" class="android.view.View" clickable="true" content-desc="Home screen 5" enabled="true" focusable="false" focused="false" index="0" long-clickable="true" package="com.cyanogenmod.trebuchet" password="false" scrollable="false" selected="false" text="">
              <node bounds="[16,163][704,1007]" checkable="false" checked="false" class="android.view.View" clickable="false" content-desc="" enabled="true" focusable="false" focused="false" index="0" long-clickable="false" package="com.cyanogenmod.trebuchet" password="false" scrollable="false" selected="false" text=""/>
            </node>
          </node>
          <node bounds="[0,50][720,158]" checkable="false" checked="false" class="android.widget.FrameLayout" clickable="false" content-desc="" enabled="true" focusable="false" focused="false" index="1" long-clickable="false" package="com.cyanogenmod.trebuchet" password="false" scrollable="false" selected="false" text="">
            <node bounds="[12,62][708,158]" checkable="false" checked="false" class="android.widget.RelativeLayout" clickable="false" content-desc="" enabled="true" focusable="false" focused="false" index="1" long-clickable="false" package="com.cyanogenmod.trebuchet" password="false" scrollable="false" selected="false" text="">
              <node bounds="[20,70][604,150]" checkable="false" checked="false" class="android.widget.LinearLayout" clickable="true" content-desc="Search" enabled="true" focusable="true" focused="false" index="0" long-clickable="false" package="com.cyanogenmod.trebuchet" password="false" scrollable="false" selected="false" text="">
                <node bounds="[36,70][198,150]" checkable="false" checked="false" class="android.widget.ImageView" clickable="false" content-desc="" enabled="true" focusable="false" focused="false" index="0" long-clickable="false" package="com.cyanogenmod.trebuchet" password="false" scrollable="false" selected="false" text=""/>
              </node>
              <node bounds="[604,70][700,150]" checkable="false" checked="false" class="android.widget.LinearLayout" clickable="true" content-desc="Voice Search" enabled="true" focusable="true" focused="false" index="1" long-clickable="false" package="com.cyanogenmod.trebuchet" password="false" scrollable="false" selected="false" text="">
                <node bounds="[620,70][684,150]" checkable="false" checked="false" class="android.widget.ImageView" clickable="false" content-desc="" enabled="true" focusable="false" focused="false" index="0" long-clickable="false" package="com.cyanogenmod.trebuchet" password="false" scrollable="false" selected="false" text=""/>
              </node>
            </node>
          </node>
          <node bounds="[560,50][720,158]" checkable="false" checked="false" class="android.widget.LinearLayout" clickable="true" content-desc="" enabled="true" focusable="false" focused="false" index="2" long-clickable="false" package="com.cyanogenmod.trebuchet" password="false" scrollable="false" selected="false" text=""/>
          <node bounds="[0,1012][720,1024]" checkable="false" checked="false" class="android.widget.ImageView" clickable="false" content-desc="" enabled="true" focusable="false" focused="false" index="3" long-clickable="false" package="com.cyanogenmod.trebuchet" password="false" scrollable="false" selected="false" text=""/>
          <node bounds="[0,1024][720,1184]" checkable="false" checked="false" class="android.widget.FrameLayout" clickable="false" content-desc="" enabled="true" focusable="false" focused="false" index="4" long-clickable="false" package="com.cyanogenmod.trebuchet" password="false" scrollable="false" selected="false" text="">
            <node bounds="[1,1024][718,1184]" checkable="false" checked="false" class="android.view.View" clickable="false" content-desc="" enabled="true" focusable="false" focused="false" index="0" long-clickable="false" package="com.cyanogenmod.trebuchet" password="false" scrollable="false" selected="false" text="">
              <node bounds="[17,1040][702,1168]" checkable="false" checked="false" class="android.view.View" clickable="false" content-desc="" enabled="true" focusable="false" focused="false" index="0" long-clickable="false" package="com.cyanogenmod.trebuchet" password="false" scrollable="false" selected="false" text="">
                <!--NAF: The following control may not be accessibility friendly-->
                <node NAF="true" bounds="[17,1040][154,1168]" checkable="false" checked="false" class="android.widget.TextView" clickable="true" content-desc="" enabled="true" focusable="true" focused="false" index="0" long-clickable="true" package="com.cyanogenmod.trebuchet" password="false" scrollable="false" selected="false" text=""/>
                <!--NAF: The following control may not be accessibility friendly-->
                <node NAF="true" bounds="[154,1040][291,1168]" checkable="false" checked="false" class="android.widget.TextView" clickable="true" content-desc="" enabled="true" focusable="true" focused="false" index="1" long-clickable="true" package="com.cyanogenmod.trebuchet" password="false" scrollable="false" selected="false" text=""/>
                <node bounds="[291,1040][428,1168]" checkable="false" checked="false" class="android.widget.TextView" clickable="true" content-desc="Apps" enabled="true" focusable="true" focused="false" index="2" long-clickable="true" package="com.cyanogenmod.trebuchet" password="false" scrollable="false" selected="false" text=""/>
                <!--NAF: The following control may not be accessibility friendly-->
                <node NAF="true" bounds="[428,1040][565,1168]" checkable="false" checked="false" class="android.widget.TextView" clickable="true" content-desc="" enabled="true" focusable="true" focused="false" index="3" long-clickable="true" package="com.cyanogenmod.trebuchet" password="false" scrollable="false" selected="false" text=""/>
                <!--NAF: The following control may not be accessibility friendly-->
                <node NAF="true" bounds="[565,1040][702,1168]" checkable="false" checked="false" class="android.widget.TextView" clickable="true" content-desc="" enabled="true" focusable="true" focused="false" index="4" long-clickable="true" package="com.cyanogenmod.trebuchet" password="false" scrollable="false" selected="false" text=""/>
              </node>
            </node>
          </node>
        </node>
      </node>
    </node>
  </node>
</hierarchy>

2017-07-08 23:16:28,236 - COSMOS_TRIGGER_PY-Console - ERROR - JsonRPC Error code: -32003, Message: com.github.uiautomatorstub.NotImplementedException: takeScreenshot is not yet implemented in API level 16.
2017-07-08 23:16:28,236 - COSMOS_TRIGGER_PY-Console - DEBUG - Run cmd: adb shell /system/bin/screencap -p /sdcard/screenshot.png
2017-07-08 23:16:29,417 - COSMOS_TRIGGER_PY-Console - DEBUG - Run cmd: adb pull /sdcard/screenshot.png C:\Users\majes\PycharmProjects\TrafficAnalysis\data_collection\output/BaseBridge/adc8ac7b72a1055438773e7f075028df681d987c/first_page.png
2017-07-08 23:16:29,674 - COSMOS_TRIGGER_PY-Console - DEBUG - 3105 KB/s (350584 bytes in 0.110s)
2017-07-08 23:16:34,674 - COSMOS_TRIGGER_PY-Console - DEBUG - Run cmd: adb pull /sdcard/com.android.battery0708-23-15-48.pcap C:\Users\majes\PycharmProjects\TrafficAnalysis\data_collection\output/BaseBridge/adc8ac7b72a1055438773e7f075028df681d987c/com.android.battery0708-23-15-48.pcap
2017-07-08 23:16:39,785 - COSMOS_TRIGGER_PY-Console - DEBUG - Run cmd: adb pull /sdcard/com.android.battery0708-23-15-48.pcap C:\Users\majes\PycharmProjects\TrafficAnalysis\data_collection\output/BaseBridge/adc8ac7b72a1055438773e7f075028df681d987c/com.android.battery0708-23-15-48.pcap
2017-07-08 23:16:39,884 - COSMOS_TRIGGER_PY-Console - DEBUG - 469 KB/s (4096 bytes in 0.008s)
2017-07-08 23:16:54,887 - COSMOS_TRIGGER_PY-Console - WARNING - Timeout!!!
2017-07-08 23:16:54,890 - COSMOS_TRIGGER_PY-Console - DEBUG - Run cmd: adb -s 014E233C1300800B uninstall com.android.battery
2017-07-08 23:16:56,194 - COSMOS_TRIGGER_PY-Console - DEBUG - Success
2017-07-08 23:16:56,194 - COSMOS_TRIGGER_PY-Console - INFO - End
