2017-07-08 04:39:12,381 - COSMOS_TRIGGER_PY-Console - INFO - apk:C:\Users\majes\Documents\FlowIntent\apks\ncsumalware\DroidKungFu3\d99165d50a17d5678b13e0e7f70605f9fd4b7e9a.apk
2017-07-08 04:39:12,381 - COSMOS_TRIGGER_PY-Console - INFO - pkg:com.livegame.CardMagic
2017-07-08 04:39:12,381 - COSMOS_TRIGGER_PY-Console - DEBUG - Run cmd: adb -s 014E233C1300800B uninstall com.livegame.CardMagic
2017-07-08 04:39:13,177 - COSMOS_TRIGGER_PY-Console - DEBUG - Failure
2017-07-08 04:39:13,178 - COSMOS_TRIGGER_PY-Console - DEBUG - Run cmd: adb install C:\Users\majes\Documents\FlowIntent\apks\ncsumalware\DroidKungFu3\d99165d50a17d5678b13e0e7f70605f9fd4b7e9a.apk
2017-07-08 04:39:15,322 - COSMOS_TRIGGER_PY-Console - DEBUG - 	pkg: /data/local/tmp/d99165d50a17d5678b13e0e7f70605f9fd4b7e9a.apk
2017-07-08 04:39:15,322 - COSMOS_TRIGGER_PY-Console - DEBUG - Success
2017-07-08 04:39:15,322 - COSMOS_TRIGGER_PY-Console - DEBUG - 1595 KB/s (389759 bytes in 0.238s)
2017-07-08 04:39:15,323 - COSMOS_TRIGGER_PY-Console - DEBUG - Run cmd: adb shell "su 0 date -s `date +%Y%m%d.%H%M%S`"
2017-07-08 04:39:16,045 - COSMOS_TRIGGER_PY-Console - DEBUG - sh: date: No such file or directory
2017-07-08 04:39:16,046 - COSMOS_TRIGGER_PY-Console - DEBUG - Run cmd: adb shell monkey -p com.lexa.fakegps --ignore-crashes 1
2017-07-08 04:39:17,079 - COSMOS_TRIGGER_PY-Console - DEBUG - Events injected: 1
2017-07-08 04:39:17,081 - COSMOS_TRIGGER_PY-Console - DEBUG - ## Network stats: elapsed time=177ms (0ms mobile, 177ms wifi, 0ms not connected)
2017-07-08 04:39:18,724 - COSMOS_TRIGGER_PY-Console - DEBUG - Run cmd: adb logcat -c
2017-07-08 04:39:18,803 - COSMOS_TRIGGER_PY-Console - INFO - clear logcat
2017-07-08 04:39:18,803 - COSMOS_TRIGGER_PY-Console - INFO - tcpdump begins
2017-07-08 04:39:18,819 - COSMOS_TRIGGER_PY-Console - DEBUG - Run cmd: adb shell monkey -p com.livegame.CardMagic --ignore-crashes 1
2017-07-08 04:39:19,790 - COSMOS_TRIGGER_PY-Console - DEBUG - Events injected: 1
2017-07-08 04:39:19,792 - COSMOS_TRIGGER_PY-Console - DEBUG - ## Network stats: elapsed time=134ms (0ms mobile, 134ms wifi, 0ms not connected)
2017-07-08 04:39:19,868 - COSMOS_TRIGGER_PY-Console - INFO - Try to dump layout XML of 
2017-07-08 04:39:19,973 - COSMOS_TRIGGER_PY-Console - INFO - Dumping...first_page
2017-07-08 04:39:44,414 - COSMOS_TRIGGER_PY-Console - DEBUG - Run cmd: adb pull /sdcard/com.livegame.CardMagic0708-04-39-12.pcap C:\Users\majes\PycharmProjects\TrafficAnalysis\data_collection\output/DroidKungFu3/d99165d50a17d5678b13e0e7f70605f9fd4b7e9a/com.livegame.CardMagic0708-04-39-12.pcap
2017-07-08 04:39:44,522 - COSMOS_TRIGGER_PY-Console - DEBUG - 448 KB/s (3679 bytes in 0.008s)
2017-07-08 04:39:44,739 - COSMOS_TRIGGER_PY-Console - DEBUG - Run cmd: adb -s 014E233C1300800B uninstall com.livegame.CardMagic
2017-07-08 04:39:46,269 - COSMOS_TRIGGER_PY-Console - DEBUG - Success
2017-07-08 04:39:46,269 - COSMOS_TRIGGER_PY-Console - INFO - End
