2017-07-10 08:32:30,868 - COSMOS_TRIGGER_PY-Console - INFO - apk:C:\Users\majes\Documents\FlowIntent\apks\drebin\DroidKungFu\25061c50965d05e98e409e3a07fe4ce4825a9dacff46a79fe57eda7bfd184dea.apk
2017-07-10 08:32:30,868 - COSMOS_TRIGGER_PY-Console - INFO - pkg:com.ps.opensudoku
2017-07-10 08:32:30,868 - COSMOS_TRIGGER_PY-Console - DEBUG - Run cmd: adb -s 014E233C1300800B uninstall com.ps.opensudoku
2017-07-10 08:32:32,239 - COSMOS_TRIGGER_PY-Console - DEBUG - Failure
2017-07-10 08:32:32,239 - COSMOS_TRIGGER_PY-Console - DEBUG - Run cmd: adb install C:\Users\majes\Documents\FlowIntent\apks\drebin\DroidKungFu\25061c50965d05e98e409e3a07fe4ce4825a9dacff46a79fe57eda7bfd184dea.apk
2017-07-10 08:32:36,563 - COSMOS_TRIGGER_PY-Console - DEBUG - 	pkg: /data/local/tmp/25061c50965d05e98e409e3a07fe4ce4825a9dacff46a79fe57eda7bfd184dea.apk
2017-07-10 08:32:36,565 - COSMOS_TRIGGER_PY-Console - DEBUG - Success
2017-07-10 08:32:36,565 - COSMOS_TRIGGER_PY-Console - DEBUG - 1706 KB/s (400404 bytes in 0.229s)
2017-07-10 08:32:36,565 - COSMOS_TRIGGER_PY-Console - DEBUG - Run cmd: adb shell "su 0 date -s `date +%Y%m%d.%H%M%S`"
2017-07-10 08:32:48,897 - COSMOS_TRIGGER_PY-Console - DEBUG - sh: date: No such file or directory
2017-07-10 08:32:48,898 - COSMOS_TRIGGER_PY-Console - DEBUG - Run cmd: adb shell monkey -p com.lexa.fakegps --ignore-crashes 1
2017-07-10 08:32:50,380 - COSMOS_TRIGGER_PY-Console - DEBUG - Events injected: 1
2017-07-10 08:32:50,380 - COSMOS_TRIGGER_PY-Console - DEBUG - ## Network stats: elapsed time=200ms (0ms mobile, 200ms wifi, 0ms not connected)
2017-07-10 08:32:52,700 - COSMOS_TRIGGER_PY-Console - DEBUG - Run cmd: adb logcat -c
2017-07-10 08:32:52,970 - COSMOS_TRIGGER_PY-Console - INFO - clear logcat
2017-07-10 08:32:52,970 - COSMOS_TRIGGER_PY-Console - INFO - tcpdump begins
2017-07-10 08:32:52,984 - COSMOS_TRIGGER_PY-Console - DEBUG - Run cmd: adb shell monkey -p com.ps.opensudoku --ignore-crashes 1
2017-07-10 08:32:55,260 - COSMOS_TRIGGER_PY-Console - DEBUG - Events injected: 1
2017-07-10 08:32:55,262 - COSMOS_TRIGGER_PY-Console - DEBUG - ## Network stats: elapsed time=87ms (0ms mobile, 87ms wifi, 0ms not connected)
2017-07-10 08:32:55,331 - COSMOS_TRIGGER_PY-Console - INFO - Try to dump layout XML of 
2017-07-10 08:32:55,456 - COSMOS_TRIGGER_PY-Console - INFO - Dumping...first_page
2017-07-10 08:33:20,915 - COSMOS_TRIGGER_PY-Console - DEBUG - Run cmd: adb pull /sdcard/com.ps.opensudoku0710-08-32-30.pcap C:\Users\majes\PycharmProjects\TrafficAnalysis\data_collection\output/DroidKungFu/25061c50965d05e98e409e3a07fe4ce4825a9dacff46a79fe57eda7bfd184dea/com.ps.opensudoku0710-08-32-30.pcap
2017-07-10 08:34:20,933 - COSMOS_TRIGGER_PY-Console - WARNING - __init__() takes at least 3 arguments (2 given)
2017-07-10 08:34:21,180 - COSMOS_TRIGGER_PY-Console - DEBUG - 2998 KB/s (184320 bytes in 0.060s)
2017-07-10 08:34:36,181 - COSMOS_TRIGGER_PY-Console - WARNING - Timeout!!!
2017-07-10 08:34:36,220 - COSMOS_TRIGGER_PY-Console - DEBUG - Run cmd: adb -s 014E233C1300800B uninstall com.ps.opensudoku
2017-07-10 08:34:38,016 - COSMOS_TRIGGER_PY-Console - DEBUG - Success
2017-07-10 08:34:38,016 - COSMOS_TRIGGER_PY-Console - INFO - End
