2017-07-08 04:38:01,493 - COSMOS_TRIGGER_PY-Console - INFO - apk:C:\Users\majes\Documents\FlowIntent\apks\ncsumalware\DroidKungFu3\d7f03375c914977235462e7247e6925003154d5f.apk
2017-07-08 04:38:01,493 - COSMOS_TRIGGER_PY-Console - INFO - pkg:org.drhu.waterdropletfree
2017-07-08 04:38:01,493 - COSMOS_TRIGGER_PY-Console - DEBUG - Run cmd: adb -s 014E233C1300800B uninstall org.drhu.waterdropletfree
2017-07-08 04:38:02,323 - COSMOS_TRIGGER_PY-Console - DEBUG - Failure
2017-07-08 04:38:02,325 - COSMOS_TRIGGER_PY-Console - DEBUG - Run cmd: adb install C:\Users\majes\Documents\FlowIntent\apks\ncsumalware\DroidKungFu3\d7f03375c914977235462e7247e6925003154d5f.apk
2017-07-08 04:38:07,035 - COSMOS_TRIGGER_PY-Console - DEBUG - 	pkg: /data/local/tmp/d7f03375c914977235462e7247e6925003154d5f.apk
2017-07-08 04:38:07,035 - COSMOS_TRIGGER_PY-Console - DEBUG - Success
2017-07-08 04:38:07,036 - COSMOS_TRIGGER_PY-Console - DEBUG - 2831 KB/s (4457554 bytes in 1.537s)
2017-07-08 04:38:07,036 - COSMOS_TRIGGER_PY-Console - DEBUG - Run cmd: adb shell "su 0 date -s `date +%Y%m%d.%H%M%S`"
2017-07-08 04:38:07,769 - COSMOS_TRIGGER_PY-Console - DEBUG - sh: date: No such file or directory
2017-07-08 04:38:07,769 - COSMOS_TRIGGER_PY-Console - DEBUG - Run cmd: adb shell monkey -p com.lexa.fakegps --ignore-crashes 1
2017-07-08 04:38:08,670 - COSMOS_TRIGGER_PY-Console - DEBUG - Events injected: 1
2017-07-08 04:38:08,670 - COSMOS_TRIGGER_PY-Console - DEBUG - ## Network stats: elapsed time=131ms (0ms mobile, 131ms wifi, 0ms not connected)
2017-07-08 04:38:10,125 - COSMOS_TRIGGER_PY-Console - DEBUG - Run cmd: adb logcat -c
2017-07-08 04:38:10,196 - COSMOS_TRIGGER_PY-Console - INFO - clear logcat
2017-07-08 04:38:10,196 - COSMOS_TRIGGER_PY-Console - INFO - tcpdump begins
2017-07-08 04:38:10,210 - COSMOS_TRIGGER_PY-Console - DEBUG - Run cmd: adb shell monkey -p org.drhu.waterdropletfree --ignore-crashes 1
2017-07-08 04:38:11,368 - COSMOS_TRIGGER_PY-Console - DEBUG - Events injected: 1
2017-07-08 04:38:11,368 - COSMOS_TRIGGER_PY-Console - DEBUG - ## Network stats: elapsed time=102ms (0ms mobile, 102ms wifi, 0ms not connected)
2017-07-08 04:38:11,441 - COSMOS_TRIGGER_PY-Console - INFO - Try to dump layout XML of 
2017-07-08 04:38:11,558 - COSMOS_TRIGGER_PY-Console - INFO - Dumping...first_page
2017-07-08 04:38:36,105 - COSMOS_TRIGGER_PY-Console - DEBUG - Run cmd: adb pull /sdcard/org.drhu.waterdropletfree0708-04-38-01.pcap C:\Users\majes\PycharmProjects\TrafficAnalysis\data_collection\output/DroidKungFu3/d7f03375c914977235462e7247e6925003154d5f/org.drhu.waterdropletfree0708-04-38-01.pcap
2017-07-08 04:38:36,210 - COSMOS_TRIGGER_PY-Console - DEBUG - 657 KB/s (4385 bytes in 0.006s)
2017-07-08 04:38:36,579 - COSMOS_TRIGGER_PY-Console - DEBUG - Run cmd: adb -s 014E233C1300800B uninstall org.drhu.waterdropletfree
2017-07-08 04:38:38,127 - COSMOS_TRIGGER_PY-Console - DEBUG - Success
2017-07-08 04:38:38,127 - COSMOS_TRIGGER_PY-Console - INFO - End
