2017-07-09 16:47:02,002 - COSMOS_TRIGGER_PY-Console - INFO - apk:C:\Users\majes\Documents\FlowIntent\apks\drebin\Opfake\a603e530f51196fd99cc2e048dcd622755c052c8f6fcb2546662c3e1a5ee511a.apk
2017-07-09 16:47:02,003 - COSMOS_TRIGGER_PY-Console - INFO - pkg:fhvm.vnnej
2017-07-09 16:47:02,003 - COSMOS_TRIGGER_PY-Console - DEBUG - Run cmd: adb -s 014E233C1300800B uninstall fhvm.vnnej
2017-07-09 16:47:04,312 - COSMOS_TRIGGER_PY-Console - DEBUG - Failure
2017-07-09 16:47:04,312 - COSMOS_TRIGGER_PY-Console - DEBUG - Run cmd: adb install C:\Users\majes\Documents\FlowIntent\apks\drebin\Opfake\a603e530f51196fd99cc2e048dcd622755c052c8f6fcb2546662c3e1a5ee511a.apk
2017-07-09 16:47:14,009 - COSMOS_TRIGGER_PY-Console - DEBUG - 	pkg: /data/local/tmp/a603e530f51196fd99cc2e048dcd622755c052c8f6fcb2546662c3e1a5ee511a.apk
2017-07-09 16:47:14,009 - COSMOS_TRIGGER_PY-Console - DEBUG - Success
2017-07-09 16:47:14,010 - COSMOS_TRIGGER_PY-Console - DEBUG - 1169 KB/s (831091 bytes in 0.694s)
2017-07-09 16:47:14,010 - COSMOS_TRIGGER_PY-Console - DEBUG - Run cmd: adb shell "su 0 date -s `date +%Y%m%d.%H%M%S`"
2017-07-09 16:47:23,923 - COSMOS_TRIGGER_PY-Console - DEBUG - sh: date: No such file or directory
2017-07-09 16:47:23,923 - COSMOS_TRIGGER_PY-Console - DEBUG - Run cmd: adb shell monkey -p com.lexa.fakegps --ignore-crashes 1
2017-07-09 16:47:25,158 - COSMOS_TRIGGER_PY-Console - DEBUG - Events injected: 1
2017-07-09 16:47:25,158 - COSMOS_TRIGGER_PY-Console - DEBUG - ## Network stats: elapsed time=275ms (0ms mobile, 275ms wifi, 0ms not connected)
2017-07-09 16:47:26,576 - COSMOS_TRIGGER_PY-Console - DEBUG - Run cmd: adb logcat -c
2017-07-09 16:47:27,398 - COSMOS_TRIGGER_PY-Console - INFO - clear logcat
2017-07-09 16:47:27,400 - COSMOS_TRIGGER_PY-Console - INFO - tcpdump begins
2017-07-09 16:47:27,415 - COSMOS_TRIGGER_PY-Console - DEBUG - Run cmd: adb shell monkey -p fhvm.vnnej --ignore-crashes 1
2017-07-09 16:47:28,900 - COSMOS_TRIGGER_PY-Console - DEBUG - Events injected: 1
2017-07-09 16:47:28,901 - COSMOS_TRIGGER_PY-Console - DEBUG - ## Network stats: elapsed time=223ms (0ms mobile, 223ms wifi, 0ms not connected)
2017-07-09 16:47:28,940 - COSMOS_TRIGGER_PY-Console - INFO - Try to dump layout XML of 
2017-07-09 16:47:29,056 - COSMOS_TRIGGER_PY-Console - INFO - Dumping...first_page
2017-07-09 16:48:39,766 - COSMOS_TRIGGER_PY-Console - DEBUG - Run cmd: adb pull /sdcard/fhvm.vnnej0709-16-47-01.pcap C:\Users\majes\PycharmProjects\TrafficAnalysis\data_collection\output/Opfake/a603e530f51196fd99cc2e048dcd622755c052c8f6fcb2546662c3e1a5ee511a/fhvm.vnnej0709-16-47-01.pcap
2017-07-09 16:48:39,848 - COSMOS_TRIGGER_PY-Console - DEBUG - 2662 KB/s (28672 bytes in 0.010s)
2017-07-09 16:48:54,849 - COSMOS_TRIGGER_PY-Console - WARNING - Timeout!!!
2017-07-09 16:48:54,851 - COSMOS_TRIGGER_PY-Console - DEBUG - Run cmd: adb -s 014E233C1300800B uninstall fhvm.vnnej
2017-07-09 16:48:57,094 - COSMOS_TRIGGER_PY-Console - DEBUG - Success
2017-07-09 16:48:57,095 - COSMOS_TRIGGER_PY-Console - INFO - End
