2017-07-09 02:23:28,571 - COSMOS_TRIGGER_PY-Console - INFO - apk:C:\Users\majes\Documents\FlowIntent\apks\ncsumalware\DroidKungFu4\b5e62f1d6ccf19c5748511e84d424ff298c3a87f.apk
2017-07-09 02:23:28,572 - COSMOS_TRIGGER_PY-Console - INFO - pkg:com.evilsunflower.reader.evilRenxing10
2017-07-09 02:23:28,572 - COSMOS_TRIGGER_PY-Console - DEBUG - Run cmd: adb -s 014E233C1300800B uninstall com.evilsunflower.reader.evilRenxing10
2017-07-09 02:23:30,815 - COSMOS_TRIGGER_PY-Console - DEBUG - Failure
2017-07-09 02:23:30,816 - COSMOS_TRIGGER_PY-Console - DEBUG - Run cmd: adb install C:\Users\majes\Documents\FlowIntent\apks\ncsumalware\DroidKungFu4\b5e62f1d6ccf19c5748511e84d424ff298c3a87f.apk
2017-07-09 02:23:34,788 - COSMOS_TRIGGER_PY-Console - DEBUG - 	pkg: /data/local/tmp/b5e62f1d6ccf19c5748511e84d424ff298c3a87f.apk
2017-07-09 02:23:34,788 - COSMOS_TRIGGER_PY-Console - DEBUG - Failure [0]
2017-07-09 02:23:34,789 - COSMOS_TRIGGER_PY-Console - DEBUG - 1476 KB/s (1361585 bytes in 0.900s)
2017-07-09 02:23:34,790 - COSMOS_TRIGGER_PY-Console - DEBUG - Run cmd: adb shell "su 0 date -s `date +%Y%m%d.%H%M%S`"
2017-07-09 02:23:48,105 - COSMOS_TRIGGER_PY-Console - DEBUG - sh: date: No such file or directory
2017-07-09 02:23:48,105 - COSMOS_TRIGGER_PY-Console - DEBUG - Run cmd: adb shell monkey -p com.lexa.fakegps --ignore-crashes 1
2017-07-09 02:23:49,401 - COSMOS_TRIGGER_PY-Console - DEBUG - Events injected: 1
2017-07-09 02:23:49,401 - COSMOS_TRIGGER_PY-Console - DEBUG - ## Network stats: elapsed time=143ms (0ms mobile, 143ms wifi, 0ms not connected)
2017-07-09 02:23:51,108 - COSMOS_TRIGGER_PY-Console - DEBUG - Run cmd: adb logcat -c
2017-07-09 02:23:51,180 - COSMOS_TRIGGER_PY-Console - INFO - clear logcat
2017-07-09 02:23:51,180 - COSMOS_TRIGGER_PY-Console - INFO - tcpdump begins
2017-07-09 02:23:51,198 - COSMOS_TRIGGER_PY-Console - DEBUG - Run cmd: adb shell monkey -p com.evilsunflower.reader.evilRenxing10 --ignore-crashes 1
2017-07-09 02:23:53,938 - COSMOS_TRIGGER_PY-Console - DEBUG - ** No activities found to run, monkey aborted.
2017-07-09 02:23:54,036 - COSMOS_TRIGGER_PY-Console - INFO - Try to dump layout XML of 
2017-07-09 02:23:59,138 - COSMOS_TRIGGER_PY-Console - INFO - Dumping...first_page
2017-07-09 02:24:16,684 - COSMOS_TRIGGER_PY-Console - DEBUG - Run cmd: adb pull /sdcard/com.evilsunflower.reader.evilRenxing100709-02-23-28.pcap C:\Users\majes\PycharmProjects\TrafficAnalysis\data_collection\output/DroidKungFu4/b5e62f1d6ccf19c5748511e84d424ff298c3a87f/com.evilsunflower.reader.evilRenxing100709-02-23-28.pcap
2017-07-09 02:24:21,786 - COSMOS_TRIGGER_PY-Console - DEBUG - Run cmd: adb pull /sdcard/com.evilsunflower.reader.evilRenxing100709-02-23-28.pcap C:\Users\majes\PycharmProjects\TrafficAnalysis\data_collection\output/DroidKungFu4/b5e62f1d6ccf19c5748511e84d424ff298c3a87f/com.evilsunflower.reader.evilRenxing100709-02-23-28.pcap
2017-07-09 02:24:26,881 - COSMOS_TRIGGER_PY-Console - DEBUG - Run cmd: adb pull /sdcard/com.evilsunflower.reader.evilRenxing100709-02-23-28.pcap C:\Users\majes\PycharmProjects\TrafficAnalysis\data_collection\output/DroidKungFu4/b5e62f1d6ccf19c5748511e84d424ff298c3a87f/com.evilsunflower.reader.evilRenxing100709-02-23-28.pcap
2017-07-09 02:24:31,963 - COSMOS_TRIGGER_PY-Console - DEBUG - Run cmd: adb pull /sdcard/com.evilsunflower.reader.evilRenxing100709-02-23-28.pcap C:\Users\majes\PycharmProjects\TrafficAnalysis\data_collection\output/DroidKungFu4/b5e62f1d6ccf19c5748511e84d424ff298c3a87f/com.evilsunflower.reader.evilRenxing100709-02-23-28.pcap
2017-07-09 02:24:37,046 - COSMOS_TRIGGER_PY-Console - DEBUG - Run cmd: adb pull /sdcard/com.evilsunflower.reader.evilRenxing100709-02-23-28.pcap C:\Users\majes\PycharmProjects\TrafficAnalysis\data_collection\output/DroidKungFu4/b5e62f1d6ccf19c5748511e84d424ff298c3a87f/com.evilsunflower.reader.evilRenxing100709-02-23-28.pcap
2017-07-09 02:24:42,131 - COSMOS_TRIGGER_PY-Console - DEBUG - Run cmd: adb pull /sdcard/com.evilsunflower.reader.evilRenxing100709-02-23-28.pcap C:\Users\majes\PycharmProjects\TrafficAnalysis\data_collection\output/DroidKungFu4/b5e62f1d6ccf19c5748511e84d424ff298c3a87f/com.evilsunflower.reader.evilRenxing100709-02-23-28.pcap
2017-07-09 02:24:47,213 - COSMOS_TRIGGER_PY-Console - DEBUG - Run cmd: adb pull /sdcard/com.evilsunflower.reader.evilRenxing100709-02-23-28.pcap C:\Users\majes\PycharmProjects\TrafficAnalysis\data_collection\output/DroidKungFu4/b5e62f1d6ccf19c5748511e84d424ff298c3a87f/com.evilsunflower.reader.evilRenxing100709-02-23-28.pcap
2017-07-09 02:24:52,296 - COSMOS_TRIGGER_PY-Console - DEBUG - Run cmd: adb pull /sdcard/com.evilsunflower.reader.evilRenxing100709-02-23-28.pcap C:\Users\majes\PycharmProjects\TrafficAnalysis\data_collection\output/DroidKungFu4/b5e62f1d6ccf19c5748511e84d424ff298c3a87f/com.evilsunflower.reader.evilRenxing100709-02-23-28.pcap
2017-07-09 02:24:57,431 - COSMOS_TRIGGER_PY-Console - DEBUG - Run cmd: adb pull /sdcard/com.evilsunflower.reader.evilRenxing100709-02-23-28.pcap C:\Users\majes\PycharmProjects\TrafficAnalysis\data_collection\output/DroidKungFu4/b5e62f1d6ccf19c5748511e84d424ff298c3a87f/com.evilsunflower.reader.evilRenxing100709-02-23-28.pcap
2017-07-09 02:25:02,515 - COSMOS_TRIGGER_PY-Console - DEBUG - Run cmd: adb pull /sdcard/com.evilsunflower.reader.evilRenxing100709-02-23-28.pcap C:\Users\majes\PycharmProjects\TrafficAnalysis\data_collection\output/DroidKungFu4/b5e62f1d6ccf19c5748511e84d424ff298c3a87f/com.evilsunflower.reader.evilRenxing100709-02-23-28.pcap
2017-07-09 02:25:07,595 - COSMOS_TRIGGER_PY-Console - DEBUG - Run cmd: adb pull /sdcard/com.evilsunflower.reader.evilRenxing100709-02-23-28.pcap C:\Users\majes\PycharmProjects\TrafficAnalysis\data_collection\output/DroidKungFu4/b5e62f1d6ccf19c5748511e84d424ff298c3a87f/com.evilsunflower.reader.evilRenxing100709-02-23-28.pcap
2017-07-09 02:25:12,678 - COSMOS_TRIGGER_PY-Console - DEBUG - Run cmd: adb pull /sdcard/com.evilsunflower.reader.evilRenxing100709-02-23-28.pcap C:\Users\majes\PycharmProjects\TrafficAnalysis\data_collection\output/DroidKungFu4/b5e62f1d6ccf19c5748511e84d424ff298c3a87f/com.evilsunflower.reader.evilRenxing100709-02-23-28.pcap
2017-07-09 02:25:17,760 - COSMOS_TRIGGER_PY-Console - DEBUG - Run cmd: adb pull /sdcard/com.evilsunflower.reader.evilRenxing100709-02-23-28.pcap C:\Users\majes\PycharmProjects\TrafficAnalysis\data_collection\output/DroidKungFu4/b5e62f1d6ccf19c5748511e84d424ff298c3a87f/com.evilsunflower.reader.evilRenxing100709-02-23-28.pcap
2017-07-09 02:25:17,845 - COSMOS_TRIGGER_PY-Console - DEBUG - 444 KB/s (4096 bytes in 0.009s)
2017-07-09 02:25:32,845 - COSMOS_TRIGGER_PY-Console - WARNING - Timeout!!!
2017-07-09 02:25:32,846 - COSMOS_TRIGGER_PY-Console - DEBUG - Run cmd: adb -s 014E233C1300800B uninstall com.evilsunflower.reader.evilRenxing10
2017-07-09 02:25:33,831 - COSMOS_TRIGGER_PY-Console - DEBUG - Failure
2017-07-09 02:25:33,831 - COSMOS_TRIGGER_PY-Console - INFO - End
